optimization start values:
kv:  1.0
kw:  1.0
bv:  0.0
bw:  0.0
mean mses:  357.752888134
mean mses:  357.752888134
mean mses:  357.752888134
mean mses:  357.753146064
mean mses:  357.752635359
mean mses:  357.752829109
mean mses:  357.756404328
mean mses:  197.26592001
mean mses:  197.26586648
mean mses:  197.265989158
mean mses:  197.265920369
mean mses:  197.26590458
mean mses:  211.122959137
mean mses:  187.305911393
mean mses:  192.400042787
mean mses:  192.400074318
mean mses:  192.400015694
mean mses:  192.400042879
mean mses:  192.400038689
mean mses:  190.275755452
mean mses:  190.275727443
mean mses:  190.275785344
mean mses:  190.275755319
mean mses:  190.275754082
mean mses:  189.332202806
mean mses:  189.332232361
mean mses:  189.332174269
mean mses:  189.332202629
mean mses:  189.332202322
mean mses:  189.499979481
mean mses:  189.499953188
mean mses:  189.500006776
mean mses:  189.499979139
mean mses:  189.499979168
mean mses:  189.322379138
mean mses:  189.322403954
mean mses:  189.322355453
mean mses:  189.322379114
mean mses:  189.322378372
mean mses:  188.471010391
mean mses:  188.685113432
mean mses:  189.036484106
mean mses:  189.03645603
mean mses:  189.036513785
mean mses:  189.036484237
mean mses:  189.03648271
mean mses:  188.976822768
mean mses:  188.557592512
mean mses:  188.557592511
mean mses:  188.557593482
mean mses:  188.557592504
mean mses:  188.557591892
mean mses:  188.492826083
mean mses:  188.492825781
mean mses:  188.492829587
mean mses:  188.492826059
mean mses:  188.492823248
mean mses:  188.456456303
mean mses:  188.456456855
mean mses:  188.456456571
mean mses:  188.456456279
mean mses:  188.456455845
mean mses:  188.265459405
mean mses:  188.265462345
mean mses:  188.265457014
mean mses:  188.265459341
mean mses:  188.265459256
mean mses:  188.317007288
mean mses:  188.327349944
mean mses:  188.325784754
mean mses:  188.291269128
mean mses:  188.291272138
mean mses:  188.291266659
mean mses:  188.291269052
mean mses:  188.291269
mean mses:  188.283975448
mean mses:  188.283978521
mean mses:  188.283972923
mean mses:  188.283975376
mean mses:  188.283975309
mean mses:  188.292525592
mean mses:  188.292528511
mean mses:  188.292523222
mean mses:  188.292525516
mean mses:  188.292525459
mean mses:  188.281630453
mean mses:  188.281633614
mean mses:  188.281627842
mean mses:  188.281630381
mean mses:  188.281630312
mean mses:  188.286012271
mean mses:  188.286015012
mean mses:  188.286010081
mean mses:  188.286012198
mean mses:  188.286012133
mean mses:  188.287621917
mean mses:  188.287421037
mean mses:  188.287424165
mean mses:  188.287418458
mean mses:  188.287420963
mean mses:  188.287420901
mean mses:  188.285834035
mean mses:  188.28674759
mean mses:  188.286750554
mean mses:  188.286745176
mean mses:  188.286747516
mean mses:  188.286747453
mean mses:  188.286918597
mean mses:  188.286995934
mean mses:  188.286998973
mean mses:  188.286993443
mean mses:  188.28699586
mean mses:  188.286995797
mean mses:  188.28665301
mean mses:  188.28665599
mean mses:  188.28665058
mean mses:  188.286652936
mean mses:  188.286652873
mean mses:  188.286785596
mean mses:  188.286788616
mean mses:  188.286783126
mean mses:  188.286785522
mean mses:  188.286785459
mean mses:  188.286658057
mean mses:  188.286661059
mean mses:  188.286655604
mean mses:  188.286657983
mean mses:  188.286657919
mean mses:  188.286665827
mean mses:  188.286668845
mean mses:  188.286663359
mean mses:  188.286665754
mean mses:  188.28666569
mean mses:  188.286560685
mean mses:  188.286563687
mean mses:  188.286558232
mean mses:  188.286560611
mean mses:  188.286560547
mean mses:  188.286570062
mean mses:  188.286573078
mean mses:  188.286567596
mean mses:  188.286569988
mean mses:  188.286569925
mean mses:  188.286482942
mean mses:  188.286485945
mean mses:  188.286480488
mean mses:  188.286482868
mean mses:  188.286482804
mean mses:  188.286489435
mean mses:  188.28649245
mean mses:  188.28648697
mean mses:  188.286489361
mean mses:  188.286489298
mean mses:  188.286409095
mean mses:  188.286412098
mean mses:  188.286406642
mean mses:  188.286409021
mean mses:  188.286408958
mean mses:  188.286421645
mean mses:  188.286424659
mean mses:  188.28641918
mean mses:  188.286421571
mean mses:  188.286421508
mean mses:  188.286349939
mean mses:  188.286352942
mean mses:  188.286347486
mean mses:  188.286349865
mean mses:  188.286349802
mean mses:  188.286367024
mean mses:  188.286370038
mean mses:  188.286364559
mean mses:  188.28636695
mean mses:  188.286366887
mean mses:  188.286276632
mean mses:  188.286279634
mean mses:  188.28627418
mean mses:  188.286276559
mean mses:  188.286276495
mean mses:  188.286265026
mean mses:  188.286268043
mean mses:  188.286262558
mean mses:  188.286264952
mean mses:  188.286264888
mean mses:  188.286085787
mean mses:  188.286088782
mean mses:  188.286083342
mean mses:  188.286085713
mean mses:  188.28608565
mean mses:  188.286065839
mean mses:  188.286068866
mean mses:  188.286063362
mean mses:  188.286065766
mean mses:  188.286065702
mean mses:  188.285635971
mean mses:  188.285638951
mean mses:  188.285633541
mean mses:  188.285635898
mean mses:  188.285635834
mean mses:  188.285372539
mean mses:  188.285375589
mean mses:  188.28537004
mean mses:  188.285372466
mean mses:  188.285372402
mean mses:  188.283942669
mean mses:  188.283945614
mean mses:  188.283940275
mean mses:  188.283942596
mean mses:  188.283942531
mean mses:  188.282366525
mean mses:  188.282369627
mean mses:  188.282363973
mean mses:  188.282366452
mean mses:  188.282366388
mean mses:  188.277231621
mean mses:  188.277234486
mean mses:  188.277229307
mean mses:  188.277231548
mean mses:  188.277231483
mean mses:  188.2741971
mean mses:  188.274200321
mean mses:  188.274194427
mean mses:  188.274197026
mean mses:  188.274196964
mean mses:  188.268056034
mean mses:  188.268058718
mean mses:  188.268053901
mean mses:  188.26805596
mean mses:  188.268055894
mean mses:  188.2666484
mean mses:  188.266651893
mean mses:  188.266645453
mean mses:  188.266648326
mean mses:  188.266648265
mean mses:  188.260471634
mean mses:  188.261687089
mean mses:  188.262248924
mean mses:  188.263988901
mean mses:  188.263991735
mean mses:  188.263986616
mean mses:  188.263988827
mean mses:  188.263988762
mean mses:  188.265705461
mean mses:  188.265051193
mean mses:  188.265054307
mean mses:  188.265048629
mean mses:  188.26505112
mean mses:  188.265051056
mean mses:  188.264144779
mean mses:  188.264547921
mean mses:  188.264550904
mean mses:  188.264545488
mean mses:  188.264547848
mean mses:  188.264547783
mean mses:  188.264787294
mean mses:  188.26479033
mean mses:  188.264784807
mean mses:  188.26478722
mean mses:  188.264787156
mean mses:  188.264575411
mean mses:  188.26457839
mean mses:  188.264572981
mean mses:  188.264575337
mean mses:  188.264575273
mean mses:  188.264688773
mean mses:  188.264691782
mean mses:  188.264686314
mean mses:  188.2646887
mean mses:  188.264688635
mean mses:  188.264672655
mean mses:  188.264675659
mean mses:  188.2646702
mean mses:  188.264672581
mean mses:  188.264672517
mean mses:  188.264696481
mean mses:  188.26469949
mean mses:  188.264694021
mean mses:  188.264696408
mean mses:  188.264696343
mean mses:  188.264668955
mean mses:  188.264671958
mean mses:  188.264666502
mean mses:  188.264668882
mean mses:  188.264668818
mean mses:  188.26467379
mean mses:  188.264676802
mean mses:  188.264671328
mean mses:  188.264673716
mean mses:  188.264673652
mean mses:  188.26452902
mean mses:  188.26453202
mean mses:  188.26452657
mean mses:  188.264528947
mean mses:  188.264528882
mean mses:  188.264381594
mean mses:  188.264384612
mean mses:  188.264379126
mean mses:  188.264381521
mean mses:  188.264381457
mean mses:  188.263845262
mean mses:  188.263848252
mean mses:  188.263842821
mean mses:  188.263845188
mean mses:  188.263845124
mean mses:  188.263135155
mean mses:  188.263138187
mean mses:  188.263132673
mean mses:  188.263135082
mean mses:  188.263135018
mean mses:  188.26116278
mean mses:  188.26116575
mean mses:  188.26116036
mean mses:  188.261162706
mean mses:  188.261162642
mean mses:  188.258067501
mean mses:  188.258070564
mean mses:  188.258064987
mean mses:  188.258067428
mean mses:  188.258067364
mean mses:  188.25060353
mean mses:  188.250606452
mean mses:  188.250601156
mean mses:  188.250603456
mean mses:  188.250603391
mean mses:  188.237588498
mean mses:  188.237591632
mean mses:  188.237585911
mean mses:  188.237588424
mean mses:  188.237588361
mean mses:  188.208785399
mean mses:  188.208788214
mean mses:  188.208783132
mean mses:  188.208785325
mean mses:  188.20878526
mean mses:  188.155624761
mean mses:  188.15562806
mean mses:  188.155622008
mean mses:  188.155624687
mean mses:  188.155624625
mean mses:  188.043841438
mean mses:  188.043844004
mean mses:  188.043839417
mean mses:  188.043841365
mean mses:  188.043841298
mean mses:  187.833196304
mean mses:  187.83319999
mean mses:  187.83319315
mean mses:  187.833196229
mean mses:  187.83319617
mean mses:  187.410746858
mean mses:  187.410748817
mean mses:  187.410745427
mean mses:  187.410746785
mean mses:  187.410746714
mean mses:  186.63751537
mean mses:  186.63752008
mean mses:  186.637511152
mean mses:  186.637515295
mean mses:  186.637515241
mean mses:  185.236130114
mean mses:  185.236130264
mean mses:  185.236130435
mean mses:  185.236130044
mean mses:  185.236129959
mean mses:  183.926063824
mean mses:  183.926071891
mean mses:  183.926056152
mean mses:  183.926063746
mean mses:  183.926063712
mean mses:  182.798575301
mean mses:  183.376713571
mean mses:  183.668988544
mean mses:  183.802699086
mean mses:  183.860000914
mean mses:  183.883784373
mean mses:  183.893576048
mean mses:  183.898042625
mean mses:  183.883776142
mean mses:  183.883775757
mean mses:  183.883776961
mean mses:  183.883776074
mean mses:  183.883775979
mean mses:  183.893392688
mean mses:  183.893396612
mean mses:  183.893389178
mean mses:  183.893392615
mean mses:  183.893392552
mean mses:  183.890510067
mean mses:  183.886811168
mean mses:  183.886813378
mean mses:  183.88680938
mean mses:  183.886811097
mean mses:  183.886811022
mean mses:  183.889748541
mean mses:  183.889751595
mean mses:  183.889745904
mean mses:  183.889748469
mean mses:  183.8897484
mean mses:  183.892099955
mean mses:  183.89210291
mean mses:  183.892097417
mean mses:  183.892099881
mean mses:  183.892099816
mean mses:  183.891607537
mean mses:  183.892041866
mean mses:  183.892510452
mean mses:  183.8924036
mean mses:  183.892406639
mean mses:  183.892400978
mean mses:  183.892403527
mean mses:  183.892403462
mean mses:  183.89208805
mean mses:  183.892091054
mean mses:  183.892085462
mean mses:  183.892087976
mean mses:  183.892087911
mean mses:  183.892122354
mean mses:  183.892125399
mean mses:  183.892119725
mean mses:  183.89212228
mean mses:  183.892122214
mean mses:  183.891941536
mean mses:  183.891944542
mean mses:  183.891938947
mean mses:  183.891941463
mean mses:  183.891941397
mean mses:  183.892030889
mean mses:  183.892033927
mean mses:  183.892028268
mean mses:  183.892030815
mean mses:  183.89203075
mean mses:  183.891946266
mean mses:  183.891949285
mean mses:  183.891943664
mean mses:  183.891946193
mean mses:  183.891946127
mean mses:  183.89194235

final values:
kv:  0.203290609224
kw:  0.203983273307
bv:  3.03511134923e-05
bw:  2.10603928581e-05
