1433511048255 lifecam19 2696.56103516 2069.44580078 0.00861579738557
1433511048322 lifecam19 2717.97167969 2076.05419922 0.000490728998557
1433511048516 lifecam19 2682.97167969 2076.05419922 0.000491444254294
1433511048589 lifecam19 2662.03710938 2075.79882812 6.28135871887
1433511048651 lifecam19 2637.47314453 2076.05273438 0.000480596208945
1433511048721 lifecam19 2617.14624023 2075.58154297 6.27939033508
1433511048797 lifecam19 2598.33227539 2074.36865234 6.26846265793
1433511048924 lifecam19 2553.47290039 2076.05273438 0.00047916569747
1433511048989 lifecam19 2532.47314453 2076.05224609 0.000477139139548
1433511049051 lifecam19 2512.76269531 2075.1628418 6.27560710907
1433511049125 lifecam19 2491.76293945 2075.1628418 6.27560567856
1433511049190 lifecam19 2471.18945312 2074.56201172 6.27156162262
1433511049329 lifecam19 2431.8269043 2073.2746582 6.26005268097
1433511049395 lifecam19 2410.93920898 2073.16113281 6.25903320312
1433511049456 lifecam19 2386.76269531 2075.16333008 6.27560758591
1433511049522 lifecam19 2366.18945312 2074.56201172 6.27156162262
1433511049588 lifecam19 2346.70361328 2073.63012695 6.26318693161
1433511049788 lifecam19 2282.18945312 2074.56201172 6.27156114578
1433511049859 lifecam19 2267.2175293 2071.34130859 6.24294471741
1433511049920 lifecam19 2246.51611328 2071.72631836 6.24502897263
1433511049994 lifecam19 2224.38183594 2071.72680664 6.24503087997
1433511050067 lifecam19 2201.68139648 2072.51782227 6.25199699402
1433511050200 lifecam19 2162.73461914 2071.7175293 6.24495077133
1433511050257 lifecam19 2141.52172852 2071.75244141 6.24525880814
1433511050326 lifecam19 2116.94140625 2072.91601562 6.25551843643
1433511050388 lifecam19 2099.27832031 2071.56738281 6.24363327026
1433511050458 lifecam19 2078.06982422 2074.48632812 6.26951599121
1433511050665 lifecam19 2015.15917969 2071.48803711 6.24293851852
1433511050728 lifecam19 1994.12402344 2074.23535156 6.26726531982
1433511050789 lifecam19 1973.80554199 2071.86743164 6.24626636505
1433511050856 lifecam19 1952.45080566 2071.60302734 6.24394464493
1433511050926 lifecam19 1931.82666016 2071.82861328 6.24592447281
1433511051056 lifecam19 1889.36865234 2074.515625 6.26483106613
1433511051133 lifecam19 1869.14489746 2073.49072266 6.24420690536
1433511051194 lifecam19 1847.80126953 2077.95019531 6.27093791962
1433511051266 lifecam19 1840.97631836 2078.27880859 6.26924705505
1433511051328 lifecam19 1841.44177246 2075.53808594 6.23997545242
1433511051525 lifecam19 1841.01647949 2077.56835938 6.25900745392
1433511051593 lifecam19 1841.2512207 2077.51025391 6.25865888596
