1433511336490 lifecam19 2664.62133789 2045.76318359 6.19116449356
1433511336563 lifecam19 2691.53320312 2070.61230469 0.0107006477192
1433511336631 lifecam19 2705.01904297 2089.4831543 0.040335714817
1433511336690 lifecam19 2703.50708008 2094.39794922 0.0707316994667
1433511336758 lifecam19 2706.53051758 2092.31469727 0.0604344122112
1433511336832 lifecam19 2699.44458008 2090.61328125 0.0487045682967
1433511336897 lifecam19 2683.49121094 2087.93139648 0.038586679846
1433511336960 lifecam19 2662.484375 2087.60644531 0.0355655625463
1433511337034 lifecam19 2638.7175293 2087.53710938 0.0325369276106
1433511337098 lifecam19 2621.81762695 2085.78710938 0.0161100067198
1433511337230 lifecam19 2578.11914062 2087.64160156 0.0288732685149
1433511337298 lifecam19 2557.2199707 2088.61547852 0.0309632476419
1433511337357 lifecam19 2536.22021484 2088.61523438 0.0309624113142
1433511337425 lifecam19 2514.7722168 2089.39550781 0.0350888371468
1433511337498 lifecam19 2493.6796875 2089.67578125 0.0359362997115
1433511337569 lifecam19 2472.68505859 2089.85473633 0.0358873084188
1433511337628 lifecam19 2451.63671875 2089.90527344 0.0363318398595
1433511337699 lifecam19 2429.98803711 2091.03930664 0.0455373004079
1433511337765 lifecam19 2409.19750977 2091.03491211 0.0403587259352
1433511337827 lifecam19 2388.4296875 2091.54931641 0.0382314361632
1433511337904 lifecam19 2367.92260742 2091.60913086 0.033702917397
1433511337966 lifecam19 2346.9230957 2091.60913086 0.0337037481368
1433511338025 lifecam19 2326.99511719 2091.24194336 0.0237830337137
1433511338104 lifecam19 2307.05078125 2090.69311523 0.0139256166294
1433511338169 lifecam19 2286.33520508 2090.60449219 0.0112479366362
1433511338293 lifecam19 2243.92382812 2091.95849609 0.0164304431528
1433511338366 lifecam19 2223.33740234 2091.85522461 0.0112300561741
1433511338434 lifecam19 2202.05395508 2092.34765625 0.0138965295628
1433511338493 lifecam19 2180.81787109 2092.78735352 0.0161095298827
1433511338567 lifecam19 2159.62963867 2093.17431641 0.017871202901
1433511338638 lifecam19 2138.29541016 2093.87646484 0.0209900792688
1433511338693 lifecam19 2116.51953125 2095.3503418 0.0281973518431
1433511338771 lifecam19 2093.78125 2098.23486328 0.0508031286299
1433511338837 lifecam19 2073.13671875 2098.09692383 0.0409169793129
1433511338892 lifecam19 2053.02978516 2098.48022461 0.0327207483351
1433511339034 lifecam19 2012.95605469 2098.45507812 0.0170676168054
1433511339102 lifecam19 1991.95581055 2098.45507812 0.0170684512705
1433511339162 lifecam19 1972.046875 2097.28564453 0.00453061284497
1433511339234 lifecam19 1950.66845703 2098.30932617 0.00810856092721
1433511339302 lifecam19 1931.6328125 2099.03271484 0.014756148681
1433511339369 lifecam19 1906.75488281 2100.93725586 0.0304641202092
1433511339437 lifecam19 1886.2265625 2100.69091797 0.0216326136142
1433511339503 lifecam19 1864.0357666 2103.53955078 0.0326637662947
1433511339560 lifecam19 1847.68054199 2104.07446289 0.02568263188
1433511339628 lifecam19 1836.01611328 2105.01391602 0.0328441262245
1433511339761 lifecam19 1836.69128418 2105.22607422 0.0266081728041
1433511339830 lifecam19 1836.2052002 2105.33813477 0.0311025977135
1433511339904 lifecam19 1836.73596191 2104.84667969 0.0261924918741
1433511339975 lifecam19 1836.40429688 2105.31396484 0.0292652286589
1433511340034 lifecam19 1836.55358887 2105.34106445 0.0278828758746
1433511340110 lifecam19 1836.55358887 2105.34106445 0.0278828758746
1433511340172 lifecam19 1836.79138184 2104.81396484 0.0256777461618
1433511340229 lifecam19 1837.28222656 2104.11962891 0.0211150087416
1433511340498 lifecam19 1822.75488281 2099.12231445 0.0149578489363
1433511340571 lifecam19 1793.8092041 2079.55688477 6.21547985077
