1433510998704 lifecam19 2626.25439453 2042.46118164 6.20641279221
1433510998842 lifecam19 2651.37744141 2072.27856445 0.00139159348328
1433510998905 lifecam19 2627.59350586 2067.609375 6.26408576965
1433510998965 lifecam19 2609.97998047 2067.53417969 6.26652812958
1433510999046 lifecam19 2587.66821289 2066.44873047 6.26024532318
1433510999103 lifecam19 2568.09667969 2067.22973633 6.26721715927
1433510999234 lifecam19 2526.17919922 2067.34375 6.26645326614
1433510999309 lifecam19 2505.00537109 2066.88330078 6.26412010193
1433510999372 lifecam19 2484.56616211 2067.23461914 6.26067686081
1433510999443 lifecam19 2463.52856445 2067.59814453 6.26508378983
1433510999511 lifecam19 2442.10424805 2067.62475586 6.2672700882
1433510999645 lifecam19 2401.27392578 2067.1953125 6.25767850876
1433510999712 lifecam19 2380.04272461 2067.89892578 6.26420736313
1433510999780 lifecam19 2360.01245117 2066.75341797 6.2502617836
1433510999842 lifecam19 2339.54760742 2067.88989258 6.24731492996
1433510999911 lifecam19 2318.61694336 2067.36279297 6.24240493774
1433511000044 lifecam19 2276.92944336 2068.32958984 6.24570512772
1433511000098 lifecam19 2256.57958984 2066.8840332 6.23254776001
1433511000185 lifecam19 2234.73071289 2069.17895508 6.24992179871
1433511000244 lifecam19 2213.82885742 2069.11791992 6.2511639595
1433511000311 lifecam19 2192.82861328 2069.11791992 6.25116491318
1433511000436 lifecam19 2149.58276367 2072.61914062 6.25969028473
1433511000510 lifecam19 2128.17993164 2073.45898438 6.26727867126
1433511000579 lifecam19 2107.17993164 2073.45874023 6.26727867126
1433511000647 lifecam19 2085.78710938 2073.67333984 6.26545095444
1433511000710 lifecam19 2064.83984375 2073.61645508 6.26492547989
1433511000848 lifecam19 2021.47314453 2076.05249023 0.000477973604575
1433511000910 lifecam19 2000.4732666 2076.05249023 0.000478331232443
1433511000977 lifecam19 1979.4732666 2076.05249023 0.000478212023154
1433511001045 lifecam19 1959.14660645 2075.58178711 6.27939033508
1433511001111 lifecam19 1938.14624023 2075.58178711 6.27939081192
1433511001246 lifecam19 1895.89929199 2075.81640625 6.27959728241
1433511001310 lifecam19 1877.64404297 2074.04541016 6.25999498367
1433511001381 lifecam19 1859.76025391 2072.38305664 6.23450899124
1433511001452 lifecam19 1849.56359863 2070.49389648 6.21556520462
1433511001517 lifecam19 1844.36242676 2073.5546875 6.24319791794
1433511001646 lifecam19 1844.33093262 2073.96777344 6.24363088608
1433511001715 lifecam19 1843.29296875 2074.48657227 6.25018978119
1433511001776 lifecam19 1843.48303223 2074.04003906 6.2460026741
1433511001845 lifecam19 1843.7557373 2074.35327148 6.24725103378
1433511001917 lifecam19 1843.55615234 2073.7590332 6.24522018433
1433511002052 lifecam19 1843.34741211 2074.42651367 6.24965429306
1433511002118 lifecam19 1843.3684082 2074.20532227 6.24941301346
1433511002185 lifecam19 1843.53662109 2073.98046875 6.24546670914
1433511002246 lifecam19 1843.14111328 2075.04980469 6.25175380707
1433511002314 lifecam19 1843.34741211 2074.42651367 6.24965429306
