1433511357998 lifecam19 2657.6965332 2036.28417969 6.14771461487
1433511358057 lifecam19 2687.47021484 2060.63378906 6.23984098434
1433511358125 lifecam19 2720.96655273 2072.77636719 6.25132751465
1433511358200 lifecam19 2713.14672852 2074.46289062 6.26930713654
1433511358325 lifecam19 2708.66577148 2074.31713867 6.26799964905
1433511358398 lifecam19 2694.05004883 2072.50219727 6.25331306458
1433511358468 lifecam19 2673.48144531 2072.04052734 6.24920511246
1433511358526 lifecam19 2647.66796875 2074.02905273 6.26542139053
1433511358595 lifecam19 2630.42480469 2071.78710938 6.24422073364
1433511358662 lifecam19 2612.20727539 2071.63330078 6.21659898758
1433511358723 lifecam19 2588.10205078 2076.93359375 6.23814487457
1433511358794 lifecam19 2566.92285156 2077.75878906 6.24185800552
1433511358864 lifecam19 2547.19116211 2077.42602539 6.23755645752
1433511358925 lifecam19 2525.87817383 2078.30712891 6.24261760712
1433511359068 lifecam19 2484.1015625 2078.14550781 6.23989248276
1433511359134 lifecam19 2465.96850586 2077.55029297 6.218937397
1433511359200 lifecam19 2445.14746094 2078.45581055 6.20916604996
1433511359265 lifecam19 2421.57958984 2083.78442383 6.23328208923
1433511359331 lifecam19 2400.3671875 2084.21313477 6.23565244675
1433511359393 lifecam19 2379.30297852 2085.24365234 6.24208307266
1433511359460 lifecam19 2358.78930664 2085.10595703 6.24089002609
1433511359531 lifecam19 2338.09887695 2084.36254883 6.22979068756
1433511359591 lifecam19 2320.08032227 2084.00805664 6.20632410049
1433511359659 lifecam19 2299.51660156 2085.89404297 6.2107591629
1433511359795 lifecam19 2254.09448242 2091.5871582 6.23771953583
1433511359861 lifecam19 2232.78881836 2092.10595703 6.24089193344
1433511359933 lifecam19 2213.42602539 2091.25390625 6.22785329819
1433511360001 lifecam19 2194.38623047 2090.77978516 6.21260643005
1433511360064 lifecam19 2173.453125 2092.57617188 6.20947360992
1433511360132 lifecam19 2151.43579102 2095.01708984 6.21730947495
1433511360200 lifecam19 2129.03759766 2099.21777344 6.24513435364
1433511360260 lifecam19 2107.62573242 2099.40917969 6.24517631531
1433511360332 lifecam19 2086.22216797 2098.93212891 6.23784017563
1433511360401 lifecam19 2068.38720703 2098.09448242 6.20902109146
1433511360529 lifecam19 2024.81665039 2104.51367188 6.23345279694
1433511360600 lifecam19 2002.97619629 2105.44384766 6.23805618286
1433511360662 lifecam19 1981.49511719 2106.25878906 6.24077272415
1433511360727 lifecam19 1962.87255859 2105.63525391 6.22716522217
1433511360796 lifecam19 1943.32373047 2105.67822266 6.21500825882
1433511360872 lifecam19 1920.41955566 2110.74926758 6.23065090179
1433511360929 lifecam19 1897.91955566 2112.30029297 6.2367348671
1433511360996 lifecam19 1877.90197754 2112.33154297 6.23240566254
1433511361067 lifecam19 1860.93115234 2111.52099609 6.21140432358
1433511361133 lifecam19 1846.5736084 2112.52880859 6.21056032181
1433511361211 lifecam19 1841.93530273 2113.43017578 6.21139097214
1433511361266 lifecam19 1843.44946289 2112.48242188 6.20539522171
1433511361328 lifecam19 1843.81176758 2112.10424805 6.20534753799
1433511361395 lifecam19 1843.95605469 2112.11425781 6.20399284363
1433511361470 lifecam19 1843.94128418 2111.93066406 6.20398712158
1433511361596 lifecam19 1843.81176758 2112.10424805 6.20534753799
1433511361664 lifecam19 1843.92736816 2112.34667969 6.20444726944
1433511361735 lifecam19 1844.15087891 2112.1340332 6.20584344864
