1433511141070 lifecam19 2682.67529297 2055.71386719 6.21753501892
1433511141133 lifecam19 2714.64306641 2082.56103516 0.0316748097539
1433511141198 lifecam19 2714.05566406 2076.68237305 0.00444227876142
1433511141264 lifecam19 2711.28662109 2073.79467773 6.26332902908
1433511141332 lifecam19 2693.47338867 2076.05273438 0.000478212023154
1433511141530 lifecam19 2630.52368164 2075.28759766 6.27313089371
1433511141598 lifecam19 2607.89233398 2078.30151367 0.00483352364972
1433511141665 lifecam19 2585.37841797 2079.42114258 0.00653165951371
1433511141733 lifecam19 2565.6394043 2079.92724609 0.0105531848967
1433511141800 lifecam19 2545.0793457 2079.54907227 0.00518817128614
1433511141868 lifecam19 2523.75927734 2080.57104492 0.00448865117505
1433511141931 lifecam19 2503.70092773 2080.75317383 6.28214263916
1433511142003 lifecam19 2482.39526367 2082.47509766 0.010686581023
1433511142068 lifecam19 2460.95361328 2083.18725586 0.0148385204375
1433511142134 lifecam19 2441.99365234 2081.79785156 6.27231407166
1433511142331 lifecam19 2378.47314453 2083.05273438 0.000477854395285
1433511142400 lifecam19 2357.99389648 2081.79760742 6.27231359482
1433511142466 lifecam19 2336.47338867 2083.05273438 0.000477615976706
1433511142532 lifecam19 2315.47338867 2083.05273438 0.000478331232443
1433511142590 lifecam19 2294.47363281 2083.05249023 0.000475470209494
1433511142732 lifecam19 2252.47314453 2083.05224609 0.000477854395285
1433511142799 lifecam19 2231.47338867 2083.05249023 0.000477735185996
1433511142866 lifecam19 2210.33105469 2083.37597656 0.00183111813385
1433511142935 lifecam19 2187.99194336 2086.69726562 0.0144780315459
1433511142998 lifecam19 2168.22558594 2087.49560547 0.00283247628249
1433511143142 lifecam19 2127.04077148 2088.78588867 6.2782459259
1433511143203 lifecam19 2105.94506836 2089.36181641 6.27916288376
1433511143271 lifecam19 2084.47338867 2090.05249023 0.000477854395285
1433511143333 lifecam19 2063.47314453 2090.05273438 0.000480119371787
1433511143399 lifecam19 2042.47338867 2090.05249023 0.000477854395285
1433511143599 lifecam19 1979.47338867 2090.05273438 0.000478212023154
1433511143667 lifecam19 1958.47314453 2090.05273438 0.00047928490676
1433511143733 lifecam19 1936.51708984 2092.74536133 0.00953799858689
1433511143805 lifecam19 1917.44567871 2094.60253906 6.27436161041
1433511143869 lifecam19 1896.59936523 2095.38183594 6.27288293839
1433511144001 lifecam19 1855.23522949 2095.5078125 6.27106952667
1433511144070 lifecam19 1842.49975586 2094.58251953 6.26307821274
1433511144136 lifecam19 1841.55285645 2091.69116211 6.23868751526
1433511144201 lifecam19 1841.65930176 2092.5949707 6.2468624115
1433511144267 lifecam19 1841.65930176 2092.5949707 6.2468624115
1433511144414 lifecam19 1841.14343262 2093.73168945 6.25545358658
1433511144464 lifecam19 1840.6809082 2094.79663086 6.26505231857
1433511144534 lifecam19 1840.6809082 2094.79663086 6.26505231857
1433511144603 lifecam19 1840.90283203 2094.38012695 6.26129150391
1433511144670 lifecam19 1840.6809082 2094.79663086 6.26505231857
1433511145063 lifecam19 1592.40222168 1890.06958008 4.63270664215
