1433510855821 lifecam19 2683.1730957 2052.0480957 6.21241807938
1433510855886 lifecam19 2717.45068359 2083.99194336 0.0380392707884
1433510855959 lifecam19 2716.51220703 2078.29931641 0.0109258331358
1433510856023 lifecam19 2715.14648438 2075.58178711 6.27938890457
1433510856084 lifecam19 2704.26708984 2075.5715332 6.27929830551
1433510856282 lifecam19 2639.82739258 2074.48632812 6.26951551437
1433510856357 lifecam19 2622.14648438 2074.46313477 6.26930761337
1433510856417 lifecam19 2599.56323242 2074.88964844 6.27314281464
1433510856491 lifecam19 2578.51245117 2073.76269531 6.26304197311
1433510856543 lifecam19 2557.79516602 2073.87060547 6.2640042305
1433510856822 lifecam19 2475.56103516 2074.20776367 6.26702070236
1433510856894 lifecam19 2455.56616211 2075.18847656 6.26891469955
1433510856957 lifecam19 2431.65527344 2077.36010742 6.27658414841
1433510857017 lifecam19 2411.85864258 2078.63012695 6.26070022583
1433510857090 lifecam19 2392.42797852 2077.81982422 6.2425494194
1433510857289 lifecam19 2330.0625 2078.71679688 6.246281147
1433510857361 lifecam19 2309.72265625 2079.36303711 6.25211238861
1433510857422 lifecam19 2288.52490234 2080.95410156 6.26629686356
1433510857493 lifecam19 2267.5012207 2080.38085938 6.26108694077
1433510857761 lifecam19 2183.06958008 2081.48632812 6.26951646805
1433510857826 lifecam19 2162.07543945 2081.02832031 6.26541423798
1433510857896 lifecam19 2141.58007812 2080.02416992 6.25647592545
1433510857964 lifecam19 2119.86962891 2082.16308594 6.27560567856
1433510858031 lifecam19 2099.09643555 2081.22949219 6.2672162056
1433510858240 lifecam19 2038.08276367 2083.91845703 6.23486948013
1433510858295 lifecam19 2016.17822266 2087.05249023 6.2615070343
1433510858355 lifecam19 1995.47473145 2085.76318359 6.24836969376
1433510858420 lifecam19 1974.00671387 2086.65844727 6.25478506088
1433510858481 lifecam19 1952.44580078 2088.23779297 6.26888179779
1433510858696 lifecam19 1889.60241699 2087.2277832 6.25828409195
1433510858751 lifecam19 1868.06970215 2088.48657227 6.26951694489
1433510858828 lifecam19 1849.98706055 2087.53955078 6.26105308533
1433510858900 lifecam19 1839.94433594 2089.75170898 6.27916908264
1433510858967 lifecam19 1840.62744141 2086.01220703 6.2460193634
1433510859090 lifecam19 1839.99389648 2088.79760742 6.27231502533
1433510859162 lifecam19 1839.73608398 2089.50170898 6.27694320679
1433510859234 lifecam19 1839.86950684 2089.16308594 6.27560663223
1433510859296 lifecam19 1840.06958008 2088.48632812 6.26951646805
1433510859367 lifecam19 1839.73608398 2089.50170898 6.27694320679
1433510859500 lifecam19 1839.73608398 2089.50170898 6.27694320679
1433510859566 lifecam19 1839.47302246 2090.05249023 0.000478688860312
1433510859627 lifecam19 1840.03393555 2090.08325195 6.27831220627
