1433511027901 lifecam19 2715.00415039 2086.3581543 0.0517793372273
1433511027947 lifecam19 2706.59790039 2083.95361328 0.0412706770003
1433511028022 lifecam19 2693.21582031 2082.58691406 0.0356064476073
1433511028091 lifecam19 2673.04052734 2081.24487305 0.028001729399
1433511028151 lifecam19 2649.09008789 2080.02734375 0.0229042191058
1433511028352 lifecam19 2587.66870117 2077.30883789 0.00810629501939
1433511028421 lifecam19 2566.39526367 2077.30859375 0.013465706259
1433511028493 lifecam19 2545.66845703 2077.30908203 0.00810677185655
1433511028620 lifecam19 2503.66894531 2077.30932617 0.00810653343797
1433511028760 lifecam19 2462.25537109 2076.90942383 0.00463003339246
1433511028821 lifecam19 2441.04711914 2076.70849609 0.004524176009
1433511028891 lifecam19 2420.47338867 2076.05249023 0.00047928490676
1433511028959 lifecam19 2400.87426758 2075.24609375 6.27635240555
1433511029021 lifecam19 2379.14648438 2075.58203125 6.27939081192
1433511029229 lifecam19 2315.87304688 2076.50341797 0.000820223474875
1433511029288 lifecam19 2294.87304688 2076.50341797 0.000820461893454
1433511029358 lifecam19 2273.25585938 2076.90942383 0.00462907971814
1433511029426 lifecam19 2253.79541016 2075.55541992 6.27725744247
1433511029488 lifecam19 2237.61743164 2075.68994141 6.27456283569
1433511029626 lifecam19 2191.20678711 2076.42529297 6.27857446671
1433511029689 lifecam19 2168.10351562 2078.25341797 0.00990707054734
1433511029760 lifecam19 2152.91943359 2075.03881836 6.26187753677
1433511029828 lifecam19 2131.57421875 2077.27197266 6.27692651749
1433511029895 lifecam19 2104.89794922 2079.04443359 0.0118921436369
1433511030023 lifecam19 2068.78710938 2079.11352539 0.00177413620986
1433511030095 lifecam19 2047.01953125 2078.5925293 6.27240180969
1433511030160 lifecam19 2025.94848633 2078.82348633 6.26237678528
1433511030231 lifecam19 2005.14794922 2079.55859375 6.25561475754
1433511030296 lifecam19 1987.734375 2078.71777344 6.24495172501
1433511030430 lifecam19 1945.68701172 2078.78808594 6.24556684494
1433511030496 lifecam19 1924.32434082 2078.5234375 6.24324893951
1433511030559 lifecam19 1902.77172852 2082.27416992 6.27661323547
1433511030626 lifecam19 1881.77185059 2082.2746582 6.27661323547
1433511030696 lifecam19 1860.86938477 2082.1628418 6.27560567856
1433511030828 lifecam19 1845.71289062 2078.99365234 6.24737596512
1433511030896 lifecam19 1843.29150391 2080.35327148 6.25939846039
1433511030959 lifecam19 1844.77124023 2079.57226562 6.25247716904
1433511031021 lifecam19 1844.46337891 2079.70849609 6.25368213654
1433511031099 lifecam19 1843.64855957 2080.16015625 6.25768327713
1433511031170 lifecam19 1844.20227051 2079.78857422 6.2543888092
1433511031229 lifecam19 1844.20227051 2079.78857422 6.2543888092
1433511031296 lifecam19 1843.84619141 2079.98193359 6.25610208511
1433511031363 lifecam19 1844.46337891 2079.70849609 6.25368213654
1433511031433 lifecam19 1844.20227051 2079.78857422 6.2543888092
1433511031488 lifecam19 1844.51062012 2079.65185547 6.25318145752
1433511031556 lifecam19 1845.47924805 2078.76586914 6.24537277222
1433511031617 lifecam19 1845.53222656 2078.38598633 6.24518871307
1433511031696 lifecam19 1844.77124023 2079.57226562 6.25247716904
1433511031764 lifecam19 1842.14379883 2080.78979492 6.26328420639
1433511031830 lifecam19 1831.70678711 2076.83618164 6.24155664444
