1433511310315 lifecam19 2632.93286133 2042.72680664 6.1985449791
1433511310383 lifecam19 2642.35473633 2059.82324219 6.25133895874
1433511310451 lifecam19 2652.83154297 2076.25024414 0.0206531919539
1433511310519 lifecam19 2638.82983398 2074.46948242 6.2710313797
1433511310653 lifecam19 2598.19873047 2073.94238281 6.2659869194
1433511310720 lifecam19 2574.8984375 2075.44921875 6.27960777283
1433511310782 lifecam19 2553.89794922 2075.44970703 6.2796125412
1433511310850 lifecam19 2532.47314453 2076.05224609 0.000477139139548
1433511310917 lifecam19 2512.76269531 2075.1628418 6.27560710907
1433511310984 lifecam19 2491.76293945 2075.1628418 6.27560567856
1433511311052 lifecam19 2470.57202148 2074.97973633 6.27534103394
1433511311117 lifecam19 2449.14624023 2075.58178711 6.27939033508
1433511311189 lifecam19 2429.32299805 2074.79760742 6.27231454849
1433511311254 lifecam19 2407.76293945 2075.16308594 6.2756061554
1433511311384 lifecam19 2365.14624023 2075.58178711 6.27939176559
1433511311450 lifecam19 2345.77124023 2074.54272461 6.27002286911
1433511311518 lifecam19 2326.27197266 2073.54882812 6.26113796234
1433511311586 lifecam19 2302.76269531 2075.16333008 6.27560710907
1433511311650 lifecam19 2281.76269531 2075.16333008 6.27560758591
1433511311718 lifecam19 2265.48242188 2072.05322266 6.2479019165
1433511311786 lifecam19 2244.11499023 2072.30126953 6.25008678436
1433511311853 lifecam19 2220.87475586 2073.70141602 6.26249837875
1433511311917 lifecam19 2199.19628906 2074.06103516 6.26400470734
1433511311985 lifecam19 2182.10351562 2072.93212891 6.23738718033
1433511312123 lifecam19 2142.05297852 2072.7121582 6.22266483307
1433511312187 lifecam19 2119.0078125 2075.21923828 6.23587179184
1433511312253 lifecam19 2100.01245117 2076.91113281 6.23303127289
1433511312318 lifecam19 2079.45141602 2076.84619141 6.2325258255
1433511312392 lifecam19 2056.38769531 2077.63500977 6.23930454254
1433511312456 lifecam19 2034.84838867 2078.60424805 6.24519205093
1433511312518 lifecam19 2014.12988281 2078.51196289 6.24438810349
1433511312586 lifecam19 1994.56713867 2078.15063477 6.24127244949
1433511312654 lifecam19 1973.67102051 2078.02783203 6.24018859863
1433511312719 lifecam19 1951.19824219 2078.41455078 6.24352407455
1433511312787 lifecam19 1931.73449707 2078.71777344 6.24495172501
1433511312854 lifecam19 1910.88195801 2079.23120117 6.24946689606
1433511312923 lifecam19 1889.75561523 2078.67871094 6.24461078644
1433511312987 lifecam19 1868.49682617 2078.15942383 6.23518514633
1433511313065 lifecam19 1849.55712891 2082.64306641 6.2538394928
1433511313189 lifecam19 1844.15869141 2078.77539062 6.21434736252
1433511313253 lifecam19 1843.64758301 2081.04418945 6.23466205597
1433511313321 lifecam19 1844.02734375 2079.52441406 6.22103118896
1433511313387 lifecam19 1843.91333008 2080.07910156 6.22599840164
1433511313454 lifecam19 1843.91333008 2080.07910156 6.22599840164
1433511313591 lifecam19 1843.91333008 2080.07910156 6.22599840164
1433511313655 lifecam19 1843.91333008 2080.07910156 6.22599840164
1433511313722 lifecam19 1843.91333008 2080.07910156 6.22599840164
1433511313790 lifecam19 1843.73193359 2080.12084961 6.22779464722
1433511313853 lifecam19 1843.90820312 2080.32226562 6.22821187973
1433511313922 lifecam19 1843.91333008 2080.07910156 6.22599840164
1433511313989 lifecam19 1843.30664062 2081.22827148 6.23600530624
1433511314058 lifecam19 1843.52429199 2081.41772461 6.23744249344
1433511314120 lifecam19 1842.83056641 2082.14379883 6.25114631653
