1433510883538 lifecam19 2658.96728516 2039.9753418 6.17373895645
1433510883597 lifecam19 2683.43164062 2068.40722656 6.27929258347
1433510883667 lifecam19 2679.47338867 2076.05224609 0.000476900720969
1433510883735 lifecam19 2653.22998047 2075.72143555 6.2806558609
1433510883999 lifecam19 2570.38842773 2074.31201172 6.26795434952
1433510884070 lifecam19 2549.97192383 2076.05419922 0.000491921091452
1433510884144 lifecam19 2529.0637207 2074.21875 6.26711893082
1433510884202 lifecam19 2508.51220703 2073.76269531 6.26304292679
1433510884268 lifecam19 2486.97192383 2076.05419922 0.00049239792861
1433510884396 lifecam19 2446.22021484 2073.26708984 6.26000642776
1433510884471 lifecam19 2424.51220703 2073.76269531 6.26304292679
1433510884535 lifecam19 2403.62597656 2073.84545898 6.26377820969
1433510884598 lifecam19 2383.45336914 2074.66088867 6.27108430862
1433510884664 lifecam19 2362.68115234 2074.77563477 6.27211427689
1433510884868 lifecam19 2302.07519531 2074.02880859 6.26541757584
1433510884922 lifecam19 2280.23925781 2073.87036133 6.26400232315
1433510884994 lifecam19 2259.1184082 2073.04125977 6.2566280365
1433510885064 lifecam19 2238.31713867 2072.0246582 6.24765062332
1433510885138 lifecam19 2218.00512695 2073.88330078 6.26412010193
1433510885401 lifecam19 2133.99389648 2074.79785156 6.27231454849
1433510885468 lifecam19 2113.09692383 2074.22949219 6.26721477509
1433510885533 lifecam19 2092.00170898 2072.33544922 6.24847459793
1433510885597 lifecam19 2070.16796875 2074.07568359 6.25888729095
1433510885666 lifecam19 2048.66699219 2077.88037109 6.27868080139
1433510885870 lifecam19 1988.37902832 2078.81787109 6.25051927567
1433510885938 lifecam19 1966.07104492 2081.68139648 6.27795696259
1433510886002 lifecam19 1945.72265625 2080.94287109 6.26792860031
1433510886062 lifecam19 1924.88269043 2079.96875 6.25897502899
1433510886133 lifecam19 1903.93457031 2079.9128418 6.25844955444
1433510886410 lifecam19 1839.78637695 2078.18041992 6.24148035049
1433510886469 lifecam19 1841.10510254 2078.1628418 6.24141693115
1433510886549 lifecam19 1840.96801758 2078.1105957 6.24094200134
1433510886609 lifecam19 1841.19970703 2078.26367188 6.24231910706
1433510886673 lifecam19 1841.10510254 2078.1628418 6.24141693115
1433510886934 lifecam19 1841.19970703 2078.26367188 6.24231910706
1433510887002 lifecam19 1841.25231934 2078.41210938 6.24364471436
1433510887073 lifecam19 1841.19970703 2078.26367188 6.24231910706
1433510887135 lifecam19 1841.19970703 2078.26367188 6.24231910706
1433510887221 lifecam19 1841.31481934 2078.54736328 6.24485397339
1433510887464 lifecam19 1817.96337891 2065.82299805 6.21256780624
1433510887535 lifecam19 1784.95581055 2049.72509766 6.15065097809
