1433510914378 lifecam19 2646.77612305 2038.56201172 6.15830564499
1433510914449 lifecam19 2666.08154297 2052.78540039 6.21477937698
1433510914649 lifecam19 2665.64697266 2075.63696289 6.27989387512
1433510914701 lifecam19 2645.00463867 2073.88378906 6.26412296295
1433510914778 lifecam19 2624.07519531 2074.02880859 6.265417099
1433510914850 lifecam19 2603.09643555 2074.22998047 6.26721763611
1433510914912 lifecam19 2582.06958008 2074.48632812 6.26951789856
1433510915184 lifecam19 2497.47314453 2076.05249023 0.000478808069602
1433510915248 lifecam19 2476.47338867 2076.05249023 0.000477377558127
1433510915315 lifecam19 2455.47314453 2076.05273438 0.000478688860312
1433510915386 lifecam19 2434.86938477 2075.16308594 6.27560710907
1433510915452 lifecam19 2413.47363281 2076.05273438 0.000477854395285
1433510915585 lifecam19 2371.47314453 2076.05297852 0.000479642534629
1433510915646 lifecam19 2350.47338867 2076.05249023 0.000478331232443
1433510915716 lifecam19 2329.47363281 2076.05224609 0.000474993372336
1433510915785 lifecam19 2308.47314453 2076.05273438 0.00047916569747
1433510915850 lifecam19 2287.47363281 2076.05224609 0.000474993372336
1433510915986 lifecam19 2245.47314453 2076.05273438 0.000478688860312
1433510916059 lifecam19 2224.47338867 2076.05273438 0.00047928490676
1433510916110 lifecam19 2203.47338867 2076.05249023 0.000477377558127
1433510916186 lifecam19 2182.47338867 2076.05249023 0.000477854395285
1433510916249 lifecam19 2162.14648438 2075.58178711 6.27939081192
1433510916522 lifecam19 2077.7109375 2076.18701172 6.28139972687
1433510916585 lifecam19 2056.6159668 2076.09692383 6.28230810165
1433510916650 lifecam19 2036.92602539 2076.04858398 6.27169132233
1433510916723 lifecam19 2018.20996094 2075.15283203 6.24959897995
1433510916783 lifecam19 1999.59033203 2074.02001953 6.23313331604
1433510916984 lifecam19 1932.92651367 2080.44116211 6.26432275772
1433510917055 lifecam19 1910.94812012 2081.42358398 6.27175140381
1433510917119 lifecam19 1892.97668457 2079.34667969 6.25305700302
1433510917180 lifecam19 1872.53259277 2078.97729492 6.24977207184
1433510917242 lifecam19 1853.5534668 2077.85595703 6.23990392685
1433510917449 lifecam19 1840.62402344 2077.47973633 6.23666238785
1433510917516 lifecam19 1840.40283203 2077.52563477 6.23704528809
1433510917573 lifecam19 1840.62402344 2077.47973633 6.23666238785
1433510917643 lifecam19 1840.9284668 2076.96386719 6.23348999023
1433510917708 lifecam19 1840.62402344 2077.47973633 6.23666238785
1433510917990 lifecam19 1840.34326172 2077.57324219 6.2374625206
1433510918056 lifecam19 1840.9284668 2076.96386719 6.23348999023
1433510918118 lifecam19 1840.9284668 2076.96386719 6.23348999023
