1433510723956 lifecam19 2634.64575195 2026.36621094 6.1314330101
1433510724227 lifecam19 2707.2409668 2076.06713867 6.27986049652
1433510724288 lifecam19 2692.26538086 2074.75170898 6.27007865906
1433510724346 lifecam19 2669.38745117 2074.53320312 6.26786327362
1433510724415 lifecam19 2644.6628418 2076.26513672 6.28192424774
1433510724493 lifecam19 2626.49731445 2076.25268555 6.27249145508
1433510724685 lifecam19 2565.64160156 2079.09594727 6.25237607956
1433510724747 lifecam19 2544.6418457 2079.09545898 6.25237464905
1433510724822 lifecam19 2522.43310547 2080.28320312 6.26010036469
1433510724884 lifecam19 2500.27539062 2081.22973633 6.26721668243
1433510724952 lifecam19 2480.1315918 2080.70629883 6.26109647751
1433510725156 lifecam19 2417.67895508 2085.53125 6.25552749634
1433510725223 lifecam19 2399.89550781 2084.18261719 6.23677921295
1433510725294 lifecam19 2379.34814453 2084.82421875 6.23972797394
1433510725351 lifecam19 2356.96289062 2085.71582031 6.24619626999
1433510725417 lifecam19 2335.01708984 2086.13085938 6.2498383522
1433510725618 lifecam19 2273.13842773 2089.27856445 6.24548387527
1433510725683 lifecam19 2252.38256836 2090.87988281 6.23710775375
1433510725754 lifecam19 2232.62597656 2090.74731445 6.23295593262
1433510725821 lifecam19 2211.85107422 2092.24194336 6.24210453033
1433510725893 lifecam19 2190.44946289 2092.07250977 6.24056863785
1433510726093 lifecam19 2128.68847656 2096.20361328 6.22719621658
1433510726162 lifecam19 2107.90771484 2097.12817383 6.22916173935
1433510726223 lifecam19 2085.14111328 2098.25048828 6.23594713211
1433510726290 lifecam19 2064.36621094 2098.58325195 6.23755836487
1433510726357 lifecam19 2043.7890625 2099.10595703 6.2408914566
1433510726556 lifecam19 1981.79223633 2104.0534668 6.22844266891
1433510726626 lifecam19 1960.44140625 2105.02197266 6.23411798477
1433510726686 lifecam19 1939.2623291 2106.39892578 6.24353027344
