1433510936950 lifecam19 2633.83081055 2038.42773438 6.17354249954
1433510937016 lifecam19 2652.86767578 2037.82055664 6.16246366501
1433510937233 lifecam19 2661.96557617 2077.32592773 0.0362331308424
1433510937283 lifecam19 2635.51489258 2077.9597168 0.0431651435792
1433510937350 lifecam19 2619.8984375 2077.50390625 0.0339284613729
1433510937417 lifecam19 2598.64208984 2077.00244141 0.0362849868834
1433510937480 lifecam19 2577.87719727 2075.99609375 0.0341240800917
1433510937682 lifecam19 2518.37866211 2069.32958984 0.00138098385651
1433510937749 lifecam19 2497.47338867 2069.05273438 0.000479642534629
1433510937817 lifecam19 2476.47363281 2069.05249023 0.000477854395285
1433510937879 lifecam19 2455.47363281 2069.05249023 0.000477377558127
1433510937949 lifecam19 2434.47363281 2069.05249023 0.000478331232443
1433510938082 lifecam19 2392.47363281 2069.05249023 0.000478331232443
1433510938151 lifecam19 2371.47412109 2069.05273438 0.000478331232443
1433510938218 lifecam19 2350.47338867 2069.05297852 0.000479642534629
1433510938284 lifecam19 2329.47363281 2069.05249023 0.000477854395285
1433510938350 lifecam19 2308.47387695 2069.05249023 0.000475947046652
1433510938547 lifecam19 2245.8984375 2068.44921875 6.27960968018
1433510938620 lifecam19 2224.47338867 2069.05273438 0.000479761743918
1433510938689 lifecam19 2203.47363281 2069.05297852 0.000479642534629
1433510938743 lifecam19 2182.8984375 2068.44921875 6.27961111069
1433510938809 lifecam19 2161.47363281 2069.05249023 0.000477377558127
1433510939017 lifecam19 2098.89868164 2068.44921875 6.2796087265
1433510939094 lifecam19 2077.8984375 2068.44921875 6.27960968018
1433510939157 lifecam19 2056.89819336 2068.44970703 6.27961158752
1433510939208 lifecam19 2035.8984375 2068.44946289 6.27961111069
1433510939276 lifecam19 2014.8984375 2068.44921875 6.27961063385
1433510939489 lifecam19 1951.89868164 2068.44921875 6.27960920334
1433510939556 lifecam19 1930.8984375 2068.44921875 6.27960968018
1433510939614 lifecam19 1912.61230469 2066.56323242 6.26257228851
1433510939688 lifecam19 1890.81860352 2067.33251953 6.26813554764
1433510939754 lifecam19 1868.57263184 2067.97949219 6.27534008026
1433510939949 lifecam19 1839.89855957 2068.44921875 6.27960968018
1433510940016 lifecam19 1839.89855957 2068.44921875 6.27960968018
1433510940078 lifecam19 1839.89855957 2068.44921875 6.27960968018
1433510940145 lifecam19 1840.47900391 2068.02636719 6.27576208115
1433510940214 lifecam19 1839.89855957 2068.44921875 6.27960968018
1433510940427 lifecam19 1841.84106445 2067.09082031 6.26730918884
1433510940489 lifecam19 1840.47900391 2068.02636719 6.27576208115
1433510940893 lifecam19 1816.31762695 2044.34863281 6.20052146912
1433510940957 lifecam19 1786.65112305 2028.40258789 6.12342453003
