1433510829188 lifecam19 2641.6862793 2035.25830078 6.15402984619
1433510829245 lifecam19 2663.87280273 2046.10375977 6.19117069244
1433510829317 lifecam19 2677.47167969 2066.78466797 6.26929187775
1433510829525 lifecam19 2637.23876953 2073.87060547 6.26400613785
1433510829581 lifecam19 2617.14624023 2075.58154297 6.27939033508
1433510829638 lifecam19 2595.47290039 2076.05249023 0.00047916569747
1433510829708 lifecam19 2574.82080078 2075.21875 6.27610874176
1433510829789 lifecam19 2553.99365234 2074.79760742 6.27231407166
1433510830054 lifecam19 2469.47290039 2076.05273438 0.000479642534629
1433510830118 lifecam19 2448.47314453 2076.05273438 0.000478688860312
1433510830189 lifecam19 2427.47290039 2076.05224609 0.000478688860312
1433510830253 lifecam19 2406.47314453 2076.05273438 0.000479642534629
1433510830308 lifecam19 2385.47314453 2076.05249023 0.00047916569747
1433510830519 lifecam19 2322.47338867 2076.05273438 0.000478688860312
1433510830580 lifecam19 2301.37841797 2076.33007812 0.00138193753082
1433510830650 lifecam19 2280.47314453 2076.05273438 0.000478927278891
1433510830719 lifecam19 2260.24243164 2075.67358398 6.27849531174
1433510830785 lifecam19 2239.36523438 2076.83227539 6.27704381943
1433510831056 lifecam19 2155.94799805 2081.42358398 6.27175188065
1433510831124 lifecam19 2135.55273438 2080.45043945 6.2659406662
1433510831193 lifecam19 2114.56640625 2081.00610352 6.26797056198
1433510831250 lifecam19 2093.56591797 2081.0065918 6.26797389984
1433510831317 lifecam19 2071.57226562 2081.97973633 6.27533960342
1433510831582 lifecam19 1988.36999512 2081.68920898 6.2713394165
1433510831650 lifecam19 1966.14648438 2082.58154297 6.27938985825
1433510831714 lifecam19 1946.36999512 2081.68969727 6.27134084702
1433510831784 lifecam19 1929.18164062 2079.19848633 6.24917793274
1433510831856 lifecam19 1904.92541504 2081.27124023 6.26758861542
1433510832122 lifecam19 1848.3762207 2080.33886719 6.22173976898
1433510832191 lifecam19 1844.28955078 2082.32983398 6.24284172058
1433510832255 lifecam19 1846.51647949 2081.42260742 6.23039913177
1433510832332 lifecam19 1845.62158203 2082.19506836 6.23722791672
1433510832389 lifecam19 1845.57519531 2082.06274414 6.23586368561
1433510832785 lifecam19 1816.44128418 2079.72045898 6.21720790863
