1433511087314 lifecam19 2654.86254883 2031.40405273 6.13755273819
1433511087378 lifecam19 2682.42626953 2054.65722656 6.22008180618
1433511087517 lifecam19 2714.09472656 2076.65600586 0.0040733255446
1433511087582 lifecam19 2710.1640625 2074.34301758 6.2682299614
1433511087647 lifecam19 2694.14624023 2075.58203125 6.27939128876
1433511087715 lifecam19 2675.66845703 2074.02856445 6.265417099
1433511087784 lifecam19 2651.88671875 2073.79467773 6.26332807541
1433511087981 lifecam19 2588.99926758 2075.19042969 6.2723493576
1433511088046 lifecam19 2567.74804688 2080.22387695 6.2736492157
1433511088120 lifecam19 2548.26196289 2079.35766602 6.2550406456
1433511088181 lifecam19 2526.44580078 2081.23779297 6.26887989044
1433511088249 lifecam19 2505.15600586 2081.94238281 6.2753162384
1433511088385 lifecam19 2462.86962891 2082.1628418 6.27560567856
1433511088449 lifecam19 2442.14648438 2082.58203125 6.27939176559
1433511088516 lifecam19 2420.47290039 2083.05273438 0.000479642534629
1433511088581 lifecam19 2400.60131836 2081.94262695 6.26849508286
1433511088648 lifecam19 2380.46191406 2086.54589844 6.25862455368
1433511088783 lifecam19 2338.23632812 2088.47460938 6.27111101151
1433511088848 lifecam19 2316.14624023 2089.58178711 6.27939128876
1433511088913 lifecam19 2295.14624023 2089.58178711 6.27939176559
1433511088984 lifecam19 2275.92553711 2088.27124023 6.26758813858
1433511089049 lifecam19 2254.36987305 2088.68945312 6.27134132385
1433511089252 lifecam19 2192.81640625 2093.56030273 6.25786447525
1433511089320 lifecam19 2172.58300781 2093.58374023 6.25516939163
1433511089383 lifecam19 2150.29760742 2094.7565918 6.26430368423
1433511089448 lifecam19 2128.31201172 2095.69335938 6.27137613297
1433511089519 lifecam19 2110.43066406 2093.31396484 6.24991607666
1433511089639 lifecam19 2069.64208984 2094.98779297 6.23098754883
1433511089716 lifecam19 2045.65527344 2100.79614258 6.25943994522
1433511089783 lifecam19 2025.66308594 2100.42016602 6.25434160233
1433511089852 lifecam19 2006.14550781 2100.21020508 6.24928426743
1433511089915 lifecam19 1984.70092773 2100.47216797 6.25159263611
1433511090114 lifecam19 1926.54003906 2101.32495117 6.21424293518
1433511090187 lifecam19 1901.38220215 2106.47192383 6.2453045845
1433511090248 lifecam19 1879.57092285 2107.2578125 6.25127267838
1433511090318 lifecam19 1859.61743164 2106.86694336 6.24486255646
1433511090517 lifecam19 1841.52099609 2106.62768555 6.24077987671
1433511090583 lifecam19 1842.81152344 2106.93066406 6.24177265167
1433511090651 lifecam19 1842.87255859 2106.61767578 6.23898220062
1433511090718 lifecam19 1841.44311523 2107.63525391 6.24973773956
1433511090788 lifecam19 1842.40576172 2106.72631836 6.24004840851
1433511090918 lifecam19 1843.18225098 2106.71533203 6.23819589615
1433511090983 lifecam19 1843.61096191 2106.17529297 6.23178815842
1433511091052 lifecam19 1844.03405762 2106.12353516 6.23134374619
1433511091439 lifecam20 1826.07312012 2133.38842773 6.24363803864
