1433511284090 lifecam19 2644.52587891 2041.26074219 6.20609998703
1433511284151 lifecam19 2672.97802734 2050.12133789 6.22522115707
1433511284218 lifecam19 2697.35473633 2079.88500977 0.0484587587416
1433511284292 lifecam19 2709.68847656 2086.38500977 0.0598744824529
1433511284358 lifecam19 2709.17211914 2085.62695312 0.0511642172933
1433511284422 lifecam19 2710.40136719 2083.65649414 0.0384935736656
1433511284488 lifecam19 2697.34204102 2081.24609375 0.0298361219466
1433511284553 lifecam19 2680.49902344 2080.13916016 0.023752393201
1433511284621 lifecam19 2658.81835938 2079.59667969 0.0242547448725
1433511284687 lifecam19 2636.81860352 2077.11865234 0.00829607620835
1433511284755 lifecam19 2615.77685547 2077.29296875 0.0118176387623
1433511284818 lifecam19 2594.77709961 2077.29272461 0.0118170417845
1433511284886 lifecam19 2573.93652344 2078.49438477 0.0244196094573
1433511284941 lifecam19 2552.30688477 2077.95629883 0.0198114532977
1433511285012 lifecam19 2531.04638672 2077.86083984 0.0185983814299
1433511285085 lifecam19 2510.04663086 2077.86108398 0.0185988564044
1433511285152 lifecam19 2488.39013672 2078.68994141 0.0299757178873
1433511285220 lifecam19 2466.25805664 2079.22485352 0.0466939844191
1433511285290 lifecam19 2443.90771484 2078.98217773 0.0490931943059
1433511285353 lifecam19 2423.16650391 2078.58544922 0.0467032827437
1433511285423 lifecam19 2404.19555664 2078.23413086 0.0482183136046
1433511285485 lifecam19 2380.9453125 2079.02856445 0.0613008178771
1433511285552 lifecam19 2359.96948242 2077.82177734 0.0488196052611
1433511285625 lifecam19 2339.09179688 2078.08203125 0.0492249168456
1433511285687 lifecam19 2319.20849609 2077.59521484 0.0482538379729
1433511285755 lifecam19 2299.75732422 2076.74462891 0.0432692207396
1433511285821 lifecam19 2277.59643555 2075.1730957 0.0376964248717
1433511285888 lifecam19 2254.89794922 2076.35205078 0.0491989329457
1433511285952 lifecam19 2242.8581543 2071.57177734 0.0114987529814
1433511286021 lifecam19 2222.65209961 2072.33105469 0.0176640190184
1433511286091 lifecam19 2195.92431641 2073.69482422 0.030689066276
1433511286156 lifecam19 2175.01586914 2073.99633789 0.031741797924
1433511286225 lifecam19 2156.58154297 2071.8671875 0.0167548116297
1433511286292 lifecam19 2139.42285156 2070.74267578 0.00852662697434
1433511286354 lifecam19 2116.16967773 2069.73046875 0.00291437306441
1433511286421 lifecam19 2092.92504883 2068.39086914 6.27766656876
1433511286490 lifecam19 2077.42993164 2068.83984375 6.28001642227
1433511286557 lifecam19 2056.47338867 2069.05273438 0.00047916569747
1433511286622 lifecam19 2033.26147461 2068.37841797 6.27755308151
1433511286690 lifecam19 2014.00952148 2068.3918457 6.27407884598
1433511286757 lifecam19 1992.09790039 2067.92871094 6.27165460587
1433511286822 lifecam19 1971.47143555 2070.70703125 0.00997192133218
1433511286893 lifecam19 1951.47338867 2069.05273438 0.00047916569747
1433511286962 lifecam19 1930.39733887 2068.25830078 6.2725982666
1433511287022 lifecam19 1909.33435059 2069.39282227 0.00180405774154
1433511287094 lifecam19 1887.42810059 2070.90991211 0.0103786634281
1433511287161 lifecam19 1865.65197754 2072.33129883 0.0176648534834
1433511287222 lifecam19 1844.45458984 2073.17089844 0.0195081867278
1433511287285 lifecam19 1837.36401367 2073.29296875 0.0203545726836
1433511287358 lifecam19 1837.74853516 2072.81665039 0.00949293747544
1433511287424 lifecam19 1837.18237305 2073.82885742 0.0171396173537
1433511287485 lifecam19 1837.51403809 2072.32128906 0.00692683784291
1433511287562 lifecam19 1837.33728027 2073.23510742 0.0151998447254
1433511287629 lifecam19 1837.33728027 2073.23510742 0.0151998447254
1433511287689 lifecam19 1837.28271484 2073.48706055 0.0140579398721
1433511287758 lifecam19 1837.26879883 2073.89648438 0.0194419063628
