1433511257701 lifecam19 2645.19335938 2032.0300293 6.13287305832
1433511257779 lifecam19 2667.6081543 2047.04956055 6.19771385193
1433511257833 lifecam19 2694.89794922 2066.953125 6.27000617981
1433511257913 lifecam19 2718.28686523 2073.79467773 6.2633266449
1433511257971 lifecam19 2710.97167969 2076.05419922 0.00049239792861
1433511258038 lifecam19 2714.99389648 2074.79760742 6.27231502533
1433511258114 lifecam19 2707.47314453 2076.05249023 0.000477615976706
1433511258169 lifecam19 2693.50390625 2073.78808594 6.26326799393
1433511258238 lifecam19 2671.92529297 2074.01049805 6.26525449753
1433511258312 lifecam19 2646.32299805 2074.79785156 6.27231645584
1433511258368 lifecam19 2627.26708984 2075.57104492 6.279296875
1433511258438 lifecam19 2607.21923828 2073.46191406 6.26177310944
1433511258512 lifecam19 2586.10839844 2073.18554688 6.25926351547
1433511258567 lifecam19 2567.20507812 2073.52636719 6.2609372139
1433511258637 lifecam19 2546.27563477 2073.52294922 6.26228141785
1433511258713 lifecam19 2523.85766602 2073.73583984 6.26280355453
1433511258781 lifecam19 2502.55322266 2073.46948242 6.26043224335
1433511258836 lifecam19 2483.54907227 2072.47094727 6.2530002594
1433511258906 lifecam19 2462.71948242 2073.76245117 6.26304244995
1433511258983 lifecam19 2442.05004883 2072.50195312 6.25331258774
1433511259036 lifecam19 2419.91308594 2072.27856445 6.24988555908
1433511259111 lifecam19 2400.00512695 2073.88354492 6.26411962509
1433511259182 lifecam19 2379.09667969 2074.22973633 6.2672162056
1433511259236 lifecam19 2358.21459961 2072.85424805 6.25496959686
1433511259305 lifecam19 2337.26489258 2072.19775391 6.24917411804
1433511259380 lifecam19 2316.2253418 2072.75244141 6.25406885147
1433511259447 lifecam19 2295.07543945 2074.02832031 6.26541280746
1433511259515 lifecam19 2274.35986328 2073.49316406 6.26064014435
1433511259575 lifecam19 2253.50415039 2071.74804688 6.24521780014
1433511259647 lifecam19 2232.09643555 2074.22998047 6.26721811295
1433511259704 lifecam19 2211.12988281 2074.85253906 6.27100944519
1433511259773 lifecam19 2190.99487305 2074.62792969 6.26052808762
1433511259848 lifecam19 2172.30249023 2073.63842773 6.23378181458
1433511259903 lifecam19 2151.27954102 2073.79785156 6.23207378387
1433511259972 lifecam19 2129.33911133 2077.38891602 6.24805498123
1433511260050 lifecam19 2107.24829102 2079.7746582 6.25892448425
1433511260106 lifecam19 2086.62109375 2078.01586914 6.24162387848
1433511260175 lifecam19 2065.32250977 2079.31665039 6.25337362289
1433511260242 lifecam19 2043.44580078 2081.23779297 6.26888036728
1433511260316 lifecam19 2022.52490234 2080.95385742 6.26629734039
1433511260371 lifecam19 2001.35583496 2080.95336914 6.26474714279
1433511260441 lifecam19 1980.06958008 2081.48632812 6.26951646805
1433511260516 lifecam19 1958.86950684 2082.16308594 6.2756061554
1433511260572 lifecam19 1937.64697266 2082.63696289 6.27989244461
1433511260641 lifecam19 1916.99401855 2081.79785156 6.27231454849
1433511260717 lifecam19 1896.82849121 2081.50390625 6.26414489746
1433511260773 lifecam19 1876.89990234 2082.9831543 6.26027822495
1433511260843 lifecam19 1855.80871582 2083.26098633 6.26116657257
1433511260916 lifecam19 1845.94165039 2080.66552734 6.23174715042
1433511260983 lifecam19 1843.44213867 2081.43383789 6.23640966415
1433511261039 lifecam19 1843.82177734 2078.56054688 6.21370363235
1433511261111 lifecam19 1843.8951416 2080.1484375 6.2250123024
1433511261173 lifecam19 1844.19921875 2078.96508789 6.21607923508
1433511261238 lifecam19 1843.9876709 2079.40209961 6.21836042404
1433511261314 lifecam19 1843.94909668 2079.2109375 6.21662998199
1433511261371 lifecam19 1843.94909668 2079.2109375 6.21662998199
1433511261439 lifecam19 1843.94909668 2079.2109375 6.21662998199
1433511261509 lifecam19 1843.92431641 2079.26928711 6.21713829041
1433511261583 lifecam19 1844.1036377 2079.27197266 6.21879053116
1433511261651 lifecam19 1843.90185547 2079.90161133 6.22279453278
1433511261707 lifecam19 1845.32458496 2077.05712891 6.20911693573
1433511261776 lifecam19 1838.30200195 2089.30322266 0.000699345255271
1433511261851 lifecam19 1837.47558594 2090.97460938 0.00696450844407
