1433511116756 lifecam19 2639.40869141 2039.34716797 6.18281173706
1433511116826 lifecam19 2656.96044922 2049.90649414 6.23650741577
1433511116895 lifecam19 2681.75463867 2064.54858398 6.27161598206
1433511117032 lifecam19 2710.76171875 2084.61669922 0.0351857505739
1433511117096 lifecam19 2696.58056641 2086.50024414 0.0570319332182
1433511117157 lifecam19 2678.02294922 2086.11328125 0.0612114109099
1433511117227 lifecam19 2653.7890625 2085.56054688 0.0611504949629
1433511117293 lifecam19 2632.83227539 2084.55981445 0.0573032535613
1433511117493 lifecam19 2572.17993164 2080.08227539 0.0303003229201
1433511117565 lifecam19 2552.41894531 2079.35229492 0.0270831044763
1433511117627 lifecam19 2532.48876953 2078.13549805 0.0210382379591
1433511117694 lifecam19 2509.86694336 2078.91870117 0.0324441790581
1433511117763 lifecam19 2488.54492188 2079.16650391 0.0377981029451
1433511117895 lifecam19 2447.69628906 2079.8125 0.0567109063268
1433511117961 lifecam19 2423.89257812 2079.69970703 0.0560029186308
1433511118026 lifecam19 2402.45532227 2079.36108398 0.0563296712935
1433511118096 lifecam19 2380.95043945 2079.68530273 0.0591104701161
1433511118167 lifecam19 2362.71582031 2079.75 0.0636927485466
1433511118298 lifecam19 2319.54394531 2077.45458984 0.0525814928114
1433511118361 lifecam19 2303.70654297 2075.8762207 0.0418713726103
1433511118430 lifecam19 2284.40087891 2074.22241211 0.0292945560068
1433511118494 lifecam19 2260.19238281 2076.08349609 0.0480275787413
1433511118561 lifecam19 2237.83520508 2076.40771484 0.0532699301839
1433511118698 lifecam19 2201.62451172 2072.15527344 0.0179217495024
1433511118761 lifecam19 2180.81298828 2071.76171875 0.0161574520171
1433511118833 lifecam19 2159.52099609 2071.25268555 0.0162027515471
1433511118897 lifecam19 2139.33764648 2070.85522461 0.0112310098484
1433511118961 lifecam19 2118.66894531 2070.30932617 0.00810796394944
1433511119164 lifecam19 2052.44848633 2072.07739258 0.0262998975813
1433511119231 lifecam19 2035.04785156 2069.70825195 0.0045229839161
1433511119297 lifecam19 2014.47363281 2069.05273438 0.000477615976706
1433511119363 lifecam19 1993.47338867 2069.05273438 0.000479880953208
1433511119432 lifecam19 1972.47338867 2069.05297852 0.000479880953208
1433511119569 lifecam19 1930.47338867 2069.05273438 0.00047928490676
1433511119628 lifecam19 1909.47375488 2069.05249023 0.000477139139548
1433511119697 lifecam19 1888.47351074 2069.05273438 0.000477973604575
1433511119767 lifecam19 1867.47363281 2069.05273438 0.000478927278891
1433511119828 lifecam19 1846.47351074 2069.05273438 0.000478688860312
1433511119968 lifecam19 1839.47338867 2069.05273438 0.000478450441733
1433511120033 lifecam19 1839.47338867 2069.05273438 0.000478450441733
1433511120103 lifecam19 1839.47338867 2069.05273438 0.000478450441733
1433511120168 lifecam19 1839.47338867 2069.05273438 0.000478450441733
1433511120230 lifecam19 1839.47338867 2069.05273438 0.000478450441733
1433511120432 lifecam19 1839.85803223 2068.5234375 6.27999591827
