1433510966267 lifecam19 2632.77954102 2038.54785156 6.19149208069
1433510966394 lifecam19 2672.1953125 2077.98706055 0.0413295663893
1433510966460 lifecam19 2668.40307617 2085.86279297 0.0651988461614
1433510966531 lifecam19 2645.72314453 2081.171875 0.0387920811772
1433510966597 lifecam19 2630.47314453 2076.05249023 0.000480119371787
1433510966662 lifecam19 2607.51367188 2077.16650391 0.0189520772547
1433510966730 lifecam19 2585.00170898 2077.58154297 0.0329799056053
1433510966795 lifecam19 2563.65844727 2077.53881836 0.0361345484853
1433510966861 lifecam19 2542.30883789 2076.93652344 0.0393411554396
1433510966996 lifecam19 2501.10351562 2074.68115234 0.0320408977568
1433510967196 lifecam19 2441.47314453 2069.05273438 0.000478688860312
1433510967262 lifecam19 2420.47363281 2069.05249023 0.000478331232443
1433510967335 lifecam19 2399.04663086 2069.28588867 0.00453299703076
1433510967403 lifecam19 2375.63964844 2070.5012207 0.0270862020552
1433510967597 lifecam19 2311.71313477 2069.57421875 0.035634342581
1433510967670 lifecam19 2290.85961914 2068.2980957 0.0342860855162
1433510967731 lifecam19 2270.44921875 2067.17773438 0.028847636655
1433510967794 lifecam19 2250.61865234 2065.13012695 0.0179737247527
1433510967861 lifecam19 2230.66870117 2063.30908203 0.00810677185655
1433510968001 lifecam19 2188.17260742 2065.18188477 0.0295868553221
1433510968068 lifecam19 2168.47338867 2062.05273438 0.000478808069602
1433510968132 lifecam19 2147.47338867 2062.05273438 0.000478808069602
1433510968199 lifecam19 2126.47363281 2062.05273438 0.000477735185996
1433510968265 lifecam19 2104.20458984 2063.56225586 0.0158211626112
1433510968524 lifecam19 2018.04248047 2064.27587891 0.0497959293425
1433510968600 lifecam19 1996.15270996 2063.25170898 0.0507270731032
1433510968660 lifecam19 1975.56506348 2062.11791992 0.040223184973
1433510968717 lifecam19 1955.49768066 2060.1328125 0.0283986963332
1433510968795 lifecam19 1936.02001953 2058.87280273 0.0230258144438
1433510968997 lifecam19 1875.14672852 2054.58154297 6.27938842773
1433510969066 lifecam19 1860.47351074 2055.05249023 0.000477854395285
1433510969134 lifecam19 1846.47351074 2055.05249023 0.000477854395285
1433510969201 lifecam19 1839.47351074 2055.05249023 0.00047666230239
1433510969262 lifecam19 1839.47351074 2055.05249023 0.00047666230239
1433510969465 lifecam19 1839.47351074 2055.05249023 0.00047666230239
1433510969534 lifecam19 1839.47351074 2055.05249023 0.00047666230239
1433510969601 lifecam19 1839.47351074 2055.05249023 0.00047666230239
1433510969655 lifecam19 1839.47351074 2055.05249023 0.00047666230239
1433510969730 lifecam19 1839.47351074 2055.05249023 0.00047666230239
1433510969852 lifecam19 1839.47351074 2055.05249023 0.00047666230239
1433510969942 lifecam19 1839.47351074 2055.05249023 0.00047666230239
1433510969999 lifecam19 1839.47351074 2055.05249023 0.00047666230239
1433510970322 lifecam19 1836.70178223 2053.39038086 6.26865816116
1433510970464 lifecam19 1791.79882812 2031.01757812 6.19861268997
