1433511169642 lifecam19 2646.29443359 2029.70239258 6.11797046661
1433511169707 lifecam19 2667.32055664 2057.14306641 6.24553060532
1433511169780 lifecam19 2694.80200195 2076.98681641 0.0312035735697
1433511169975 lifecam19 2660.60888672 2078.26586914 0.0133815435693
1433511170039 lifecam19 2637.9453125 2078.51098633 0.0192942041904
1433511170099 lifecam19 2619.97192383 2076.05419922 0.000491921091452
1433511170168 lifecam19 2598.97167969 2076.05395508 0.000490967417136
1433511170238 lifecam19 2577.97216797 2076.05395508 0.000491563463584
1433511170381 lifecam19 2535.97167969 2076.05395508 0.000491444254294
1433511170437 lifecam19 2519.06933594 2074.48632812 6.26951742172
1433511170497 lifecam19 2497.59814453 2075.69262695 6.28039646149
1433511170569 lifecam19 2475.6496582 2074.55541992 6.27013683319
1433511170637 lifecam19 2451.97192383 2076.05419922 0.000490967417136
1433511170838 lifecam19 2393.04785156 2074.28613281 6.26772451401
1433511170905 lifecam19 2370.92529297 2074.01025391 6.26525306702
1433511170965 lifecam19 2350.99365234 2074.79785156 6.27231454849
1433511171041 lifecam19 2329.47338867 2076.05249023 0.000477735185996
1433511171117 lifecam19 2308.59790039 2075.69262695 6.28039550781
1433511171304 lifecam19 2245.64697266 2075.63696289 6.27989292145
1433511171383 lifecam19 2224.47338867 2076.05273438 0.000479642534629
1433511171442 lifecam19 2203.77172852 2075.27490234 6.27661657333
1433511171515 lifecam19 2182.47338867 2076.05249023 0.000477854395285
1433511171574 lifecam19 2161.47363281 2076.05249023 0.000477973604575
1433511171774 lifecam19 2098.69628906 2075.58154297 6.27939081192
1433511171839 lifecam19 2077.47363281 2076.05224609 0.00047666230239
1433511171908 lifecam19 2056.47338867 2076.05273438 0.000477854395285
1433511171975 lifecam19 2035.99389648 2074.79785156 6.27231454849
1433511172041 lifecam19 2014.47338867 2076.05249023 0.000478212023154
1433511172191 lifecam19 1972.47338867 2076.05273438 0.000478092813864
1433511172241 lifecam19 1951.47351074 2076.05273438 0.000477377558127
1433511172303 lifecam19 1930.4732666 2076.05273438 0.00047928490676
1433511172373 lifecam19 1909.4732666 2076.05273438 0.000478331232443
1433511172440 lifecam19 1888.09313965 2077.39477539 0.00409096851945
1433511172641 lifecam19 1847.27258301 2072.1003418 6.23318767548
1433511172701 lifecam19 1844.18334961 2076.11254883 6.25346565247
1433511172772 lifecam19 1844.72924805 2075.07641602 6.247402668
1433511172839 lifecam19 1843.65393066 2076.63183594 6.25830698013
1433511172907 lifecam19 1844.29125977 2075.94750977 6.25198507309
1433511173108 lifecam19 1844.22924805 2076.05908203 6.25300645828
1433511173171 lifecam19 1844.44470215 2075.61230469 6.25074386597
