1433511189073 lifecam19 2688.23681641 1729.71960449 1.01445007324
1433511194081 lifecam19 2679.89697266 1749.59118652 0.795480906963
1433511198946 lifecam19 2633.47363281 2037.54199219 6.17753076553
1433511199027 lifecam19 2665.37304688 2044.73901367 6.17871761322
1433511199097 lifecam19 2692.22729492 2069.48388672 0.00602645101026
1433511199156 lifecam19 2716.12451172 2077.90014648 0.00233000912704
1433511199225 lifecam19 2715.07519531 2074.02856445 6.265417099
1433511199292 lifecam19 2714.47314453 2076.05224609 0.000477139139548
1433511199425 lifecam19 2684.12402344 2079.92871094 0.0225876010954
1433511199491 lifecam19 2664.28417969 2078.04785156 0.0117307333276
1433511199558 lifecam19 2637.35668945 2078.30688477 0.0226401742548
1433511199625 lifecam19 2619.97192383 2076.05395508 0.000491444254294
1433511199692 lifecam19 2599.64501953 2077.24926758 0.0114172138274
1433511199821 lifecam19 2554.55493164 2077.40405273 0.0232303794473
1433511199893 lifecam19 2535.7565918 2077.82543945 0.0335338748991
1433511199960 lifecam19 2514.60375977 2077.41113281 0.0366357043386
1433511200023 lifecam19 2493.60375977 2077.41137695 0.0366352200508
1433511200077 lifecam19 2472.85473633 2076.62915039 0.0343303121626
1433511200161 lifecam19 2449.1418457 2078.47436523 0.0524492897093
1433511200223 lifecam19 2430.75634766 2075.96362305 0.0352347530425
1433511200292 lifecam19 2410.84155273 2073.62866211 0.0252141412348
1433511200360 lifecam19 2390.81274414 2071.76147461 0.0161584056914
1433511200422 lifecam19 2370.33764648 2070.85546875 0.0112311290577
1433511200560 lifecam19 2329.47363281 2069.05249023 0.000477854395285
1433511200628 lifecam19 2308.47387695 2069.05249023 0.000475947046652
1433511200690 lifecam19 2287.47387695 2069.05249023 0.000475470209494
1433511200745 lifecam19 2266.47338867 2069.05297852 0.000479880953208
1433511200822 lifecam19 2245.47363281 2069.05273438 0.000477377558127
1433511200898 lifecam19 2224.47338867 2069.05273438 0.000479761743918
1433511200959 lifecam19 2203.47363281 2069.05297852 0.000479642534629
1433511201027 lifecam19 2182.47363281 2069.05249023 0.000477854395285
1433511201092 lifecam19 2160.33056641 2069.70214844 0.0112972902134
1433511201162 lifecam19 2140.04638672 2069.28564453 0.00453275861219
1433511201298 lifecam19 2098.47338867 2069.05249023 0.000478808069602
1433511201358 lifecam19 2075.85131836 2069.49072266 0.0157974381
1433511201430 lifecam19 2054.50952148 2069.48999023 0.0189963020384
1433511201497 lifecam19 2032.63256836 2069.82641602 0.0271509308368
1433511201557 lifecam19 2011.33520508 2069.55004883 0.0299028791487
1433511201695 lifecam19 1969.08947754 2069.02148438 0.0321691669524
1433511201756 lifecam19 1948.37939453 2069.3190918 0.0294943489134
1433511201827 lifecam19 1927.83117676 2068.35229492 0.0253098644316
1433511201896 lifecam19 1906.48583984 2068.85766602 0.0285086054355
1433511201956 lifecam19 1885.92492676 2068.06860352 0.0244404729456
1433511202023 lifecam19 1864.91308594 2067.8527832 0.0245502647012
1433511202084 lifecam19 1845.4395752 2065.92993164 0.0122514404356
1433511202166 lifecam19 1837.49780273 2066.90380859 0.0191026348621
1433511202220 lifecam19 1837.9185791 2066.22875977 0.0115029262379
1433511202295 lifecam19 1837.34008789 2067.40356445 0.0205743946135
1433511202426 lifecam19 1837.0994873 2067.84448242 0.0228160079569
1433511202495 lifecam19 1837.07446289 2067.67504883 0.023049896583
1433511202567 lifecam19 1837.74633789 2066.69897461 0.0167794842273
