1433511230210 lifecam19 2646.80834961 2038.76635742 6.16491413116
1433511230273 lifecam19 2664.75439453 2050.2199707 6.21502256393
1433511230337 lifecam19 2690.34594727 2062.56542969 6.24605321884
1433511230402 lifecam19 2715.52539062 2075.5793457 6.27786302567
1433511230460 lifecam19 2708.76245117 2075.16333008 6.27560853958
1433511230605 lifecam19 2673.09667969 2074.22998047 6.26721715927
1433511230662 lifecam19 2648.79467773 2073.87060547 6.26400709152
1433511230741 lifecam19 2630.62255859 2073.87670898 6.26405954361
1433511230805 lifecam19 2610.07495117 2074.02856445 6.26541805267
1433511230860 lifecam19 2587.5612793 2074.20776367 6.26702070236
1433511230930 lifecam19 2567.50390625 2073.78759766 6.26326751709
1433511230999 lifecam19 2546.99365234 2074.79785156 6.27231550217
1433511231067 lifecam19 2526.06958008 2074.48632812 6.26951646805
1433511231132 lifecam19 2505.07495117 2074.02880859 6.26541757584
1433511231204 lifecam19 2484.00512695 2073.88354492 6.26411962509
1433511231404 lifecam19 2421.07519531 2074.02856445 6.26541757584
1433511231473 lifecam19 2400.00512695 2073.88354492 6.26411962509
1433511231541 lifecam19 2378.47314453 2076.05273438 0.000478212023154
1433511231611 lifecam19 2357.47290039 2076.05273438 0.00047928490676
1433511231674 lifecam19 2337.06933594 2074.48657227 6.2695183754
1433511231735 lifecam19 2316.06958008 2074.48632812 6.26951646805
1433511231797 lifecam19 2295.06958008 2074.48608398 6.26951313019
1433511231872 lifecam19 2273.69604492 2075.58178711 6.27939033508
1433511231940 lifecam19 2252.69604492 2075.58178711 6.27939128876
1433511231999 lifecam19 2232.84106445 2074.33056641 6.26194000244
1433511232139 lifecam19 2189.33129883 2078.67236328 0.00182956841309
1433511232208 lifecam19 2169.42260742 2079.53808594 6.27458429337
1433511232274 lifecam19 2148.46948242 2081.23510742 6.27224493027
1433511232341 lifecam19 2127.3581543 2081.72949219 6.27520179749
1433511232397 lifecam19 2106.22631836 2081.93920898 6.27646684647
1433511232484 lifecam19 2084.47363281 2083.05224609 0.000477139139548
1433511232540 lifecam19 2064.44580078 2081.23754883 6.26888084412
1433511232608 lifecam19 2042.47314453 2083.05249023 0.000477854395285
1433511232667 lifecam19 2021.47314453 2083.05273438 0.000478808069602
1433511232739 lifecam19 2000.47302246 2083.05249023 0.000479404116049
1433511232881 lifecam19 1958.47338867 2083.05224609 0.000476423883811
1433511232940 lifecam19 1937.47338867 2083.05224609 0.000476423883811
1433511233007 lifecam19 1916.47338867 2083.05249023 0.000478450441733
1433511233077 lifecam19 1895.47338867 2083.05273438 0.000477854395285
1433511233145 lifecam19 1875.55993652 2082.69067383 6.27326583862
1433511233275 lifecam19 1850.16503906 2080.38110352 6.23584938049
1433511233333 lifecam19 1845.77893066 2080.67236328 6.23497343063
1433511233410 lifecam19 1845.42163086 2080.66577148 6.23632669449
1433511233466 lifecam19 1846.45581055 2080.27368164 6.23001718521
1433511233538 lifecam19 1846.34692383 2080.0390625 6.23093366623
1433511233677 lifecam19 1846.45581055 2080.27368164 6.23001718521
1433511233733 lifecam19 1845.77893066 2080.67236328 6.23497343063
1433511233812 lifecam19 1846.1763916 2080.41503906 6.23277044296
1433511233875 lifecam19 1845.55981445 2081.09643555 6.2372713089
1433511233933 lifecam19 1845.0300293 2081.46557617 6.24045801163
1433511234078 lifecam19 1846.50024414 2080.21972656 6.22956037521
1433511234149 lifecam19 1846.23986816 2080.69824219 6.2323141098
