1431697072769 lifecam19 37599 -294.034240723 2245.07299805 8814.2734375 -1.87099456787 2.43788647652 -1.22297751904
1431697072835 lifecam19 37599 -277.059967041 2302.48754883 8829.41601562 -1.86245846748 2.46554017067 -1.21453559399
1431697072903 lifecam19 37599 -257.213500977 2332.73364258 8733.71582031 1.75665807724 -2.46877098083 -0.446474701166
1431697072970 lifecam19 37599 -241.819671631 2397.66088867 8780.58984375 1.66075432301 -2.21673369408 1.07320034504
1431697073034 lifecam19 37599 -222.365982056 2420.78710938 8664.32910156 1.72915899754 -2.470225811 -0.448142796755
1431697073103 lifecam19 37599 -206.138839722 2492.66015625 8741.40136719 -1.84117722511 2.65057444572 0.400821119547
1431697073169 lifecam19 37599 -185.651947021 2529.03930664 8682.77539062 -1.8500880003 2.47906661034 -1.23754894733
1431697073235 lifecam19 37599 -168.087554932 2590.74169922 8708.40722656 -1.82528579235 2.48347711563 -1.18061304092
1431697073302 lifecam19 37599 -148.459075928 2607.4765625 8589.57324219 -1.81580448151 2.4710457325 -1.24334168434
1431697073356 lifecam20 39552 409.817779541 295.083831787 2795.11547852 1.35024416447 -0.746805608273 -0.872940838337
1431697073371 lifecam19 37599 -129.487136841 2655.28369141 8577.47363281 -1.8150280714 2.69743108749 0.42483946681
1431697073439 lifecam19 37599 -109.277427673 2682.25097656 8495.52441406 -1.79237222672 2.49247932434 -1.26080751419
1431697073502 lifecam19 37599 -91.4236526489 2765.66186523 8585.01171875 -1.80565154552 2.73756694794 0.370626211166
1431697073556 lifecam20 39552 408.623382568 293.982635498 2786.37890625 1.35307276249 -0.74018651247 -0.880285620689
1431697073571 lifecam19 37599 -71.5449981689 2800.44360352 8528.15136719 -1.7877560854 2.50051259995 -1.20392942429
1431697073639 lifecam19 37599 -51.7962188721 2845.35375977 8503.31835938 -1.79555630684 2.79467606544 0.348654299974
1431697073702 lifecam19 37599 -30.3817443848 2881.08203125 8457.25 1.60922968388 -2.2618894577 1.11064958572
1431697074622 lifecam20 37599 -1721.6072998 -1047.35009766 9612.42578125 -1.84746074677 2.18183803558 -1.06502771378
1431697074695 lifecam20 37599 -1735.84216309 -1007.01043701 9734.77539062 -1.86492455006 2.21404504776 -1.03970444202
1431697074820 lifecam20 37599 -1716.4206543 -896.374816895 9726.07617188 -1.92322874069 2.02619624138 0.794264614582
1431697075018 lifecam20 37599 -1661.34265137 -726.072570801 9566.2421875 -1.82604408264 2.19418597221 -1.02554321289
1431697075093 lifecam20 37599 -1635.92260742 -667.135742188 9475.46386719 -1.91181051731 2.02943897247 0.849473178387
1431697075163 lifecam20 37599 -1637.11181641 -619.421142578 9542.3203125 -1.80239450932 2.20120954514 -1.00702631474
1431697075220 lifecam20 37599 -1648.52490234 -571.986572266 9665.31054688 2.14479327202 -2.41763663292 -0.849622607231
1431697075360 lifecam20 37599 -1616.56628418 -463.125976562 9596.53027344 -1.89130342007 2.13611412048 0.764182627201
1431697075420 lifecam20 37599 -1613.88952637 -425.497344971 9643.22265625 -1.77725851536 2.24109053612 -0.947095751762
1431697075686 lifecam20 37599 -1607.10974121 -408.54498291 9617.47070312 -1.87858784199 2.18085193634 0.732413351536
1431697075760 lifecam20 37599 -1603.69494629 -407.080169678 9598.12109375 -1.87946116924 2.17599225044 0.741195261478
1431697075830 lifecam20 37599 -1606.06188965 -407.741577148 9613.28515625 -1.88240993023 2.17926383018 0.741158902645
1431697075962 lifecam20 37599 -1593.50708008 -404.578063965 9535.94824219 -1.87203669548 2.15314865112 0.782902538776
1431697076029 lifecam20 37599 -1606.54663086 -407.641052246 9615.4140625 -1.88364267349 2.17196369171 0.75112760067
1431697076087 lifecam20 37599 -1612.92492676 -409.627258301 9654.16699219 -1.87935686111 2.18379116058 0.72710108757
1431697076157 lifecam20 37599 -1608.13793945 -408.590911865 9625.12792969 -1.88215517998 2.18221688271 0.736022174358
1431697076237 lifecam20 37599 -1602.09191895 -407.029083252 9588.95117188 -1.8866212368 2.18613433838 0.743186891079
1431697076300 lifecam20 37599 -1601.00817871 -406.248168945 9582.46386719 -1.87792932987 2.17066311836 0.764835000038
1431697076356 lifecam20 5376 772.569213867 -76.1250457764 6170.12158203 1.146666646 -1.39272129536 -1.45742547512
1431697076356 lifecam20 37599 -1863.89453125 -473.816101074 11153.875 -1.8874938488 2.24878096581 0.265156507492
1431697076433 lifecam20 37599 -1836.04675293 -466.64956665 10985.8378906 -1.9629188776 2.33720207214 0.405654519796
1431697076496 lifecam20 37599 -1603.18115234 -406.96005249 9595.19238281 -1.87958300114 2.1810901165 0.755347549915
1431697076555 lifecam20 37599 -1612.92492676 -409.627258301 9654.16699219 -1.87935686111 2.18379116058 0.72710108757
1431697076627 lifecam20 37599 -1601.0378418 -406.759887695 9582.58789062 -1.8827893734 2.17005825043 0.754602074623
1431697076699 lifecam20 37599 -1597.09179688 -405.548522949 9558.43945312 -1.8820066452 2.17739224434 0.766846418381
1431697076754 lifecam20 37599 -1600.54943848 -406.476196289 9579.98242188 -1.88480913639 2.17657232285 0.751433849335
1431697076825 lifecam20 37599 -1603.43566895 -407.53213501 9599.15429688 -1.7685059309 2.24605512619 -0.978423058987
1431697076896 lifecam20 37599 -1607.38122559 -408.353973389 9620.67675781 -1.88182079792 2.18113160133 0.737620651722
1431697076955 lifecam20 37599 -1589.72399902 -403.913391113 9512.72460938 -1.87960720062 2.16519522667 0.779732704163
1431697077022 lifecam20 37599 -1598.18457031 -405.986419678 9564.66601562 -1.87999153137 2.17195749283 0.768453896046
1431697077096 lifecam20 37599 -1603.18115234 -406.96005249 9595.19238281 -1.87958300114 2.1810901165 0.755347549915
1431697077165 lifecam20 39552 406.032806396 292.898162842 2770.89355469 1.35012078285 -0.744592308998 -0.875940978527
1431697077165 lifecam20 37599 -1598.76159668 -406.017883301 9569.22558594 -1.88114130497 2.15963363647 0.76439332962
1431697077223 lifecam20 37599 -1604.32983398 -407.786315918 9599.95214844 -1.87590241432 2.1828315258 0.746721565723
1431697077295 lifecam20 37599 -1606.36938477 -407.870269775 9612.92675781 -1.88049781322 2.17777729034 0.758578002453
1431697077367 lifecam20 37599 -1604.37512207 -407.527862549 9601.68066406 -1.87893521786 2.17684316635 0.739292442799
1431697077425 lifecam20 37599 -1616.11621094 -410.538024902 9671.91699219 -1.88028204441 2.18049716949 0.730458557606
1431697077496 lifecam20 37599 -1616.11621094 -410.538024902 9671.91699219 -1.88028204441 2.18049716949 0.730458557606
1431697077567 lifecam20 37599 -1606.53894043 -408.022857666 9615.82128906 -1.88035345078 2.17268013954 0.744418621063
1431697077624 lifecam20 37599 -1608.1965332 -408.201293945 9625.12597656 -1.87466788292 2.16986727715 0.737513363361
1431697077696 lifecam20 37599 -1605.23620605 -408.245941162 9609.44921875 -1.76987087727 2.24822163582 -0.976553142071
1431697077770 lifecam20 37599 -1602.3001709 -407.084503174 9592.6796875 -1.76528918743 2.24350786209 -0.974249958992
1431697077828 lifecam20 37599 -1607.75183105 -408.20199585 9621.33398438 -1.87372434139 2.18248510361 0.741461634636
1431697077894 lifecam20 37599 -1608.20935059 -408.477325439 9623.75292969 -1.87169969082 2.17593359947 0.744755864143
1431697077968 lifecam20 37599 -1596.01501465 -405.174499512 9553.22558594 -1.88410604 2.18014717102 0.75860697031
1431697078033 lifecam20 37599 -1589.89013672 -403.836242676 9513.96386719 -1.88175749779 2.17228317261 0.775661587715
1431697078090 lifecam20 37599 -1601.76647949 -406.699005127 9585.44726562 -1.87850689888 2.18618130684 0.74895632267
1431697078164 lifecam20 37599 -1597.89099121 -405.684326172 9562.12109375 -1.88116776943 2.17073535919 0.746028184891
1431697078234 lifecam20 37599 -1589.15625 -403.435943604 9508.93945312 -1.88304185867 2.17615914345 0.767268121243
1431697078294 lifecam20 37599 -1586.18859863 -402.040405273 9499.62207031 -1.87748169899 2.16713261604 0.758363723755
1431697078362 lifecam20 37599 -1561.78063965 -392.091918945 9430.80957031 -1.83260154724 2.1351082325 -0.991394579411
1431697078436 lifecam20 37599 -1509.87316895 -341.698913574 9271.99121094 -1.83258366585 1.8476036787 -0.657084107399
