1433512869675 lifecam19 2628.15283203 2034.06274414 6.15711021423
1433512869746 lifecam19 2670.19433594 2052.76635742 6.20412015915
1433512869818 lifecam19 2703.54345703 2083.71166992 0.0371903814375
1433512869881 lifecam19 2702.63354492 2078.94287109 0.0149903930724
1433512869944 lifecam19 2704.19702148 2079.3984375 0.0119331534952
1433512870012 lifecam19 2698.81762695 2078.78759766 0.0161114353687
1433512870075 lifecam19 2686.50390625 2073.7878418 6.26326751709
1433512870143 lifecam19 2665.20532227 2073.52587891 6.26093387604
1433512870216 lifecam19 2641.79541016 2073.87036133 6.26400279999
1433512870275 lifecam19 2622.11938477 2074.97265625 6.27011680603
1433512870346 lifecam19 2601.05371094 2076.53613281 6.27850437164
1433512870414 lifecam19 2580.3605957 2077.60424805 0.00695509137586
1433512870481 lifecam19 2558.81762695 2078.78735352 0.016110483557
1433512870545 lifecam19 2537.4296875 2079.5703125 0.0197379030287
1433512870612 lifecam19 2515.90844727 2080.80395508 0.0245887693018
1433512870679 lifecam19 2495.0456543 2080.27758789 0.0233178790659
1433512870746 lifecam19 2473.70825195 2080.5925293 0.0264512952417
1433512870814 lifecam19 2453.00097656 2080.13476562 0.0237314142287
1433512870883 lifecam19 2432.81787109 2078.78735352 0.0161114353687
1433512870941 lifecam19 2411.31420898 2080.68457031 0.0373411849141
1433512871010 lifecam19 2389.64868164 2082.1628418 0.0591915249825
1433512871081 lifecam19 2367.23657227 2082.75317383 0.0702268481255
1433512871149 lifecam19 2346.19921875 2082.51489258 0.0763650536537
1433512871214 lifecam19 2326.0703125 2081.59985352 0.0759133771062
1433512871281 lifecam19 2308.31494141 2078.70458984 0.0581955388188
1433512871349 lifecam19 2287.03173828 2078.75561523 0.0635597109795
1433512871415 lifecam19 2265.4453125 2078.0222168 0.0706853419542
1433512871482 lifecam19 2244.96264648 2076.0144043 0.0696470215917
1433512871551 lifecam19 2224.24511719 2074.97973633 0.0791618302464
1433512871613 lifecam19 2203.59130859 2073.68969727 0.0803608298302
1433512871683 lifecam19 2181.24536133 2073.67260742 0.0968665629625
1433512871751 lifecam19 2159.62719727 2073.19921875 0.104823894799
1433512871811 lifecam19 2140.10888672 2070.85400391 0.100138254464
1433512871882 lifecam19 2118.11743164 2069.05493164 0.110914178193
1433512871952 lifecam19 2097.02514648 2067.66308594 0.115923717618
1433512872020 lifecam19 2076.54516602 2065.83520508 0.114562101662
1433512872082 lifecam19 2055.31616211 2064.13647461 0.125723332167
1433512872149 lifecam19 2033.74291992 2062.53515625 0.135188654065
1433512872220 lifecam19 2012.39892578 2060.71557617 0.139446690679
1433512872279 lifecam19 1990.640625 2059.4152832 0.150022923946
1433512872348 lifecam19 1972.91479492 2055.48706055 0.136379525065
1433512872416 lifecam19 1950.60632324 2054.03442383 0.154490873218
1433512872478 lifecam19 1930.53540039 2050.86450195 0.151148378849
1433512872549 lifecam19 1910.53833008 2048.12329102 0.153713181615
1433512872619 lifecam19 1890.14147949 2045.36474609 0.157011330128
1433512872684 lifecam19 1867.99731445 2042.22338867 0.165794298053
1433512872749 lifecam19 1848.23046875 2040.3840332 0.168009355664
1433512872818 lifecam19 1827.16381836 2038.38330078 0.183838665485
1433512872883 lifecam19 1818.53051758 2037.1171875 0.184308469296
1433512872947 lifecam19 1818.09985352 2035.90234375 0.173089429736
1433512873016 lifecam19 1817.97875977 2036.16625977 0.175635069609
1433512873084 lifecam19 1817.58032227 2036.1262207 0.175989940763
1433512873149 lifecam19 1818.09985352 2035.90234375 0.173089429736
1433512873220 lifecam19 1817.77807617 2035.98461914 0.175907194614
1433512873294 lifecam19 1817.25805664 2036.20361328 0.178800985217
1433512873356 lifecam19 1817.97875977 2036.16625977 0.175635069609
1433512873420 lifecam19 1817.97875977 2036.16625977 0.175635069609
1433512873483 lifecam19 1817.91638184 2035.89038086 0.173267319798
1433512873554 lifecam19 1818.09985352 2035.90234375 0.173089429736
1433512873614 lifecam19 1827.25512695 2026.36352539 0.111975252628
