1433513038144 lifecam19 2647.1159668 2036.66357422 6.14746046066
1433513038204 lifecam19 2667.20605469 2050.27001953 6.19644880295
1433513038272 lifecam19 2689.97216797 2069.05419922 0.000491921091452
1433513038341 lifecam19 2709.73510742 2073.33398438 6.26076126099
1433513038403 lifecam19 2705.22021484 2073.26660156 6.2600069046
1433513038477 lifecam19 2708.59130859 2069.22924805 6.22940444946
1433513038550 lifecam19 2696.52441406 2067.82446289 6.22268676758
1433513038603 lifecam19 2676.29199219 2069.60205078 6.23564529419
1433513038679 lifecam19 2653.7578125 2069.68334961 6.23263835907
1433513038741 lifecam19 2632.66845703 2070.9453125 6.24257087708
1433513038814 lifecam19 2610.86035156 2072.41333008 6.25257492065
1433513038872 lifecam19 2589.64086914 2072.83496094 6.25635051727
1433513038939 lifecam19 2568.06933594 2074.48608398 6.26951742172
1433513039013 lifecam19 2547.14624023 2075.58178711 6.27939224243
1433513039074 lifecam19 2526.14648438 2075.58154297 6.27938985825
1433513039152 lifecam19 2504.67333984 2076.27685547 0.000685874605551
1433513039203 lifecam19 2484.43505859 2076.1484375 6.28068876266
1433513039280 lifecam19 2468.35327148 2073.9921875 6.25935077667
1433513039339 lifecam19 2445.59326172 2074.63989258 6.26548719406
1433513039407 lifecam19 2423.79272461 2075.07666016 6.26957273483
1433513039479 lifecam19 2402.01538086 2078.18505859 0.0113353170455
1433513039540 lifecam19 2384.43041992 2077.32128906 0.00433236733079
1433513039610 lifecam19 2362.21728516 2078.29663086 0.0203602947295
1433513039672 lifecam19 2341.50439453 2077.11889648 0.017771307379
1433513039752 lifecam19 2320.81469727 2076.73339844 0.0161392148584
1433513039811 lifecam19 2297.58203125 2077.5769043 0.0368365682662
1433513039886 lifecam19 2276.19750977 2077.03515625 0.040359441191
1433513039939 lifecam19 2255.29516602 2076.21557617 0.0394645370543
1433513040007 lifecam19 2234.88647461 2074.26123047 0.0354151166975
1433513040075 lifecam19 2212.53833008 2075.18139648 0.0554854348302
1433513040142 lifecam19 2190.25390625 2076.09985352 0.0831213667989
1433513040213 lifecam19 2169.87719727 2074.71777344 0.0837189629674
1433513040275 lifecam19 2149.37084961 2073.51196289 0.0844890475273
1433513040345 lifecam19 2129.16137695 2071.57836914 0.0858843848109
1433513040407 lifecam19 2109.88427734 2068.30908203 0.0743950009346
1433513040477 lifecam19 2088.12792969 2067.61254883 0.0811418816447
1433513040545 lifecam19 2066.57739258 2065.98120117 0.0849711298943
1433513040605 lifecam19 2046.81274414 2063.97045898 0.0853651314974
1433513040673 lifecam19 2026.62963867 2062.06005859 0.0885105803609
1433513040739 lifecam19 2004.0378418 2061.18823242 0.10855191201
1433513040809 lifecam19 1984.14929199 2058.87817383 0.105859100819
1433513040942 lifecam19 1943.0234375 2054.04858398 0.114345245063
1433513041014 lifecam19 1922.21276855 2051.85302734 0.114649236202
1433513041073 lifecam19 1899.97155762 2049.88818359 0.125725239515
1433513041140 lifecam19 1880.03015137 2047.40356445 0.12469560653
1433513041207 lifecam19 1857.75598145 2046.27197266 0.147742792964
1433513041280 lifecam19 1838.10083008 2042.65356445 0.141191542149
1433513041340 lifecam19 1822.05786133 2040.42895508 0.147681176662
1433513041415 lifecam19 1818.05908203 2039.81884766 0.145345658064
1433513041471 lifecam19 1815.33630371 2039.94067383 0.152728006244
1433513041541 lifecam19 1816.36682129 2040.23681641 0.153716981411
1433513041673 lifecam19 1816.28527832 2039.93896484 0.151246011257
1433513041742 lifecam19 1816.28527832 2039.93896484 0.151246011257
1433513041805 lifecam19 1815.98193359 2040.53125 0.155158489943
1433513041875 lifecam19 1816.26708984 2040.13793945 0.153008908033
1433513041939 lifecam19 1816.26708984 2040.13793945 0.153008908033
1433513042010 lifecam19 1816.87414551 2040.01904297 0.15103405714
1433513042418 lifecam19 1587.16308594 2136.27001953 4.77625894547
