1433512895188 lifecam19 2657.36352539 2048.99389648 6.19110822678
1433512895252 lifecam19 2684.11279297 2078.81201172 0.0416614450514
1433512895323 lifecam19 2703.46801758 2084.52807617 0.0378821529448
1433512895386 lifecam19 2698.72680664 2084.36791992 0.0434971526265
1433512895453 lifecam19 2697.90112305 2082.64672852 0.0286241229624
1433512895520 lifecam19 2683.63574219 2081.55419922 0.0290554203093
1433512895584 lifecam19 2663.67822266 2079.84838867 0.0194181837142
1433512895655 lifecam19 2641.82958984 2080.75366211 0.0253228601068
1433512895715 lifecam19 2621.62426758 2079.15551758 0.0179231800139
1433512895789 lifecam19 2600.81738281 2078.78710938 0.016110483557
1433512895857 lifecam19 2578.99316406 2080.10986328 0.0270696338266
1433512895921 lifecam19 2558.07739258 2080.73681641 0.0345861278474
1433512895983 lifecam19 2537.12255859 2081.04956055 0.0394532158971
1433512896057 lifecam19 2516.11401367 2081.14208984 0.0482429936528
1433512896120 lifecam19 2493.85742188 2082.2956543 0.0723143219948
1433512896189 lifecam19 2474.61791992 2080.66235352 0.0645578578115
1433512896251 lifecam19 2455.76806641 2078.83642578 0.0556992888451
1433512896322 lifecam19 2435.86108398 2077.44604492 0.0492973998189
1433512896385 lifecam19 2412.82495117 2078.07080078 0.0642723441124
1433512896453 lifecam19 2391.03125 2078.13354492 0.0774019509554
1433512896521 lifecam19 2370.68798828 2075.75463867 0.0734855607152
1433512896590 lifecam19 2350.10302734 2074.72607422 0.0752789378166
1433512896651 lifecam19 2329.125 2074.30541992 0.082418859005
1433512896715 lifecam19 2307.24560547 2073.67236328 0.0968657210469
1433512896787 lifecam19 2286.40063477 2072.27050781 0.103792011738
1433512896860 lifecam19 2268.0480957 2069.0871582 0.0908864215016
1433512896921 lifecam19 2244.51977539 2068.73999023 0.109337635338
1433512896991 lifecam19 2223.20410156 2067.87915039 0.1159485057
1433512897058 lifecam19 2202.71044922 2066.09667969 0.116388864815
1433512897119 lifecam19 2180.62695312 2065.24633789 0.134751141071
1433512897189 lifecam19 2160.79199219 2062.39599609 0.132571414113
1433512897255 lifecam19 2139.47290039 2060.32763672 0.135020196438
1433512897317 lifecam19 2119.30737305 2057.74731445 0.137761414051
1433512897388 lifecam19 2101.23095703 2054.42431641 0.129095375538
1433512897458 lifecam19 2077.78662109 2053.01489258 0.14732426405
1433512897527 lifecam19 2057.08276367 2049.70556641 0.141763389111
1433512897589 lifecam19 2035.67211914 2048.40942383 0.157597154379
1433512897662 lifecam19 2014.39257812 2046.69067383 0.166214302182
1433512897722 lifecam19 1994.43432617 2042.7590332 0.166301310062
1433512897790 lifecam19 1973.61853027 2040.04321289 0.170573443174
1433512897856 lifecam19 1952.8215332 2037.03369141 0.177878558636
1433512897923 lifecam19 1932.75476074 2033.54418945 0.177173197269
1433512897987 lifecam19 1911.15087891 2031.44750977 0.189532935619
1433512898060 lifecam19 1889.83251953 2027.52197266 0.191219866276
1433512898126 lifecam19 1869.24157715 2024.97070312 0.200477421284
1433512898188 lifecam19 1849.25598145 2021.17993164 0.199700534344
1433512898252 lifecam19 1829.98925781 2017.13012695 0.201905667782
1433512898326 lifecam19 1813.80566406 2017.03662109 0.225947320461
1433512898393 lifecam19 1808.60437012 2015.62768555 0.225178286433
1433512898454 lifecam19 1810.43444824 2015.86230469 0.221770703793
1433512898523 lifecam19 1810.53161621 2015.16992188 0.217045009136
1433512898592 lifecam19 1810.43444824 2015.86230469 0.221770703793
1433512898663 lifecam19 1810.1015625 2015.77783203 0.22173589468
1433512898723 lifecam19 1810.98168945 2015.39550781 0.216077625751
1433512898792 lifecam19 1810.85559082 2015.44067383 0.218756616116
