1433513072862 lifecam19 2637.41699219 2028.14013672 6.10122394562
1433513072995 lifecam19 2687.62402344 2067.45849609 6.26920318604
1433513073067 lifecam19 2712.44311523 2072.88769531 6.25526618958
1433513073131 lifecam19 2706.75488281 2073.50390625 6.26226234436
1433513073199 lifecam19 2708.00537109 2073.88305664 6.26411771774
1433513073266 lifecam19 2697.51245117 2073.76269531 6.26304149628
1433513073331 lifecam19 2680.55273438 2073.52490234 6.26239681244
1433513073394 lifecam19 2659.07519531 2074.02880859 6.26541757584
1433513073462 lifecam19 2635.2902832 2074.29150391 6.2677731514
1433513073537 lifecam19 2616.50415039 2073.7878418 6.26326704025
1433513073589 lifecam19 2595.3293457 2075.7578125 6.27704048157
1433513073662 lifecam19 2573.66870117 2077.30932617 0.00810772553086
1433513073731 lifecam19 2552.66894531 2077.30883789 0.00810629501939
1433513073805 lifecam19 2532.09472656 2076.65551758 0.00407189549878
1433513073932 lifecam19 2487.88720703 2077.86303711 0.0273276008666
1433513073998 lifecam19 2465.1315918 2079.03344727 0.0469086803496
1433513074063 lifecam19 2443.81225586 2079.5402832 0.0531414225698
1433513074131 lifecam19 2422.7746582 2079.10375977 0.061073243618
1433513074198 lifecam19 2402.64404297 2078.55200195 0.0606870092452
1433513074266 lifecam19 2383.09375 2078.11157227 0.0669571831822
1433513074336 lifecam19 2365.33129883 2074.82250977 0.0479914620519
1433513074406 lifecam19 2344.4609375 2073.58154297 0.0516333021224
1433513074460 lifecam19 2323.64990234 2072.27905273 0.0529686771333
1433513074530 lifecam19 2302.07714844 2071.37158203 0.0569098554552
1433513074663 lifecam19 2259.41552734 2070.00390625 0.0715153813362
1433513074730 lifecam19 2238.66894531 2067.98120117 0.0749018862844
1433513074798 lifecam19 2217.05029297 2067.98535156 0.0896083787084
1433513074866 lifecam19 2195.61328125 2066.96118164 0.10236877203
1433513074922 lifecam19 2174.79199219 2065.3203125 0.103796541691
1433513075066 lifecam19 2132.74511719 2061.17749023 0.114592865109
1433513075129 lifecam19 2112.23144531 2059.35864258 0.111345350742
1433513075198 lifecam19 2090.27734375 2058.08837891 0.123075306416
1433513075265 lifecam19 2069.61669922 2056.00878906 0.128158628941
1433513075333 lifecam19 2048.75976562 2053.3359375 0.13102632761
1433513075394 lifecam19 2028.16088867 2051.52856445 0.141680181026
1433513075466 lifecam19 2009.9375 2047.16357422 0.125356629491
1433513075533 lifecam19 1988.56945801 2045.14404297 0.138748586178
1433513075598 lifecam19 1967.61462402 2042.27075195 0.140103042126
1433513075669 lifecam19 1944.62487793 2040.08398438 0.154521048069
1433513075798 lifecam19 1904.5513916 2034.86914062 0.158667743206
1433513075866 lifecam19 1884.62902832 2030.86889648 0.156492292881
1433513075934 lifecam19 1862.52709961 2027.95214844 0.169313132763
1433513076001 lifecam19 1842.75598145 2025.375 0.173318564892
1433513076066 lifecam19 1824.90332031 2022.05761719 0.176465466619
1433513076128 lifecam19 1816.71203613 2020.61425781 0.180003598332
1433513076204 lifecam19 1813.41052246 2020.29199219 0.181091725826
1433513076268 lifecam19 1813.8170166 2020.82910156 0.184187471867
1433513076339 lifecam19 1813.5657959 2020.60742188 0.181013554335
1433513076403 lifecam19 1813.17004395 2021.27636719 0.186297237873
1433513076527 lifecam19 1813.90820312 2020.89111328 0.182922050357
1433513076601 lifecam19 1814.20385742 2020.85742188 0.182115033269
