1433512847640 lifecam19 2647.16088867 2038.15893555 6.1481127739
1433512847702 lifecam19 2672.32226562 2063.72265625 6.25123310089
1433512847779 lifecam19 2703.30834961 2083.5559082 0.0393429473042
1433512847850 lifecam19 2695.75195312 2077.98095703 0.012034598738
1433512847907 lifecam19 2675.89355469 2083.16992188 0.0444662049413
1433512847975 lifecam19 2653.49462891 2085.25854492 0.0603496469557
1433512848048 lifecam19 2633.23388672 2083.265625 0.0400247052312
1433512848104 lifecam19 2612.23120117 2083.05737305 0.0450788214803
1433512848172 lifecam19 2593.13134766 2080.87036133 0.0359525121748
1433512848245 lifecam19 2572.02832031 2080.71142578 0.0362691357732
1433512848309 lifecam19 2550.8137207 2081.0078125 0.0466241277754
1433512848371 lifecam19 2532.26123047 2080.83032227 0.0532751716673
1433512848445 lifecam19 2507.89111328 2081.7487793 0.0740981772542
1433512848519 lifecam19 2487.13208008 2080.99267578 0.0723312497139
1433512848581 lifecam19 2468.66186523 2079.38574219 0.0622375607491
1433512848648 lifecam19 2447.79223633 2079.04760742 0.0656734108925
1433512848715 lifecam19 2425.10644531 2079.14624023 0.0837735533714
1433512848771 lifecam19 2403.88330078 2077.7487793 0.0881461650133
1433512848838 lifecam19 2383.90625 2075.95947266 0.0878491997719
1433512848915 lifecam19 2364.81787109 2073.6652832 0.0816045403481
1433512848978 lifecam19 2342.41064453 2073.71679688 0.0970864892006
1433512849039 lifecam19 2320.08081055 2073.36132812 0.109891727567
1433512849115 lifecam19 2300.00048828 2071.59863281 0.106517963111
1433512849180 lifecam19 2278.52001953 2069.67700195 0.116065204144
1433512849240 lifecam19 2258.17114258 2067.90209961 0.117861226201
1433512849315 lifecam19 2237.1328125 2066.05957031 0.116700351238
1433512849381 lifecam19 2214.77294922 2065.16064453 0.137003496289
1433512849439 lifecam19 2195.89819336 2062.1394043 0.132006466389
1433512849507 lifecam19 2173.91870117 2061.26025391 0.146757900715
1433512849581 lifecam19 2152.85766602 2058.38476562 0.147306382656
1433512849642 lifecam19 2132.76000977 2055.87036133 0.145560204983
1433512849708 lifecam19 2110.30664062 2054.85424805 0.162184640765
1433512849786 lifecam19 2091.33813477 2051.1862793 0.156167581677
1433512849845 lifecam19 2070.04516602 2048.77050781 0.163121283054
1433512849908 lifecam19 2048.56811523 2046.30786133 0.168132960796
1433512849978 lifecam19 2028.96655273 2042.40917969 0.167494952679
1433512850045 lifecam19 2008.52026367 2039.8815918 0.175252258778
1433512850106 lifecam19 1985.90905762 2037.39892578 0.18690186739
1433512850175 lifecam19 1967.0300293 2033.73217773 0.180082723498
1433512850251 lifecam19 1944.47131348 2031.57397461 0.197381675243
1433512850307 lifecam19 1924.38110352 2028.48974609 0.197343632579
1433512850374 lifecam19 1903.63671875 2024.76635742 0.204665243626
1433512850451 lifecam19 1882.8692627 2020.99023438 0.205652564764
1433512850508 lifecam19 1863.05578613 2017.50683594 0.211095631123
1433512850576 lifecam19 1843.46826172 2013.4140625 0.215141117573
1433512850649 lifecam19 1822.6796875 2009.93798828 0.218984097242
1433512850717 lifecam19 1810.7208252 2007.43310547 0.2209443748
1433512850774 lifecam19 1808.40136719 2007.14453125 0.223470270634
1433512850845 lifecam19 1808.82324219 2006.67260742 0.218453586102
1433512850917 lifecam19 1808.40136719 2007.14453125 0.223470270634
1433512850979 lifecam19 1809.02844238 2006.88891602 0.219905301929
1433512851050 lifecam19 1809.29345703 2006.53515625 0.21626201272
1433512851124 lifecam19 1809.29345703 2006.53515625 0.21626201272
1433512851179 lifecam19 1809.02844238 2006.88891602 0.219905301929
1433512851245 lifecam19 1809.02844238 2006.88891602 0.219905301929
1433512851320 lifecam19 1809.02844238 2006.88891602 0.219905301929
1433512851379 lifecam19 1808.82324219 2006.67260742 0.218453586102
1433512851443 lifecam19 1809.02844238 2006.88891602 0.219905301929
1433512851850 lifecam19 1760.15771484 1969.19335938 0.11770028621
