1431697335508 lifecam19 37599 -321.153747559 2237.63623047 9078.49707031 -1.85037839413 1.90770184994 -0.190393596888
1431697335563 lifecam20 37599 -1897.54943848 -2598.97363281 9935.8046875 -1.92251861095 1.54784750938 -0.206136316061
1431697335578 lifecam19 37599 -328.086578369 2196.76245117 9087.93652344 -1.90075600147 2.09549379349 -0.491976231337
1431697335624 lifecam20 37599 -1905.83398438 -2663.25512695 10002.40625 2.54678559303 -1.95754730701 -0.504913210869
1431697335641 lifecam19 37599 -338.955841064 2099.52612305 8911.2421875 -1.9312762022 2.24051427841 -0.822409033775
1431697335693 lifecam20 37599 -1926.54431152 -2737.42016602 10084.8408203 -2.05688500404 1.89746642113 -0.664336562157
1431697335704 lifecam19 37599 -354.208862305 2056.39501953 8885.8125 -1.91558468342 2.37393546104 -1.08661544323
1431697335778 lifecam19 37599 -371.471435547 2048.52050781 8962.65527344 -1.84704935551 2.50743508339 0.501631915569
1431697335837 lifecam19 37599 -367.26473999 2028.73352051 8870.49121094 -1.87791144848 2.45513606071 -1.22337567806
1431697335907 lifecam19 37599 -367.282470703 2029.2701416 8867.73632812 -1.88350427151 2.44161987305 -1.23555326462
1431697335979 lifecam19 37599 -359.568237305 2059.53588867 8887.33300781 -1.89571332932 2.44331002235 -1.22175884247
1431697336035 lifecam19 37599 -346.657531738 2114.28637695 8923.42480469 -1.866137743 2.53126764297 0.483028680086
1431697336107 lifecam19 37599 -352.710845947 2329.28491211 9564.93164062 -1.97484004498 2.73049116135 0.32680696249
1431697336176 lifecam19 37599 -307.96975708 2202.16503906 8805.42578125 1.81138336658 -2.4611825943 -0.472818315029
1431697336251 lifecam19 37599 -291.151275635 2244.90454102 8790.14746094 -1.85872769356 2.56321525574 0.4926635921
1431697336307 lifecam19 37599 -273.018676758 2294.19873047 8766.4296875 1.76442539692 -2.47375154495 -0.476618856192
1431697336374 lifecam19 37599 -254.925384521 2337.16723633 8726.41894531 -1.83946764469 2.57564520836 0.474693179131
1431697336449 lifecam19 37599 -239.123596191 2398.22094727 8754.0078125 -1.85552728176 2.6215338707 0.426605433226
1431697336504 lifecam19 37599 -222.33807373 2452.50512695 8761.71484375 -1.84242367744 2.47779583931 -1.18262171745
1431697336574 lifecam19 37599 -200.435836792 2474.24633789 8654.94824219 1.64701771736 -2.20232653618 1.11586081982
1431697336647 lifecam19 37599 -182.155136108 2515.40283203 8612.05761719 1.67906141281 -2.46938848495 -0.427121639252
1431697336705 lifecam19 37599 -163.765167236 2558.67724609 8582.36132812 -1.81955480576 2.67307734489 0.45283421874
1431697336772 lifecam19 37599 -145.769210815 2607.81567383 8573.73535156 -1.83053290844 2.69157743454 0.424829721451
1431697336843 lifecam19 37599 -127.313316345 2668.90283203 8600.94433594 -1.82117915154 2.71150827408 0.41036683321
1431697336905 lifecam19 37599 -107.429489136 2706.30078125 8550.51269531 -1.80586576462 2.48133730888 -1.21758437157
1431697336975 lifecam19 37599 -88.153137207 2759.57397461 8549.45410156 1.6094045639 -2.24396419525 1.09159183502
1431697337044 lifecam19 37599 -68.5601959229 2807.03076172 8529.66894531 -1.7882245779 2.50330805779 -1.19872629642
1431697337108 lifecam19 37599 -48.1356925964 2824.58886719 8426.49511719 1.59255850315 -2.23219585419 1.13941192627
1431697337179 lifecam19 37599 -27.2634677887 2884.81591797 8447.93652344 -1.77014887333 2.49031257629 -1.25105023384
1431697338028 lifecam20 37599 -1738.04431152 -1100.67749023 9681.38867188 -1.86685693264 2.1937289238 -1.03434324265
1431697338166 lifecam20 37599 -1729.98266602 -999.809997559 9728.71875 -1.87563598156 2.21806931496 -1.03344607353
1431697338434 lifecam20 37599 -1695.44543457 -786.629394531 9740.1640625 -1.80907142162 2.22439837456 -0.95780402422
1431697338496 lifecam20 37599 -1692.92883301 -737.537231445 9784.64160156 -1.89360904694 2.10603880882 0.749612390995
1431697338566 lifecam20 37599 -1630.07397461 -660.668212891 9473.23046875 -1.90241026878 2.03464698792 0.850488901138
1431697338636 lifecam20 37599 -1628.16052246 -612.07409668 9522.45898438 -1.79626536369 2.19169187546 -1.04131484032
1431697338696 lifecam20 37599 -1611.33618164 -556.898498535 9482.55371094 -1.78700399399 2.2085545063 -0.995284736156
1431697338764 lifecam20 37599 -1629.28735352 -512.242248535 9650.80957031 -1.89774358273 2.13937044144 0.740946948528
1431697338835 lifecam20 37599 -1608.70385742 -457.081054688 9594.63574219 -1.89375734329 2.13946723938 0.753804564476
1431697338895 lifecam20 37599 -1587.65795898 -415.295654297 9527.484375 -1.76897823811 2.24383163452 -1.01205575466
1431697338963 lifecam20 37599 -1590.37902832 -405.911682129 9552.51171875 -1.76691854 2.23709082603 -0.967457711697
1431697339031 lifecam20 37599 -1585.16772461 -401.752716064 9525.54296875 2.12826871872 -2.41567635536 -0.871520519257
1431697339162 lifecam20 37599 -1585.09924316 -402.775085449 9525.71582031 -1.78944599628 2.24602651596 -1.00692117214
1431697339232 lifecam20 37599 -1594.31872559 -405.293365479 9578.56152344 -1.79246389866 2.25652313232 -0.994004607201
1431697339302 lifecam20 37599 -1586.81933594 -404.155517578 9535.54785156 -1.77888953686 2.24813723564 -1.00422620773
1431697339431 lifecam20 37599 -1588.97216797 -403.931213379 9546.46875 -1.78772389889 2.2492852211 -0.996262073517
1431697339502 lifecam20 37599 -1589.71984863 -404.603149414 9553.5234375 -1.77819347382 2.25051522255 -0.995696783066
1431697339563 lifecam20 37599 -1586.23071289 -403.362762451 9532.07226562 -1.78241932392 2.25725889206 -1.01298582554
1431697339631 lifecam20 37599 -1592.94909668 -405.069213867 9572.53613281 -1.79184448719 2.25718998909 -0.996142327785
1431697339703 lifecam20 37599 -1596.62060547 -406.227142334 9592.90039062 -1.79431152344 2.25142502785 -0.993358254433
1431697339776 lifecam20 37599 -1589.45092773 -404.324005127 9551.26269531 -1.7896655798 2.25281953812 -0.999795615673
1431697339831 lifecam20 37599 -1582.6829834 -402.604522705 9510.48828125 -1.78030252457 2.2529695034 -1.01662123203
1431697339898 lifecam20 37599 -1594.31872559 -405.293365479 9578.56152344 -1.79246389866 2.25652313232 -0.994004607201
1431697339970 lifecam20 37599 -1583.88464355 -403.057128906 9517.41699219 -1.78293347359 2.25527048111 -1.01971662045
1431697340031 lifecam20 37599 -1588.46923828 -404.277557373 9546.01367188 -1.78429198265 2.25223779678 -1.01241517067
1431697340100 lifecam20 37599 -1581.22497559 -402.283081055 9502.79785156 -1.77715086937 2.24235582352 -1.01332044601
1431697340170 lifecam20 37599 -1591.15515137 -404.465454102 9562.04003906 -1.78931462765 2.25434184074 -0.994630515575
1431697340231 lifecam20 37599 -1587.23962402 -403.816955566 9538.91308594 -1.78163611889 2.24990391731 -1.009313941
1431697340299 lifecam20 37599 -1580.8807373 -402.000152588 9499.94921875 -1.77780747414 2.25018620491 -1.0151913166
1431697340370 lifecam20 37599 -1599.81652832 -406.339324951 9608.61621094 -1.87890136242 2.14970850945 0.745355904102
1431697340431 lifecam20 37599 -1584.8527832 -403.101257324 9522.59179688 -1.78828561306 2.25587844849 -1.00728023052
1431697340500 lifecam20 37599 -1587.23962402 -403.816955566 9538.91308594 -1.78163611889 2.24990391731 -1.009313941
1431697340567 lifecam20 37599 -1595.46765137 -405.866027832 9587.3671875 1.90408337116 -2.40382909775 1.04574728012
1431697340642 lifecam20 37599 -1590.94262695 -404.659515381 9559.14550781 -1.78713786602 2.2610168457 -0.989753484726
1431697340699 lifecam20 37599 -1585.40563965 -403.203765869 9528.1796875 -1.77912068367 2.24709510803 -1.00790011883
1431697340767 lifecam20 37599 -1583.29382324 -402.902557373 9513.95214844 -1.77452588081 2.24218082428 -1.01884269714
1431697340837 lifecam20 37599 -1583.28015137 -402.997894287 9512.59472656 -1.78289961815 2.25178480148 -0.998983442783
1431697340899 lifecam20 37599 -1588.34460449 -403.84475708 9543.828125 -1.79044735432 2.26023888588 -1.00366532803
1431697340968 lifecam20 37599 -1591.49780273 -399.230499268 9587.3515625 2.09685087204 -2.41544294357 -0.826766252518
