1431697096923 lifecam20 5376 776.549621582 -77.2561264038 6203.26367188 1.14655840397 -1.4081633091 -1.46707212925
1431697098393 lifecam20 5376 761.434020996 -74.4899978638 6077.19335938 -1.28353226185 -1.06016218662 0.900617778301
1431697098535 lifecam19 37599 -341.063140869 2248.59887695 9238.61816406 -1.85344517231 2.10800027847 -0.352595359087
1431697098590 lifecam20 37599 -1915.68615723 -2671.61499023 10008.5546875 -1.98020243645 1.76178634167 -0.410461008549
1431697098604 lifecam19 37599 -353.706665039 2072.04492188 8900.69824219 1.80044984818 -2.31603193283 -0.301164805889
1431697098675 lifecam19 37599 -373.390625 2009.31604004 8864.95019531 -1.8453925848 2.5064804554 0.575649321079
1431697098737 lifecam19 37599 -372.094787598 2029.59228516 8913.69238281 -1.91838657856 2.4553732872 -1.20916998386
1431697098803 lifecam19 37599 -371.496795654 2023.11315918 8889.90136719 -1.91907811165 2.46283912659 -1.21256089211
1431697098878 lifecam19 37599 -373.526763916 2043.22058105 8972.40527344 -1.9066836834 2.47682094574 -1.17611241341
1431697098939 lifecam19 37599 -364.345672607 2050.47875977 8901.87890625 -1.89513731003 2.45728135109 -1.21315705776
1431697099005 lifecam19 37599 -350.606323242 2090.15820312 8882.14160156 -1.89282405376 2.45467233658 -1.21142935753
1431697099076 lifecam19 37599 -333.011962891 2135.09399414 8849.99707031 -1.90115618706 2.45991802216 -1.23186302185
1431697099146 lifecam19 37599 -314.563018799 2197.18847656 8851.21875 -1.85957181454 2.53941845894 0.497290343046
1431697099209 lifecam19 37599 -295.787231445 2224.25415039 8762.04394531 -1.87653100491 2.46065306664 -1.23767518997
1431697099276 lifecam19 37599 -281.609771729 2290.48388672 8814.65820312 -1.859146595 2.47242927551 -1.187099576
1431697099345 lifecam19 37599 -265.084899902 2344.29638672 8811.68359375 -1.84930896759 2.47641181946 -1.17426335812
1431697099408 lifecam19 37599 -243.916000366 2363.59667969 8691.84570312 -1.84759283066 2.46879529953 -1.23051595688
1431697099475 lifecam19 37599 -227.181610107 2435.0300293 8755.19433594 1.64284455776 -2.22764658928 1.06399941444
1431697099545 lifecam19 37599 -207.027709961 2451.20141602 8625.80371094 1.63535320759 -2.20615077019 1.13310945034
1431697099608 lifecam19 37599 -190.205688477 2518.30908203 8681.81445312 1.65036141872 -2.22552895546 1.07449769974
1431697099681 lifecam19 37599 -170.642028809 2555.63427734 8633.65332031 -1.80911445618 2.47632002831 -1.22659635544
1431697099741 lifecam19 37599 -151.571640015 2612.49584961 8636.61816406 -1.81956267357 2.70187616348 0.386555165052
1431697099813 lifecam19 37599 -132.456817627 2654.71313477 8601.1015625 1.61825227737 -2.2366476059 1.08770477772
1431697099876 lifecam19 37599 -114.162117004 2708.26416016 8603.28515625 -1.80254423618 2.72356176376 0.367105931044
1431697099944 lifecam19 37599 -93.7436752319 2734.28100586 8521.69726562 -1.78226852417 2.49444699287 -1.22782301903
1431697100012 lifecam19 37599 -73.329826355 2781.39770508 8504.79003906 -1.77944946289 2.49911999702 -1.22752594948
1431697100076 lifecam19 37599 -52.9425544739 2839.78198242 8515.39453125 -1.77825570107 2.50220489502 -1.20072162151
1431697100147 lifecam19 37599 -33.4761199951 2873.54248047 8466.13183594 -1.76496350765 2.50179839134 -1.22253572941
1431697100212 lifecam19 37599 -13.4117860794 2902.58862305 8402.56640625 1.64439415932 -2.49737215042 -0.39582580328
1431697100259 lifecam20 5376 774.695129395 -76.7038574219 6185.42041016 1.15910208225 -1.39583063126 -1.470490098
1431697101196 lifecam20 37599 -1704.71411133 -953.438964844 9637.87304688 -1.91104447842 2.01011896133 0.833489000797
1431697101338 lifecam20 37599 -1667.53857422 -839.447998047 9526.79785156 1.95937669277 -2.35678529739 1.10355985165
1431697101394 lifecam20 37599 -1648.21020508 -782.409301758 9467.94628906 -1.9027299881 2.0207464695 0.869118750095
1431697101464 lifecam20 37599 -1682.74853516 -747.287109375 9728.99023438 -1.7975114584 2.2499768734 -0.961735785007
1431697101531 lifecam20 37599 -1620.91113281 -670.544616699 9423.3125 -1.79565048218 2.20472288132 -1.07777488232
1431697101595 lifecam20 37599 -1643.14086914 -631.353942871 9605.6953125 -1.89255952835 2.07228851318 0.79337233305
1431697101662 lifecam20 37599 -1620.29858398 -575.42401123 9535.89550781 -1.88541865349 2.09315037727 0.804028868675
1431697101733 lifecam20 37599 -1599.81628418 -520.655395508 9482.44335938 -1.88054597378 2.12632536888 0.817165017128
1431697101796 lifecam20 37599 -1627.99780273 -476.257415771 9715.47460938 2.15022468567 -2.42649102211 -0.809481918812
1431697101864 lifecam20 37599 -1610.08959961 -434.347564697 9660.49511719 -1.80071032047 2.24862456322 -0.955682456493
1431697101934 lifecam20 37599 -1591.23083496 -414.677978516 9564.34863281 -1.89272427559 2.17414212227 0.745530605316
1431697102007 lifecam20 37599 -1606.67443848 -411.114471436 9667.66699219 -1.88265526295 2.17777776718 0.712348341942
1431697102132 lifecam20 37599 -1589.71777344 -408.604400635 9563.89355469 -1.77357041836 2.24699020386 -0.969163298607
1431697102205 lifecam20 37599 -1590.7019043 -407.939971924 9568.61914062 -1.88929617405 2.17317676544 0.752768099308
1431697102263 lifecam20 37599 -1590.94848633 -409.00302124 9569.44238281 -1.878013134 2.16464066505 0.754431247711
1431697102330 lifecam20 37599 -1592.02624512 -409.069915771 9575.09667969 -1.8870742321 2.16724896431 0.754090189934
1431697102402 lifecam20 37599 -1586.84448242 -407.750549316 9547.75390625 -1.76002836227 2.24376940727 -0.971869289875
1431697102463 lifecam20 37599 -1600.28955078 -410.985290527 9625.43066406 -1.88328039646 2.17745113373 0.734329760075
1431697102532 lifecam20 37599 -1594.14916992 -409.454620361 9588.22265625 -1.88864922523 2.17809486389 0.744052171707
1431697102600 lifecam20 37599 -1595.13964844 -409.394134521 9594.73828125 -1.88460636139 2.16601395607 0.749967813492
1431697102664 lifecam20 37599 -1578.02368164 -405.474639893 9494.38574219 -1.87287914753 2.16642665863 0.765562534332
1431697102731 lifecam20 37599 -1586.01293945 -407.25692749 9540.68652344 -1.87863337994 2.16756820679 0.762394428253
1431697102802 lifecam20 37599 -1579.76379395 -406.165710449 9505.86914062 -1.76164245605 2.24867320061 -0.993457794189
1431697102874 lifecam20 37599 -1586.01293945 -407.25692749 9540.68652344 -1.87863337994 2.16756820679 0.762394428253
1431697102931 lifecam20 37599 -1599.49072266 -410.935852051 9620.34472656 -1.88536500931 2.18304634094 0.732108831406
1431697102996 lifecam20 37599 -1587.81799316 -407.787811279 9552.36523438 -1.87941467762 2.17082643509 0.763955056667
1431697103069 lifecam20 37599 -1598.03088379 -410.232543945 9611.10058594 -1.89083063602 2.17055535316 0.731801450253
1431697103132 lifecam20 37599 -1603.98864746 -412.504302979 9649.12011719 -1.7705655098 2.25157523155 -0.947403550148
1431697103199 lifecam20 37599 -1580.62561035 -405.89251709 9508.20996094 -1.88303244114 2.17159295082 0.768500506878
1431697103269 lifecam20 37599 -1578.42126465 -405.877838135 9498.76660156 -1.76503670216 2.25174760818 -0.992199480534
1431697103332 lifecam20 37599 -1579.35717773 -405.76071167 9501.41601562 -1.87436449528 2.16931295395 0.768996298313
1431697103400 lifecam20 37599 -1580.62561035 -405.89251709 9508.20996094 -1.88303244114 2.17159295082 0.768500506878
1431697103471 lifecam20 37599 -1575.4362793 -404.46762085 9478.35839844 -1.87486326694 2.16254258156 0.779018998146
1431697103542 lifecam20 37599 -1586.01293945 -407.25692749 9540.68652344 -1.87863337994 2.16756820679 0.762394428253
1431697103598 lifecam20 37599 -1592.43469238 -408.941925049 9576.95605469 -1.88848602772 2.1797311306 0.755209088326
