1433512960745 lifecam19 2638.36132812 2035.67138672 6.12880134583
1433512960955 lifecam19 2704.64453125 2073.83740234 6.26533603668
1433512961015 lifecam19 2708.07519531 2074.02856445 6.26541614532
1433512961079 lifecam19 2702.28125 2073.88989258 6.2641787529
1433512961154 lifecam19 2689.20458984 2072.42919922 6.2542052269
1433512961217 lifecam19 2670.66918945 2072.85400391 6.25497055054
1433512961283 lifecam19 2645.54125977 2074.68579102 6.27130889893
1433512961351 lifecam19 2623.99365234 2074.79785156 6.27231454849
1433512961417 lifecam19 2603.76269531 2075.16333008 6.27560806274
1433512961480 lifecam19 2583.32324219 2074.79785156 6.27231502533
1433512961552 lifecam19 2562.71508789 2074.59887695 6.27052879333
1433512961681 lifecam19 2525.06420898 2074.04370117 6.26765871048
1433512961745 lifecam19 2503.18505859 2074.56396484 6.27639102936
1433512961820 lifecam19 2481.90820312 2074.87182617 6.28104972839
1433512961882 lifecam19 2461.05078125 2076.69262695 0.0139237083495
1433512961958 lifecam19 2438.46899414 2077.20361328 0.0286648925394
1433512962025 lifecam19 2416.14257812 2076.90698242 0.0408614315093
1433512962085 lifecam19 2395.234375 2076.265625 0.0400230325758
1433512962145 lifecam19 2375.01586914 2074.78540039 0.0328465178609
1433512962220 lifecam19 2354.6784668 2073.10375977 0.0308367628604
1433512962281 lifecam19 2331.66210938 2074.18139648 0.0524117387831
1433512962415 lifecam19 2288.50488281 2074.24853516 0.0763922259212
1433512962492 lifecam19 2268.11230469 2073.5065918 0.0777084231377
1433512962556 lifecam19 2247.43139648 2072.40087891 0.0810843259096
1433512962619 lifecam19 2226.60449219 2070.09472656 0.0843237042427
1433512962691 lifecam19 2206.92407227 2068.10205078 0.0786073878407
1433512962815 lifecam19 2166.70092773 2064.9675293 0.0852705910802
1433512962889 lifecam19 2145.13842773 2063.58544922 0.0895720273256
1433512962949 lifecam19 2124.33178711 2061.28320312 0.0896814540029
1433512963017 lifecam19 2102.9621582 2060.3984375 0.102320976555
1433512963086 lifecam19 2081.55957031 2059.28417969 0.111193366349
1433512963218 lifecam19 2040.12817383 2053.85107422 0.114472806454
1433512963286 lifecam19 2019.41821289 2052.11865234 0.118213117123
1433512963349 lifecam19 1998.15820312 2050.02197266 0.131307542324
1433512963418 lifecam19 1977.75830078 2046.71606445 0.125675857067
1433512963481 lifecam19 1955.30249023 2046.24267578 0.144884049892
1433512963615 lifecam19 1914.16442871 2040.88427734 0.153067663312
1433512963690 lifecam19 1893.33740234 2037.68579102 0.155432879925
1433512963754 lifecam19 1872.9744873 2034.3449707 0.157073795795
1433512963818 lifecam19 1854.24829102 2030.65258789 0.15358620882
1433512963889 lifecam19 1833.71643066 2027.5144043 0.161793038249
1433512964017 lifecam19 1814.22094727 2024.6965332 0.162851274014
1433512964085 lifecam19 1812.52478027 2025.76391602 0.172493755817
1433512964150 lifecam19 1813.53295898 2025.53466797 0.168086946011
1433512964215 lifecam19 1813.89343262 2024.77246094 0.164051026106
1433512964284 lifecam19 1813.20336914 2025.60644531 0.169279634953
1433512964358 lifecam19 1813.8807373 2025.12084961 0.165431797504
1433512964418 lifecam19 1813.53295898 2025.53466797 0.168086946011
1433512964487 lifecam19 1813.20336914 2025.60644531 0.169279634953
1433512964549 lifecam19 1813.53295898 2025.53466797 0.168086946011
1433512964627 lifecam19 1813.20336914 2025.60644531 0.169279634953
1433512964765 lifecam19 1813.8807373 2025.12084961 0.165431797504
