1433513120607 lifecam19 2697.75927734 2079.84350586 0.0102908052504
1433513120678 lifecam19 2675.64208984 2083.08422852 0.0362827219069
1433513120742 lifecam19 2655.96069336 2080.57128906 0.0241084732115
1433513120805 lifecam19 2631.48657227 2082.97631836 0.04447895661
1433513120876 lifecam19 2613.76831055 2080.75073242 0.0258932746947
1433513121146 lifecam19 2528.84814453 2081.16845703 0.0449759401381
1433513121220 lifecam19 2506.54931641 2082.02270508 0.0583226159215
1433513121276 lifecam19 2485.4465332 2082.22119141 0.0725160390139
1433513121343 lifecam19 2464.73413086 2082.41064453 0.0807948708534
1433513121412 lifecam19 2443.91455078 2081.20629883 0.0799191519618
1433513121613 lifecam19 2380.97753906 2078.95654297 0.0944512560964
1433513121675 lifecam19 2360.9050293 2077.09228516 0.0896982699633
1433513121739 lifecam19 2341.19360352 2075.42675781 0.0862410739064
1433513121813 lifecam19 2320.57861328 2074.59326172 0.0916602090001
1433513121880 lifecam19 2297.90185547 2074.25952148 0.110772065818
1433513122141 lifecam19 2215.5324707 2067.09008789 0.118125736713
1433513122208 lifecam19 2193.86889648 2065.34375 0.128680408001
1433513122283 lifecam19 2173.09228516 2063.71484375 0.131726443768
1433513122342 lifecam19 2152.40625 2061.77880859 0.137257158756
1433513122407 lifecam19 2130.67895508 2059.84082031 0.147207096219
1433513122549 lifecam19 2089.49511719 2054.85791016 0.155499145389
1433513122610 lifecam19 2068.95117188 2052.35742188 0.156018793583
1433513122672 lifecam19 2047.0546875 2049.72949219 0.165625631809
1433513122750 lifecam19 2026.62011719 2047.59838867 0.170071408153
1433513122809 lifecam19 2006.30078125 2044.37890625 0.169429019094
1433513123079 lifecam19 1923.0592041 2032.61547852 0.192554280162
1433513123150 lifecam19 1903.85217285 2028.65625 0.188086465001
1433513123213 lifecam19 1881.55627441 2025.85742188 0.203653872013
1433513123283 lifecam19 1861.15136719 2022.28173828 0.205231875181
1433513123345 lifecam19 1840.4375 2018.85302734 0.208201944828
1433513123549 lifecam19 1813.10449219 2013.52490234 0.213190615177
1433513123621 lifecam19 1814.26086426 2013.63208008 0.213456332684
1433513123680 lifecam19 1814.03161621 2013.11767578 0.209532216191
1433513123748 lifecam19 1814.49829102 2013.30078125 0.208332240582
1433513123823 lifecam19 1813.92456055 2013.52416992 0.211463272572
