1431696949843 lifecam19 37599 -327.604431152 2242.41113281 9058.84765625 2.46709752083 -2.69801545143 0.186681464314
1431696949902 lifecam19 37599 -344.614318848 2173.19848633 9079.94238281 -1.88456594944 2.24406599998 -0.649831414223
1431696949904 lifecam20 37599 -1925.54711914 -2629.05737305 10039.5585938 -1.92126953602 1.6429694891 -0.182218164206
1431696949958 lifecam20 37599 -1880.32531738 -2651.64038086 9821.40820312 -1.96009087563 1.93156206608 -0.686798930168
1431696949973 lifecam19 37599 -366.066436768 2057.36352539 8947.63378906 -1.85516798496 2.50829362869 0.495716422796
1431696950043 lifecam19 37599 -371.556335449 2013.6932373 8865.29296875 -1.8590439558 2.47341156006 -1.22246229649
1431696950104 lifecam19 37599 -369.714050293 2015.51623535 8855.69335938 -1.87060678005 2.45207691193 -1.24613845348
1431696950172 lifecam19 37599 -369.759033203 2015.46240234 8855.08984375 -1.86497783661 2.45235657692 -1.25391066074
1431696950243 lifecam19 37599 -371.006561279 2022.97180176 8887.14453125 -1.84109973907 2.51331758499 0.533245146275
1431696950303 lifecam19 37599 -364.012176514 2021.74987793 8822.31835938 -1.8738809824 2.45705914497 -1.25909292698
1431696950370 lifecam19 37599 -354.718658447 2069.05566406 8862.81054688 -1.86874651909 2.46034216881 -1.21234321594
1431696950440 lifecam19 37599 -338.651672363 2106.63574219 8826.93554688 1.66451048851 -2.16439437866 1.0930287838
1431696950513 lifecam19 37599 -319.325866699 2165.41918945 8818.39355469 -1.85254311562 2.53305530548 0.504405677319
1431696950570 lifecam19 37599 -301.624725342 2220.03857422 8813.74902344 -1.83984470367 2.57370328903 0.46294811368
1431696950639 lifecam19 37599 -287.773223877 2277.42651367 8853.42382812 1.66818332672 -2.22137975693 1.06138694286
1431696950713 lifecam19 37599 -266.163696289 2296.7043457 8724.45996094 -1.84403908253 2.46402621269 -1.23541784286
1431696950770 lifecam19 37599 -248.645324707 2349.71923828 8718.83691406 -1.8190331459 2.60582351685 0.46084934473
1431696950838 lifecam19 37599 -229.798843384 2391.46362305 8675.54003906 -1.84238600731 2.47151017189 -1.21538496017
1431696950907 lifecam19 37599 -210.805206299 2428.35083008 8614.91796875 -1.8229367733 2.4688770771 -1.2535392046
1431696950971 lifecam19 37599 -196.146347046 2513.36499023 8736.57910156 -1.84273195267 2.49936532974 -1.16075909138
1431696951041 lifecam19 37599 -174.898269653 2527.43383789 8606.67773438 1.62989866734 -2.23164343834 1.10424923897
1431696951112 lifecam19 37599 -155.547073364 2588.72949219 8625.73925781 -1.81056106091 2.49426341057 -1.20177531242
1431696951181 lifecam19 37599 -136.767715454 2622.91479492 8570.98632812 -1.79623568058 2.7087187767 0.412800610065
1431696951238 lifecam19 37599 -117.366065979 2673.06713867 8565.00488281 -1.79177880287 2.71369338036 0.400959789753
1431696951306 lifecam19 37599 -96.9335479736 2726.87573242 8568.99707031 1.60903477669 -2.26208782196 1.08817028999
1431696951380 lifecam19 37599 -77.2418746948 2773.85839844 8547.41894531 -1.78322005272 2.50234150887 -1.20167291164
1431696951438 lifecam19 37599 -57.4768371582 2813.85107422 8503.19238281 1.59483850002 -2.47302341461 -0.293669611216
1431696951508 lifecam19 37599 -37.0313682556 2875.43603516 8528.18945312 -1.78036379814 2.50540876389 -1.20144999027
1431696951578 lifecam19 37599 -16.6086483002 2898.10083008 8447.44628906 -1.76633358002 2.50941610336 -1.20199739933
1431696952103 lifecam20 39552 407.411499023 293.652130127 2779.87817383 1.35676062107 -0.739075362682 -0.888367831707
1431696952163 lifecam20 37599 -1757.99304199 -1295.55456543 9688.90917969 2.32415223122 -2.32931423187 -1.06648659706
1431696952573 lifecam20 37599 -1680.66247559 -962.70501709 9529.67480469 1.95971298218 -2.37264323235 1.10032916069
1431696952630 lifecam20 37599 -1707.82910156 -928.231445312 9730.05175781 2.22324609756 -2.38987231255 -0.977863729
1431696952829 lifecam20 37599 -1690.10595703 -772.728515625 9803.15722656 -1.88399541378 2.10398888588 0.742275059223
1431696953029 lifecam20 37599 -1639.20471191 -605.705566406 9689.54785156 -1.8806835413 2.12322378159 0.758131027222
1431696953172 lifecam20 37599 -1608.70800781 -492.667236328 9638.91601562 -1.87876284122 2.1553812027 0.740974605083
1431696953231 lifecam20 37599 -1571.12304688 -434.43081665 9473.69140625 2.10482239723 -2.41401052475 -0.866005420685
1431696953371 lifecam20 37599 -1569.73461914 -401.162139893 9511.19140625 -1.87897193432 2.13784837723 0.783755838871
1431696953441 lifecam20 37599 -1569.06030273 -400.698913574 9507.65820312 -1.88245618343 2.14908099174 0.777960538864
1431696953498 lifecam20 37599 -1581.06921387 -403.609588623 9584.85644531 -1.76828014851 2.24305582047 -0.969028115273
1431696953568 lifecam20 37599 -1572.74023438 -402.077545166 9529.13671875 -1.87665057182 2.13620710373 0.780083358288
1431696953643 lifecam20 37599 -1575.49621582 -402.483184814 9548.83007812 2.10723829269 -2.4239783287 -0.866084158421
1431696953697 lifecam20 37599 -1583.24450684 -404.131713867 9594.37695312 -1.87490832806 2.15828609467 0.75318479538
1431696953766 lifecam20 37599 -1583.96044922 -404.596069336 9599.13476562 -1.88143801689 2.15846514702 0.754527151585
1431696953840 lifecam20 37599 -1572.40783691 -402.154998779 9529.3828125 -1.77903437614 2.24501037598 -1.00093650818
1431696953899 lifecam20 37599 -1575.84936523 -402.790557861 9550.98925781 -1.76934611797 2.24534249306 -0.979789853096
1431696953965 lifecam20 37599 -1580.89501953 -403.748748779 9579.46875 -1.87785387039 2.15493893623 0.75594741106
1431696954108 lifecam20 37599 -1569.06030273 -400.698913574 9507.65820312 -1.88245618343 2.14908099174 0.777960538864
1431696954165 lifecam20 37599 -1581.43554688 -403.817993164 9583.12109375 -1.87704110146 2.16177344322 0.754038631916
1431696954237 lifecam20 37599 -1581.34289551 -403.971282959 9585.86328125 -1.7650475502 2.24518728256 -0.967474162579
1431696954309 lifecam20 37599 -1581.43554688 -403.817993164 9583.12109375 -1.87704110146 2.16177344322 0.754038631916
1431696954366 lifecam20 37599 -1579.4979248 -403.347503662 9571.31738281 -1.87364935875 2.1452934742 0.76724255085
1431696954433 lifecam20 37599 -1587.11010742 -405.596923828 9620.61328125 -1.76977562904 2.24900960922 -0.958392620087
1431696954508 lifecam20 37599 -1569.06030273 -400.698913574 9507.65820312 -1.88245618343 2.14908099174 0.777960538864
1431696954566 lifecam20 37599 -1575.63549805 -402.964324951 9550.32910156 -1.77270030975 2.24195885658 -0.993142366409
1431696954634 lifecam20 37599 -1569.54016113 -401.204803467 9512.69824219 -1.77179372311 2.24083328247 -0.99921309948
1431696954707 lifecam20 37599 -1577.22521973 -402.663604736 9557.49414062 -1.88034379482 2.1557135582 0.761333227158
1431696954767 lifecam20 37599 -1577.22521973 -402.663604736 9557.49414062 -1.88034379482 2.1557135582 0.761333227158
1431696954833 lifecam20 37599 -1572.40783691 -402.154998779 9529.3828125 -1.77903437614 2.24501037598 -1.00093650818
1431696954905 lifecam20 37599 -1581.43554688 -403.817993164 9583.12109375 -1.87704110146 2.16177344322 0.754038631916
1431696954977 lifecam20 37599 -1572.40783691 -402.154998779 9529.3828125 -1.77903437614 2.24501037598 -1.00093650818
1431696955034 lifecam20 37599 -1571.56335449 -401.642730713 9523.99414062 -1.7682749033 2.24861097336 -0.986992418766
1431696955104 lifecam20 37599 -1583.82470703 -404.412658691 9598.53515625 -1.88020896912 2.16767096519 0.750975191593
1431696955179 lifecam20 37599 -1567.13537598 -400.80279541 9498.87890625 -1.77120387554 2.2486140728 -1.00627100468
1431696955233 lifecam20 37599 -1566.3494873 -400.669067383 9493.7265625 -1.77623903751 2.24852323532 -1.01147973537
1431696955302 lifecam20 37599 -1569.54016113 -401.204803467 9512.69824219 -1.77179372311 2.24083328247 -0.99921309948
1431696955375 lifecam20 37599 -1573.10644531 -402.264770508 9534.01757812 -1.77391350269 2.24500226974 -0.995805621147
1431696955433 lifecam20 37599 -1575.84936523 -402.790557861 9550.98925781 -1.76934611797 2.24534249306 -0.979789853096
1431696955501 lifecam20 37599 -1565.54296875 -399.673278809 9485.71875 -1.87711691856 2.15263772011 0.780687570572
1431696955576 lifecam20 37599 -1572.40783691 -402.154998779 9529.3828125 -1.77903437614 2.24501037598 -1.00093650818
1431696955644 lifecam20 5376 609.909790039 -43.7707366943 4848.60986328 2.13123655319 -2.56726455688 2.05000162125
1431696955644 lifecam20 37599 -1575.84936523 -402.790557861 9550.98925781 -1.76934611797 2.24534249306 -0.979789853096
1431696955701 lifecam20 37599 -1572.26245117 -401.725982666 9529.54394531 -1.76720750332 2.24116230011 -0.983317375183
1431696955772 lifecam20 37599 -1574.46789551 -402.225036621 9544.25585938 -1.76590764523 2.25217556953 -0.976863443851
1431696955846 lifecam20 37599 -1569.06030273 -400.698913574 9507.65820312 -1.88245618343 2.14908099174 0.777960538864
1431696955969 lifecam20 37599 -1554.76391602 -394.575256348 9450.94238281 -1.77855277061 2.20699763298 -0.989280998707
1431696956043 lifecam20 37599 -1566.76904297 -386.197387695 9579.50976562 2.15599513054 -2.31895184517 -0.669285356998
1431696956102 lifecam20 37599 -1521.3125 -365.852081299 9486.0546875 2.05203652382 -2.15572667122 -0.6502866745
1431696956169 lifecam20 37599 -1473.5501709 -383.873840332 9457.05859375 -1.73863577843 2.0113670826 -0.926341772079
1431696956244 lifecam20 37599 -1439.4786377 -405.713806152 9406.82421875 -1.75854694843 1.99176192284 -0.813636362553
1431696956300 lifecam20 37599 -1431.73059082 -447.268218994 9454.56640625 -1.79676580429 2.0244550705 -0.606285691261
1431696956370 lifecam20 37599 -1423.40100098 -514.070739746 9494.79785156 -1.75878202915 2.02847743034 -0.628503739834
1431696956440 lifecam20 37599 -1411.50598145 -576.289672852 9429.91894531 -1.68857765198 1.9752702713 -0.590803742409
1431696956515 lifecam20 37599 -1405.38574219 -622.627929688 9442.58105469 -1.55455172062 1.78017258644 -0.476884007454
