1431697376373 lifecam19 37599 -373.399658203 2014.04504395 8888.17382812 -1.86006820202 2.45537161827 -1.21772229671
1431697376442 lifecam19 37599 -371.032897949 2030.33813477 8910.88769531 -1.89653301239 2.44467616081 -1.21945118904
1431697376506 lifecam19 37599 -372.108093262 2035.7734375 8933.17480469 1.83524024487 -2.48219823837 -0.508920073509
1431697376572 lifecam19 37599 -372.165893555 2034.51806641 8927.78515625 -1.85672390461 2.48789954185 0.524530053139
1431697376641 lifecam19 37599 -367.200378418 2026.68188477 8879.2734375 -1.87118589878 2.45623540878 -1.24041640759
1431697376705 lifecam19 37599 -359.018341064 2060.76904297 8901.76074219 -1.82802212238 2.52310705185 0.515079259872
1431697376775 lifecam19 37599 -342.959625244 2104.84130859 8892.55078125 1.66446602345 -2.22549819946 1.08706760406
1431697376840 lifecam19 37599 -321.958496094 2143.38085938 8805.32324219 1.77132368088 -2.49057936668 -0.510520637035
1431697376911 lifecam19 37599 -304.592468262 2211.63549805 8845.88378906 1.65381097794 -2.20508599281 1.07787239552
1431697376972 lifecam19 37599 -283.575134277 2221.83544922 8700.22753906 1.62939798832 -2.20092320442 1.13287127018
1431697377042 lifecam19 37599 -266.18447876 2283.01245117 8739.13476562 -1.81058287621 2.60847187042 0.494613260031
1431697377108 lifecam19 37599 -247.979492188 2343.25708008 8759.62597656 1.7072930336 -2.48825645447 -0.423885554075
1431697377173 lifecam19 37599 -230.289428711 2397.00634766 8770.0390625 -1.82372677326 2.49440097809 -1.19784605503
1431697377240 lifecam19 37599 -210.093612671 2428.44604492 8693.75585938 -1.8056524992 2.65821576118 0.455367773771
1431697377309 lifecam19 37599 -189.114929199 2473.41650391 8666.10351562 1.66614711285 -2.48835515976 -0.414305984974
1431697377372 lifecam19 37599 -169.604690552 2519.69116211 8647.32324219 -1.80129504204 2.49866127968 -1.22432148457
1431697377442 lifecam19 37599 -150.781677246 2570.20751953 8637.60351562 -1.80224144459 2.71339130402 0.402743518353
1431697377508 lifecam19 37599 -130.080413818 2614.30395508 8608.95214844 -1.77933955193 2.50038790703 -1.20629417896
1431697377578 lifecam19 37599 -110.118156433 2659.94116211 8592.48339844 -1.77835524082 2.50533366203 -1.21976077557
1431697377638 lifecam19 37599 -88.2062759399 2693.58764648 8530.03417969 1.59478735924 -2.50011563301 -0.374426871538
1431697377709 lifecam19 37599 -67.7742080688 2752.28027344 8548.50683594 -1.77147114277 2.51412796974 -1.21256625652
1431697377777 lifecam19 37599 -47.9533538818 2796.765625 8528.61621094 1.58778107166 -2.27698493004 1.09139227867
1431697377840 lifecam19 37599 -26.9645195007 2831.2409668 8476.94921875 1.58224213123 -2.27486205101 1.1228954792
1431697377907 lifecam19 37599 -4.20210886002 2873.55297852 8445.36328125 -1.73470461369 2.51263356209 -1.23407113552
1431697378889 lifecam20 37599 -1703.86499023 -1012.3447876 9843.8046875 2.22190618515 -2.40700387955 -0.960605800152
1431697379429 lifecam20 37599 -1579.99255371 -567.535583496 9636.52636719 -1.7574634552 2.24575781822 -0.967999696732
1431697379498 lifecam20 37599 -1581.37475586 -519.958618164 9717.21386719 -1.74888396263 2.25459909439 -0.933126568794
1431697379557 lifecam20 37599 -1564.57922363 -464.560180664 9689.54882812 -1.87179970741 2.19436812401 0.744818508625
1431697379629 lifecam20 37599 -1537.47766113 -424.28012085 9572.62109375 2.075122118 -2.42232561111 -0.88275039196
1431697379699 lifecam20 37599 -1543.10241699 -415.886047363 9623.95703125 -1.87102901936 2.19588518143 0.764944493771
1431697379766 lifecam20 37599 -1533.11987305 -409.623321533 9568.88867188 -1.74844241142 2.24101614952 -0.992183446884
1431697379836 lifecam20 37599 -1543.88696289 -414.607391357 9634.51660156 -1.85401082039 2.19420695305 0.773057878017
1431697379898 lifecam20 37599 -1541.55407715 -413.415100098 9618.88378906 -1.85753130913 2.17807173729 0.782523095608
1431697380425 lifecam20 37599 -1540.69238281 -412.756530762 9611.82910156 -1.87125051022 2.17861461639 0.777421236038
1431697381432 lifecam20 37599 -1540.1138916 -412.65927124 9609.203125 -1.87057387829 2.17603230476 0.772220671177
1431697381832 lifecam20 37599 -1532.97119141 -411.112792969 9565.26855469 2.07419610023 -2.42671966553 -0.862086415291
1431697381902 lifecam20 37599 -1534.15393066 -410.811065674 9622.63671875 -1.74923682213 2.2043170929 -0.955016136169
1431697381961 lifecam20 37599 -1511.73266602 -396.475952148 9538.67578125 2.09404039383 -2.29231762886 -0.719334363937
1431697382030 lifecam20 37599 -1448.37329102 -358.521026611 9235.70703125 -2.22913432121 2.28467869759 0.661454737186
1431697382102 lifecam20 37599 -1482.79577637 -288.894165039 9503.140625 -2.39732837677 2.57300448418 0.0353917591274
