1431696881339 lifecam19 37599 -324.775634766 2237.72167969 9007.19433594 1.46756279469 -1.73799848557 0.378834456205
1431696881385 lifecam20 37599 -1913.24499512 -2599.25415039 9960.25488281 -1.9055390358 1.56275439262 -0.138802975416
1431696881402 lifecam19 37599 -339.652282715 2178.47583008 9062.01660156 -1.8776525259 2.19662451744 -0.611686944962
1431696881464 lifecam20 37599 -1919.40539551 -2698.33789062 10030.6914062 2.45558333397 -2.32876491547 0.756311178207
1431696881473 lifecam19 37599 -366.154174805 2059.61279297 8944.2421875 1.69422662258 -2.1844997406 1.06330060959
1431696881540 lifecam19 37599 -370.857147217 2023.5760498 8899.91699219 -1.87414002419 2.44869446754 -1.24621462822
1431696881603 lifecam19 37599 -371.991943359 2039.11450195 8948.18164062 1.67007827759 -2.19772672653 1.07837927341
1431696881667 lifecam19 37599 -373.008850098 2040.66711426 8953.6015625 1.82827234268 -2.48833990097 -0.510298132896
1431696881740 lifecam19 37599 -370.028778076 2026.94262695 8892.97167969 1.80237972736 -2.49350214005 -0.540967643261
1431696881807 lifecam19 37599 -370.8644104 2029.9140625 8908.49121094 1.67659127712 -2.17614102364 1.08818805218
1431696881870 lifecam19 37599 -367.522796631 2043.32336426 8912.19238281 1.67963218689 -2.17852807045 1.06940150261
1431696881939 lifecam19 37599 -352.461761475 2064.6784668 8829.68066406 1.68750870228 -2.17357945442 1.10427486897
1431696882007 lifecam19 37599 -338.262664795 2123.33935547 8867.16015625 -1.8863401413 2.4319562912 -1.20623350143
1431696882070 lifecam19 37599 -319.092987061 2177.62207031 8837.89160156 -1.872605443 2.54508280754 0.491575598717
1431696882139 lifecam19 37599 -303.548553467 2237.79296875 8871.67675781 1.79479026794 -2.47398948669 -0.458203017712
1431696882207 lifecam19 37599 -282.078430176 2253.9609375 8733.42480469 -1.86231374741 2.45823597908 -1.24409031868
1431696882270 lifecam19 37599 -266.568267822 2316.65991211 8764.65625 1.75439786911 -2.47350358963 -0.440718531609
1431696882335 lifecam19 37599 -247.199890137 2345.05444336 8672.80371094 -1.84141385555 2.59794163704 0.49084046483
1431696882405 lifecam19 37599 -230.501327515 2410.72045898 8724.79492188 -1.84657251835 2.4691195488 -1.21984136105
1431696882475 lifecam19 37599 -209.319976807 2435.26220703 8622.42480469 1.64883589745 -2.20543122292 1.12356233597
1431696882536 lifecam19 37599 -193.219940186 2500.17016602 8667.95996094 -1.84142625332 2.6616859436 0.442530661821
1431696882605 lifecam19 37599 -174.982055664 2545.55395508 8645.84179688 -1.83261930943 2.47462201118 -1.20958209038
1431696882674 lifecam19 5376 -728.229309082 193.912353516 7159.05615234 1.17405152321 -1.41973721981 -0.511227846146
1431696882674 lifecam19 37599 -155.738769531 2592.57080078 8623.92382812 1.68016052246 -2.46772146225 -0.377439677715
1431696882737 lifecam19 37599 -134.221405029 2613.39453125 8518.96484375 -1.80672264099 2.46929216385 -1.27405011654
1431696882807 lifecam19 37599 -116.852073669 2689.1887207 8589.11328125 -1.81081485748 2.73791432381 0.361911118031
1431696882875 lifecam19 37599 -97.4756240845 2713.9934082 8503.06542969 -1.78897929192 2.74167656898 0.401944160461
1431696882938 lifecam19 37599 -78.1982879639 2781.28173828 8549.61035156 1.59721648693 -2.25568342209 1.08170902729
1431696883003 lifecam19 37599 -56.9795951843 2817.99438477 8499.81835938 -1.80843484402 2.76390242577 0.357749611139
1431696883078 lifecam19 37599 -36.4192848206 2876.95214844 8516.91601562 -1.77148652077 2.51165509224 -1.18714106083
1431696883136 lifecam19 37599 -16.4409618378 2920.13720703 8493.00390625 -1.7669608593 2.49766612053 -1.19230937958
1431696883859 lifecam20 37599 -1737.19824219 -1178.20629883 9640.91210938 2.31873273849 -2.31853580475 -1.06923174858
1431696883931 lifecam20 37599 -1729.52770996 -1124.81188965 9641.08496094 2.27439546585 -2.33261203766 -1.02397227287
1431696884061 lifecam20 37599 -1709.37988281 -1017.06231689 9618.95410156 -1.90877759457 2.00794029236 0.849998414516
1431696884133 lifecam20 37599 -1692.75427246 -960.385131836 9575.00585938 -1.90582311153 2.00738286972 0.849657475948
1431696884198 lifecam20 37599 -1678.21228027 -905.918823242 9545.23828125 1.96425426006 -2.36338925362 1.09176230431
1431696884329 lifecam20 37599 -1662.22741699 -802.867370605 9556.61816406 -1.90519630909 2.02926492691 0.849330723286
1431696884401 lifecam20 37599 -1650.25146484 -749.957519531 9546.0234375 -1.91727697849 2.03064894676 0.848497986794
1431696884458 lifecam20 37599 -1657.91503906 -700.217834473 9649.00585938 -1.88848793507 2.07660579681 0.792635977268
1431696884596 lifecam20 37599 -1623.62866211 -590.070556641 9562.57519531 -1.88732254505 2.11516785622 0.79183447361
1431696884668 lifecam20 37599 -1607.63781738 -537.319702148 9534.80175781 2.14250731468 -2.41179203987 -0.900556385517
1431696884727 lifecam20 37599 -1594.27197266 -483.466552734 9526.95117188 -1.75915932655 2.22143149376 -0.992901325226
1431696884797 lifecam20 37599 -1591.26928711 -435.649841309 9567.95703125 -1.88618040085 2.14311671257 0.758329629898
1431696884867 lifecam20 37599 -1574.66467285 -411.240234375 9498.56835938 -1.75818300247 2.23357439041 -0.981191456318
1431696884925 lifecam20 37599 -1567.96520996 -399.70022583 9467.20605469 -1.86931693554 2.14376688004 0.79876935482
1431696885065 lifecam20 37599 -1570.2869873 -400.281188965 9482.06347656 -1.87223017216 2.13809680939 0.788268566132
1431696885194 lifecam20 37599 -1581.51086426 -404.365905762 9549.86425781 2.10461616516 -2.42279148102 -0.835713863373
1431696885265 lifecam20 37599 -1586.28417969 -405.188049316 9580.59277344 2.1093943119 -2.420181036 -0.832473933697
1431696885325 lifecam20 37599 -1575.78723145 -402.575592041 9515.85449219 -1.88126039505 2.16097450256 0.762467503548
1431696885394 lifecam20 37599 -1598.96862793 -408.761993408 9656.12207031 2.1008310318 -2.42405414581 -0.799522995949
1431696885468 lifecam20 37599 -1588.65661621 -405.625152588 9594.39941406 2.10621571541 -2.43103694916 -0.8271895051
1431696885592 lifecam20 37599 -1575.78723145 -402.575592041 9515.85449219 -1.88126039505 2.16097450256 0.762467503548
1431696885665 lifecam20 37599 -1584.72790527 -405.099151611 9570.61328125 2.10101747513 -2.41754484177 -0.822815001011
1431696885791 lifecam20 37599 -1571.8001709 -401.216796875 9492.42675781 -1.8803576231 2.1377491951 0.779999613762
1431696885932 lifecam20 37599 -1579.31176758 -403.33782959 9537.42675781 -1.87901389599 2.16054296494 0.757155716419
1431696885994 lifecam20 37599 -1587.16760254 -405.551757812 9584.83007812 2.09788703918 -2.42841386795 -0.817355513573
1431696886063 lifecam20 37599 -1588.79577637 -405.977111816 9592.15332031 -1.88447511196 2.17274403572 0.74594527483
1431696886136 lifecam20 37599 -1584.98730469 -404.890411377 9570.39941406 -1.8809196949 2.15946269035 0.753287613392
1431696886203 lifecam20 37599 -1587.52966309 -405.484893799 9587.390625 2.10660743713 -2.42652273178 -0.824308693409
1431696886266 lifecam20 37599 -1586.8001709 -405.234680176 9581.94824219 2.10143399239 -2.42392873764 -0.832217991352
1431696886337 lifecam20 37599 -1582.77160645 -404.429168701 9559.10351562 2.10770583153 -2.41583108902 -0.836797356606
1431696886403 lifecam20 37599 -1572.94555664 -401.542419434 9498.13476562 -1.87240982056 2.15041947365 0.770199000835
1431696886460 lifecam20 37599 -1570.81811523 -401.241821289 9484.81738281 -1.87565171719 2.15727233887 0.76948171854
1431696886534 lifecam20 37599 -1577.77453613 -403.087463379 9527.88476562 -1.88334643841 2.16141462326 0.757197260857
1431696886603 lifecam20 37599 -1577.52539062 -403.143463135 9526.70410156 -1.8797262907 2.17745280266 0.749225616455
1431696886661 lifecam20 37599 -1556.53466797 -394.130493164 9502.00976562 -1.81982696056 2.12077760696 -0.923471450806
1431696886729 lifecam20 37599 -1519.45227051 -368.544342041 9406.37988281 -2.24865603447 2.16536045074 0.542486071587
1431696886803 lifecam20 37599 -1516.3137207 -336.206756592 9448.57226562 -1.91249239445 1.80011677742 -0.564170062542
1431696886860 lifecam20 37599 -1545.22937012 -261.169952393 9581.15429688 -1.76093876362 1.67299628258 -0.110498704016
