1433513015636 lifecam19 2655.57397461 2042.140625 6.16961717606
1433513015710 lifecam19 2680.77099609 2067.1496582 6.27123260498
1433513015770 lifecam19 2702.44677734 2079.91210938 0.0105603365228
1433513015833 lifecam19 2685.14672852 2074.46289062 6.26930713654
1433513015906 lifecam19 2666.06958008 2074.48632812 6.26951694489
1433513015969 lifecam19 2640.39916992 2076.92797852 0.00432902947068
1433513016042 lifecam19 2620.64746094 2077.1496582 0.00133210816421
1433513016107 lifecam19 2601.29370117 2077.67236328 0.00565582839772
1433513016173 lifecam19 2580.01879883 2078.37329102 0.0122072147205
1433513016237 lifecam19 2558.62963867 2079.17456055 0.017871202901
1433513016306 lifecam19 2537.3972168 2079.79272461 0.0200437940657
1433513016377 lifecam19 2516.62988281 2079.17431641 0.0178708452731
1433513016437 lifecam19 2495.62988281 2079.17456055 0.0178728755563
1433513016506 lifecam19 2474.07250977 2079.42089844 0.0244031585753
1433513016577 lifecam19 2452.08056641 2080.79296875 0.0394697859883
1433513016637 lifecam19 2431.32910156 2081.046875 0.0473184026778
1433513016721 lifecam19 2408.6315918 2081.6953125 0.061437074095
1433513016773 lifecam19 2387.46899414 2082.41748047 0.0777502581477
1433513016841 lifecam19 2366.73413086 2082.41064453 0.0807948708534
1433513016906 lifecam19 2346.53735352 2081.37255859 0.0776285603642
1433513016974 lifecam19 2328.91137695 2078.7331543 0.064858622849
1433513017042 lifecam19 2306.76904297 2078.23291016 0.0720165446401
1433513017104 lifecam19 2285.86035156 2076.57519531 0.0732062458992
1433513017177 lifecam19 2266.50854492 2074.72045898 0.0680869221687
1433513017244 lifecam19 2245.0012207 2073.89575195 0.076780974865
1433513017307 lifecam19 2222.55664062 2073.28100586 0.0903230309486
1433513017379 lifecam19 2201.45556641 2073.50878906 0.106191590428
1433513017441 lifecam19 2180.4699707 2072.8269043 0.106553375721
1433513017505 lifecam19 2161.12475586 2069.01635742 0.0969839841127
1433513017573 lifecam19 2138.87158203 2068.54223633 0.112101733685
1433513017642 lifecam19 2118.02709961 2066.6184082 0.113361299038
1433513017714 lifecam19 2097.93066406 2064.72460938 0.114005737007
1433513017778 lifecam19 2076.62646484 2062.99707031 0.126404225826
1433513017843 lifecam19 2055.15063477 2060.58666992 0.124035425484
1433513017911 lifecam19 2032.76489258 2060.56762695 0.145551398396
1433513017972 lifecam19 2011.57763672 2058.82543945 0.151326835155
1433513018041 lifecam19 1992.51855469 2055.73120117 0.148261144757
1433513018108 lifecam19 1972.51525879 2052.12719727 0.146614745259
1433513018173 lifecam19 1950.18127441 2050.32714844 0.159341856837
1433513018240 lifecam19 1930.68554688 2047.09155273 0.157607495785
1433513018309 lifecam19 1910.96105957 2044.42651367 0.159261405468
1433513018382 lifecam19 1889.06799316 2041.32910156 0.16634362936
1433513018441 lifecam19 1867.99401855 2039.35180664 0.171038687229
1433513018511 lifecam19 1847.00488281 2036.59375 0.17911452055
1433513018575 lifecam19 1827.19067383 2033.78515625 0.181748211384
1433513018639 lifecam19 1817.41040039 2031.77270508 0.184108555317
1433513018711 lifecam19 1814.49328613 2030.63354492 0.179918140173
1433513018775 lifecam19 1813.44873047 2031.03076172 0.185322210193
1433513018840 lifecam19 1814.49328613 2030.63354492 0.179918140173
1433513018910 lifecam19 1814.49328613 2030.63354492 0.179918140173
1433513018981 lifecam19 1814.49328613 2030.63354492 0.179918140173
1433513019045 lifecam19 1814.49328613 2030.63354492 0.179918140173
1433513019112 lifecam19 1814.49328613 2030.63354492 0.179918140173
1433513019176 lifecam19 1814.49328613 2030.63354492 0.179918140173
1433513019244 lifecam19 1815.42675781 2029.62841797 0.173597887158
