1433513095499 lifecam19 2661.54370117 2034.49975586 6.12354660034
1433513095565 lifecam19 2689.92236328 2063.44897461 6.25024223328
1433513095621 lifecam19 2713.57617188 2074.55371094 6.26433467865
1433513095697 lifecam19 2708.07519531 2074.02856445 6.26541614532
1433513095762 lifecam19 2702.80615234 2074.94580078 6.27164793015
1433513095829 lifecam19 2687.0690918 2074.48657227 6.26951789856
1433513095897 lifecam19 2664.2644043 2077.65332031 0.00784367788583
1433513095969 lifecam19 2642.92504883 2076.62988281 6.2793970108
1433513096030 lifecam19 2622.1159668 2078.06298828 0.0055913371034
1433513096099 lifecam19 2600.79223633 2078.80664062 0.0143925594166
1433513096166 lifecam19 2579.3972168 2079.79272461 0.0200430806726
1433513096231 lifecam19 2558.203125 2080.15966797 0.0218517202884
1433513096358 lifecam19 2516.24755859 2079.92163086 0.0214373525232
1433513096430 lifecam19 2494.37011719 2081.29272461 0.0295795835555
1433513096497 lifecam19 2473.21777344 2083.15405273 0.0499535240233
1433513096565 lifecam19 2456.46801758 2080.24316406 0.0240370687097
1433513096628 lifecam19 2435.56201172 2081.85375977 0.0426363423467
1433513096706 lifecam19 2409.69433594 2083.54199219 0.0671828389168
1433513096768 lifecam19 2394.43920898 2080.56762695 0.0413365997374
1433513096835 lifecam19 2373.5480957 2079.50976562 0.0448213256896
1433513096897 lifecam19 2352.27294922 2078.81591797 0.0473714545369
1433513096964 lifecam19 2331.4855957 2077.63891602 0.0455265715718
1433513097099 lifecam19 2288.34838867 2077.60644531 0.0647360756993
1433513097168 lifecam19 2265.72949219 2077.6628418 0.0829829648137
1433513097233 lifecam19 2245.52124023 2075.30126953 0.0779584124684
1433513097304 lifecam19 2224.38598633 2075.60888672 0.0912784934044
1433513097368 lifecam19 2203.82128906 2074.24658203 0.0986353754997
1433513097500 lifecam19 2161.13305664 2071.06762695 0.104292094707
1433513097565 lifecam19 2140.31811523 2069.60571289 0.108020491898
1433513097632 lifecam19 2119.28759766 2068.26489258 0.114696800709
1433513097699 lifecam19 2098.62426758 2066.79589844 0.119944393635
1433513097764 lifecam19 2076.75561523 2064.66455078 0.128229081631
1433513097827 lifecam19 2056.43774414 2062.20678711 0.12677963078
1433513097906 lifecam19 2037.68212891 2060.18798828 0.125566333532
1433513097965 lifecam19 2015.39697266 2058.68188477 0.141583159566
1433513098037 lifecam19 1995.96362305 2055.17431641 0.132278993726
1433513098105 lifecam19 1973.39611816 2053.90893555 0.146051600575
1433513098233 lifecam19 1932.81555176 2048.47949219 0.153180301189
1433513098300 lifecam19 1911.37695312 2046.23193359 0.160825207829
1433513098367 lifecam19 1890.82971191 2042.74633789 0.160013377666
1433513098433 lifecam19 1870.75476074 2039.79345703 0.161854684353
1433513098501 lifecam19 1849.16577148 2037.49682617 0.175995886326
1433513098632 lifecam19 1818.36083984 2032.95947266 0.178920328617
1433513098697 lifecam19 1814.18212891 2032.66601562 0.185232698917
1433513098771 lifecam19 1813.37329102 2032.36035156 0.184024035931
1433513098832 lifecam19 1814.43286133 2031.9675293 0.178621351719
1433513098900 lifecam19 1814.43286133 2031.9675293 0.178621351719
1433513098960 lifecam19 1814.8269043 2031.54589844 0.175549447536
1433513099032 lifecam19 1814.43286133 2031.9675293 0.178621351719
1433513099100 lifecam19 1814.0904541 2032.35375977 0.181257292628
1433513099170 lifecam19 1814.0904541 2032.35375977 0.181257292628
1433513099236 lifecam19 1814.0904541 2032.35375977 0.181257292628
1433513099376 lifecam19 1814.09716797 2032.89672852 0.185976922512
1433513099435 lifecam19 1814.4465332 2032.50708008 0.183342754841
1433513099500 lifecam19 1816.05273438 2030.78979492 0.171027958393
1433513099567 lifecam19 1808.19873047 2038.9375 0.232872068882
