1431697358394 lifecam20 37599 -1901.06237793 -2543.84472656 9872.84179688 2.3094701767 -1.83251750469 -0.0136944502592
1431697358410 lifecam19 37599 -324.766540527 2200.02734375 8907.43261719 -1.7771872282 1.88847625256 -0.301180362701
1431697358463 lifecam20 37599 -1924.77819824 -2617.45678711 10018.265625 -1.89917647839 1.62917149067 -0.221846848726
1431697358476 lifecam19 37599 -343.684570312 2170.80957031 9011.72265625 -1.87880861759 2.22187709808 -0.708547234535
1431697358529 lifecam20 37599 -1931.07421875 -2698.56445312 10069.0419922 -2.17910528183 1.74841237068 0.711830794811
1431697358545 lifecam19 37599 -356.518920898 2060.37036133 8873.41699219 -1.88418877125 2.39416694641 -1.16368460655
1431697358617 lifecam19 37599 -369.640411377 2039.79248047 8898.10058594 1.66511797905 -2.19317889214 1.07236194611
1431697358681 lifecam19 37599 -367.523773193 2048.26464844 8921.67773438 -1.84674692154 2.51769161224 0.528507113457
1431697358750 lifecam19 37599 -368.480072021 2050.09399414 8933.58007812 -1.8523761034 2.53330945969 0.501963078976
1431697358809 lifecam19 37599 -365.275482178 2031.98388672 8855.99414062 -1.84484434128 2.51824998856 0.538980782032
1431697358880 lifecam19 37599 -366.023742676 2050.41357422 8921.43359375 1.81113219261 -2.48861336708 -0.514003574848
1431697358946 lifecam19 37599 -355.536560059 2068.72851562 8875.64257812 -1.83769249916 2.53151512146 0.524331986904
1431697359014 lifecam19 37599 -338.109619141 2089.68237305 8777.85839844 -1.86743688583 2.44049978256 -1.25347781181
1431697359080 lifecam19 37599 -320.442230225 2143.35107422 8779.71777344 -1.88210570812 2.44309234619 -1.25506234169
1431697359144 lifecam19 37599 -301.124298096 2207.66235352 8789.38085938 -1.86434328556 2.44301319122 -1.21999669075
1431697359212 lifecam19 37599 -283.568328857 2246.91040039 8746.00585938 -1.84301877022 2.4432220459 -1.22158527374
1431697359281 lifecam19 37599 -266.684997559 2289.03710938 8712.83789062 1.63814461231 -2.21511507034 1.11146104336
1431697359344 lifecam19 37599 -248.108230591 2333.4440918 8683.10546875 1.64584684372 -2.22525978088 1.1194934845
1431697359410 lifecam19 37599 -229.485153198 2384.78930664 8678.375 -1.83218300343 2.48085927963 -1.24111485481
1431697359480 lifecam19 37599 -211.686843872 2440.91333008 8684.39160156 -1.82211387157 2.65895628929 0.437779426575
1431697359548 lifecam19 37599 -192.863006592 2485.50927734 8666.50976562 -1.82773125172 2.47045397758 -1.20110499859
1431697359611 lifecam19 37599 -174.230102539 2523.20800781 8619.70019531 -1.81060636044 2.66422176361 0.447535574436
1431697359681 lifecam19 37599 -154.724411011 2583.08422852 8642.67480469 -1.80001854897 2.48519825935 -1.19880878925
1431697359748 lifecam19 37599 -135.098556519 2627.15429688 8608.11914062 1.61611711979 -2.23974323273 1.11169934273
1431697359814 lifecam19 37599 -116.077911377 2680.12744141 8609.96386719 1.62505412102 -2.25776410103 1.09841251373
1431697359880 lifecam19 37599 -96.1807250977 2717.48828125 8563.12109375 -1.77824270725 2.49320554733 -1.21666765213
1431697359948 lifecam19 37599 -75.1761703491 2761.58447266 8538.48339844 1.58765697479 -2.25117349625 1.10682237148
1431697360012 lifecam19 37599 -53.9464874268 2816.81860352 8539.61523438 1.60523998737 -2.28002071381 1.07651722431
1431697360081 lifecam19 37599 -33.6310386658 2852.24316406 8490.77636719 -1.77005422115 2.50184512138 -1.2284065485
1431697360147 lifecam19 37599 -13.8677053452 2883.97094727 8430.42871094 -1.78024339676 2.80121588707 0.370796054602
1431697361131 lifecam20 37599 -1679.2010498 -973.932250977 9578.79394531 -1.89669597149 2.01862311363 0.869870305061
1431697361199 lifecam20 37599 -1669.66247559 -921.895629883 9576.35058594 1.96778702736 -2.37470817566 1.10306227207
1431697361269 lifecam20 37599 -1648.1315918 -862.447509766 9499.1015625 -1.90216624737 2.01910710335 0.877764999866
1431697361466 lifecam20 37599 -1662.76330566 -724.864929199 9763.9921875 -1.87910783291 2.10375332832 0.767846643925
1431697361734 lifecam20 37599 -1591.67407227 -501.499206543 9606.0625 -1.75544464588 2.22478604317 -0.978790342808
1431697361802 lifecam20 37599 -1572.49072266 -446.404968262 9560.66894531 -1.75139570236 2.24205255508 -0.98534911871
1431697361998 lifecam20 37599 -1564.22009277 -392.100341797 9581.79003906 -1.78075301647 2.24549221992 -0.999176442623
1431697362068 lifecam20 37599 -1551.49682617 -392.010772705 9502.67675781 -1.76170647144 2.22574114799 -0.997935771942
1431697362136 lifecam20 37599 -1572.44091797 -397.190124512 9628.25878906 -1.75976192951 2.23502659798 -0.95884424448
1431697362266 lifecam20 37599 -1553.65612793 -391.710296631 9517.08007812 -1.77022743225 2.23656201363 -1.01432132721
1431697362336 lifecam20 37599 -1568.15649414 -395.795776367 9602.74316406 -1.76544451714 2.2411904335 -0.961706221104
1431697362403 lifecam20 37599 -1564.93383789 -395.045898438 9584.05859375 -1.76650965214 2.24487638474 -0.965454757214
1431697362470 lifecam20 37599 -1570.02624512 -395.990814209 9614.69921875 -1.756914258 2.23637080193 -0.965443193913
1431697362534 lifecam20 37599 -1565.75268555 -395.050262451 9588.19628906 -1.75895440578 2.22904872894 -0.972350955009
1431697362604 lifecam20 37599 -1564.93383789 -395.045898438 9584.05859375 -1.76650965214 2.24487638474 -0.965454757214
1431697362669 lifecam20 37599 -1566.54040527 -395.330932617 9591.82421875 -1.76804041862 2.24444532394 -0.96198028326
1431697362737 lifecam20 37599 -1551.19799805 -390.71862793 9500.53613281 -1.78083944321 2.23301553726 -1.03398454189
1431697362804 lifecam20 37599 -1564.93383789 -395.045898438 9584.05859375 -1.76650965214 2.24487638474 -0.965454757214
1431697362869 lifecam20 37599 -1553.55358887 -391.503631592 9515.75585938 -1.78293538094 2.24208688736 -1.02770662308
1431697362946 lifecam20 37599 -1571.52758789 -396.638427734 9623.28710938 -1.75995218754 2.23439955711 -0.961524009705
1431697363005 lifecam20 37599 -1558.26000977 -393.056060791 9543.72753906 -1.76381254196 2.23182320595 -0.995960831642
1431697363064 lifecam20 37599 -1567.50012207 -395.62878418 9598.73046875 -1.76564788818 2.24070286751 -0.963746666908
1431697363135 lifecam20 37599 -1568.15649414 -395.795776367 9602.74316406 -1.76544451714 2.2411904335 -0.961706221104
1431697363202 lifecam20 37599 -1567.68481445 -395.734375 9600.82617188 -1.76026332378 2.23831343651 -0.966925323009
1431697363271 lifecam20 37599 -1570.43164062 -396.247009277 9614.578125 -1.76776981354 2.24056148529 -0.956449151039
1431697363333 lifecam20 37599 -1563.60949707 -394.382904053 9576.50976562 -1.7616122961 2.23545575142 -0.979378283024
1431697363403 lifecam20 37599 -1567.53808594 -395.744140625 9597.61230469 -1.76425206661 2.24342679977 -0.951373159885
1431697363471 lifecam20 37599 -1568.15649414 -395.795776367 9602.74316406 -1.76544451714 2.2411904335 -0.961706221104
1431697363536 lifecam20 37599 -1563.8782959 -394.941040039 9577.21972656 -1.76012551785 2.24422812462 -0.960369348526
1431697363604 lifecam20 37599 -1564.1361084 -394.575408936 9577.45507812 -1.76228606701 2.24298763275 -0.960930466652
1431697363673 lifecam20 37599 -1558.67883301 -393.392303467 9547.00390625 -1.76026070118 2.23650956154 -0.981387078762
1431697363735 lifecam20 37599 -1557.11083984 -392.766479492 9533.29589844 -1.76688683033 2.24244880676 -0.978571951389
1431697363805 lifecam20 37599 -1557.5177002 -392.987701416 9537.90917969 -1.76795077324 2.24253535271 -0.97670853138
1431697363873 lifecam20 37599 -1555.84033203 -392.561340332 9528.0859375 -1.76256561279 2.2243077755 -0.980326235294
1431697363944 lifecam20 37599 -1560.76989746 -393.745788574 9556.77148438 -1.7669467926 2.23894071579 -0.972945094109
1431697364003 lifecam20 37599 -1546.23779297 -390.403167725 9469.4453125 -1.76137983799 2.22930669785 -1.00376212597
1431697364074 lifecam20 37599 -1566.08984375 -395.274749756 9590.03515625 -1.76284706593 2.24154472351 -0.967158675194
1431697364140 lifecam20 37599 -1530.17419434 -385.243682861 9365.10546875 -1.84651064873 2.15803337097 0.81536346674
1431697364207 lifecam20 37599 -1554.05700684 -392.49017334 9517.6015625 -1.76309120655 2.22883892059 -0.979844450951
1431697364272 lifecam20 37599 -1571.39379883 -396.651824951 9620.15527344 -1.76394617558 2.23947763443 -0.945805966854
1431697364341 lifecam20 37599 -1552.01452637 -392.085632324 9504.90625 -1.76676404476 2.22842621803 -0.99288469553
1431697364403 lifecam20 37599 -1537.28369141 -388.127075195 9433.17382812 -1.75720739365 2.20025539398 -1.01446282864
1431697364473 lifecam20 37599 -1501.46728516 -370.248809814 9291.95507812 -2.07442617416 2.19858026505 0.77485960722
1431697364541 lifecam20 37599 -1501.93701172 -328.620544434 9408.37792969 2.41344738007 -2.57985591888 0.795948982239
