1431697183526 lifecam20 37599 -1941.53613281 -2633.83251953 10112.0039062 -1.91617035866 1.57860183716 -0.0902616232634
1431697183541 lifecam19 37599 -342.686004639 2204.32617188 9137.09765625 -1.84302127361 2.17074298859 -0.520695149899
1431697183592 lifecam20 37599 -1949.19897461 -2731.52636719 10163.4658203 -1.96274328232 1.83847904205 -0.431013256311
1431697183605 lifecam19 37599 -368.759887695 2046.35449219 8910.30566406 1.68366456032 -2.1961915493 1.07029080391
1431697183673 lifecam19 37599 -371.148132324 2029.59448242 8945.23925781 1.68945682049 -2.18638277054 1.079870224
1431697183741 lifecam19 37599 -369.059875488 2027.37280273 8889.01367188 -1.89347612858 2.45008969307 -1.21426856518
1431697183805 lifecam19 37599 -372.433502197 2043.55578613 8964.97070312 1.86073768139 -2.47759389877 -0.496230691671
1431697183873 lifecam19 37599 -367.241424561 2022.09912109 8867.6328125 -1.83808255196 2.50430107117 0.539821207523
1431697183941 lifecam19 37599 -363.97769165 2048.71533203 8908.25488281 -1.88936901093 2.46596908569 -1.19659566879
1431697184005 lifecam19 37599 -347.270080566 2065.40356445 8808.28710938 -1.87345230579 2.44745397568 -1.24724268913
1431697184075 lifecam19 37599 -334.107574463 2139.04858398 8903.34472656 -1.83427715302 2.53383827209 0.488044947386
1431697184141 lifecam19 37599 -314.582183838 2201.49609375 8895.5078125 -1.84047091007 2.57067394257 0.459056288004
1431697184206 lifecam19 37599 -296.744689941 2237.66723633 8844.35742188 -1.85566282272 2.47469854355 -1.1841442585
1431697184275 lifecam19 37599 -279.78894043 2286.11645508 8838.0234375 1.66098988056 -2.23046350479 1.05617547035
1431697184341 lifecam19 37599 -256.182739258 2298.36743164 8677.09667969 1.6364248991 -2.1988966465 1.13080346584
1431697184409 lifecam19 37599 -241.30770874 2374.88256836 8763.18261719 -1.8277130127 2.61693620682 0.451343774796
1431697184474 lifecam19 37599 -223.470443726 2425.66333008 8753.57519531 -1.8314217329 2.49265933037 -1.18282783031
1431697184541 lifecam19 37599 -205.689498901 2483.15600586 8765.31054688 1.72758817673 -2.47708392143 -0.381755977869
1431697184610 lifecam19 37599 -185.233093262 2505.89208984 8666.63378906 -1.81803321838 2.67517518997 0.431923568249
1431697184674 lifecam19 37599 -164.757339478 2550.47607422 8639.08398438 -1.81468260288 2.49764609337 -1.22181916237
1431697184743 lifecam19 37599 -145.591308594 2600.18969727 8621.51269531 -1.80242311954 2.47992372513 -1.22073459625
1431697184810 lifecam19 37599 -128.653106689 2658.13452148 8647.08691406 1.64386796951 -2.47484564781 -0.348338067532
1431697184873 lifecam19 37599 -106.582244873 2671.59692383 8525.77148438 1.60738909245 -2.22897362709 1.14839959145
1431697184942 lifecam19 37599 -86.8229980469 2732.84008789 8550.17480469 -1.77950930595 2.50432252884 -1.22725391388
1431697185010 lifecam19 37599 -67.2647399902 2798.80761719 8585.40917969 -1.76971483231 2.52015924454 -1.17158722878
1431697185078 lifecam19 37599 -46.3023109436 2820.31274414 8487.98828125 1.59985947609 -2.27417826653 1.10109364986
1431697185143 lifecam19 37599 -26.2806758881 2888.13745117 8536.51660156 1.57987332344 -2.47569108009 -0.27366143465
1431697185210 lifecam19 37599 -4.41736125946 2918.55004883 8472.45800781 -1.75870037079 2.80507779121 0.343341052532
1431697186062 lifecam20 37599 -1706.19018555 -1064.79907227 9636.95898438 -1.90823042393 2.00644516945 0.854337692261
1431697186260 lifecam20 37599 -1675.40234375 -903.936401367 9601.56933594 2.22497653961 -2.3685836792 -0.981808722019
1431697186331 lifecam20 37599 -1674.47473145 -855.686462402 9655.34082031 -1.87256538868 2.02526164055 0.836805284023
1431697186597 lifecam20 37599 -1628.15893555 -641.013671875 9621.34960938 1.9271030426 -2.4166264534 1.03728163242
1431697186664 lifecam20 37599 -1623.33215332 -589.887207031 9654.5703125 -1.89368236065 2.12199282646 0.769686937332
1431697186732 lifecam20 37599 -1590.30505371 -529.266479492 9525.04003906 -1.76263344288 2.23213362694 -0.98923009634
1431697186799 lifecam20 37599 -1598.56213379 -479.4921875 9635.90625 -1.87143194675 2.16128540039 0.759284675121
1431697186859 lifecam20 37599 -1596.33081055 -435.458251953 9687.09472656 -1.88312375546 2.14425730705 0.721248805523
1431697186928 lifecam20 37599 -1555.61706543 -405.908081055 9472.5546875 -1.75978708267 2.24430131912 -1.02071034908
1431697186999 lifecam20 37599 -1564.13049316 -401.766662598 9527.82421875 -1.87905049324 2.14029812813 0.785779476166
1431697187005 lifecam22 5376 3351.8347168 -915.950927734 7170.70068359 0.961874127388 -1.08983945847 -1.07126653194
1431697187058 lifecam20 37599 -1570.87463379 -404.941802979 9571.52441406 -1.7757370472 2.2421708107 -1.00099229813
1431697187130 lifecam20 37599 -1570.84570312 -404.586975098 9570.89550781 -1.7787733078 2.24605226517 -0.996410608292
1431697187199 lifecam20 37599 -1573.71948242 -405.197814941 9586.0703125 -1.87745988369 2.15901613235 0.764327585697
1431697187204 lifecam22 5376 1330.93505859 295.324890137 2242.5456543 -1.45068061352 2.13235378265 -0.956542789936
1431697187259 lifecam20 37599 -1572.73706055 -404.719177246 9581.07519531 -1.88491606712 2.14829039574 0.777245700359
1431697187328 lifecam20 37599 -1570.84570312 -404.586975098 9570.89550781 -1.7787733078 2.24605226517 -0.996410608292
1431697187399 lifecam20 37599 -1571.98120117 -404.491516113 9575.44335938 -1.88745379448 2.16006207466 0.764777004719
1431697187467 lifecam20 37599 -1573.84301758 -405.563476562 9589.87597656 -1.77796339989 2.24590587616 -0.998910009861
1431697187526 lifecam20 37599 -1572.72937012 -405.220916748 9582.078125 -1.78135621548 2.2489528656 -0.997761130333
1431697187596 lifecam20 37599 -1572.72937012 -405.220916748 9582.078125 -1.78135621548 2.2489528656 -0.997761130333
1431697187667 lifecam20 37599 -1572.72937012 -405.220916748 9582.078125 -1.78135621548 2.2489528656 -0.997761130333
1431697187726 lifecam20 37599 -1571.93017578 -404.921813965 9578.51660156 -1.77537119389 2.24300146103 -0.997594833374
1431697187798 lifecam20 37599 -1572.72937012 -405.220916748 9582.078125 -1.78135621548 2.2489528656 -0.997761130333
1431697187867 lifecam20 37599 -1572.79675293 -405.238677979 9582.49609375 -1.78149211407 2.24897670746 -0.997555673122
1431697187926 lifecam20 37599 -1573.84301758 -405.563476562 9589.87597656 -1.77796339989 2.24590587616 -0.998910009861
1431697187996 lifecam20 37599 -1573.84301758 -405.563476562 9589.87597656 -1.77796339989 2.24590587616 -0.998910009861
1431697188068 lifecam20 37599 -1571.93017578 -404.921813965 9578.51660156 -1.77537119389 2.24300146103 -0.997594833374
1431697188136 lifecam20 37599 -1575.82177734 -405.667327881 9599.05664062 -1.8823363781 2.16917133331 0.752843022346
1431697188199 lifecam20 37599 -1567.81567383 -403.752105713 9551.4140625 -1.7795163393 2.24920988083 -1.00013756752
1431697188267 lifecam20 37599 -1573.84301758 -405.563476562 9589.87597656 -1.77796339989 2.24590587616 -0.998910009861
1431697188336 lifecam20 37599 -1570.44299316 -403.973693848 9567.38574219 -1.88717377186 2.15142679214 0.77893435955
1431697188394 lifecam20 37599 -1573.84301758 -405.563476562 9589.87597656 -1.77796339989 2.24590587616 -0.998910009861
1431697188465 lifecam20 37599 -1572.72937012 -405.220916748 9582.078125 -1.78135621548 2.2489528656 -0.997761130333
1431697188531 lifecam20 37599 -1569.3848877 -403.645721436 9559.94238281 -1.88572359085 2.14858293533 0.775547683239
1431697188595 lifecam20 37599 -1572.72937012 -405.220916748 9582.078125 -1.78135621548 2.2489528656 -0.997761130333
1431697188665 lifecam20 37599 -1569.453125 -404.398132324 9561.3515625 -1.77042102814 2.24767255783 -1.00687718391
1431697188737 lifecam20 37599 -1570.73693848 -404.708190918 9569.91601562 -1.77858412266 2.24904036522 -1.00282871723
1431697188804 lifecam20 37599 -1578.92297363 -406.068847656 9618.10253906 -1.87742316723 2.15649724007 0.750503957272
1431697188866 lifecam20 5376 -633.069091797 -237.649581909 3392.47607422 2.64744639397 0.213536143303 -2.05645227432
1431697188866 lifecam20 37599 -1577.77233887 -406.318359375 9610.66113281 -1.88017201424 2.16564631462 0.751907169819
1431697188936 lifecam20 37599 -1567.22290039 -403.930541992 9550.74316406 -1.77513992786 2.24991583824 -1.01026296616
1431697189004 lifecam20 37599 -1575.82177734 -405.667327881 9599.05664062 -1.8823363781 2.16917133331 0.752843022346
1431697189062 lifecam20 37599 -1588.29724121 -408.850280762 9676.95605469 2.09775805473 -2.42486953735 -0.815290629864
1431697189135 lifecam20 37599 -1569.98864746 -403.975494385 9563.28125 -1.8853559494 2.15962958336 0.770077764988
1431697189203 lifecam20 37599 -1573.83618164 -405.153167725 9586.94140625 -1.88023352623 2.16870951653 0.758239388466
1431697189262 lifecam20 37599 -1572.86669922 -405.8387146 9603.72851562 -1.77724933624 2.23186278343 -0.986108779907
1431697189333 lifecam20 37599 -1513.56555176 -373.592437744 9457.51464844 -1.94606673717 1.90548169613 -0.736343026161
1431697189403 lifecam20 37599 -1517.6237793 -289.10736084 9522.70410156 2.01676845551 -1.95907247066 -0.0651873499155
