1433513169741 lifecam19 2651.5324707 2033.54125977 6.11137914658
1433513169811 lifecam19 2681.85375977 2061.31054688 6.23107290268
1433513169879 lifecam19 2711.55664062 2080.44165039 6.27844810486
1433513169939 lifecam19 2706.44506836 2078.33398438 0.00650865212083
1433513170013 lifecam19 2707.390625 2078.51782227 0.00644773663953
1433513170079 lifecam19 2703.53271484 2077.4296875 6.2709441185
1433513170150 lifecam19 2686.95922852 2078.42041016 6.27509880066
1433513170216 lifecam19 2665.72265625 2078.49853516 6.2792301178
1433513170281 lifecam19 2643.54248047 2080.02172852 6.27468681335
1433513170409 lifecam19 2601.33520508 2083.60498047 0.011251155287
1433513170479 lifecam19 2580.33496094 2083.60473633 0.0112502016127
1433513170547 lifecam19 2559.33520508 2083.60473633 0.0112502016127
1433513170607 lifecam19 2537.52856445 2084.68041992 0.0202097333968
1433513170678 lifecam19 2516.24536133 2084.92797852 0.0214569028467
1433513170747 lifecam19 2496.55102539 2085.66113281 0.0307208895683
1433513170821 lifecam19 2476.25488281 2085.76269531 0.0314937308431
1433513170877 lifecam19 2452.76025391 2087.23608398 0.0496086515486
1433513170952 lifecam19 2431.328125 2087.82543945 0.0574274621904
1433513171014 lifecam19 2408.88867188 2088.85913086 0.0742128416896
1433513171147 lifecam19 2372.04272461 2085.53100586 0.0544285215437
1433513171215 lifecam19 2351.39135742 2084.87158203 0.053464718163
1433513171275 lifecam19 2330.94995117 2083.90649414 0.0546332038939
1433513171347 lifecam19 2309.20703125 2082.7746582 0.0628239586949
1433513171415 lifecam19 2287.74609375 2082.54467773 0.0687985941768
1433513171487 lifecam19 2266.61889648 2082.00268555 0.072268910706
1433513171552 lifecam19 2245.30493164 2081.38525391 0.0787294507027
1433513171615 lifecam19 2223.97827148 2081.90698242 0.0956628993154
1433513171682 lifecam19 2202.25073242 2080.76538086 0.105878546834
1433513171744 lifecam19 2181.83959961 2078.77880859 0.103759586811
1433513171882 lifecam19 2140.76074219 2075.89355469 0.111750423908
1433513171944 lifecam19 2119.09033203 2074.50708008 0.117248952389
1433513172015 lifecam19 2097.45166016 2073.50097656 0.124073676765
1433513172089 lifecam19 2076.36254883 2071.12939453 0.127026498318
1433513172151 lifecam19 2055.90966797 2069.43896484 0.129535138607
1433513172222 lifecam19 2035.00634766 2068.06323242 0.138753011823
1433513172283 lifecam19 2015.65161133 2064.98950195 0.134741604328
1433513172351 lifecam19 1995.77429199 2062.25927734 0.131480157375
1433513172417 lifecam19 1974.09655762 2061.02368164 0.148248970509
1433513172482 lifecam19 1952.16906738 2058.5559082 0.152354761958
1433513172612 lifecam19 1910.06884766 2054.70751953 0.165698587894
1433513172682 lifecam19 1889.60925293 2052.3527832 0.171242296696
1433513172753 lifecam19 1868.93896484 2048.23779297 0.170477107167
1433513172815 lifecam19 1847.40576172 2046.20800781 0.184308588505
1433513172885 lifecam19 1829.99963379 2042.58666992 0.179771602154
1433513172957 lifecam19 1821.78027344 2040.49584961 0.173339307308
1433513173018 lifecam19 1818.19714355 2039.82495117 0.172889769077
1433513173084 lifecam19 1818.19628906 2039.82592773 0.174489825964
1433513173151 lifecam19 1817.76611328 2040.47265625 0.17596359551
1433513173217 lifecam19 1819.49487305 2040.06665039 0.16975992918
1433513173353 lifecam19 1818.54602051 2040.5715332 0.175655558705
1433513173423 lifecam19 1819.61804199 2039.85180664 0.169907033443
1433513173482 lifecam19 1822.15759277 2036.8371582 0.147456213832
