1431696928928 lifecam20 37599 -1951.56567383 -2633.28564453 10155.3925781 -1.93193542957 1.52339506149 -0.0166152436286
1431696928943 lifecam19 37599 -330.065124512 2202.63061523 9031.45214844 -1.8403993845 2.03069067001 -0.377756297588
1431696929004 lifecam19 37599 -347.406921387 2093.62353516 8908.43066406 -1.89515316486 2.29114174843 -0.869227528572
1431696929003 lifecam20 37599 -1903.95495605 -2642.13745117 9953.52246094 -1.92808675766 1.69692182541 -0.406939297915
1431696929074 lifecam19 37599 -373.753448486 2044.73791504 8971.20214844 -1.85469698906 2.49609422684 0.507021009922
1431696929145 lifecam19 37599 -371.728607178 2023.34216309 8886.38671875 -1.90059065819 2.4492661953 -1.22175872326
1431696929203 lifecam19 37599 -370.781280518 2015.78881836 8855.46972656 -1.89710068703 2.4504430294 -1.23388719559
1431696929272 lifecam19 37599 -372.990692139 2029.3515625 8916.37695312 -1.90876555443 2.45616555214 -1.21854126453
1431696929347 lifecam19 37599 -370.381195068 2020.71496582 8872.09472656 1.83048057556 -2.48854637146 -0.543450951576
1431696929404 lifecam19 37599 -363.744445801 2049.28881836 8890.64648438 -1.9075460434 2.44221329689 -1.2088085413
1431696929472 lifecam19 37599 -349.799468994 2087.75561523 8860.39648438 -1.88687825203 2.44770002365 -1.21852779388
1431696929546 lifecam19 37599 -332.332702637 2134.4855957 8822.04980469 1.67755115032 -2.1879529953 1.07577311993
1431696929613 lifecam19 37599 -314.201477051 2193.19750977 8816.98339844 1.7995262146 -2.47302222252 -0.458772301674
1431696929671 lifecam19 37599 -296.902313232 2231.6574707 8782.9296875 -1.87479174137 2.44814586639 -1.22419846058
1431696929742 lifecam19 37599 -279.88104248 2287.23681641 8794.16894531 1.65608739853 -2.20817065239 1.07066476345
1431696929813 lifecam19 37599 -260.094055176 2313.02758789 8685.89453125 -1.84856760502 2.45813035965 -1.25557041168
1431696929871 lifecam19 37599 -246.38319397 2390.56835938 8783.68164062 -1.84843564034 2.47395730019 -1.1799018383
1431696929941 lifecam19 37599 -227.130020142 2432.88427734 8739.25390625 -1.85397958755 2.48585152626 -1.18670916557
1431696930014 lifecam19 37599 -208.647262573 2476.78295898 8704.28027344 -1.8368114233 2.48010659218 -1.21600425243
1431696930072 lifecam19 37599 -188.621124268 2493.86376953 8580.9765625 1.69499373436 -2.47905015945 -0.439050763845
1431696930140 lifecam19 37599 -171.013168335 2541.62475586 8563.27832031 -1.79678440094 2.46818852425 -1.24733173847
1431696930215 lifecam19 37599 -153.222564697 2614.86450195 8628.28320312 1.6658744812 -2.47311925888 -0.353942930698
1431696930281 lifecam19 37599 -132.882156372 2646.33227539 8563.46289062 -1.80405092239 2.72111582756 0.412419855595
1431696930341 lifecam19 37599 -114.723579407 2715.47949219 8615.11816406 -1.79646003246 2.49822258949 -1.20172035694
1431696930409 lifecam19 37599 -95.7992477417 2749.15893555 8556.60449219 1.62407517433 -2.47424125671 -0.321448683739
1431696930482 lifecam19 37599 -75.1910705566 2766.86767578 8453.97265625 1.59807419777 -2.2445628643 1.12115347385
1431696930539 lifecam19 37599 -55.0046157837 2860.68969727 8568.34667969 -1.78372967243 2.50259780884 -1.16500341892
1431696930615 lifecam19 37599 -34.5923538208 2876.89086914 8460.77246094 -1.78640079498 2.5190372467 -1.21972072124
1431696930674 lifecam19 37599 -15.7926654816 2866.51245117 8281.98535156 1.66710519791 -2.5162153244 -0.494440853596
1431696931262 lifecam20 37599 -1783.15283203 -1284.43762207 9782.79980469 -1.87946498394 2.1988427639 -0.987963318825
1431696931602 lifecam20 37599 -1714.07543945 -1003.32354736 9612.609375 -1.90805184841 2.00356793404 0.837949335575
1431696931870 lifecam20 37599 -1653.42248535 -776.142089844 9468.39160156 -1.89322674274 2.02210402489 0.861202776432
1431696931931 lifecam20 37599 -1644.59851074 -725.184997559 9474.86816406 -1.89780139923 2.0287501812 0.858668446541
1431696932000 lifecam20 37599 -1667.97009277 -685.037414551 9674.38574219 -1.8826854229 2.12033128738 0.760831356049
1431696932074 lifecam20 37599 -1655.05932617 -632.446838379 9652.96972656 -1.89349794388 2.09648418427 0.782179355621
1431696932129 lifecam20 37599 -1640.67443848 -578.59564209 9632.09765625 -1.79650712013 2.23500132561 -0.968466520309
1431696932200 lifecam20 37599 -1625.95410156 -523.308837891 9607.31054688 -1.87815332413 2.13012385368 0.780084192753
1431696932271 lifecam20 37599 -1611.90576172 -468.92791748 9589.9453125 -1.88791644573 2.14066767693 0.75048238039
1431696932343 lifecam20 37599 -1592.96289062 -425.587005615 9525.046875 -1.88207364082 2.16244268417 0.760146796703
1431696932400 lifecam20 37599 -1611.60864258 -416.36920166 9656.44042969 -1.87917006016 2.18586826324 0.709449887276
1431696932471 lifecam20 37599 -1604.49194336 -408.995635986 9622.68359375 1.91122579575 -2.42955446243 1.03407049179
1431696932541 lifecam20 37599 -1604.39941406 -411.672546387 9615.95117188 -1.76605546474 2.25624632835 -0.968857049942
1431696932598 lifecam20 37599 -1607.32202148 -411.885650635 9635.87109375 -1.76616239548 2.24479460716 -0.953494846821
1431696932667 lifecam20 37599 -1595.62072754 -408.53112793 9565.09472656 -1.75545537472 2.24349284172 -0.966415941715
1431696932741 lifecam20 37599 -1599.16296387 -409.734680176 9585.73144531 -1.76102340221 2.24923634529 -0.970246732235
1431696932798 lifecam20 37599 -1608.12011719 -412.295532227 9641.29492188 -1.77017498016 2.24504828453 -0.939381480217
1431696932869 lifecam20 37599 -1600.7409668 -410.188293457 9596.10253906 -1.76809537411 2.25183057785 -0.961402595043
1431696932941 lifecam20 37599 -1599.16296387 -409.734680176 9585.73144531 -1.76102340221 2.24923634529 -0.970246732235
1431696933008 lifecam20 37599 -1607.32202148 -411.885650635 9635.87109375 -1.76616239548 2.24479460716 -0.953494846821
1431696933076 lifecam20 37599 -1599.16296387 -409.734680176 9585.73144531 -1.76102340221 2.24923634529 -0.970246732235
1431696933141 lifecam20 37599 -1600.7409668 -410.188293457 9596.10253906 -1.76809537411 2.25183057785 -0.961402595043
1431696933209 lifecam20 37599 -1608.94189453 -412.517730713 9647.2109375 -1.77836191654 2.24755740166 -0.934256255627
1431696933266 lifecam20 37599 -1600.84997559 -410.22479248 9596.84277344 -1.75848782063 2.24603819847 -0.969937622547
1431696933336 lifecam20 37599 -1600.27258301 -409.854766846 9592.71875 -1.75693082809 2.2481982708 -0.959072172642
1431696933409 lifecam20 37599 -1599.16296387 -409.734680176 9585.73144531 -1.76102340221 2.24923634529 -0.970246732235
1431696933465 lifecam20 37599 -1603.47058105 -410.84954834 9612.3828125 -1.77250695229 2.25083374977 -0.955880999565
1431696933536 lifecam20 37599 -1599.16296387 -409.734680176 9585.73144531 -1.76102340221 2.24923634529 -0.970246732235
1431696933608 lifecam20 37599 -1603.19165039 -410.710662842 9609.08007812 -1.77048289776 2.25147676468 -0.955979943275
1431696933666 lifecam20 37599 -1599.16296387 -409.734680176 9585.73144531 -1.76102340221 2.24923634529 -0.970246732235
1431696933735 lifecam20 37599 -1599.16296387 -409.734680176 9585.73144531 -1.76102340221 2.24923634529 -0.970246732235
1431696933811 lifecam20 37599 -1600.27258301 -409.854766846 9592.71875 -1.75693082809 2.2481982708 -0.959072172642
1431696933875 lifecam20 37599 -1595.76135254 -408.901550293 9566.18066406 -1.77800619602 2.24697327614 -0.959948122501
1431696933936 lifecam20 37599 -1597.76525879 -409.343597412 9576.53710938 -1.76592755318 2.24446558952 -0.958627820015
1431696934004 lifecam20 37599 -1598.38586426 -409.688079834 9580.79394531 -1.75803697109 2.24706363678 -0.965422213078
1431696934077 lifecam20 37599 -1556.22375488 -396.811798096 9393.40527344 2.00494074821 -2.37255430222 1.1242736578
1431696934133 lifecam20 37599 -1572.89770508 -375.719604492 9595.61914062 -2.16263842583 2.21067214012 0.550042450428
1431696934204 lifecam20 37599 -1520.94604492 -314.471008301 9343.75390625 -1.75324904919 1.82339537144 -0.415207087994
1431696934673 lifecam20 39552 405.584228516 292.067474365 2767.04614258 1.35327422619 -0.742390453815 -0.884374558926
