1433512688534 lifecam19 2708.78295898 1678.07202148 6.18335771561
1433512695469 lifecam19 2624.93896484 2045.51098633 6.18284416199
1433512695543 lifecam19 2637.03051758 2064.09716797 6.26147317886
1433512695609 lifecam19 2637.74243164 2072.16381836 6.24887371063
1433512695673 lifecam19 2608.21459961 2075.03955078 0.0123842395842
1433512695736 lifecam19 2592.00512695 2073.88330078 6.26412057877
1433512695801 lifecam19 2567.15380859 2077.4909668 0.0136407073587
1433512695866 lifecam19 2549.97192383 2076.05419922 0.000491921091452
1433512695938 lifecam19 2528.97167969 2076.05419922 0.000491921091452
1433512696003 lifecam19 2507.97241211 2076.05395508 0.000490013742819
1433512696068 lifecam19 2486.68359375 2078.29443359 0.0210651792586
1433512696140 lifecam19 2468.47167969 2076.6027832 0.00996393337846
1433512696208 lifecam19 2444.99462891 2077.90454102 0.0297794993967
1433512696276 lifecam19 2422.19140625 2078.91088867 0.045980039984
1433512696337 lifecam19 2400.60131836 2079.20996094 0.0528927519917
1433512696404 lifecam19 2380.94824219 2078.40039062 0.0505144074559
1433512696469 lifecam19 2359.72216797 2077.83837891 0.0546304620802
1433512696534 lifecam19 2338.4987793 2077.24731445 0.0570802129805
1433512696602 lifecam19 2317.41552734 2077.49389648 0.0668561011553
1433512696670 lifecam19 2298.11669922 2074.5065918 0.0653882622719
1433512696735 lifecam19 2276.46508789 2074.32348633 0.0722647309303
1433512696803 lifecam19 2255.00244141 2073.85205078 0.0751264765859
1433512696871 lifecam19 2233.80615234 2073.66821289 0.0806986689568
1433512696935 lifecam19 2211.8684082 2073.75195312 0.0987903475761
1433512697004 lifecam19 2190.75439453 2072.82421875 0.108475506306
1433512697070 lifecam19 2172.37695312 2068.37719727 0.0886073708534
1433512697137 lifecam19 2150.90795898 2068.01269531 0.0987934470177
1433512697203 lifecam19 2129.37060547 2067.04614258 0.113978222013
1433512697278 lifecam19 2109.81616211 2064.95166016 0.110270567238
1433512697337 lifecam19 2088.95141602 2061.57885742 0.104533866048
1433512697406 lifecam19 2066.93164062 2060.85498047 0.1174986884
1433512697479 lifecam19 2045.6730957 2059.9831543 0.128025844693
1433512697540 lifecam19 2025.6784668 2057.11572266 0.128134310246
1433512697604 lifecam19 2004.04223633 2054.92480469 0.133227884769
1433512697672 lifecam19 1982.10766602 2054.01123047 0.148280084133
1433512697740 lifecam19 1962.81469727 2050.52905273 0.146001294255
1433512697805 lifecam19 1941.58740234 2048.97851562 0.157510340214
1433512697869 lifecam19 1919.08691406 2047.24975586 0.168954312801
1433512697944 lifecam19 1898.95275879 2043.80200195 0.166723445058
1433512698009 lifecam19 1878.61218262 2040.95874023 0.166059315205
1433512698076 lifecam19 1859.18981934 2038.14477539 0.169932186604
1433512698141 lifecam19 1838.03747559 2035.21240234 0.178718999028
1433512698206 lifecam19 1817.72717285 2033.03955078 0.193456828594
1433512698280 lifecam19 1811.32592773 2031.47729492 0.186867177486
1433512698339 lifecam19 1808.45263672 2031.08325195 0.189601719379
1433512698407 lifecam19 1810.21899414 2030.95458984 0.183564603329
1433512698471 lifecam19 1809.53955078 2030.72094727 0.182574927807
1433512698539 lifecam19 1810.02355957 2031.07666016 0.183329880238
1433512698610 lifecam19 1810.15917969 2030.61865234 0.178963124752
1433512698676 lifecam19 1809.83691406 2031.0222168 0.183146327734
1433512698739 lifecam19 1810.15917969 2030.61865234 0.178963124752
1433512698806 lifecam19 1810.03076172 2030.76025391 0.182117268443
1433512698872 lifecam19 1810.64257812 2030.15649414 0.177107989788
1433512699074 lifecam19 1811.90917969 2028.17553711 0.15457290411
1433512699137 lifecam19 1801.89990234 2024.41723633 0.140654861927
