1433512920356 lifecam19 2313.93847656 1371.79077148 0.114313550293
1433512936244 lifecam19 2649.16235352 2042.75317383 6.1665802002
1433512936309 lifecam19 2673.15795898 2061.46655273 6.24440860748
1433512936379 lifecam19 2708.04785156 2074.28637695 6.2677230835
1433512936441 lifecam19 2698.45947266 2073.52636719 6.26093626022
1433512936583 lifecam19 2659.07519531 2074.02880859 6.26541757584
1433512936646 lifecam19 2637.23876953 2073.87060547 6.26400613785
1433512936713 lifecam19 2617.06933594 2074.48657227 6.26951742172
1433512936781 lifecam19 2596.06933594 2074.48608398 6.26951694489
1433512936847 lifecam19 2573.66870117 2077.30932617 0.00810772553086
1433512936979 lifecam19 2531.66845703 2077.30883789 0.00810581818223
1433512937047 lifecam19 2510.66894531 2077.30908203 0.00810772553086
1433512937109 lifecam19 2488.25073242 2078.59082031 0.0296115316451
1433512937176 lifecam19 2468.75830078 2078.375 0.0332642197609
1433512937254 lifecam19 2445.2980957 2079.62329102 0.0525524057448
1433512937379 lifecam19 2404.4296875 2079.82226562 0.0644996762276
1433512937447 lifecam19 2386.23535156 2078.22021484 0.0532339252532
1433512937507 lifecam19 2364.74365234 2077.35595703 0.0562921240926
1433512937579 lifecam19 2344.55615234 2075.734375 0.0523834861815
1433512937646 lifecam19 2324.75 2073.45458984 0.0472572483122
1433512937777 lifecam19 2281.99853516 2071.89331055 0.0600025057793
1433512937847 lifecam19 2260.60498047 2070.89428711 0.0622088350356
1433512937917 lifecam19 2237.36572266 2072.49389648 0.0929021164775
1433512937984 lifecam19 2217.86889648 2070.33935547 0.0930094122887
1433512938050 lifecam19 2197.59155273 2068.56982422 0.0902753472328
1433512938182 lifecam19 2154.484375 2065.96972656 0.107625901699
1433512938250 lifecam19 2134.24902344 2063.82250977 0.10746127367
1433512938317 lifecam19 2112.33764648 2062.41186523 0.120298445225
1433512938384 lifecam19 2091.02734375 2061.12280273 0.124349527061
1433512938452 lifecam19 2069.50927734 2059.33544922 0.12876136601
1433512938520 lifecam19 2049.15600586 2056.63671875 0.131473511457
1433512938586 lifecam19 2030.08862305 2054.20239258 0.130876228213
1433512938652 lifecam19 2007.53491211 2052.46240234 0.146043375134
1433512938718 lifecam19 1989.07946777 2048.37158203 0.13387554884
1433512938784 lifecam19 1968.4720459 2045.96118164 0.143661096692
1433512938918 lifecam19 1925.7800293 2040.70898438 0.155248343945
1433512938984 lifecam19 1904.6204834 2038.21923828 0.15805464983
1433512939052 lifecam19 1884.0871582 2035.07006836 0.163941919804
1433512939119 lifecam19 1863.5065918 2032.84082031 0.173016726971
1433512939191 lifecam19 1842.2734375 2029.34082031 0.180161431432
1433512939255 lifecam19 1826.75292969 2026.22631836 0.17613440752
1433512939319 lifecam19 1820.36535645 2025.71679688 0.183558538556
1433512939387 lifecam19 1818.87414551 2025.05541992 0.178758203983
1433512939453 lifecam19 1819.41357422 2025.52368164 0.181891024113
1433512939518 lifecam19 1819.34790039 2024.92919922 0.178476631641
1433512939585 lifecam19 1819.67590332 2024.86181641 0.177286088467
1433512939652 lifecam19 1819.67590332 2024.86181641 0.177286088467
