1433512713909 lifecam19 2642.6809082 2038.38476562 6.16429042816
1433512713967 lifecam19 2683.00634766 2062.89624023 6.24941539764
1433512714036 lifecam19 2703.60400391 2084.41088867 0.0366347432137
1433512714104 lifecam19 2699.51489258 2077.90600586 0.00955492630601
1433512714167 lifecam19 2699.72045898 2079.57617188 0.015378061682
1433512714235 lifecam19 2687.14208984 2081.08911133 0.0287925656885
1433512714306 lifecam19 2670.0793457 2080.19140625 0.0230029262602
1433512714371 lifecam19 2649.10253906 2080.09130859 0.0227858442813
1433512714438 lifecam19 2622.95678711 2082.60351562 0.037985984236
1433512714508 lifecam19 2602.921875 2084.19189453 0.0531678833067
1433512714573 lifecam19 2585.20581055 2081.40258789 0.0310975965112
1433512714638 lifecam19 2564.20532227 2081.40258789 0.0310975965112
1433512714704 lifecam19 2542.84863281 2081.47973633 0.0395262874663
1433512714771 lifecam19 2522.92626953 2080.08032227 0.0345427393913
1433512714835 lifecam19 2500.10571289 2081.16821289 0.0593124032021
1433512714909 lifecam19 2478.33666992 2081.13574219 0.0707115605474
1433512714976 lifecam19 2457.5793457 2080.80078125 0.071562230587
1433512715036 lifecam19 2436.38842773 2080.9909668 0.0751644968987
1433512715108 lifecam19 2416.25024414 2080.49438477 0.0768116116524
1433512715174 lifecam19 2394.12402344 2080.48486328 0.0917609408498
1433512715235 lifecam19 2372.05004883 2080.04785156 0.105685427785
1433512715302 lifecam19 2353.48535156 2077.10473633 0.091919362545
1433512715371 lifecam19 2335.13598633 2074.34521484 0.0799412205815
1433512715439 lifecam19 2312.23999023 2074.14697266 0.0992054417729
1433512715509 lifecam19 2289.85473633 2074.15307617 0.113876417279
1433512715571 lifecam19 2269.27197266 2072.90454102 0.114563062787
1433512715639 lifecam19 2249.17871094 2070.48852539 0.112216889858
1433512715711 lifecam19 2227.78637695 2069.0090332 0.12466711551
1433512715773 lifecam19 2207.03393555 2067.5925293 0.127537667751
1433512715839 lifecam19 2185.20507812 2065.98413086 0.138278201222
1433512715904 lifecam19 2166.76171875 2062.74707031 0.129627406597
1433512715972 lifecam19 2145.67089844 2061.37768555 0.134986579418
1433512716040 lifecam19 2121.98632812 2059.90136719 0.153836190701
1433512716108 lifecam19 2101.38134766 2058.03662109 0.15856474638
1433512716173 lifecam19 2080.50219727 2055.75244141 0.162763565779
1433512716240 lifecam19 2059.92456055 2053.52050781 0.165906488895
1433512716309 lifecam19 2039.9206543 2049.27905273 0.163569748402
1433512716375 lifecam19 2018.66015625 2047.81982422 0.173575565219
1433512716507 lifecam19 1978.1895752 2041.62231445 0.179427802563
1433512716570 lifecam19 1956.10180664 2039.00805664 0.188623592257
1433512716638 lifecam19 1935.42053223 2036.11694336 0.193523585796
1433512716710 lifecam19 1913.35791016 2033.87353516 0.208274304867
1433512716776 lifecam19 1894.39538574 2029.45092773 0.196474373341
1433512716838 lifecam19 1872.5390625 2026.57006836 0.210551783442
1433512716908 lifecam19 1852.81091309 2022.8347168 0.211936324835
1433512716979 lifecam19 1832.80615234 2019.46923828 0.218218415976
1433512717038 lifecam19 1816.58056641 2015.68896484 0.21998770535
1433512717106 lifecam19 1808.78308105 2014.87402344 0.22525665164
1433512717179 lifecam19 1806.32141113 2014.50195312 0.226553738117
1433512717240 lifecam19 1807.97937012 2014.72631836 0.224347174168
1433512717314 lifecam19 1806.98754883 2014.69897461 0.224587008357
1433512717376 lifecam19 1807.29931641 2014.50805664 0.223867610097
1433512717439 lifecam19 1807.56408691 2014.87646484 0.224174201488
1433512717576 lifecam19 1806.78222656 2015.06054688 0.229089677334
1433512717643 lifecam19 1807.15441895 2015.14770508 0.229061901569
1433512717707 lifecam19 1807.73278809 2014.68945312 0.222919523716
1433512717775 lifecam19 1807.36901855 2015.11547852 0.227457016706
1433512717844 lifecam19 1805.87524414 2016.64770508 0.238062083721
1433512718043 lifecam19 1797.80126953 2002.56445312 0.179460585117
