1433513148782 lifecam19 2641.35009766 2039.24194336 6.15942287445
1433513148847 lifecam19 2673.89916992 2061.54589844 6.23708868027
1433513148983 lifecam19 2705.83129883 2082.07861328 0.00927025452256
1433513149042 lifecam19 2704.90209961 2084.13208008 0.0246468242258
1433513149115 lifecam19 2705.65600586 2081.98291016 0.00404078187421
1433513149182 lifecam19 2691.48535156 2083.67651367 0.0192181505263
1433513149242 lifecam19 2669.17016602 2084.53515625 0.0314237512648
1433513149319 lifecam19 2648.65454102 2084.41870117 0.0269473232329
1433513149381 lifecam19 2626.58203125 2084.5769043 0.0368387103081
1433513149445 lifecam19 2605.33813477 2084.44824219 0.0390709079802
1433513149514 lifecam19 2584.19165039 2084.22460938 0.0404130890965
1433513149577 lifecam19 2562.25390625 2085.62280273 0.0554862730205
1433513149710 lifecam19 2520.67333984 2085.67675781 0.0641477778554
1433513149781 lifecam19 2499.26391602 2085.66064453 0.0714865252376
1433513149849 lifecam19 2477.21044922 2085.86035156 0.0871521830559
1433513149910 lifecam19 2459.83520508 2083.12646484 0.0718727707863
1433513149982 lifecam19 2440.58862305 2081.27368164 0.0637838169932
1433513150057 lifecam19 2415.80029297 2082.02954102 0.0839053988457
1433513150116 lifecam19 2394.69775391 2081.97045898 0.0893697142601
1433513150185 lifecam19 2374.22607422 2081.52783203 0.0935449004173
1433513150249 lifecam19 2354.25 2080.05834961 0.0980007126927
1433513150316 lifecam19 2333.38110352 2078.18334961 0.0979220271111
1433513150450 lifecam19 2291.90698242 2075.37475586 0.110755756497
1433513150517 lifecam19 2271.78979492 2073.47924805 0.110362477601
1433513150577 lifecam19 2249.80932617 2072.05102539 0.116378374398
1433513150652 lifecam19 2228.31982422 2070.1394043 0.121551096439
1433513150724 lifecam19 2207.93115234 2068.3671875 0.12455804646
1433513150781 lifecam19 2186.46582031 2067.18066406 0.136110723019
1433513150850 lifecam19 2165.33837891 2065.23022461 0.144865691662
1433513150918 lifecam19 2144.76220703 2062.7824707 0.14372497797
1433513150979 lifecam19 2123.19799805 2061.07617188 0.155670568347
1433513151047 lifecam19 2104.42602539 2057.8515625 0.152084410191
1433513151185 lifecam19 2060.41748047 2053.33300781 0.167041018605
1433513151245 lifecam19 2039.43017578 2050.70361328 0.171720087528
1433513151321 lifecam19 2019.73706055 2047.85424805 0.172115623951
1433513151387 lifecam19 1998.9934082 2045.51367188 0.183158010244
1433513151453 lifecam19 1979.16943359 2041.21166992 0.173288881779
1433513151523 lifecam19 1956.40527344 2039.61791992 0.197186529636
1433513151585 lifecam19 1937.87390137 2035.17382812 0.187714859843
1433513151646 lifecam19 1916.62536621 2032.79980469 0.19951812923
1433513151714 lifecam19 1895.18237305 2028.84887695 0.202595189214
1433513151785 lifecam19 1874.5411377 2025.41357422 0.204402774572
1433513151915 lifecam19 1833.81665039 2018.94360352 0.2198112607
1433513151994 lifecam19 1815.34619141 2017.36010742 0.23654204607
1433513152058 lifecam19 1811.1048584 2014.69311523 0.225871026516
1433513152114 lifecam19 1814.30554199 2014.39794922 0.216893598437
1433513152187 lifecam19 1813.0267334 2014.25097656 0.21965521574
1433513152314 lifecam19 1813.98413086 2013.84960938 0.214150130749
1433513152381 lifecam19 1813.63037109 2014.26171875 0.216646969318
1433513152452 lifecam19 1813.63037109 2014.26171875 0.216646969318
1433513152521 lifecam19 1814.44714355 2013.67871094 0.211700022221
1433513152585 lifecam19 1813.40576172 2014.56567383 0.219774320722
1433513152668 lifecam19 1814.37365723 2014.20385742 0.214724242687
1433513152721 lifecam19 1814.24365234 2014.13769531 0.217843964696
