1433512990403 lifecam19 2693.24829102 2068.83569336 6.25195980072
1433512990466 lifecam19 2708.14624023 2075.58154297 6.27938985825
1433512990532 lifecam19 2702.77124023 2074.54296875 6.27002382278
1433512990600 lifecam19 2691.36547852 2075.83300781 6.27421283722
1433512990669 lifecam19 2671.36791992 2077.38745117 0.00301415123977
1433512990741 lifecam19 2646.2109375 2078.95678711 0.0171100534499
1433512990800 lifecam19 2625.21142578 2078.95654297 0.0171075519174
1433512990868 lifecam19 2607.89282227 2077.32983398 0.000732008600608
1433512990929 lifecam19 2586.81787109 2078.78735352 0.0161101259291
1433512991002 lifecam19 2565.81762695 2078.78759766 0.0161135829985
1433512991135 lifecam19 2523.5925293 2078.49853516 0.0195418018848
1433512991200 lifecam19 2501.89404297 2079.16210938 0.0261067785323
1433512991271 lifecam19 2479.76464844 2079.79907227 0.0396917499602
1433512991339 lifecam19 2457.35717773 2080.77563477 0.0590254664421
1433512991401 lifecam19 2436.43115234 2079.5925293 0.0604366734624
1433512991538 lifecam19 2394.81884766 2080.15576172 0.077371776104
1433512991602 lifecam19 2374.66333008 2078.81494141 0.0797064974904
1433512991667 lifecam19 2353.52172852 2077.19482422 0.0793831944466
1433512991738 lifecam19 2332.51806641 2075.80883789 0.080279648304
1433512991801 lifecam19 2314.60375977 2073.5324707 0.0638751387596
1433512991881 lifecam19 2293.77441406 2072.3125 0.0700443461537
1433512991934 lifecam19 2270.82958984 2072.49975586 0.0894420668483
1433512992004 lifecam19 2249.44824219 2071.63085938 0.0970364287496
1433512992063 lifecam19 2230.17578125 2068.55126953 0.0890025496483
1433512992135 lifecam19 2208.76318359 2067.8059082 0.105074822903
1433512992273 lifecam19 2166.27929688 2065.19067383 0.115301080048
1433512992334 lifecam19 2145.68652344 2062.76733398 0.114357531071
1433512992404 lifecam19 2124.31469727 2061.0402832 0.124706089497
1433512992473 lifecam19 2103.05761719 2059.94287109 0.131276577711
1433512992539 lifecam19 2082.08178711 2057.11865234 0.135333120823
1433512992670 lifecam19 2040.50512695 2052.63671875 0.149056747556
1433512992736 lifecam19 2020.75024414 2049.54492188 0.142524316907
1433512992810 lifecam19 1998.37548828 2047.77001953 0.156505659223
1433512992873 lifecam19 1978.0267334 2045.32470703 0.158959925175
1433512992935 lifecam19 1957.88012695 2041.55761719 0.159383356571
1433512993074 lifecam19 1916.82336426 2035.69506836 0.166755855083
1433512993140 lifecam19 1895.96008301 2033.00292969 0.171343028545
1433512993203 lifecam19 1875.86914062 2028.77612305 0.172280967236
1433512993271 lifecam19 1855.3626709 2026.66040039 0.17887480557
1433512993341 lifecam19 1833.0489502 2024.03051758 0.192782565951
1433512993409 lifecam19 1818.12097168 2020.74023438 0.188754752278
1433512993473 lifecam19 1810.89404297 2020.81469727 0.200903117657
1433512993538 lifecam19 1810.03051758 2020.38134766 0.197624027729
1433512993603 lifecam19 1811.63098145 2020.58935547 0.194157317281
1433512993676 lifecam19 1810.96411133 2020.33813477 0.195941403508
1433512993803 lifecam19 1811.09960938 2020.02441406 0.195168793201
1433512993870 lifecam19 1811.01696777 2020.33251953 0.196773588657
