1431696901217 lifecam20 39552 402.675872803 290.605865479 2748.99536133 1.35370957851 -0.740806758404 -0.889441609383
1431696901897 lifecam19 37599 -317.688751221 2263.64282227 9078.54003906 -1.76386606693 1.79340529442 -0.0841180160642
1431696901958 lifecam20 37599 -1904.36169434 -2584.04150391 9953.84375 2.39733672142 -1.85760676861 -0.0631127282977
1431696901965 lifecam19 37599 -335.251464844 2193.2175293 9063.91796875 1.62917625904 -2.05463337898 0.0742049217224
1431696902031 lifecam20 37599 -1936.35461426 -2703.6484375 10107.7382812 -2.22933697701 1.81672215462 0.562279105186
1431696902039 lifecam19 37599 -358.80065918 2074.20947266 8952.92675781 -1.91898798943 2.40927410126 -1.03506350517
1431696902104 lifecam19 37599 -370.033599854 2010.80236816 8861.37695312 -1.85870683193 2.45163941383 -1.23514008522
1431696902173 lifecam19 37599 -369.308044434 2027.7142334 8890.07910156 1.66947042942 -2.19490098953 1.07925486565
1431696902240 lifecam19 37599 -371.237518311 2034.4798584 8926.3828125 1.67257785797 -2.20148873329 1.07081401348
1431696902303 lifecam19 37599 -367.101715088 2032.92736816 8882.81835938 -1.86454021931 2.4665851593 -1.2323114872
1431696902364 lifecam19 37599 -352.915100098 2049.64526367 8807.14453125 1.66209053993 -2.19648814201 1.1059012413
1431696902439 lifecam19 37599 -341.467559814 2105.83178711 8858.07226562 -1.83022403717 2.53569793701 0.50844681263
1431696902502 lifecam19 37599 -321.026062012 2151.66162109 8804.94042969 -1.86941516399 2.47228884697 -1.22779548168
1431696902564 lifecam19 37599 -303.587036133 2218.87548828 8838.56054688 -1.83252155781 2.46636867523 -1.19609248638
1431696902639 lifecam19 37599 -285.7784729 2246.32250977 8755.47167969 -1.80782163143 2.58776545525 0.485989302397
1431696902702 lifecam19 37599 -267.080993652 2283.62182617 8701.67578125 -1.826390028 2.46414613724 -1.23928797245
1431696902771 lifecam19 37599 -247.343383789 2333.08032227 8687.76367188 1.62400984764 -2.22932624817 1.10661900043
1431696902832 lifecam19 37599 -231.52432251 2403.92480469 8750.42089844 -1.82339775562 2.49331951141 -1.20469200611
1431696902904 lifecam19 37599 -211.532089233 2440.3840332 8697.20117188 -1.82030105591 2.48193430901 -1.2054309845
1431696902971 lifecam19 37599 -193.239974976 2484.09521484 8670.01367188 1.69038569927 -2.49267625809 -0.409633785486
1431696903032 lifecam19 37599 -171.870803833 2517.73999023 8603.95703125 -1.7833302021 2.68503308296 0.452095776796
1431696903108 lifecam19 37599 -153.508239746 2569.33105469 8594.22167969 1.6538387537 -2.50345945358 -0.39219135046
1431696903171 lifecam19 37599 -134.192703247 2614.51098633 8568.13574219 1.63445472717 -2.48948121071 -0.383439153433
1431696903233 lifecam19 37599 -115.05279541 2672.38696289 8590.94824219 1.62077486515 -2.49601411819 -0.343590348959
1431696903307 lifecam19 37599 -93.354637146 2705.50488281 8534.90332031 -1.76073110104 2.51213216782 -1.22396373749
1431696903371 lifecam19 37599 -72.9977416992 2764.76098633 8551.92382812 1.57894718647 -2.2680182457 1.09962451458
1431696903432 lifecam19 37599 -52.8807182312 2799.82617188 8498.02636719 1.58214318752 -2.26335525513 1.10100257397
1431696903501 lifecam19 37599 -31.9375286102 2865.44238281 8539.77636719 1.60284388065 -2.28518199921 1.09068417549
1431696903576 lifecam19 37599 -10.0567979813 2885.67675781 8446.08984375 -1.73093032837 2.51466655731 -1.23795735836
1431696904688 lifecam20 37599 -1646.84692383 -867.702331543 9547.59082031 -1.79024934769 2.20676875114 -1.0284923315
1431696904830 lifecam20 37599 -1652.63366699 -773.412597656 9703.04492188 -1.87016618252 2.09421825409 0.805759549141
1431696904889 lifecam20 37599 -1640.66601562 -717.801879883 9688.33398438 -1.8755197525 2.11663842201 0.782121300697
1431696905099 lifecam20 37599 -1575.8515625 -549.012878418 9515.40429688 -1.86956048012 2.14389419556 0.818322956562
1431696905157 lifecam20 37599 -1572.31201172 -500.160217285 9561.9140625 -1.76167559624 2.24206638336 -0.978152990341
1431696905225 lifecam20 37599 -1555.93786621 -447.544372559 9529.11914062 2.08827018738 -2.41407561302 -0.893338382244
1431696905303 lifecam20 37599 -1549.45825195 -414.695953369 9539.99511719 -1.86815166473 2.1758620739 0.78277784586
1431696907360 lifecam20 37599 -1502.43017578 -383.409454346 9377.46191406 1.99887084961 -2.3765194416 1.14761686325
1431696907433 lifecam20 37599 -1464.22998047 -342.197113037 9346.10351562 -1.92720508575 1.88237023354 -0.707001447678
1431696907505 lifecam20 37599 -1499.8918457 -262.180023193 9560.63085938 -1.74849557877 1.67470026016 -0.177943095565
