1431696978351 lifecam19 37599 -370.934051514 2027.20300293 8895.01757812 1.81737482548 -2.49241065979 -0.517355263233
1431696978423 lifecam19 37599 -371.467071533 2028.57116699 8908.27441406 -1.88681578636 2.46995830536 -1.20677661896
1431696978482 lifecam19 37599 -373.569610596 2040.54223633 8954.88867188 1.84028577805 -2.5017619133 -0.508502304554
1431696978554 lifecam19 37599 -373.992645264 2043.68920898 8970.16503906 1.8318644762 -2.49207162857 -0.480226904154
1431696978622 lifecam19 37599 -367.648223877 2030.1583252 8876.58984375 -1.88369643688 2.45966410637 -1.21508717537
1431696978691 lifecam19 37599 -357.919799805 2075.29833984 8916.296875 -1.85353040695 2.51504993439 0.497498035431
1431696978754 lifecam19 37599 -338.932891846 2109.32666016 8837.60351562 1.81419813633 -2.48390126228 -0.518422007561
1431696978822 lifecam19 37599 -320.092407227 2170.49902344 8837.09570312 -1.89406132698 2.47137355804 -1.19095909595
1431696978890 lifecam19 37599 -300.83984375 2200.37744141 8757.69921875 -1.86601650715 2.44450545311 -1.24937558174
1431696978955 lifecam19 37599 -283.770751953 2250.7800293 8755.00878906 -1.84322679043 2.46026992798 -1.22743880749
1431696979022 lifecam19 37599 -266.210998535 2306.59204102 8758.17578125 1.64838564396 -2.21120882034 1.09090518951
1431696979090 lifecam19 37599 -247.887176514 2345.53930664 8699.88574219 -1.826603055 2.6169230938 0.466688483953
1431696979159 lifecam19 37599 -231.121353149 2398.09716797 8707.11328125 -1.81842565536 2.62697553635 0.43336340785
1431696979221 lifecam19 37599 -211.474685669 2443.02368164 8679.05859375 1.63668608665 -2.22521543503 1.08294987679
1431696979289 lifecam19 37599 -192.459854126 2489.69458008 8658.50097656 -1.81636846066 2.65911889076 0.433466851711
1431696979351 lifecam19 37599 -176.114715576 2568.89819336 8750.46582031 -1.8100451231 2.49489378929 -1.16671931744
1431696979422 lifecam19 37599 -155.128005981 2582.42993164 8618.46777344 -1.81338024139 2.48217535019 -1.2420617342
1431696979490 lifecam19 37599 -135.148300171 2630.66040039 8605.99804688 1.63017439842 -2.2463350296 1.10886526108
1431696979557 lifecam19 37599 -116.179382324 2693.72802734 8636.85058594 1.61731052399 -2.25809049606 1.07984519005
1431696979621 lifecam19 37599 -96.1924209595 2731.7722168 8588.48828125 -1.79748082161 2.50743746758 -1.19763731956
1431696979690 lifecam19 37599 -76.2671127319 2759.58569336 8507.5234375 -1.78427743912 2.5121114254 -1.21771025658
1431696979759 lifecam19 37599 -56.4767112732 2826.0324707 8549.6640625 -1.78426492214 2.51932501793 -1.18808269501
1431696979829 lifecam19 37599 -35.2209396362 2855.61694336 8478.73730469 1.59126615524 -2.25587034225 1.1059513092
1431696979892 lifecam19 37599 -14.5844831467 2904.90991211 8471.5703125 1.59261214733 -2.2657122612 1.08887267113
1431696981009 lifecam20 37599 -1679.74597168 -868.668640137 9646.65039062 -1.89472389221 2.02781367302 0.835263133049
1431696981141 lifecam20 37599 -1640.41040039 -755.185180664 9528.18652344 -1.90429580212 2.03510546684 0.860353350639
1431696981209 lifecam20 37599 -1659.43103027 -713.69128418 9702.69628906 -1.86456537247 2.08195710182 0.779883503914
1431696981348 lifecam20 37599 -1640.26037598 -606.458618164 9712.328125 -1.90233278275 2.12788128853 0.742064297199
1431696981476 lifecam20 37599 -1593.93212891 -493.715393066 9567.53222656 -1.7826821804 2.24152183533 -0.981738090515
1431696981551 lifecam20 37599 -1586.03771973 -443.404876709 9587.80859375 -1.88105452061 2.13775658607 0.75420242548
1431696981610 lifecam20 37599 -1574.42358398 -416.440795898 9549.6640625 -1.8842420578 2.13835382462 0.775121033192
1431696981681 lifecam20 37599 -1584.0345459 -415.9112854 9619.30957031 -1.75303316116 2.24604105949 -0.96259611845
1431696981747 lifecam20 37599 -1589.61291504 -416.001159668 9648.80566406 -1.85663664341 2.18613195419 0.726470351219
1431696981813 lifecam20 37599 -1569.69384766 -409.783477783 9529.79003906 -1.86528611183 2.17282342911 0.76702350378
1431696981879 lifecam20 37599 -1581.98010254 -414.272003174 9601.87890625 -1.86126840115 2.18600940704 0.739158987999
1431696981948 lifecam20 37599 -1583.85339355 -414.55960083 9614.79980469 -1.86609244347 2.1871213913 0.740107417107
1431696982021 lifecam20 37599 -1575.0880127 -411.613586426 9561.71875 -1.86248457432 2.17482352257 0.757168292999
1431696982079 lifecam20 37599 -1589.83630371 -415.814453125 9651.20898438 -1.86138212681 2.18278121948 0.728665649891
1431696982144 lifecam20 37599 -1580.23291016 -413.545806885 9591.80566406 -1.86174356937 2.18347620964 0.743705809116
1431696982225 lifecam20 37599 -1587.15698242 -414.972290039 9635.79296875 -1.86602091789 2.18301892281 0.735042273998
1431696982279 lifecam20 37599 -1582.00183105 -413.658477783 9604.40136719 2.08315992355 -2.43697190285 -0.824504554272
1431696982345 lifecam20 37599 -1578.76525879 -412.994537354 9583.21582031 -1.85990571976 2.17387914658 0.75171816349
1431696982413 lifecam20 37599 -1581.48754883 -413.422302246 9600.33984375 -1.85960054398 2.17887783051 0.744262635708
1431696982480 lifecam20 37599 -1581.48754883 -413.422302246 9600.33984375 -1.85960054398 2.17887783051 0.744262635708
1431696982547 lifecam20 37599 -1578.09033203 -412.976165771 9578.88378906 -1.86963558197 2.19419193268 0.754228234291
1431696982616 lifecam20 37599 -1579.38696289 -413.176269531 9586.97265625 -1.86372554302 2.18893623352 0.741733431816
1431696982680 lifecam20 37599 -1578.76525879 -412.994537354 9583.21582031 -1.85990571976 2.17387914658 0.75171816349
1431696982748 lifecam20 37599 -1575.19226074 -411.840881348 9563.07421875 -1.86896359921 2.17872023582 0.759019196033
1431696982815 lifecam20 37599 -1583.78771973 -414.29675293 9613.77050781 -1.85906243324 2.18237638474 0.738225281239
1431696982889 lifecam20 37599 -1582.93652344 -413.968841553 9608.81835938 -1.86148512363 2.18854808807 0.736174404621
1431696982945 lifecam20 37599 -1586.52539062 -414.973815918 9631.61523438 -1.86586129665 2.192237854 0.732546269894
1431696983013 lifecam20 37599 -1577.9699707 -412.638427734 9578.69042969 -1.86185359955 2.17928647995 0.749711990356
1431696983086 lifecam20 37599 -1587.39172363 -414.922576904 9635.49023438 -1.86443531513 2.18346714973 0.73278093338
1431696983145 lifecam20 37599 -1576.15588379 -412.610839844 9566.76269531 -1.86401224136 2.1828391552 0.750674843788
1431696983212 lifecam20 37599 -1579.38696289 -413.176269531 9586.97265625 -1.86372554302 2.18893623352 0.741733431816
1431696983283 lifecam20 37599 -1575.0880127 -411.613586426 9561.71875 -1.86248457432 2.17482352257 0.757168292999
1431696983345 lifecam20 37599 -1570.82617188 -410.578857422 9534.63574219 -1.86397528648 2.17747044563 0.771183371544
1431696983416 lifecam20 37599 -1580.48803711 -413.714508057 9593.13867188 -1.85942018032 2.17635822296 0.74728167057
1431696983484 lifecam20 37599 -1579.38696289 -413.176269531 9586.97265625 -1.86372554302 2.18893623352 0.741733431816
1431696983557 lifecam20 37599 -1568.90942383 -410.431365967 9523.30566406 -1.86871290207 2.18401479721 0.761633872986
1431696983612 lifecam20 37599 -1556.67797852 -404.553039551 9584.71582031 2.1875500679 -2.28610658646 -0.764835000038
1431696983681 lifecam20 37599 -1505.5300293 -331.818511963 9366.07226562 2.08084821701 -2.06982851028 -0.34524089098
