1433512819526 lifecam19 2646.96459961 2040.84082031 6.15031337738
1433512819598 lifecam19 2673.05053711 2068.79589844 0.00164121785201
1433512819670 lifecam19 2703.67578125 2083.19726562 0.0321448482573
1433512819732 lifecam19 2700.47290039 2076.05273438 0.000479642534629
1433512819798 lifecam19 2703.12646484 2075.26147461 6.27240276337
1433512819867 lifecam19 2694.16821289 2077.06005859 0.00190836598631
1433512819928 lifecam19 2678.81274414 2076.55541992 6.28041648865
1433512820062 lifecam19 2632.21166992 2078.95629883 0.0171052832156
1433512820131 lifecam19 2610.3190918 2080.95556641 0.0271590389311
1433512820193 lifecam19 2588.58422852 2084.01708984 0.0511625371873
1433512820262 lifecam19 2571.1184082 2081.89379883 0.0319024957716
1433512820331 lifecam19 2551.09692383 2080.04516602 0.0228394921869
1433512820462 lifecam19 2509.53930664 2079.20068359 0.0219504293054
1433512820530 lifecam19 2488.00415039 2079.69726562 0.0307030119002
1433512820594 lifecam19 2464.93945312 2081.11523438 0.0530497469008
1433512820664 lifecam19 2443.5090332 2081.00561523 0.0609936155379
1433512820729 lifecam19 2421.55932617 2081.0949707 0.0666437745094
1433512820809 lifecam19 2401.35522461 2080.05419922 0.0684440732002
1433512820871 lifecam19 2381.26416016 2080.31103516 0.0768103152514
1433512820936 lifecam19 2359.35107422 2079.71044922 0.0856034308672
1433512821002 lifecam19 2337.58691406 2079.22216797 0.0944791510701
1433512821072 lifecam19 2321.15625 2074.609375 0.0708696320653
1433512821209 lifecam19 2277.51538086 2073.8605957 0.0896748974919
1433512821276 lifecam19 2256.4050293 2072.52539062 0.0915291905403
1433512821335 lifecam19 2234.60058594 2072.02270508 0.104688234627
1433512821402 lifecam19 2215.32788086 2070.09277344 0.102623276412
1433512821474 lifecam19 2193.60717773 2068.26977539 0.10885424912
1433512821597 lifecam19 2152.83154297 2064.53320312 0.11574036628
1433512821665 lifecam19 2131.36279297 2062.9753418 0.125875174999
1433512821735 lifecam19 2109.63183594 2061.32348633 0.130220234394
1433512821800 lifecam19 2088.00073242 2060.04394531 0.140373781323
1433512821866 lifecam19 2067.52661133 2056.77978516 0.138322770596
1433512821997 lifecam19 2025.19165039 2053.09863281 0.156670048833
1433512822074 lifecam19 2004.59960938 2050.29443359 0.157893493772
1433512822139 lifecam19 1983.63891602 2048.33984375 0.167549937963
1433512822198 lifecam19 1964.45300293 2044.83056641 0.161946609616
1433512822267 lifecam19 1942.70874023 2041.50756836 0.167963325977
1433512822403 lifecam19 1901.24853516 2036.3840332 0.177143752575
1433512822466 lifecam19 1880.55407715 2033.51586914 0.182313770056
1433512822533 lifecam19 1860.33581543 2029.74951172 0.185162946582
1433512822601 lifecam19 1838.33325195 2027.14160156 0.198253557086
1433512822668 lifecam19 1820.47290039 2023.12963867 0.194633543491
1433512822803 lifecam19 1808.78222656 2020.80712891 0.193595215678
1433512822864 lifecam19 1808.63818359 2021.08349609 0.196305587888
1433512822933 lifecam19 1808.21728516 2021.02197266 0.198298886418
1433512823005 lifecam19 1808.69543457 2021.05883789 0.195823505521
1433512823067 lifecam19 1808.69543457 2021.05883789 0.195823505521
1433512823201 lifecam19 1808.70092773 2020.8894043 0.196052968502
1433512823272 lifecam19 1808.70092773 2020.8894043 0.196052968502
1433512823335 lifecam19 1808.69543457 2021.05883789 0.195823505521
1433512823409 lifecam19 1810.10888672 2020.04589844 0.191655576229
1433512823609 lifecam19 1789.70251465 2010.41625977 0.159636095166
