1433512772391 lifecam19 2643.42578125 2047.00952148 6.20163154602
1433512772460 lifecam19 2662.88183594 2064.54931641 6.27862358093
1433512772527 lifecam19 2692.07275391 2077.60571289 0.0358189940453
1433512772592 lifecam19 2697.62524414 2074.43701172 6.26907348633
1433512772727 lifecam19 2658.47314453 2076.05297852 0.000479642534629
1433512772792 lifecam19 2633.97192383 2076.05419922 0.000490967417136
1433512772859 lifecam19 2616.47338867 2076.05249023 0.000478331232443
1433512772925 lifecam19 2595.47290039 2076.05249023 0.00047916569747
1433512772995 lifecam19 2574.05493164 2076.29467773 0.00445300759748
1433512773062 lifecam19 2551.35009766 2076.89257812 0.0204803366214
1433512773133 lifecam19 2529.11401367 2078.28662109 0.036089360714
1433512773202 lifecam19 2507.49267578 2079.00024414 0.0450082421303
1433512773264 lifecam19 2486.96484375 2079.1652832 0.0534020140767
1433512773327 lifecam19 2465.48120117 2079.21557617 0.0599699690938
1433512773400 lifecam19 2444.41943359 2078.60253906 0.0648095011711
1433512773459 lifecam19 2423.98266602 2078.58569336 0.0693579241633
1433512773527 lifecam19 2405.12915039 2076.78540039 0.0582792274654
1433512773594 lifecam19 2384.39526367 2074.72485352 0.0579908490181
1433512773662 lifecam19 2362.39233398 2075.31762695 0.0702183842659
1433512773800 lifecam19 2321.38549805 2073.23095703 0.0730119422078
1433512773863 lifecam19 2300.19311523 2072.4206543 0.0781461670995
1433512773927 lifecam19 2278.26953125 2072.70385742 0.0921387150884
1433512773995 lifecam19 2257.99707031 2070.19067383 0.0924890637398
1433512774061 lifecam19 2239.96118164 2066.6496582 0.0757210925221
1433512774130 lifecam19 2215.86694336 2067.67358398 0.10480672121
1433512774198 lifecam19 2194.13745117 2067.55419922 0.117102324963
1433512774261 lifecam19 2173.64111328 2065.70361328 0.116059601307
1433512774335 lifecam19 2153.7668457 2062.28271484 0.111431419849
1433512774403 lifecam19 2132.59960938 2061.06518555 0.120809964836
1433512774537 lifecam19 2089.95605469 2057.46606445 0.132451474667
1433512774598 lifecam19 2069.42041016 2055.00439453 0.136324927211
1433512774663 lifecam19 2047.71240234 2053.65673828 0.145412057638
1433512774729 lifecam19 2027.33691406 2050.83691406 0.146476566792
1433512774795 lifecam19 2005.55029297 2049.12255859 0.156001627445
1433512774929 lifecam19 1965.66296387 2043.55249023 0.160128653049
1433512774998 lifecam19 1942.81164551 2041.46630859 0.172442600131
1433512775063 lifecam19 1924.04150391 2037.54199219 0.166463062167
1433512775134 lifecam19 1903.23120117 2035.12744141 0.174404427409
1433512775199 lifecam19 1881.67077637 2032.04833984 0.184287011623
1433512775267 lifecam19 1860.81555176 2028.7746582 0.184453904629
1433512775335 lifecam19 1839.69104004 2027.23730469 0.19700974226
1433512775397 lifecam19 1820.33325195 2023.72631836 0.201112210751
1433512775467 lifecam19 1809.39599609 2022.72949219 0.207143142819
1433512775536 lifecam19 1808.22631836 2021.09521484 0.198356449604
1433512775667 lifecam19 1807.69274902 2021.16308594 0.198597148061
1433512775735 lifecam19 1807.9017334 2021.47387695 0.202379286289
1433512775803 lifecam19 1807.09155273 2021.59985352 0.203410089016
1433512775864 lifecam19 1807.34924316 2021.27026367 0.20160703361
1433512775930 lifecam19 1808.2487793 2021.36523438 0.199374616146
