1433512793762 lifecam19 2648.39501953 2035.85961914 6.13415288925
1433512793831 lifecam19 2672.70898438 2063.890625 6.27160787582
1433512793897 lifecam19 2703.8840332 2081.96728516 0.0281239207834
1433512793962 lifecam19 2700.47290039 2076.05273438 0.000479642534629
1433512794096 lifecam19 2694.76269531 2075.16308594 6.27560710907
1433512794166 lifecam19 2678.92529297 2074.01025391 6.26525306702
1433512794231 lifecam19 2656.68164062 2074.77539062 6.27211332321
1433512794295 lifecam19 2634.62475586 2074.43701172 6.26907539368
1433512794365 lifecam19 2613.85571289 2076.89306641 6.28242921829
1433512794497 lifecam19 2566.83154297 2083.92724609 0.039130397141
1433512794566 lifecam19 2547.60644531 2085.22290039 0.0497893728316
1433512794626 lifecam19 2528.30834961 2083.93701172 0.0393454432487
1433512794693 lifecam19 2507.27124023 2083.22045898 0.0396848358214
1433512794764 lifecam19 2486.85913086 2082.29833984 0.0342900194228
1433512794833 lifecam19 2465.30932617 2082.97851562 0.0426688827574
1433512794896 lifecam19 2443.76513672 2083.85620117 0.0527926124632
1433512794961 lifecam19 2423.71289062 2082.23022461 0.0423380732536
1433512795029 lifecam19 2403.21313477 2081.76293945 0.0410923399031
1433512795095 lifecam19 2382.38085938 2082.09545898 0.0486795343459
1433512795236 lifecam19 2339.47729492 2081.91137695 0.0741555243731
1433512795299 lifecam19 2318.296875 2081.14306641 0.0759170651436
1433512795366 lifecam19 2298.10668945 2080.12670898 0.0745490342379
1433512795432 lifecam19 2278.04760742 2079.95141602 0.0837279036641
1433512795497 lifecam19 2254.72875977 2079.99682617 0.0970485955477
1433512795628 lifecam19 2214.77807617 2075.77905273 0.0893300175667
1433512795696 lifecam19 2193.83935547 2074.73095703 0.0985720828176
1433512795761 lifecam19 2172.453125 2074.22119141 0.111460976303
1433512795828 lifecam19 2150.5859375 2073.20874023 0.116895385087
1433512795896 lifecam19 2131.85742188 2069.79882812 0.104157626629
1433512795966 lifecam19 2110.24951172 2068.59594727 0.121081538498
1433512796036 lifecam19 2088.45800781 2067.5949707 0.127026021481
1433512796099 lifecam19 2066.39916992 2065.79858398 0.134785234928
1433512796162 lifecam19 2046.32104492 2062.89599609 0.131358668208
1433512796228 lifecam19 2025.68041992 2061.80517578 0.136515110731
1433512796299 lifecam19 2004.20532227 2059.87158203 0.151550829411
1433512796365 lifecam19 1984.57324219 2055.61303711 0.139021098614
1433512796430 lifecam19 1962.49804688 2055.05029297 0.158318087459
1433512796497 lifecam19 1942.48864746 2052.37890625 0.161954715848
1433512796565 lifecam19 1923.18652344 2048.99169922 0.158285781741
1433512796697 lifecam19 1880.23937988 2043.23950195 0.165949881077
1433512796766 lifecam19 1860.10888672 2040.57055664 0.169530451298
1433512796833 lifecam19 1838.36828613 2038.83618164 0.189773976803
1433512796896 lifecam19 1819.10205078 2035.2644043 0.188070252538
1433512796964 lifecam19 1808.0098877 2034.22924805 0.194938361645
1433512797036 lifecam19 1806.85778809 2034.13525391 0.196248143911
1433512797097 lifecam19 1807.23730469 2033.83837891 0.190557643771
1433512797164 lifecam19 1806.88537598 2034.12817383 0.194373071194
1433512797232 lifecam19 1806.85778809 2034.13525391 0.196248143911
1433512797301 lifecam19 1806.85778809 2034.13525391 0.196248143911
1433512797434 lifecam19 1806.88537598 2034.12817383 0.194373071194
1433512797498 lifecam19 1806.85778809 2034.13525391 0.196248143911
1433512797564 lifecam19 1807.17150879 2034.09277344 0.193527385592
1433512797632 lifecam19 1807.92041016 2033.70776367 0.189784824848
1433512797901 lifecam19 1785.34399414 2026.11914062 0.169868439436
