1433513197591 lifecam19 2654.5390625 2046.44873047 6.18230390549
1433513197663 lifecam19 2691.890625 2072.97192383 6.26523685455
1433513197731 lifecam19 2706.94482422 2084.22436523 0.0380948223174
1433513197797 lifecam19 2704.11816406 2081.27734375 0.018551889807
1433513197866 lifecam19 2705.03710938 2083.52001953 0.0217891354114
1433513197923 lifecam19 2692.90551758 2079.6953125 0.0120170740411
1433513197989 lifecam19 2676.8996582 2078.49389648 0.00145513215102
1433513198057 lifecam19 2655.02905273 2078.7565918 6.27024793625
1433513198127 lifecam19 2630.12426758 2082.26049805 0.00777334393933
1433513198193 lifecam19 2611.66186523 2083.27392578 0.0145027069375
1433513198254 lifecam19 2590.35180664 2083.06030273 0.0157907642424
1433513198326 lifecam19 2569.01928711 2083.76391602 0.0188999790698
1433513198388 lifecam19 2550.76147461 2084.07885742 0.0259526409209
1433513198459 lifecam19 2528.49023438 2084.47558594 0.037678424269
1433513198527 lifecam19 2507.29516602 2084.30273438 0.0394659675658
1433513198594 lifecam19 2486.45263672 2084.14086914 0.0380236543715
1433513198653 lifecam19 2465.19775391 2084.03466797 0.0403577722609
1433513198722 lifecam19 2444.25219727 2083.80102539 0.0398572087288
1433513198789 lifecam19 2422.85449219 2083.12670898 0.0462848618627
1433513198860 lifecam19 2401.23339844 2083.45263672 0.0550496019423
1433513198923 lifecam19 2380.0925293 2083.63427734 0.0649379044771
1433513198994 lifecam19 2359.82495117 2083.49365234 0.0772412344813
1433513199058 lifecam19 2338.05957031 2083.6940918 0.0860610678792
1433513199121 lifecam19 2317.32739258 2082.79663086 0.0860736891627
1433513199195 lifecam19 2296.08544922 2082.06494141 0.0899856686592
1433513199261 lifecam19 2275.22314453 2081.12597656 0.0913954377174
1433513199325 lifecam19 2255.78100586 2079.24975586 0.0895339846611
1433513199393 lifecam19 2234.15185547 2077.41796875 0.0918598771095
1433513199457 lifecam19 2215.07641602 2076.06005859 0.091327726841
1433513199526 lifecam19 2194.17382812 2074.93969727 0.101584024727
1433513199590 lifecam19 2173.50952148 2073.6640625 0.10740429163
1433513199661 lifecam19 2151.44189453 2072.54492188 0.11218982935
1433513199722 lifecam19 2130.29785156 2070.66113281 0.114811964333
1433513199790 lifecam19 2110.21435547 2069.07885742 0.115921571851
1433513199858 lifecam19 2089.1940918 2067.16137695 0.119427032769
1433513199932 lifecam19 2066.95458984 2065.34057617 0.130161821842
1433513199990 lifecam19 2046.21679688 2063.36987305 0.134886473417
1433513200056 lifecam19 2026.68017578 2060.81396484 0.13345593214
1433513200129 lifecam19 2005.10351562 2059.06518555 0.147847607732
1433513200186 lifecam19 1983.93432617 2056.32177734 0.144994556904
1433513200262 lifecam19 1962.71679688 2054.41357422 0.154548704624
1433513200324 lifecam19 1942.21032715 2051.94873047 0.156271889806
1433513200388 lifecam19 1922.57458496 2049.01220703 0.158511728048
1433513200460 lifecam19 1902.14819336 2046.35986328 0.163468882442
1433513200535 lifecam19 1880.74987793 2042.85473633 0.165074408054
1433513200607 lifecam19 1861.56237793 2039.82470703 0.165831133723
1433513200663 lifecam19 1840.09973145 2036.87744141 0.177759587765
1433513200737 lifecam19 1823.65661621 2034.17138672 0.177751019597
1433513200801 lifecam19 1817.10070801 2033.94750977 0.181259572506
1433513200858 lifecam19 1813.82836914 2034.02978516 0.188566371799
1433513200928 lifecam19 1815.60852051 2033.69848633 0.182382524014
1433513201064 lifecam19 1814.43774414 2033.9609375 0.188340261579
1433513201139 lifecam19 1814.57446289 2034.01171875 0.187014639378
1433513201203 lifecam19 1814.57446289 2034.01171875 0.187014639378
1433513201258 lifecam19 1814.57446289 2034.01171875 0.187014639378
1433513201334 lifecam19 1814.70019531 2034.09106445 0.187466710806
1433513201461 lifecam19 1814.43774414 2033.9609375 0.188340261579
1433513201530 lifecam19 1814.57446289 2034.01171875 0.187014639378
1433513201599 lifecam19 1814.87036133 2033.65576172 0.184828102589
1433513201666 lifecam19 1816.68798828 2033.18164062 0.177141368389
