1431697251964 lifecam20 37599 -1926.30310059 -2583.82641602 10014.7275391 -1.84893321991 1.44859457016 0.050621483475
1431697251968 lifecam19 37599 -329.021911621 2217.5480957 9030.76464844 -1.7976616621 1.97505223751 -0.270486354828
1431697252033 lifecam20 37599 -1905.84851074 -2620.77026367 9945.0546875 2.42595624924 -1.97557163239 -0.30393961072
1431697252037 lifecam19 37599 -341.053863525 2137.23193359 8981.95800781 -1.87596452236 2.22871661186 -0.707019746304
1431697252093 lifecam20 37599 -1942.64428711 -2748.94995117 10156.0380859 2.43950462341 -2.29153060913 0.708361804485
1431697252108 lifecam19 37599 -361.958465576 2048.54589844 8887.14257812 -1.89256548882 2.54286241531 0.503928899765
1431697252179 lifecam19 37599 -371.848083496 2020.02514648 8872.60546875 -1.88103532791 2.47160601616 -1.22876358032
1431697252238 lifecam19 37599 -370.949798584 2013.8392334 8846.671875 -1.87857890129 2.46321201324 -1.24507498741
1431697252308 lifecam19 37599 -371.795440674 2019.03283691 8868.08203125 -1.88072359562 2.46451687813 -1.23670744896
1431697252375 lifecam19 37599 -370.910522461 2021.11047363 8876.55566406 1.64579570293 -2.19003200531 1.07787716389
1431697252439 lifecam19 37599 -365.629547119 2046.27368164 8895.796875 -1.87612640858 2.48431897163 -1.19903433323
1431697252505 lifecam19 37599 -348.721740723 2059.09057617 8783.63964844 1.63843953609 -2.18501663208 1.13471531868
1431697252575 lifecam19 37599 -332.341339111 2118.90063477 8814.1640625 -1.84383654594 2.46701717377 -1.22486817837
1431697252641 lifecam19 37599 -314.074951172 2184.41088867 8825.64453125 -1.83350121975 2.56605100632 0.472805917263
1431697252708 lifecam19 37599 -298.022735596 2239.78393555 8845.06054688 -1.84209871292 2.48287129402 -1.18793559074
1431697252778 lifecam19 37599 -277.443237305 2254.72485352 8699.81152344 -1.80644929409 2.59417176247 0.498664140701
1431697252847 lifecam19 37599 -261.485046387 2324.12841797 8766.07421875 1.71610915661 -2.50503754616 -0.444533467293
1431697252915 lifecam19 37599 -242.239456177 2373.37963867 8749.81835938 -1.81381690502 2.63252830505 0.427735060453
1431697252983 lifecam19 37599 -223.804489136 2416.36816406 8718.13867188 -1.82207989693 2.49894189835 -1.18747413158
1431697253048 lifecam19 37599 -204.942306519 2458.18481445 8680.08007812 1.7163952589 -2.49494743347 -0.417584210634
1431697253116 lifecam19 37599 -185.927322388 2506.88232422 8676.43261719 -1.80141401291 2.50361299515 -1.19968080521
1431697253183 lifecam19 37599 -166.527023315 2564.5859375 8684.93359375 -1.80163896084 2.69633078575 0.407021701336
1431697253248 lifecam19 37599 -146.179763794 2604.02636719 8635.30761719 1.61117172241 -2.25785064697 1.07518446445
1431697253316 lifecam19 37599 -128.2368927 2663.16967773 8660.38671875 1.61178672314 -2.2776927948 1.05455267429
1431697253387 lifecam19 37599 -107.091064453 2682.15600586 8553.24023438 -1.78829741478 2.50317406654 -1.24032652378
1431697253450 lifecam19 37599 -86.0491714478 2721.23193359 8509.31445312 -1.76258051395 2.74448037148 0.375376433134
1431697253516 lifecam19 37599 -65.4919204712 2776.02368164 8514.56738281 1.59620273113 -2.27451133728 1.08980321884
1431697253583 lifecam19 37599 -46.5236854553 2836.63500977 8539.79492188 1.58163845539 -2.48409771919 -0.287536561489
1431697253647 lifecam19 37599 -25.1375255585 2874.8894043 8502.16601562 1.57675993443 -2.27686500549 1.08264279366
1431697253716 lifecam19 37599 -3.68604493141 2917.76074219 8474.19921875 -1.74836444855 2.53412866592 -1.20828640461
1431697254836 lifecam20 37599 -1645.39416504 -844.843444824 9520.62597656 -1.90059530735 2.02162599564 0.871774375439
1431697254963 lifecam20 37599 -1653.0291748 -750.249389648 9686.55664062 -1.86781191826 2.09455752373 0.779725193977
1431697255035 lifecam20 37599 -1610.07421875 -681.942443848 9491.66894531 -1.87136685848 2.06004714966 0.831834554672
1431697255105 lifecam20 37599 -1609.27709961 -634.864685059 9548.80664062 2.1482424736 -2.41393995285 -0.927687764168
1431697255231 lifecam20 37599 -1601.63049316 -533.652404785 9644.03027344 -1.85477209091 2.15975284576 0.751259446144
1431697255305 lifecam20 37599 -1599.36022949 -483.909759521 9696.54785156 -1.86763036251 2.18603873253 0.713939428329
1431697255373 lifecam20 37599 -1559.5177002 -432.85836792 9516.10058594 -1.76376116276 2.25611686707 -0.990553975105
1431697255572 lifecam20 37599 -1565.66345215 -411.282836914 9585.484375 2.09420847893 -2.43652176857 -0.863638222218
1431697255632 lifecam20 37599 -1553.83337402 -407.302612305 9519.27148438 -1.7610026598 2.25728964806 -1.00294792652
1431697255705 lifecam20 37599 -1555.83081055 -408.135681152 9532.69140625 -1.76098299026 2.24555158615 -0.995464503765
1431697255774 lifecam20 37599 -1554.77453613 -408.36819458 9525.04199219 -1.7629981041 2.24638223648 -1.00626862049
1431697255832 lifecam20 37599 -1552.20715332 -407.13168335 9509.48144531 -1.76064813137 2.24867677689 -1.00098693371
1431697255902 lifecam20 37599 -1552.30639648 -407.067352295 9511.3984375 -1.75895917416 2.24152135849 -0.998922646046
1431697255975 lifecam20 37599 -1552.20715332 -407.13168335 9509.48144531 -1.76064813137 2.24867677689 -1.00098693371
1431697256040 lifecam20 37599 -1557.92883301 -408.453613281 9542.80371094 -1.86582171917 2.15505552292 0.784471035004
1431697256100 lifecam20 37599 -1557.05627441 -408.312042236 9540.48242188 -1.76365566254 2.24789714813 -0.998435676098
1431697256172 lifecam20 37599 -1552.20715332 -407.13168335 9509.48144531 -1.76064813137 2.24867677689 -1.00098693371
1431697256243 lifecam20 37599 -1558.83740234 -409.093231201 9550.61621094 -1.76098108292 2.24917960167 -0.992963135242
1431697256299 lifecam20 37599 -1555.09179688 -408.03604126 9526.84667969 -1.76293706894 2.25231313705 -0.999481737614
1431697256373 lifecam20 37599 -1558.75109863 -409.050018311 9550.27734375 -1.7632894516 2.24919986725 -0.993911027908
1431697256442 lifecam20 37599 -1555.09179688 -408.03604126 9526.84667969 -1.76293706894 2.25231313705 -0.999481737614
1431697256500 lifecam20 37599 -1555.83081055 -408.135681152 9532.69140625 -1.76098299026 2.24555158615 -0.995464503765
1431697256569 lifecam20 37599 -1552.85644531 -407.186950684 9513.00976562 -1.75841259956 2.25518846512 -0.999511301517
1431697256641 lifecam20 37599 -1552.85644531 -407.186950684 9513.00976562 -1.75841259956 2.25518846512 -0.999511301517
1431697256710 lifecam20 37599 -1557.08276367 -408.443572998 9537.04589844 -1.75527882576 2.24625778198 -1.00356698036
1431697256768 lifecam20 37599 -1552.20715332 -407.13168335 9509.48144531 -1.76064813137 2.24867677689 -1.00098693371
1431697256839 lifecam20 37599 -1557.31872559 -408.41784668 9541.47949219 -1.75934755802 2.25164484978 -0.992270231247
1431697256911 lifecam20 37599 -1555.09179688 -408.03604126 9526.84667969 -1.76293706894 2.25231313705 -0.999481737614
1431697256967 lifecam20 37599 -1547.56896973 -405.506011963 9477.47363281 -1.85962939262 2.15829992294 0.806564688683
1431697257041 lifecam20 37599 -1549.11804199 -406.302429199 9489.57519531 -1.749817729 2.24675917625 -1.01194572449
1431697257110 lifecam20 37599 -1552.20715332 -407.13168335 9509.48144531 -1.76064813137 2.24867677689 -1.00098693371
1431697257168 lifecam20 37599 -1555.83081055 -408.135681152 9532.69140625 -1.76098299026 2.24555158615 -0.995464503765
1431697257237 lifecam20 37599 -1555.72375488 -408.086639404 9530.26367188 -1.76071703434 2.25885891914 -0.998018622398
1431697257310 lifecam20 37599 -1553.28515625 -407.707214355 9515.49511719 -1.76041090488 2.24949669838 -0.998187601566
1431697257368 lifecam20 37599 -1550.08349609 -406.544677734 9494.78125 -1.7491954565 2.25004386902 -1.00547659397
1431697257436 lifecam20 37599 -1550.3848877 -406.798675537 9498.03515625 -1.75812613964 2.24587202072 -0.999726593494
1431697257507 lifecam20 37599 -1552.20715332 -407.13168335 9509.48144531 -1.76064813137 2.24867677689 -1.00098693371
1431697257578 lifecam20 37599 -1548.71923828 -406.07333374 9488.4140625 -1.75863325596 2.24464726448 -1.00437664986
1431697257635 lifecam20 37599 -1550.13232422 -406.572814941 9498.77441406 -1.74947166443 2.23910713196 -1.00715959072
1431697257706 lifecam20 37599 -1560.02685547 -403.691009521 9669.27246094 -1.9935028553 2.21537041664 0.679771006107
1431697257775 lifecam20 37599 -1465.31481934 -365.320983887 9213.36523438 -1.8860219717 1.93970167637 -0.86822617054
1431697257836 lifecam20 37599 -1501.39050293 -316.056030273 9515.1015625 -1.88538515568 1.78301930428 -0.448938339949
