1431697284479 lifecam20 37599 -1919.61901855 -2603.18945312 9987.3828125 -1.89193058014 1.55786955357 -0.0526721328497
1431697284495 lifecam19 37599 -337.786773682 2179.54638672 9044.6171875 -1.85167646408 2.13245511055 -0.494660556316
1431697284548 lifecam20 37599 -1924.76599121 -2702.02490234 10059.2958984 -2.26549863815 1.84078550339 0.496285915375
1431697284557 lifecam19 37599 -351.052185059 2068.32788086 8877.24023438 -1.88903725147 2.3108716011 -0.922498524189
1431697284628 lifecam19 37599 -371.142181396 2035.66223145 8937.21582031 -1.88582074642 2.44884777069 -1.18630814552
1431697284696 lifecam19 37599 -369.907165527 2014.83618164 8848.02832031 -1.89246034622 2.4552218914 -1.24959683418
1431697284760 lifecam19 37599 -370.422943115 2017.83361816 8865.80175781 -1.88781881332 2.44698405266 -1.24362516403
1431697284833 lifecam19 37599 -372.234405518 2024.76159668 8894.48144531 -1.89420700073 2.45588612556 -1.22195601463
1431697284896 lifecam19 37599 -366.447662354 2027.32104492 8862.57519531 -1.84146404266 2.50944590569 0.544673383236
1431697284963 lifecam19 37599 -358.325927734 2080.73974609 8935.94042969 -1.9008462429 2.46238923073 -1.18333435059
1431697285032 lifecam19 37599 -338.103637695 2101.04296875 8806.54492188 -1.87522161007 2.44471287727 -1.24144339561
1431697285094 lifecam19 37599 -320.476470947 2162.88427734 8806.52636719 -1.84273278713 2.52418851852 0.521012306213
1431697285165 lifecam19 37599 -304.382385254 2218.828125 8820.19042969 1.66206514835 -2.19585943222 1.08548283577
1431697285226 lifecam19 37599 -287.716461182 2274.14697266 8845.61035156 1.66261935234 -2.21209907532 1.05533957481
1431697285295 lifecam19 37599 -269.700897217 2322.94604492 8819.42871094 -1.83388900757 2.60293245316 0.433813929558
1431697285365 lifecam19 37599 -247.865753174 2329.21704102 8647.21777344 -1.85089945793 2.46004462242 -1.25332868099
1431697285434 lifecam19 37599 -234.358657837 2404.65576172 8736.59375 -1.84400355816 2.61777901649 0.441174298525
1431697285502 lifecam19 37599 -213.407577515 2446.078125 8690.78125 -1.84660983086 2.46957159042 -1.20482242107
1431697285564 lifecam19 37599 -196.440185547 2506.55493164 8719.04199219 1.6452229023 -2.23563933372 1.06286752224
1431697285631 lifecam19 37599 -177.312347412 2543.43530273 8662.08105469 -1.82792341709 2.47530984879 -1.20750141144
1431697285700 lifecam19 37599 -158.181945801 2581.41235352 8607.94238281 1.63381564617 -2.22169280052 1.09531283379
1431697285766 lifecam19 37599 -139.759887695 2640.85766602 8631.65234375 1.63053166866 -2.24735307693 1.07134616375
1431697285835 lifecam19 37599 -120.395057678 2704.02807617 8666.515625 -1.80717360973 2.50438928604 -1.19080150127
1431697285896 lifecam19 37599 -100.339050293 2736.41137695 8597.51171875 -1.80696165562 2.72345089912 0.363812148571
1431697285963 lifecam19 37599 -81.0703125 2763.70532227 8521.92773438 -1.80199241638 2.74966359138 0.378139287233
1431697286032 lifecam19 37599 -60.7152404785 2830.86767578 8566.68164062 -1.78846180439 2.48971152306 -1.19349825382
1431697286096 lifecam19 37599 -40.0186843872 2852.71289062 8467.70507812 -1.79379117489 2.77496433258 0.359659999609
1431697286172 lifecam19 37599 -19.4499912262 2893.07714844 8432.94238281 -1.76442408562 2.4964659214 -1.25363433361
1431697286882 lifecam20 37599 -1763.52868652 -1203.6854248 9773.66113281 -1.86897814274 2.20969605446 -1.0037766695
1431697287349 lifecam20 37599 -1652.1217041 -802.72076416 9479.88769531 -1.90330040455 2.02165842056 0.872575104237
1431697287421 lifecam20 37599 -1638.22021484 -749.16583252 9452.67089844 -1.89254033566 2.01953816414 0.852997899055
1431697287483 lifecam20 37599 -1662.5604248 -711.366516113 9654.81445312 -1.89481008053 2.07228016853 0.78007042408
1431697287551 lifecam20 37599 -1659.54406738 -660.017333984 9702.62988281 -1.87978947163 2.12516307831 0.768301069736
1431697287619 lifecam20 37599 -1653.26062012 -609.989074707 9727.51269531 -1.79815518856 2.24819350243 -0.931754231453
1431697287695 lifecam20 37599 -1635.11401367 -553.983337402 9681.39941406 -1.89280080795 2.12983393669 0.746981799603
1431697287750 lifecam20 37599 -1609.89624023 -495.723815918 9598.26171875 2.13266086578 -2.4219648838 -0.862024128437
1431697287818 lifecam20 37599 -1588.24853516 -441.168182373 9533.59375 -1.87903773785 2.13229489326 0.770717263222
1431697287891 lifecam20 37599 -1602.03039551 -420.875396729 9646.64257812 -1.79923379421 2.24782967567 -0.963097214699
1431697287950 lifecam20 37599 -1589.81140137 -410.476379395 9582.81640625 -1.88474667072 2.15436291695 0.763271808624
1431697288017 lifecam20 37599 -1583.15856934 -408.534606934 9542.81445312 2.12439012527 -2.40824079514 -0.875123083591
1431697288088 lifecam20 37599 -1586.68383789 -409.078338623 9568.8515625 -1.77375090122 2.24335479736 -0.979681193829
1431697288149 lifecam20 37599 -1584.53820801 -409.401153564 9550.88574219 -1.87951886654 2.14506483078 0.785614490509
1431697288218 lifecam20 37599 -1590.93725586 -410.759613037 9589.50097656 -1.8759251833 2.14896559715 0.76809066534
1431697288287 lifecam20 37599 -1582.86755371 -408.714324951 9544.57421875 -1.76914215088 2.2443716526 -0.990873157978
1431697288352 lifecam20 37599 -1581.0892334 -408.295806885 9532.34277344 -1.78653717041 2.24595594406 -0.995755195618
1431697288419 lifecam20 37599 -1585.38342285 -409.224365234 9556.57324219 -1.88147103786 2.14229655266 0.777354717255
1431697288491 lifecam20 37599 -1577.63647461 -407.067382812 9510.0 -1.87965679169 2.14223480225 0.792462229729
1431697288562 lifecam20 37599 -1589.20288086 -410.437286377 9581.63183594 -1.7783716917 2.25154018402 -0.976096451283
1431697288620 lifecam20 37599 -1582.9621582 -408.313812256 9543.44726562 -1.88338935375 2.15819787979 0.780341029167