1431697048792 lifecam19 37599 -330.227325439 2257.81665039 9100.25878906 -1.77234148979 1.89966475964 -0.132892876863
1431697048843 lifecam20 37599 -1920.22192383 -2610.44067383 10002.0341797 2.39891719818 -1.94213163853 -0.208389624953
1431697048858 lifecam19 37599 -342.323455811 2189.65063477 9079.70898438 -1.86797213554 2.17476940155 -0.545539319515
1431697048913 lifecam20 37599 -1924.42163086 -2691.79003906 10037.3388672 -2.19228315353 1.7954788208 0.626706659794
1431697048925 lifecam19 37599 -353.761291504 2063.49731445 8903.66308594 -1.90264427662 2.36662340164 -1.03487718105
1431697048993 lifecam19 37599 -372.46673584 2033.35766602 8954.83984375 -1.83294677734 2.52111148834 0.514763474464
1431697049060 lifecam19 37599 -369.084533691 2019.7154541 8876.93164062 -1.87379717827 2.46220016479 -1.22093546391
1431697049131 lifecam19 37599 -374.616760254 2048.37646484 9000.87597656 1.69329416752 -2.20774316788 1.03149914742
1431697049203 lifecam19 37599 -371.60723877 2034.5892334 8941.1484375 -1.87974190712 2.45090794563 -1.18389630318
1431697049270 lifecam19 37599 -365.182403564 2023.3104248 8856.01660156 1.6545021534 -2.18476963043 1.09719860554
1431697049334 lifecam19 37599 -353.924407959 2058.06738281 8854.1484375 1.80246961117 -2.49892950058 -0.525318741798
1431697049402 lifecam19 37599 -340.194885254 2110.97070312 8871.3984375 -1.8275898695 2.55868887901 0.485065579414
1431697049471 lifecam19 37599 -319.505981445 2155.83300781 8812.68164062 -1.8133161068 2.54835271835 0.493542283773
1431697049525 lifecam19 37599 -324.381011963 2393.25634766 9540.37792969 -1.93044829369 2.6594376564 -0.993584215641
1431697049600 lifecam19 37599 -284.170593262 2259.79956055 8817.37304688 -1.84344255924 2.47664046288 -1.20144128799
1431697049670 lifecam19 37599 -264.521820068 2298.77050781 8761.7109375 -1.83839011192 2.48863244057 -1.20456957817
1431697049726 lifecam19 37599 -248.288085938 2372.94482422 8843.0234375 -1.8083165884 2.63234972954 0.416084498167
1431697049799 lifecam19 37599 -226.547729492 2395.80517578 8730.60449219 -1.82585918903 2.49551320076 -1.19270205498
1431697049870 lifecam19 37599 -206.605606079 2435.80322266 8678.65917969 -1.78494143486 2.65366244316 0.46485209465
1431697049938 lifecam19 37599 -187.450393677 2472.65429688 8628.05859375 1.67883396149 -2.50047278404 -0.416419833899
1431697050003 lifecam19 37599 -170.053115845 2543.33959961 8693.58203125 1.66317689419 -2.4877781868 -0.377603143454
1431697050069 lifecam19 37599 -147.901809692 2575.57836914 8621.99902344 -1.78130042553 2.70397114754 0.416561722755
1431697050138 lifecam19 37599 -128.301055908 2637.7722168 8652.44238281 -1.77590441704 2.51956224442 -1.16925632954
1431697050194 lifecam19 37599 -108.57559967 2672.57250977 8600.96386719 1.60714423656 -2.48705935478 -0.354318708181
1431697050268 lifecam19 37599 -88.3292160034 2706.70556641 8546.82519531 1.61143565178 -2.49977421761 -0.35837289691
1431697050338 lifecam19 37599 -66.6052780151 2759.11889648 8543.77929688 1.58093523979 -2.28547859192 1.08095514774
1431697050395 lifecam19 37599 -46.4297218323 2823.32226562 8572.61328125 -1.76185333729 2.7960498333 0.332330971956
1431697050467 lifecam19 37599 -24.435218811 2853.25708008 8502.51171875 1.56964993477 -2.28141832352 1.096788764
1431697050523 lifecam19 37599 -4.11991453171 2908.85546875 8514.11914062 -1.7439494133 2.52875161171 -1.18836784363
1431697051314 lifecam20 37599 -1716.1809082 -1146.50549316 9729.32226562 2.24469542503 -2.36761212349 -1.01666271687
1431697051582 lifecam20 37599 -1668.28027344 -929.538024902 9670.33691406 2.20317697525 -2.3900539875 -0.98747253418
1431697051714 lifecam20 39552 -930.614501953 -2533.38354492 7353.10839844 0.807561159134 -1.73102140427 -1.96637499332
1431697051714 lifecam20 37599 -1648.19970703 -823.924072266 9672.7421875 2.17629909515 -2.41128349304 -0.955925762653
1431697051850 lifecam20 37599 -1616.14025879 -712.225402832 9619.58105469 1.92635917664 -2.41755867004 1.05572152138
1431697051982 lifecam20 37599 -1582.52148438 -604.44342041 9551.56542969 -1.86273181438 2.12826895714 0.820210814476
1431697052051 lifecam20 37599 -1565.75219727 -549.983947754 9522.42089844 -1.87083292007 2.1255645752 0.817562878132
1431697052114 lifecam20 37599 -1547.35571289 -495.437988281 9482.51660156 -1.7396324873 2.23862791061 -1.00617444515
1431697052183 lifecam20 37599 -1556.71740723 -449.961486816 9608.48925781 -1.75235569477 2.25172543526 -0.956370353699
1431697052250 lifecam20 37599 -1544.21838379 -418.561157227 9569.14941406 2.07254934311 -2.43982696533 -0.86389362812
1431697052319 lifecam20 37599 -1534.55664062 -407.992126465 9524.04980469 2.07860779762 -2.41999101639 -0.871482372284
1431697052382 lifecam20 37599 -1538.96142578 -408.020050049 9555.1953125 -1.75175225735 2.25984048843 -0.965549170971
1431697052450 lifecam20 37599 -1540.31933594 -408.416412354 9566.88574219 -1.74202632904 2.25309634209 -0.980040490627
1431697052518 lifecam20 37599 -1537.77185059 -408.77734375 9547.64648438 -1.75138652325 2.25405025482 -0.992951393127
1431697052582 lifecam20 37599 -1525.45654297 -404.951141357 9471.23535156 -1.74297213554 2.24924302101 -1.00233983994
1431697052650 lifecam20 37599 -1541.3425293 -408.854309082 9570.58984375 -1.74680650234 2.26180934906 -0.968519032001
1431697052718 lifecam20 37599 -1537.19689941 -408.129821777 9545.31835938 -1.75078237057 2.25207924843 -0.987553060055
1431697052782 lifecam20 37599 -1531.33129883 -406.72555542 9508.67382812 -1.75146257877 2.25619983673 -0.988420546055
1431697052851 lifecam20 37599 -1538.09667969 -408.192932129 9551.18359375 -1.75577664375 2.25702953339 -0.967963218689
1431697052918 lifecam20 37599 -1540.30041504 -408.804382324 9564.73828125 -1.7469022274 2.25976467133 -0.98356282711
1431697052986 lifecam20 37599 -1537.19689941 -408.129821777 9545.31835938 -1.75078237057 2.25207924843 -0.987553060055
1431697053051 lifecam20 37599 -1532.85900879 -406.91708374 9517.25097656 -1.74989318848 2.25567317009 -0.994744837284
1431697053118 lifecam20 37599 -1536.95532227 -408.007019043 9542.83984375 -1.75495421886 2.25494837761 -0.984371185303
1431697053186 lifecam20 37599 -1533.6595459 -407.274627686 9522.00585938 -1.74970817566 2.25290632248 -0.986709594727
1431697053250 lifecam20 37599 -1539.11999512 -408.693145752 9558.23046875 -1.75839531422 2.25461530685 -0.977770388126
1431697053318 lifecam20 37599 -1532.8104248 -407.033203125 9519.13183594 -1.75004029274 2.25576686859 -0.99442243576
1431697053387 lifecam20 37599 -1543.04675293 -409.681304932 9581.63183594 -1.74915885925 2.25649905205 -0.970317840576
1431697053450 lifecam20 37599 -1534.75231934 -407.472290039 9529.97460938 -1.75749361515 2.25822377205 -0.985114991665
1431697053519 lifecam20 37599 -1535.35241699 -407.697265625 9534.75976562 -1.7441381216 2.24964594841 -0.995902717113
1431697053586 lifecam20 37599 -1537.19689941 -408.129821777 9545.31835938 -1.75078237057 2.25207924843 -0.987553060055
1431697053650 lifecam20 37599 -1530.56713867 -406.249267578 9501.97460938 -1.75148975849 2.25884604454 -0.996777355671
1431697053718 lifecam20 37599 -1534.90734863 -407.462219238 9530.046875 -1.75242197514 2.25531315804 -0.989582955837
1431697053786 lifecam20 37599 -1538.44897461 -408.294647217 9553.44824219 -1.74650704861 2.25121545792 -0.975833714008
1431697053854 lifecam20 37599 -1537.19689941 -408.129821777 9545.31835938 -1.75078237057 2.25207924843 -0.987553060055
1431697053918 lifecam20 37599 -1531.61193848 -406.72946167 9509.21484375 -1.74720263481 2.25329518318 -0.991882145405
1431697053986 lifecam20 37599 -1526.93261719 -405.280334473 9479.41992188 -1.75879991055 2.25738024712 -0.986489593983
1431697054054 lifecam20 37599 -1522.75854492 -404.198699951 9451.046875 -1.74944460392 2.2631354332 -1.00302815437
1431697054118 lifecam20 37599 -1546.27490234 -408.832427979 9601.31738281 -1.86076259613 2.1971783638 0.736761510372
1431697054186 lifecam20 37599 -1530.01025391 -400.539367676 9618.67675781 2.12189412117 -2.30274200439 -0.733959257603
1431697054256 lifecam20 37599 -1483.73498535 -342.31628418 9512.74023438 -1.89335548878 1.89130246639 -0.573193013668
