1431697134727 lifecam20 37599 -1928.00048828 -2593.55249023 10041.2490234 2.36808133125 -1.81293594837 0.0206182505935
1431697134737 lifecam19 37599 -367.776367188 2477.33154297 10113.8037109 1.84683465958 -2.14357542992 0.213015794754
1431697134778 lifecam20 37599 -2017.51855469 -2782.81762695 10543.8974609 -2.20155572891 1.78051149845 0.0218876134604
1431697134798 lifecam19 37599 -344.255645752 2133.51953125 9002.34472656 -1.90621769428 2.26445841789 -0.814210772514
1431697134849 lifecam20 37599 -1873.29467773 -2660.69677734 9784.98339844 -1.99983561039 1.94776642323 -0.820876657963
1431697134865 lifecam19 37599 -372.410827637 2038.11108398 8948.33300781 -1.91944241524 2.43615293503 -1.21054649353
1431697134933 lifecam19 37599 -370.742736816 2020.66491699 8885.359375 -1.89930152893 2.43905138969 -1.2367323637
1431697134996 lifecam19 37599 -371.926818848 2030.81811523 8924.56738281 -1.90392100811 2.44562315941 -1.21853709221
1431697135067 lifecam19 37599 -371.861328125 2028.38659668 8911.99707031 -1.85630536079 2.48583436012 0.533487796783
1431697135135 lifecam19 37599 -373.971588135 2041.99963379 8973.65429688 -1.90715897083 2.44132852554 -1.20083916187
1431697135198 lifecam19 37599 -369.795501709 2041.10510254 8935.59472656 1.68273067474 -2.18765926361 1.06556200981
1431697135263 lifecam19 37599 -360.529083252 2085.14013672 8976.90527344 -1.88680875301 2.45098924637 -1.17844557762
1431697135335 lifecam19 37599 -339.936157227 2091.66772461 8818.46191406 -1.86859047413 2.44039726257 -1.26159548759
1431697135399 lifecam19 37599 -323.370819092 2156.51953125 8840.38378906 1.67875552177 -2.19069886208 1.07623386383
1431697135468 lifecam19 37599 -306.067687988 2217.90332031 8848.90136719 1.67571341991 -2.19481396675 1.0594060421
1431697135535 lifecam19 37599 -287.977752686 2248.08764648 8779.15429688 -1.86322498322 2.45729374886 -1.22303020954
1431697135602 lifecam19 37599 -269.348297119 2293.45825195 8749.80859375 -1.85370898247 2.46563768387 -1.23189365864
1431697135664 lifecam19 37599 -252.155349731 2356.44750977 8782.52539062 -1.83993220329 2.62332749367 0.426826447248
1431697135731 lifecam19 37599 -233.479736328 2382.51586914 8689.14453125 -1.83453440666 2.47154068947 -1.24875020981
1431697135803 lifecam19 37599 -216.115371704 2439.07055664 8703.33300781 -1.84171998501 2.45661067963 -1.2258797884
1431697135867 lifecam19 37599 -198.458587646 2497.73583984 8727.0546875 -1.82796943188 2.65646719933 0.431885480881
1431697135931 lifecam19 37599 -177.856719971 2534.37353516 8669.10839844 -1.8305388689 2.48736667633 -1.20919573307
1431697136002 lifecam19 37599 -159.093093872 2583.58666992 8650.46972656 -1.81571519375 2.6696908474 0.41131862998
1431697136067 lifecam19 37599 -139.91835022 2630.54248047 8632.59179688 -1.80448019505 2.49474358559 -1.19734466076
1431697136135 lifecam19 37599 -119.696617126 2656.13134766 8548.92285156 -1.80112791061 2.49065613747 -1.25477468967
1431697136204 lifecam19 37599 -100.018966675 2716.09716797 8573.16894531 -1.79337668419 2.72976303101 0.385451674461
1431697136268 lifecam19 37599 -79.9250793457 2759.09838867 8539.38085938 -1.78038418293 2.49659705162 -1.20821630955
1431697136331 lifecam19 37599 -60.868270874 2822.89233398 8573.69238281 -1.77353560925 2.49357581139 -1.184440732
1431697136401 lifecam19 37599 -39.4944648743 2833.2421875 8450.015625 1.59974849224 -2.24868392944 1.13404083252
1431697136468 lifecam19 37599 -18.6193580627 2901.85009766 8494.28613281 -1.76524674892 2.49822044373 -1.22191572189
1431697136853 lifecam20 39552 409.138641357 294.54675293 2790.2746582 1.35229802132 -0.742504239082 -0.875981211662
1431697137181 lifecam20 37599 -1748.36816406 -1205.03747559 9722.89160156 -1.85352361202 2.18310403824 -1.00047266483
1431697137320 lifecam20 37599 -1715.64123535 -1090.44335938 9632.328125 -1.90460455418 1.99807059765 0.845268547535
1431697137449 lifecam20 5376 773.75012207 -76.4387283325 6178.97070312 1.13933300972 -1.40936648846 -1.45654785633
1431697137449 lifecam20 37599 -1680.95983887 -975.834716797 9531.44628906 1.96022963524 -2.37384462357 1.09844207764
1431697137520 lifecam20 37599 -1681.02844238 -928.266357422 9579.03417969 -1.90996396542 2.01914167404 0.864544212818
1431697137592 lifecam20 37599 -1667.04772949 -874.502319336 9556.140625 1.96583211422 -2.3619992733 1.09488153458
1431697137720 lifecam20 37599 -1693.21960449 -788.033325195 9819.27832031 -1.88265752792 2.11013436317 0.743815004826
1431697137849 lifecam20 37599 -1605.68859863 -650.854431152 9422.44238281 -1.89176547527 2.04975676537 0.845162928104
1431697137920 lifecam20 37599 -1613.51623535 -607.920471191 9538.140625 2.14644813538 -2.39989614487 -0.939235210419
1431697137991 lifecam20 37599 -1607.25720215 -557.048278809 9564.07519531 -1.77282702923 2.21310138702 -0.987114727497
1431697138050 lifecam20 37599 -1593.609375 -504.276184082 9548.00878906 -1.76135849953 2.22887897491 -0.986926138401
1431697138117 lifecam20 37599 -1585.22619629 -453.340087891 9565.04980469 -1.75824022293 2.23310422897 -0.980493843555
1431697138188 lifecam20 37599 -1579.0703125 -417.168304443 9569.92871094 -1.88249027729 2.13820624352 0.770257413387
1431697138260 lifecam20 37599 -1574.07312012 -407.510772705 9556.93652344 -1.76878881454 2.22325134277 -0.974385082722
1431697138318 lifecam20 37599 -1580.67260742 -405.572662354 9603.70898438 -1.78164303303 2.24875211716 -0.995547533035
1431697138460 lifecam20 37599 -1581.92785645 -406.922302246 9611.39648438 -1.77530753613 2.25022721291 -0.988793194294
1431697138518 lifecam20 37599 -1581.6842041 -406.26473999 9608.88867188 -1.77374410629 2.23809337616 -0.996684014797
1431697138717 lifecam20 37599 -1578.42773438 -405.700897217 9590.97167969 -1.78073573112 2.24780845642 -1.00102484226
1431697138785 lifecam20 37599 -1578.62194824 -405.694976807 9591.16113281 -1.78598165512 2.25079846382 -0.996509730816
1431697138856 lifecam20 37599 -1575.05395508 -404.92578125 9569.22070312 -1.78377151489 2.2464132309 -1.00019586086
1431697138917 lifecam20 37599 -1578.62194824 -405.694976807 9591.16113281 -1.78598165512 2.25079846382 -0.996509730816
1431697139055 lifecam20 37599 -1578.62194824 -405.694976807 9591.16113281 -1.78598165512 2.25079846382 -0.996509730816
1431697139129 lifecam20 37599 -1578.62194824 -405.694976807 9591.16113281 -1.78598165512 2.25079846382 -0.996509730816
1431697139185 lifecam20 37599 -1585.10070801 -407.342193604 9630.3046875 -1.7835329771 2.2437171936 -0.989503085613
1431697139326 lifecam20 37599 -1582.88415527 -406.723510742 9615.921875 -1.78580117226 2.24713540077 -0.990915417671
1431697139386 lifecam20 37599 -1585.56079102 -407.605133057 9633.04394531 -1.78695905209 2.25759077072 -0.982449293137
1431697139528 lifecam20 37599 -1582.74731445 -407.030487061 9615.64160156 -1.77519357204 2.24690747261 -0.993369281292
1431697139584 lifecam20 37599 -1578.62194824 -405.694976807 9591.16113281 -1.78598165512 2.25079846382 -0.996509730816
1431697139653 lifecam20 37599 -1578.62194824 -405.694976807 9591.16113281 -1.78598165512 2.25079846382 -0.996509730816
1431697139795 lifecam20 37599 -1575.05395508 -404.92578125 9569.22070312 -1.78377151489 2.2464132309 -1.00019586086
1431697139853 lifecam20 37599 -1576.04858398 -405.124420166 9574.23535156 -1.77958118916 2.24328446388 -1.00257253647
1431697140123 lifecam20 37599 -1579.64343262 -405.899932861 9596.33789062 -1.78178060055 2.24764895439 -0.998890042305
1431697140391 lifecam20 37599 -1572.92004395 -404.285217285 9557.53320312 -1.77600073814 2.24062180519 -1.00340902805
1431697140454 lifecam20 37599 -1576.76391602 -405.06930542 9580.16113281 -1.78342974186 2.24793314934 -0.995103240013
1431697140662 lifecam20 37599 -1575.05395508 -404.92578125 9569.22070312 -1.78377151489 2.2464132309 -1.00019586086
1431697140722 lifecam20 37599 -1569.99572754 -403.313415527 9535.62792969 -1.77827215195 2.25391626358 -1.01519095898
1431697140791 lifecam20 37599 -1563.1986084 -400.229003906 9501.68457031 -1.88038051128 2.15661549568 0.781681120396
1431697140865 lifecam20 37599 -1550.03759766 -391.157592773 9555.06933594 -1.88740217686 2.08947563171 -0.9208984375
1431697140920 lifecam20 37599 -1499.70385742 -352.491149902 9349.64746094 2.19948577881 -2.10168409348 -0.483988404274
1431697140989 lifecam20 37599 -1501.29650879 -280.513977051 9408.67480469 -1.77931725979 1.72175562382 -0.284570932388
