1431696999182 lifecam19 37599 -334.809661865 2274.9753418 9190.30957031 -1.79456484318 1.90586972237 -0.227997779846
1431696999241 lifecam20 37599 -1924.22607422 -2622.11645508 10010.40625 -2.45827317238 1.93233025074 0.267405420542
1431696999254 lifecam19 37599 -345.802429199 2157.74926758 9028.66113281 -1.88997805119 2.23060011864 -0.674809873104
1431696999310 lifecam20 37599 -1927.9473877 -2719.49145508 10057.8759766 -2.1311340332 1.69395303726 0.742076873779
1431696999321 lifecam19 37599 -369.525390625 2055.74707031 8952.45410156 -1.90321516991 2.4781870842 -1.21076405048
1431696999380 lifecam19 37599 -370.248687744 2007.68432617 8818.99804688 -1.87475550175 2.44700241089 -1.25726652145
1431696999454 lifecam19 37599 -372.577880859 2025.53588867 8896.98144531 -1.89629006386 2.46984052658 -1.21568071842
1431696999522 lifecam19 37599 -371.500488281 2019.7019043 8868.265625 -1.83751797676 2.48181271553 0.537226259708
1431696999590 lifecam19 37599 -371.296539307 2018.59399414 8863.43945312 -1.84410893917 2.48766040802 0.53282803297
1431696999652 lifecam19 37599 -370.937652588 2016.65454102 8857.95898438 -1.89427089691 2.45827913284 -1.22677361965
1431696999720 lifecam19 37599 -370.236022949 2040.38818359 8910.89941406 -1.88303005695 2.45019984245 -1.21342730522
1431696999790 lifecam19 37599 -359.514831543 2086.39331055 8937.58300781 -1.85370600224 2.49691987038 0.491115123034
1431696999850 lifecam19 37599 -338.634338379 2108.99853516 8811.69921875 -1.88722956181 2.44530773163 -1.25391185284
1431696999920 lifecam19 37599 -320.503479004 2170.11303711 8807.93945312 -1.85252654552 2.52940917015 0.514296352863
1431696999990 lifecam19 37599 -305.116790771 2214.3269043 8781.09960938 1.78658366203 -2.47434592247 -0.474346250296
1431697000051 lifecam19 37599 -289.959747314 2271.45800781 8801.31835938 -1.85067594051 2.57398581505 0.437238574028
1431697000120 lifecam19 37599 -272.871704102 2322.00390625 8790.22949219 1.75374221802 -2.48200583458 -0.424633294344
1431697000190 lifecam19 37599 -253.623092651 2358.62524414 8728.41699219 1.74731040001 -2.48439192772 -0.430398583412
1431697000248 lifecam19 37599 -235.530776978 2399.82836914 8680.66015625 -1.83030259609 2.62412595749 0.456826806068
1431697000318 lifecam19 37599 -218.823425293 2452.36987305 8684.59472656 -1.84905481339 2.46856164932 -1.22494387627
1431697000389 lifecam19 37599 -202.951324463 2513.34179688 8722.60058594 1.65518021584 -2.22848749161 1.07003676891
1431697000458 lifecam19 37599 -182.512237549 2542.63598633 8635.51953125 -1.83507883549 2.47971391678 -1.21989047527
1431697000518 lifecam19 37599 -164.992263794 2610.79589844 8674.80957031 1.64222729206 -2.23664426804 1.0692833662
1431697000589 lifecam19 37599 -146.127975464 2636.94995117 8588.03515625 -1.81337189674 2.70148062706 0.394696444273
1431697000658 lifecam19 37599 -127.636245728 2680.83813477 8562.38964844 -1.81161046028 2.71490764618 0.384068965912
1431697000719 lifecam19 37599 -109.300987244 2749.33520508 8614.04296875 -1.80342435837 2.49810171127 -1.19833016396
1431697000788 lifecam19 37599 -88.4145050049 2777.89770508 8534.73242188 -1.79226350784 2.50953221321 -1.22327530384
1431697000858 lifecam19 37599 -69.0842895508 2824.98071289 8511.81445312 -1.80081534386 2.76552343369 0.349136710167
1431697000915 lifecam19 37599 -50.3631134033 2877.80932617 8516.046875 -1.80416834354 2.78488826752 0.315941870213
1431697000988 lifecam19 37599 -29.7982463837 2918.98291016 8482.04589844 1.60309076309 -2.25749969482 1.09397256374
1431697001909 lifecam20 37599 -1735.75683594 -1026.25183105 9650.58984375 2.2573325634 -2.3697283268 -0.984998643398
1431697002110 lifecam20 37599 -1727.91357422 -876.005432129 9742.67675781 -1.87503194809 1.98929774761 0.788484096527
1431697002240 lifecam20 37599 -1656.86572266 -742.415771484 9443.70800781 -1.80492460728 2.1991250515 -1.06015133858
1431697002309 lifecam20 37599 -1680.82751465 -702.562072754 9631.00878906 -1.88151013851 2.07559084892 0.768019974232
1431697002381 lifecam20 37599 -1678.88293457 -653.386230469 9673.54101562 -1.89931058884 2.08955192566 0.761490821838
1431697002452 lifecam20 37599 -1643.3380127 -592.215454102 9532.9296875 -1.79798126221 2.217004776 -0.993686556816
1431697002508 lifecam20 37599 -1644.61254883 -542.349182129 9600.71289062 -1.78467190266 2.25235342979 -0.967725276947
1431697002576 lifecam20 37599 -1632.19360352 -488.344268799 9581.00292969 -1.89352500439 2.13057875633 0.76145029068
1431697002648 lifecam20 37599 -1625.7376709 -443.586608887 9594.94335938 -1.88907730579 2.13150548935 0.742101788521
1431697002708 lifecam20 37599 -1633.66186523 -427.347320557 9668.21777344 -1.89258873463 2.14655971527 0.72747951746
1431697002779 lifecam20 37599 -1632.13708496 -419.860107422 9670.16796875 -1.80480003357 2.24139976501 -0.936574518681
1431697002845 lifecam20 37599 -1632.9855957 -421.251373291 9671.97265625 -1.89284098148 2.14629364014 0.720364570618
1431697002910 lifecam20 37599 -1631.68078613 -420.488464355 9666.21972656 -1.80805897713 2.24259066582 -0.945203959942
1431697002979 lifecam20 37599 -1633.45556641 -420.80557251 9674.671875 -1.89624869823 2.13519525528 0.713867664337
1431697003048 lifecam20 37599 -1628.83886719 -419.746856689 9648.13183594 -1.89552223682 2.14620137215 0.727300047874
1431697003108 lifecam20 37599 -1633.93054199 -420.972137451 9677.03027344 -1.8935533762 2.14119434357 0.70912861824
1431697003180 lifecam20 37599 -1629.9942627 -420.102111816 9655.95996094 -1.8971760273 2.14924621582 0.730777204037
1431697003247 lifecam20 37599 -1634.20361328 -421.584442139 9680.4375 1.94007527828 -2.39860010147 1.01058375835
1431697003317 lifecam20 37599 -1631.7232666 -420.509918213 9664.15234375 -1.89856421947 2.13886499405 0.714454233646
1431697003376 lifecam20 37599 -1631.7232666 -420.509918213 9664.15234375 -1.89856421947 2.13886499405 0.714454233646
1431697003448 lifecam20 37599 -1631.07922363 -420.247436523 9660.34472656 2.15439224243 -2.43318676949 -0.799865424633
1431697003516 lifecam20 37599 -1628.61889648 -420.061584473 9648.71484375 -1.81386399269 2.25073361397 -0.960574328899
1431697003577 lifecam20 37599 -1633.93054199 -420.972137451 9677.03027344 -1.8935533762 2.14119434357 0.70912861824
1431697003647 lifecam20 37599 -1629.828125 -419.777130127 9652.94335938 2.14476633072 -2.42171168327 -0.809980332851
1431697003717 lifecam20 37599 -1631.7232666 -420.509918213 9664.15234375 -1.89856421947 2.13886499405 0.714454233646
1431697003775 lifecam20 37599 -1633.93054199 -420.972137451 9677.03027344 -1.8935533762 2.14119434357 0.70912861824
1431697003848 lifecam20 37599 -1626.12402344 -418.795257568 9631.97753906 -1.892344594 2.14803767204 0.730541110039
1431697003916 lifecam20 37599 -1634.71032715 -421.185791016 9683.09472656 -1.89799797535 2.13835954666 0.71722215414
1431697003987 lifecam20 37599 -1630.63708496 -420.06036377 9659.04785156 -1.89328444004 2.14261984825 0.726626992226
1431697004044 lifecam20 37599 -1629.9942627 -420.102111816 9655.95996094 -1.8971760273 2.14924621582 0.730777204037
1431697004114 lifecam20 37599 -1632.94140625 -420.880584717 9672.35644531 -1.9002956152 2.1420083046 0.71785569191
1431697004184 lifecam20 37599 -1631.2701416 -420.003204346 9661.73339844 2.1480653286 -2.42382526398 -0.812199890614
1431697004245 lifecam20 37599 -1633.45556641 -420.80557251 9674.671875 -1.89624869823 2.13519525528 0.713867664337
1431697004316 lifecam20 37599 -1626.89978027 -419.114776611 9635.42382812 2.14976835251 -2.40992355347 -0.818923830986
1431697004387 lifecam20 37599 -1631.7232666 -420.509918213 9664.15234375 -1.89856421947 2.13886499405 0.714454233646
1431697004443 lifecam20 37599 -1624.68237305 -418.537322998 9623.72265625 -1.89812994003 2.14598917961 0.734229981899
1431697004517 lifecam20 37599 -1632.94140625 -420.880584717 9672.35644531 -1.9002956152 2.1420083046 0.71785569191
1431697004584 lifecam20 37599 -1631.7232666 -420.509918213 9664.15234375 -1.89856421947 2.13886499405 0.714454233646
1431697004658 lifecam20 37599 -1635.1817627 -421.733581543 9687.48632812 -1.80369710922 2.24085688591 -0.939133524895
1431697004711 lifecam20 37599 -1635.05517578 -421.942474365 9685.22265625 -1.81315660477 2.24824643135 -0.948586583138
1431697004782 lifecam20 37599 -1625.57495117 -418.847045898 9627.80175781 -1.89187347889 2.14280629158 0.729569852352
1431697004851 lifecam20 37599 -1631.7232666 -420.509918213 9664.15234375 -1.89856421947 2.13886499405 0.714454233646
1431697004911 lifecam20 37599 -1626.18798828 -418.884460449 9631.04785156 -1.88519728184 2.14436197281 0.727454960346
1431697004983 lifecam20 37599 -1628.47167969 -419.34866333 9646.75976562 -1.88404810429 2.1513967514 0.735211253166
1431697005053 lifecam20 37599 -1629.89404297 -420.17791748 9655.39550781 -1.80536782742 2.23953080177 -0.943640887737
1431697005112 lifecam20 37599 -1627.60864258 -419.311767578 9639.9921875 -1.90123283863 2.13874650002 0.72142136097
1431697005184 lifecam20 37599 -1629.828125 -419.777130127 9652.94335938 2.14476633072 -2.42171168327 -0.809980332851
1431697005252 lifecam20 37599 -1628.89807129 -418.829193115 9650.19921875 -1.80437719822 2.23618340492 -0.921234548092
1431697005517 lifecam20 37599 -1482.73803711 -382.420684814 8772.609375 -1.74873697758 2.17542886734 -1.19542884827
1431697005580 lifecam20 37599 -1629.08789062 -418.867797852 9647.13671875 -1.8993396759 2.14680290222 0.697808504105
1431697005652 lifecam20 37599 -1626.5859375 -418.219360352 9632.26269531 -1.89691436291 2.14627504349 0.704659819603
1431697005721 lifecam20 37599 -1615.99841309 -415.889465332 9575.87988281 1.93063783646 -2.41313385963 1.02746796608
1431697005779 lifecam20 37599 -1600.07189941 -411.291503906 9518.91796875 -1.78247511387 2.1912856102 -0.995912015438
1431697005854 lifecam20 37599 -1533.29016113 -357.727783203 9362.88867188 -1.77905094624 1.79662311077 -0.625511705875
