1431697313206 lifecam19 37599 -328.789764404 2206.28833008 9002.44335938 -1.84203231335 1.96299254894 -0.373904407024
1431697313261 lifecam20 37599 -1921.44616699 -2655.58691406 10039.5283203 -1.99508225918 1.69772338867 -0.393818259239
1431697313276 lifecam19 37599 -348.34854126 2077.54272461 8901.13574219 -1.93855297565 2.34282636642 -1.04795181751
1431697313340 lifecam19 37599 -375.771209717 2021.91711426 8928.82226562 -1.85996878147 2.46220183372 -1.2124658823
1431697313404 lifecam19 37599 -371.610534668 2022.90332031 8887.80859375 -1.89325368404 2.44879412651 -1.23158764839
1431697313476 lifecam19 37599 -371.085723877 2018.32409668 8869.27148438 -1.84550082684 2.48386287689 0.555379807949
1431697313542 lifecam19 37599 -363.993804932 2046.3815918 8873.75488281 1.83675670624 -2.46577191353 -0.518566071987
1431697313601 lifecam19 37599 -351.467681885 2103.91503906 8916.63671875 -1.89978182316 2.45855665207 -1.18439137936
1431697313672 lifecam19 37599 -332.524261475 2154.39135742 8885.68164062 -1.86540293694 2.52789497375 0.485353946686
1431697313743 lifecam19 37599 -312.98638916 2201.73583984 8839.44238281 -1.85964632034 2.54647922516 0.482503443956
1431697313800 lifecam19 37599 -296.848480225 2243.33984375 8811.41992188 1.7718834877 -2.47369766235 -0.4651735425
1431697313873 lifecam19 37599 -281.740447998 2305.5637207 8849.06445312 -1.84754359722 2.5869436264 0.42071390152
1431697313942 lifecam19 37599 -261.915710449 2330.87866211 8743.03710938 -1.84355199337 2.59065747261 0.480525314808
1431697314010 lifecam19 37599 -243.496963501 2372.46166992 8698.27636719 -1.83315098286 2.59470462799 0.469382464886
1431697314068 lifecam19 37599 -227.628387451 2438.86743164 8741.09472656 -1.84443604946 2.64918661118 0.420031815767
1431697314143 lifecam19 37599 -209.051422119 2477.24121094 8689.0703125 -1.83470547199 2.65486693382 0.423151701689
1431697314209 lifecam19 37599 -192.973007202 2552.08496094 8774.91796875 -1.82594943047 2.49427890778 -1.12505471706
1431697314269 lifecam19 37599 -171.302322388 2575.91430664 8669.31738281 -1.82481563091 2.66362166405 0.40537250042
1431697314339 lifecam19 37599 -152.433761597 2622.46801758 8643.31445312 -1.83261430264 2.47696805 -1.19916462898
1431697314411 lifecam19 37599 -133.654525757 2659.07543945 8597.43945312 -1.82519841194 2.4849922657 -1.22898352146
1431697314468 lifecam19 37599 -114.58290863 2708.33325195 8590.88769531 -1.8072116375 2.47907495499 -1.21653091908
1431697314540 lifecam19 37599 -94.4239654541 2760.91674805 8580.55273438 -1.80384361744 2.50429487228 -1.18349552155
1431697314610 lifecam19 37599 -75.3234710693 2807.41723633 8557.0 1.6107840538 -2.47182679176 -0.29125520587
1431697314679 lifecam19 37599 -56.2870788574 2856.22900391 8542.18359375 1.59766089916 -2.4599750042 -0.305066972971
1431697314738 lifecam19 37599 -36.7967529297 2883.40844727 8469.81054688 1.57848763466 -2.46996164322 -0.310645461082
1431697314808 lifecam19 37599 -16.3932380676 2858.01464844 8253.16796875 1.69616937637 -2.51930332184 -0.524242758751
1431697315391 lifecam20 37599 -1776.10253906 -1277.11877441 9736.34472656 2.34123253822 -2.33189845085 -1.05757880211
1431697315529 lifecam20 37599 -1751.61975098 -1163.03771973 9679.2734375 2.30110669136 -2.32919716835 -1.04981637001
1431697315860 lifecam20 37599 -1691.14660645 -887.940673828 9565.44628906 -1.90976941586 2.01408553123 0.846064507961
1431697316000 lifecam20 37599 -1654.68640137 -775.68347168 9464.46875 -1.90267920494 2.02119040489 0.869379222393
1431697316129 lifecam20 37599 -1700.22033691 -695.644287109 9832.90332031 -1.89489889145 2.12132883072 0.705423653126
1431697316201 lifecam20 37599 -1632.76257324 -623.13861084 9501.42675781 -1.80081748962 2.20586109161 -1.00904178619
1431697316263 lifecam20 37599 -1656.73339844 -580.712768555 9707.90039062 -1.89641737938 2.13241648674 0.74325543642
1431697316330 lifecam20 37599 -1619.58374023 -517.71307373 9546.49511719 -1.88595354557 2.12781858444 0.775435566902
1431697316400 lifecam20 37599 -1598.31298828 -460.46484375 9486.05859375 -1.8837403059 2.15591263771 0.775627195835
1431697316470 lifecam20 37599 -1593.90197754 -426.7059021 9498.13085938 -1.88433229923 2.13605523109 0.775907278061
1431697316528 lifecam20 37599 -1613.70275879 -420.524871826 9632.99121094 -1.88913500309 2.14131307602 0.73472648859
1431697316599 lifecam20 37599 -1617.92858887 -420.271606445 9662.04492188 -1.88757300377 2.14946627617 0.734274983406
1431697316675 lifecam20 37599 -1620.35314941 -420.971679688 9675.00976562 -1.88691973686 2.1477599144 0.719862818718
1431697316727 lifecam20 37599 -1621.32446289 -421.511047363 9680.31445312 -1.88660097122 2.14893555641 0.717424809933
1431697316798 lifecam20 37599 -1618.35070801 -420.593414307 9662.79394531 -1.88910973072 2.15073680878 0.721275150776
1431697316866 lifecam20 37599 -1619.5291748 -421.164764404 9669.87402344 -1.89265811443 2.14669322968 0.722004413605
1431697316928 lifecam20 37599 -1622.08862305 -421.589294434 9684.140625 -1.89300692081 2.14390897751 0.706492185593
1431697316997 lifecam20 37599 -1621.32446289 -421.511047363 9680.31445312 -1.88660097122 2.14893555641 0.717424809933
1431697317067 lifecam20 37599 -1616.53820801 -420.242645264 9652.24902344 -1.89513337612 2.14845180511 0.725857853889
1431697317138 lifecam20 37599 -1622.88708496 -421.978973389 9690.68261719 -1.8886796236 2.15223240852 0.720134973526
1431697317196 lifecam20 37599 -1621.32446289 -421.511047363 9680.31445312 -1.88660097122 2.14893555641 0.717424809933
1431697317264 lifecam20 37599 -1616.53820801 -420.242645264 9652.24902344 -1.89513337612 2.14845180511 0.725857853889
1431697317338 lifecam20 37599 -1625.12841797 -422.520019531 9702.06445312 -1.89047169685 2.14234900475 0.702267825603
1431697317395 lifecam20 37599 -1618.35070801 -420.593414307 9662.79394531 -1.88910973072 2.15073680878 0.721275150776
1431697317468 lifecam20 37599 -1619.5291748 -421.164764404 9669.87402344 -1.89265811443 2.14669322968 0.722004413605
1431697317536 lifecam20 37599 -1621.32446289 -421.511047363 9680.31445312 -1.88660097122 2.14893555641 0.717424809933
1431697317596 lifecam20 37599 -1622.08862305 -421.589294434 9684.140625 -1.89300692081 2.14390897751 0.706492185593
1431697317664 lifecam20 37599 -1621.32446289 -421.511047363 9680.31445312 -1.88660097122 2.14893555641 0.717424809933
1431697317734 lifecam20 37599 -1621.32446289 -421.511047363 9680.31445312 -1.88660097122 2.14893555641 0.717424809933
1431697317795 lifecam20 37599 -1621.32446289 -421.511047363 9680.31445312 -1.88660097122 2.14893555641 0.717424809933
1431697317868 lifecam20 37599 -1625.12841797 -422.520019531 9702.06445312 -1.89047169685 2.14234900475 0.702267825603
1431697317935 lifecam20 37599 -1621.32446289 -421.511047363 9680.31445312 -1.88660097122 2.14893555641 0.717424809933
1431697318008 lifecam20 37599 -1621.32446289 -421.511047363 9680.31445312 -1.88660097122 2.14893555641 0.717424809933
1431697318063 lifecam20 37599 -1625.12841797 -422.520019531 9702.06445312 -1.89047169685 2.14234900475 0.702267825603
1431697318133 lifecam20 37599 -1614.2824707 -419.468902588 9637.39453125 -1.8845757246 2.14687108994 0.725178480148
1431697318206 lifecam20 37599 -1621.32446289 -421.511047363 9680.31445312 -1.88660097122 2.14893555641 0.717424809933
1431697318264 lifecam20 37599 -1618.35070801 -420.593414307 9662.79394531 -1.88910973072 2.15073680878 0.721275150776
1431697318333 lifecam20 37599 -1625.12841797 -422.520019531 9702.06445312 -1.89047169685 2.14234900475 0.702267825603
1431697318402 lifecam20 37599 -1625.12841797 -422.520019531 9702.06445312 -1.89047169685 2.14234900475 0.702267825603
1431697318463 lifecam20 37599 -1621.32446289 -421.511047363 9680.31445312 -1.88660097122 2.14893555641 0.717424809933
1431697318536 lifecam20 37599 -1576.89709473 -407.730438232 9435.45996094 -1.76298892498 2.21939325333 -0.992089629173
1431697318602 lifecam20 37599 -1549.78466797 -385.394439697 9423.296875 -1.93126189709 2.04841637611 -0.912741422653
1431697318675 lifecam20 37599 -1524.44311523 -345.436828613 9397.37304688 -2.39482212067 2.14888763428 0.457741260529
1431697318732 lifecam20 37599 -1559.3059082 -258.446899414 9557.6171875 -1.74914264679 1.61883056164 -0.0412690080702
