1433512734268 lifecam19 2666.21606445 1396.56762695 5.41174459457
1433512735067 lifecam19 2620.91821289 2031.47973633 6.11827945709
1433512735126 lifecam19 2644.38549805 2042.17041016 6.16363430023
1433512735193 lifecam19 2659.26831055 2053.63623047 6.21609258652
1433512735263 lifecam19 2686.96630859 2063.35473633 6.24485826492
1433512735327 lifecam19 2700.99658203 2073.2800293 6.25874614716
1433512735393 lifecam19 2674.234375 2076.59570312 0.0168886836618
1433512735465 lifecam19 2658.99365234 2074.79760742 6.27231359482
1433512735530 lifecam19 2633.97192383 2076.05419922 0.000490967417136
1433512735605 lifecam19 2616.47338867 2076.05249023 0.000478331232443
1433512735666 lifecam19 2595.47290039 2076.05249023 0.00047916569747
1433512735733 lifecam19 2574.47338867 2076.05273438 0.000478212023154
1433512735794 lifecam19 2550.76171875 2077.8059082 0.0292480643839
1433512735864 lifecam19 2528.86254883 2078.67407227 0.0414889492095
1433512735935 lifecam19 2507.1496582 2078.59350586 0.0484908297658
1433512735995 lifecam19 2485.84130859 2078.86962891 0.0531089939177
1433512736061 lifecam19 2465.22583008 2078.65649414 0.0568154454231
1433512736139 lifecam19 2443.8918457 2078.93383789 0.0697888731956
1433512736205 lifecam19 2422.29321289 2079.00830078 0.0773040652275
1433512736268 lifecam19 2402.69848633 2076.17871094 0.0707658007741
1433512736331 lifecam19 2383.37451172 2074.0 0.0674442648888
1433512736395 lifecam19 2363.03808594 2073.61010742 0.0719915106893
1433512736462 lifecam19 2339.04199219 2074.29418945 0.0910068228841
1433512736532 lifecam19 2318.51855469 2073.10327148 0.0898667052388
1433512736600 lifecam19 2297.03173828 2072.5703125 0.101461231709
1433512736663 lifecam19 2279.75585938 2068.39038086 0.0842594504356
1433512736739 lifecam19 2257.89697266 2067.74780273 0.0943774655461
1433512736807 lifecam19 2235.15820312 2067.27978516 0.112473554909
1433512736862 lifecam19 2214.93041992 2066.11376953 0.115287140012
1433512736931 lifecam19 2194.81933594 2063.62353516 0.117669060826
1433512737062 lifecam19 2152.31787109 2060.57055664 0.126359388232
1433512737130 lifecam19 2130.9699707 2058.12133789 0.131821349263
1433512737201 lifecam19 2111.00341797 2055.4440918 0.132268965244
1433512737269 lifecam19 2089.76367188 2053.57666016 0.140589535236
1433512737341 lifecam19 2068.15673828 2051.18603516 0.147013008595
1433512737402 lifecam19 2047.13769531 2049.03808594 0.153990924358
1433512737469 lifecam19 2027.85986328 2046.29199219 0.156514108181
1433512737542 lifecam19 2006.27807617 2043.72241211 0.162262007594
1433512737601 lifecam19 1984.41906738 2041.5546875 0.172282993793
1433512737670 lifecam19 1964.6394043 2038.77490234 0.170428603888
1433512737731 lifecam19 1943.95727539 2035.04003906 0.173992216587
1433512737798 lifecam19 1922.60522461 2033.25341797 0.18859654665
1433512737869 lifecam19 1902.15551758 2029.22485352 0.187919795513
1433512737937 lifecam19 1881.10839844 2025.94140625 0.191641062498
1433512738003 lifecam19 1862.9329834 2021.88134766 0.18985325098
1433512738069 lifecam19 1840.1027832 2019.35205078 0.204878509045
1433512738144 lifecam19 1821.14916992 2015.84521484 0.207719147205
1433512738200 lifecam19 1810.73803711 2014.40258789 0.209454014897
1433512738266 lifecam19 1807.21044922 2013.60351562 0.208020985126
1433512738338 lifecam19 1806.94140625 2013.80224609 0.210167482495
1433512738398 lifecam19 1806.92492676 2013.66625977 0.210595801473
1433512738466 lifecam19 1808.08605957 2013.36181641 0.202586591244
1433512738538 lifecam19 1806.92492676 2013.66625977 0.210595801473
1433512738604 lifecam19 1807.21044922 2013.60351562 0.208020985126
1433512738681 lifecam19 1806.92492676 2013.66625977 0.210595801473
1433512738744 lifecam19 1807.21044922 2013.60351562 0.208020985126
1433512738804 lifecam19 1807.21044922 2013.60351562 0.208020985126
1433512738864 lifecam19 1806.91687012 2013.83227539 0.210341304541
1433512738932 lifecam19 1807.21044922 2013.60351562 0.208020985126
1433512739006 lifecam19 1804.42211914 2016.5090332 0.230108916759
