1431697208438 lifecam19 37599 -338.497558594 2205.27880859 9106.89355469 -1.86390042305 2.08773994446 -0.406750917435
1431697208499 lifecam20 37599 -1916.84716797 -2681.24243164 10012.6953125 2.5490322113 -2.02821660042 -0.571087896824
1431697208513 lifecam19 37599 -355.178344727 2074.77416992 8922.62695312 -1.90346384048 2.34785842896 -0.94819009304
1431697208580 lifecam19 37599 -371.297027588 2006.36962891 8843.27148438 1.67565906048 -2.18058681488 1.11519408226
1431697208640 lifecam19 37599 -373.814605713 2035.78222656 8939.31445312 1.6765525341 -2.17074394226 1.06392240524
1431697208707 lifecam19 37599 -371.014343262 2020.109375 8874.67675781 -1.89319217205 2.44005012512 -1.22316336632
1431697208781 lifecam19 37599 -372.495391846 2029.32287598 8916.01757812 -1.89942705631 2.46069741249 -1.1947299242
1431697208845 lifecam19 37599 -366.414001465 2030.42321777 8861.90527344 -1.88694894314 2.45056843758 -1.21325230598
1431697208908 lifecam19 37599 -354.683166504 2066.84594727 8856.59375 1.82679390907 -2.4775853157 -0.535474121571
1431697208984 lifecam19 37599 -337.672973633 2101.76074219 8795.14941406 -1.844165802 2.51716589928 0.524098873138
1431697209044 lifecam19 37599 -320.308746338 2162.67602539 8798.73535156 -1.86787748337 2.45205116272 -1.21888828278
1431697209107 lifecam19 37599 -304.778167725 2220.25146484 8817.60351562 1.78116476536 -2.45933961868 -0.475387692451
1431697209182 lifecam19 37599 -287.840667725 2264.73413086 8791.82714844 -1.84722995758 2.5796546936 0.475527733564
1431697209249 lifecam19 37599 -268.077941895 2301.02099609 8723.20996094 -1.85977137089 2.47186088562 -1.21510922909
1431697209309 lifecam19 37599 -252.10055542 2352.28662109 8715.15429688 -1.84115469456 2.61879348755 0.461123645306
1431697209375 lifecam19 37599 -233.728790283 2391.20947266 8672.37695312 -1.85241103172 2.47115159035 -1.23252618313
1431697209449 lifecam19 37599 -216.78187561 2463.91162109 8737.63671875 -1.83605825901 2.65250301361 0.428968638182
1431697209506 lifecam19 37599 -197.824783325 2502.69506836 8690.12890625 -1.82552111149 2.4797809124 -1.21096742153
1431697209575 lifecam19 37599 -180.225479126 2548.01025391 8665.90722656 -1.83785462379 2.68060278893 0.387574970722
1431697209649 lifecam19 37599 -161.321228027 2594.1628418 8646.22558594 -1.82188236713 2.48102927208 -1.19875264168
1431697209713 lifecam19 37599 -140.71661377 2615.00463867 8533.01464844 -1.80759751797 2.47944998741 -1.24107122421
1431697209776 lifecam19 37599 -122.983673096 2682.76806641 8587.34960938 -1.80065429211 2.49850440025 -1.18926823139
1431697209849 lifecam19 37599 -104.247627258 2729.69921875 8561.01074219 -1.79632329941 2.72950649261 0.352549165487
1431697209913 lifecam19 37599 -84.823890686 2781.79956055 8560.16113281 -1.78840517998 2.49925470352 -1.18364369869
1431697209976 lifecam19 37599 -64.0566711426 2821.15991211 8520.06054688 -1.78912210464 2.49791622162 -1.20963788033
1431697210052 lifecam19 37599 -43.6674804688 2866.80566406 8494.00878906 -1.77829813957 2.5125310421 -1.2032803297
1431697210120 lifecam19 37599 -23.7346744537 2907.54492188 8467.1640625 -1.76292395592 2.49498081207 -1.20129609108
1431697210905 lifecam20 39552 407.272094727 293.812561035 2780.05883789 1.35246086121 -0.742861330509 -0.881952226162
1431697210973 lifecam20 37599 -1734.96728516 -1080.83789062 9663.57910156 -1.90989232063 1.9994661808 0.830770254135
1431697211033 lifecam20 37599 -1725.47607422 -1027.15490723 9652.4921875 -1.91144263744 1.99884772301 0.816896319389
1431697211170 lifecam20 37599 -1688.34423828 -911.981506348 9545.01660156 -1.9053299427 2.01431560516 0.862971007824
1431697211231 lifecam20 37599 -1679.04650879 -859.568664551 9540.53222656 -1.8977407217 2.01463890076 0.839439690113
1431697211299 lifecam20 37599 -1668.30432129 -807.048278809 9531.03027344 -1.91039073467 2.01917362213 0.846470892429
1431697211372 lifecam20 37599 -1658.20446777 -755.171691895 9528.53125 -1.90376079082 2.02546477318 0.836743116379
1431697211440 lifecam20 37599 -1679.06323242 -712.011962891 9709.79394531 -1.81256055832 2.23189592361 -0.945177912712
1431697211566 lifecam20 37599 -1633.98620605 -595.863037109 9559.30664062 -1.89447295666 2.10852003098 0.800369441509
1431697211639 lifecam20 37599 -1623.65246582 -544.084716797 9562.81640625 -1.77552592754 2.23219180107 -0.97834610939
1431697211700 lifecam20 37599 -1601.43444824 -488.143768311 9496.24316406 -1.75468885899 2.23107504845 -0.992678880692
1431697211769 lifecam20 37599 -1610.27160645 -441.933258057 9609.51269531 -1.88036358356 2.17480039597 0.726765930653
1431697211838 lifecam20 37599 -1603.46008301 -415.484985352 9604.66796875 -1.76977205276 2.23754882812 -0.941021621227
1431697211899 lifecam20 37599 -1586.01074219 -402.768890381 9510.08105469 -1.87120008469 2.15776801109 0.765076100826
1431697211968 lifecam20 37599 -1589.91638184 -404.004302979 9535.04296875 2.09004044533 -2.42396640778 -0.853246510029
1431697212047 lifecam20 37599 -1588.04577637 -402.820648193 9527.93164062 -1.77377700806 2.24965834618 -1.01456260681
1431697212099 lifecam20 37599 -1599.45227051 -407.225158691 9594.63574219 -1.76959848404 2.24750041962 -0.97589045763
1431697212168 lifecam20 39552 407.374572754 293.820404053 2780.1262207 1.35178077221 -0.744287014008 -0.875313103199
1431697212168 lifecam20 37599 -1589.46459961 -403.824157715 9536.38476562 -1.77792990208 2.24273347855 -1.01686179638
1431697212239 lifecam20 37599 -1589.09216309 -403.378936768 9531.05957031 -1.87053620815 2.15293765068 0.776329338551
1431697212310 lifecam20 37599 -1588.07165527 -403.405670166 9524.38085938 -1.87408447266 2.16344308853 0.77190130949
1431697212367 lifecam20 37599 -1604.46313477 -407.478088379 9626.20410156 -1.77998888493 2.26183700562 -0.990125775337
1431697212435 lifecam20 37599 -1582.63696289 -401.794158936 9492.59960938 -1.78049409389 2.25588679314 -1.02654063702
1431697212506 lifecam20 37599 -1579.375 -400.552734375 9472.27246094 -1.86172103882 2.13150691986 0.800743460655
1431697212567 lifecam20 37599 -1583.90087891 -401.943145752 9501.14453125 -1.8718432188 2.13266015053 0.785130262375
1431697212635 lifecam20 37599 -1589.44555664 -403.471862793 9535.70898438 -1.78928911686 2.25320458412 -1.00287914276
1431697212707 lifecam20 37599 -1587.86474609 -403.279724121 9521.99707031 -1.8659965992 2.16970467567 0.768514752388
1431697212766 lifecam20 37599 -1592.98364258 -404.581848145 9557.74316406 -1.77989208698 2.24686980247 -1.01304233074
1431697212835 lifecam20 37599 -1590.50244141 -403.451080322 9540.07910156 -1.86694431305 2.14327216148 0.779659092426
1431697212908 lifecam20 37599 -1579.375 -400.552734375 9472.27246094 -1.86172103882 2.13150691986 0.800743460655
1431697212978 lifecam20 37599 -1581.47668457 -401.742919922 9487.35058594 -1.77202916145 2.24595522881 -1.03225791454
1431697213034 lifecam20 37599 -1586.88989258 -402.707305908 9515.90722656 -1.86765158176 2.14725422859 0.769726395607
1431697213103 lifecam20 37599 -1589.91638184 -404.004302979 9535.04296875 2.09004044533 -2.42396640778 -0.853246510029
1431697213175 lifecam20 37599 -1593.7467041 -405.199615479 9561.51757812 1.90681302547 -2.41504120827 1.06837260723
1431697213236 lifecam20 37599 -1578.09814453 -400.511688232 9464.05664062 -1.86513388157 2.1409714222 0.797363162041
1431697213304 lifecam20 37599 -1597.47705078 -405.577667236 9584.55371094 -1.77906453609 2.25505948067 -1.00401496887
1431697213378 lifecam20 37599 -1594.73632812 -404.971313477 9564.67089844 -1.87448298931 2.15826749802 0.744629979134
1431697213433 lifecam20 37599 -1591.62695312 -404.120666504 9545.01855469 -1.87089812756 2.15489983559 0.746608674526
1431697213503 lifecam20 37599 -1587.30456543 -402.881774902 9521.95214844 -1.78107142448 2.25051665306 -1.01287698746
1431697213574 lifecam20 37599 -1580.16870117 -401.262298584 9479.80371094 -1.7693618536 2.24362802505 -1.02931189537
1431697213634 lifecam20 37599 -1592.98364258 -404.581848145 9557.74316406 -1.77989208698 2.24686980247 -1.01304233074
1431697213703 lifecam20 37599 -1589.37646484 -403.503509521 9533.12988281 -1.78988933563 2.25583696365 -1.01002216339
1431697213773 lifecam20 37599 -1577.87902832 -400.355957031 9463.94921875 -1.86581087112 2.12908244133 0.793983221054
1431697213843 lifecam20 37599 -1585.0135498 -402.505249023 9508.82421875 -1.77395141125 2.25004959106 -1.0284845829
1431697213903 lifecam20 37599 -1587.74841309 -402.889678955 9523.28515625 -1.87250161171 2.15728354454 0.775780677795
1431697213970 lifecam20 37599 -1581.47668457 -401.742919922 9487.35058594 -1.77202916145 2.24595522881 -1.03225791454
1431697214043 lifecam20 37599 -1587.51000977 -402.827484131 9521.84960938 -1.86906766891 2.14438414574 0.783581018448
1431697214102 lifecam20 37599 -1591.77026367 -404.297302246 9545.66601562 2.10603189468 -2.42478084564 -0.848223030567
1431697214171 lifecam20 37599 -1587.38537598 -402.693817139 9522.32519531 -1.86963379383 2.13237524033 0.779996037483
1431697214242 lifecam20 37599 -1587.30456543 -402.881774902 9521.95214844 -1.78107142448 2.25051665306 -1.01287698746
1431697214302 lifecam20 37599 -1584.66430664 -402.387298584 9502.38964844 2.07729840279 -2.42214512825 -0.886496722698
1431697214371 lifecam20 37599 -1583.18188477 -402.009490967 9495.27636719 -1.87188231945 2.16154003143 0.767112731934
1431697214440 lifecam20 37599 -1590.67468262 -403.934906006 9542.79296875 -1.79199504852 2.25561523438 -1.00606930256
1431697214511 lifecam20 37599 -1600.08105469 -406.238952637 9598.08984375 -1.88136327267 2.1521551609 0.740274310112
1431697214572 lifecam20 37599 -1585.86450195 -402.666992188 9512.97753906 -1.78001141548 2.25292468071 -1.022590518
1431697214640 lifecam20 37599 -1585.56054688 -402.61618042 9509.59765625 -1.8727042675 2.15317320824 0.781563401222
1431697214714 lifecam20 37599 -1583.52514648 -402.262634277 9499.67675781 -1.77478468418 2.24587678909 -1.02736377716
1431697214770 lifecam20 37599 -1586.66845703 -402.9012146 9516.25 -1.87606167793 2.16780161858 0.771429955959
1431697214838 lifecam20 37599 -1587.38537598 -402.693817139 9522.32519531 -1.86963379383 2.13237524033 0.779996037483
1431697214910 lifecam20 37599 -1583.71972656 -402.027984619 9501.36328125 -1.77127766609 2.24770689011 -1.02549815178
1431697214970 lifecam20 37599 -1588.07019043 -402.964416504 9522.91796875 2.10189938545 -2.4303791523 -0.856208741665
1431697215039 lifecam20 37599 -1579.1394043 -401.042541504 9471.3671875 -1.77853751183 2.25173020363 -1.03028857708
1431697215111 lifecam20 37599 -1585.0135498 -402.505249023 9508.82421875 -1.77395141125 2.25004959106 -1.0284845829
1431697215169 lifecam20 37599 -1591.45202637 -404.44909668 9545.12109375 -1.87596714497 2.1719520092 0.754683017731
1431697215240 lifecam20 37599 -1588.07019043 -402.964416504 9522.91796875 2.10189938545 -2.4303791523 -0.856208741665
1431697215309 lifecam20 37599 -1586.95227051 -402.955047607 9514.78808594 2.11064982414 -2.43037223816 -0.852997422218
1431697215382 lifecam20 37599 -1592.12854004 -404.112426758 9549.22949219 2.09664726257 -2.42474150658 -0.853634655476
1431697215438 lifecam20 37599 -1577.61889648 -398.857635498 9520.37890625 -1.93342232704 2.15596985817 0.759862422943
1431697215507 lifecam20 37599 -1569.66772461 -388.529449463 9510.62011719 -2.01081728935 2.1805870533 0.714478731155
1431697215578 lifecam20 37599 -1517.69885254 -364.212341309 9243.91015625 2.09104466438 -2.18437123299 -0.643091082573
1431697215638 lifecam20 37599 -1517.6796875 -348.157562256 9294.19042969 -2.24812722206 2.27982068062 0.54065901041
1431697215706 lifecam20 37599 -1539.89575195 -312.73248291 9434.06835938 -1.75744247437 1.90244233608 -0.467081844807
