1431697396120 lifecam20 5376 768.200805664 -75.1421813965 6130.58837891 1.15768611431 -1.38648879528 -1.46120274067
1431697396670 lifecam19 37599 -335.861297607 2235.51855469 9139.07324219 -1.82104158401 2.06007933617 -0.317079514265
1431697396719 lifecam20 37599 -1927.48986816 -2664.33691406 10059.8974609 -2.32990956306 1.91459429264 0.394466161728
1431697396736 lifecam19 37599 -345.383270264 2119.00561523 8963.734375 -2.11740589142 2.75647187233 0.138834014535
1431697396787 lifecam20 37599 -1924.03076172 -2732.59204102 10060.4736328 2.43800091743 -2.26613235474 0.768495440483
1431697396800 lifecam19 37599 -361.803924561 2049.31030273 8902.54882812 -1.90295314789 2.42747974396 -1.14446365833
1431697396873 lifecam19 37599 -371.624633789 2035.81750488 8931.96679688 1.8472700119 -2.49602770805 -0.512099683285
1431697396935 lifecam19 37599 -374.911102295 2050.96948242 8999.92675781 -1.85716974735 2.49627304077 0.483199417591
1431697397000 lifecam19 37599 -372.055603027 2036.8026123 8938.12402344 1.6745326519 -2.18022251129 1.07684183121
1431697397073 lifecam19 37599 -364.903533936 2044.21276855 8890.21972656 -1.83756029606 2.50956606865 0.529403805733
1431697397140 lifecam19 37599 -352.684448242 2091.70776367 8918.61523438 -1.90767168999 2.45932793617 -1.20056390762
1431697397199 lifecam19 37599 -331.687438965 2116.69848633 8790.74511719 -1.87986969948 2.45305299759 -1.24138867855
1431697397270 lifecam19 37599 -314.362945557 2187.99658203 8834.89257812 -1.85293138027 2.54308605194 0.467216283083
1431697397340 lifecam19 37599 -299.688812256 2247.82128906 8872.04296875 -1.88497793674 2.47587037086 -1.1818780899
1431697397404 lifecam19 37599 -280.041503906 2274.33544922 8775.92480469 -1.83942425251 2.59151887894 0.4585686028
1431697397468 lifecam19 37599 -263.759277344 2330.12329102 8788.38183594 -1.86319279671 2.47429156303 -1.21864569187
1431697397540 lifecam19 37599 -245.401428223 2369.12695312 8735.84277344 -1.83682549 2.60928654671 0.444336771965
1431697397605 lifecam19 37599 -226.324630737 2411.67407227 8695.34960938 -1.84005320072 2.6246278286 0.450985968113
1431697397668 lifecam19 37599 -208.031280518 2460.94750977 8678.23828125 1.70310151577 -2.47746753693 -0.394889771938
1431697397741 lifecam19 37599 -190.088989258 2512.36816406 8677.28808594 1.63522064686 -2.22770047188 1.07202351093
1431697397804 lifecam19 37599 -171.032531738 2547.90283203 8620.51464844 -1.8210542202 2.48347735405 -1.22426462173
1431697397868 lifecam19 37599 -151.976501465 2605.52880859 8633.33105469 1.62846302986 -2.24576091766 1.0905816555
1431697397940 lifecam19 37599 -131.96546936 2634.09594727 8553.45507812 -1.81132566929 2.47836065292 -1.24706184864
1431697398010 lifecam19 37599 -113.638366699 2690.48657227 8571.84960938 -1.79836404324 2.49668955803 -1.20560777187
1431697398071 lifecam19 37599 -94.319770813 2738.17431641 8559.65332031 -1.79928326607 2.50790214539 -1.23771619797
1431697398136 lifecam19 37599 -73.812210083 2789.21850586 8547.28710938 -1.77866005898 2.50981855392 -1.20756101608
1431697398208 lifecam19 37599 -53.8275184631 2845.48608398 8552.59863281 -1.78456532955 2.50267767906 -1.16863083839
1431697398272 lifecam19 37599 -34.5567474365 2872.10766602 8474.29101562 1.58752131462 -2.48171663284 -0.303700864315
1431697398336 lifecam19 37599 -14.6176939011 2899.03515625 8402.24609375 1.61324667931 -2.48989224434 -0.356650561094
1431697399063 lifecam20 37599 -1759.75463867 -1184.28942871 9775.90136719 -1.86879038811 2.19716644287 -1.00469243526
1431697399191 lifecam20 37599 -1722.12487793 -1066.3737793 9651.36328125 -1.90932297707 2.00095582008 0.834994137287
1431697399262 lifecam20 37599 -1707.51452637 -1010.73468018 9620.89550781 -1.90909647942 2.00580692291 0.842187523842
1431697399464 lifecam20 37599 -1707.71350098 -862.535766602 9770.3125 -1.81622171402 2.24401712418 -0.943042635918
1431697399533 lifecam20 37599 -1690.59436035 -807.584838867 9732.69921875 -1.86593425274 2.09648656845 0.763354599476
1431697399591 lifecam20 37599 -1681.69299316 -754.461730957 9742.59375 -1.88106048107 2.09698033333 0.750261604786
1431697399660 lifecam20 37599 -1608.98815918 -672.680480957 9373.28320312 -1.89599168301 2.02400255203 0.880070090294
1431697399788 lifecam20 37599 -1631.59033203 -588.983581543 9630.7890625 1.92437469959 -2.40943408012 1.04953062534
1431697399860 lifecam20 37599 -1603.66442871 -527.972167969 9534.1875 -1.89390528202 2.13135933876 0.79121530056
1431697399925 lifecam20 37599 -1599.07788086 -476.004302979 9570.37304688 2.10243058205 -2.42106819153 -0.865035176277
1431697399989 lifecam20 37599 -1595.19030762 -434.532501221 9605.60253906 -1.76590156555 2.25956368446 -0.967550575733
1431697400058 lifecam20 37599 -1580.04016113 -414.165557861 9533.96289062 -1.868694067 2.17183876038 0.782917022705
1431697400132 lifecam20 37599 -1586.3092041 -409.982025146 9581.89160156 -1.76490032673 2.25595855713 -0.952970147133
1431697400200 lifecam20 37599 -1596.05090332 -414.628356934 9637.16894531 -1.86030340195 2.17780828476 0.732106328011
1431697400258 lifecam20 37599 -1582.38305664 -409.663848877 9557.08496094 -1.75945293903 2.26130199432 -0.995621323586
1431697400326 lifecam20 37599 -1577.67785645 -408.833404541 9527.84179688 -1.86365020275 2.161495924 0.772136747837
1431697400399 lifecam20 37599 -1584.35656738 -411.03717041 9567.60449219 -1.87201058865 2.168810606 0.767996549606
1431697400459 lifecam20 37599 -1581.84069824 -410.044036865 9552.21289062 2.08576178551 -2.42330169678 -0.870773494244
1431697400527 lifecam20 37599 -1577.47509766 -408.754852295 9524.96191406 -1.86393356323 2.15749669075 0.775002360344
1431697400597 lifecam20 37599 -1579.90258789 -409.527282715 9540.28027344 -1.86644470692 2.1662003994 0.773524522781
1431697400659 lifecam20 37599 -1586.44799805 -411.233459473 9579.84472656 -1.87327575684 2.16758418083 0.756010949612
1431697400726 lifecam20 37599 -1580.3293457 -409.488922119 9542.05859375 -1.86675548553 2.15816235542 0.76822334528
1431697400798 lifecam20 37599 -1580.3293457 -409.488922119 9542.05859375 -1.86675548553 2.15816235542 0.76822334528
1431697400867 lifecam20 37599 -1581.47143555 -409.878692627 9548.78320312 -1.86768651009 2.16386342049 0.7631290555
1431697400927 lifecam20 37599 -1581.47143555 -409.878692627 9548.78320312 -1.86768651009 2.16386342049 0.7631290555
1431697400996 lifecam20 37599 -1571.48974609 -407.430786133 9490.04785156 -1.76217877865 2.25384926796 -1.02786207199
1431697401070 lifecam20 37599 -1577.11083984 -408.701080322 9521.74316406 2.0903608799 -2.42895770073 -0.875177919865
1431697401126 lifecam20 37599 -1581.47143555 -409.878692627 9548.78320312 -1.86768651009 2.16386342049 0.7631290555
1431697401195 lifecam20 37599 -1578.74438477 -409.149505615 9533.20800781 -1.86455655098 2.16964054108 0.773792803288
1431697401267 lifecam20 37599 -1586.52331543 -411.307830811 9581.21484375 -1.87323307991 2.16509771347 0.749064803123
1431697401327 lifecam20 37599 -1571.55090332 -406.947875977 9490.19824219 -1.86087942123 2.14658927917 0.79990530014
1431697401395 lifecam20 37599 -1577.95166016 -408.781646729 9528.87988281 -1.86893165112 2.15821671486 0.763830959797
1431697401467 lifecam20 37599 -1579.90258789 -409.527282715 9540.28027344 -1.86644470692 2.1662003994 0.773524522781
1431697401525 lifecam20 37599 -1583.93334961 -410.469451904 9564.56152344 -1.8702173233 2.15646696091 0.752853572369
1431697401595 lifecam20 37599 -1578.74438477 -409.149505615 9533.20800781 -1.86455655098 2.16964054108 0.773792803288
1431697401662 lifecam20 37599 -1571.54968262 -407.495880127 9491.28710938 -1.76702332497 2.25641942024 -1.02355241776
1431697401736 lifecam20 37599 -1573.12878418 -407.634277344 9499.85351562 -1.86425578594 2.16757035255 0.786071240902
1431697401792 lifecam20 37599 -1587.90673828 -411.483673096 9588.97753906 -1.86423325539 2.17294812202 0.757162809372
1431697401863 lifecam20 37599 -1581.47143555 -409.878692627 9548.78320312 -1.86768651009 2.16386342049 0.7631290555
1431697401933 lifecam20 37599 -1577.81359863 -409.013092041 9529.36230469 -1.86384928226 2.16932916641 0.775211036205
1431697401993 lifecam20 37599 -1581.52478027 -409.947174072 9550.01757812 -1.86765098572 2.16137886047 0.756297290325
1431697402063 lifecam20 37599 -1581.47143555 -409.878692627 9548.78320312 -1.86768651009 2.16386342049 0.7631290555
1431697402137 lifecam20 37599 -1578.77099609 -409.140289307 9533.61523438 -1.8655141592 2.16050553322 0.778535485268
1431697402192 lifecam20 37599 -1581.47143555 -409.878692627 9548.78320312 -1.86768651009 2.16386342049 0.7631290555
1431697402262 lifecam20 37599 -1578.74438477 -409.149505615 9533.20800781 -1.86455655098 2.16964054108 0.773792803288
1431697402333 lifecam20 37599 -1577.11083984 -408.701080322 9521.74316406 2.0903608799 -2.42895770073 -0.875177919865
1431697402404 lifecam20 37599 -1581.47143555 -409.878692627 9548.78320312 -1.86768651009 2.16386342049 0.7631290555
1431697402462 lifecam20 37599 -1571.48974609 -407.430786133 9490.04785156 -1.76217877865 2.25384926796 -1.02786207199
1431697402532 lifecam20 37599 -1581.47143555 -409.878692627 9548.78320312 -1.86768651009 2.16386342049 0.7631290555
1431697402605 lifecam22 5376 1405.62341309 -423.71484375 3089.30322266 1.75942003727 1.89544510841 1.79683661461
1431697402603 lifecam20 37599 -1581.47143555 -409.878692627 9548.78320312 -1.86768651009 2.16386342049 0.7631290555
1431697402661 lifecam20 37599 -1573.35693359 -408.060943604 9501.015625 -1.76466119289 2.25661325455 -1.02919793129
1431697402730 lifecam20 37599 -1579.09204102 -409.171905518 9535.59765625 -1.86988270283 2.1639456749 0.758662819862
1431697402745 lifecam22 5376 1401.33508301 -422.533111572 3079.28295898 1.76009905338 1.88544070721 1.80140674114
1431697402803 lifecam20 37599 -1585.35778809 -410.855621338 9573.43847656 -1.87229168415 2.16182208061 0.7610861063
1431697402860 lifecam20 37599 -1581.52478027 -409.947174072 9550.01757812 -1.86765098572 2.16137886047 0.756297290325
1431697402931 lifecam20 37599 -1579.12805176 -409.267730713 9535.8359375 -1.86551451683 2.17456007004 0.784417629242
1431697403002 lifecam20 37599 -1575.29724121 -408.01083374 9512.85644531 -1.86584317684 2.16704082489 0.780608057976
1431697403061 lifecam20 37599 -1581.47143555 -409.878692627 9548.78320312 -1.86768651009 2.16386342049 0.7631290555
1431697403130 lifecam20 37599 -1579.046875 -409.349212646 9533.14257812 2.09344816208 -2.43137264252 -0.87637758255
