1431697023741 lifecam20 37599 -1941.01611328 -2609.11962891 10071.9130859 -2.52931928635 2.028860569 0.0342344194651
1431697023751 lifecam19 37599 -347.810119629 2205.37915039 9158.81933594 -1.8578492403 2.21600270271 -0.618011593819
1431697023806 lifecam20 37599 -1924.60571289 -2713.06616211 10043.0410156 -2.13649892807 1.72473585606 0.752581000328
1431697023820 lifecam19 37599 -373.330383301 2042.99743652 8972.34082031 -1.91285777092 2.47007799149 -1.21989929676
1431697023888 lifecam19 37599 -370.515960693 2015.75708008 8877.43457031 -1.84177267551 2.50657582283 0.558226823807
1431697023957 lifecam19 37599 -372.064666748 2036.45117188 8952.67285156 1.69251573086 -2.19930315018 1.07512247562
1431697024023 lifecam19 37599 -373.582550049 2040.00842285 8966.69726562 -1.8567814827 2.48886036873 0.514783143997
1431697024086 lifecam20 5376 757.084228516 -74.237991333 6042.98242188 1.14135944843 -1.4044573307 -1.46580481529
1431697024091 lifecam19 37599 -370.19744873 2022.48400879 8893.26855469 -1.89460325241 2.44467258453 -1.24165713787
1431697024152 lifecam19 37599 -370.910369873 2026.23864746 8907.91308594 -1.89719128609 2.44407391548 -1.22257113457
1431697024222 lifecam19 37599 -366.079742432 2048.4296875 8926.58984375 1.82781159878 -2.46550011635 -0.506420314312
1431697024289 lifecam19 37599 -351.475738525 2082.31860352 8892.0234375 -1.84352338314 2.51053595543 0.538197636604
1431697024361 lifecam19 37599 -334.070251465 2128.09863281 8855.06347656 -1.8599793911 2.5305762291 0.507501900196
1431697024422 lifecam19 37599 -316.483093262 2190.46972656 8853.89453125 1.79671156406 -2.47053551674 -0.464328229427
1431697024490 lifecam19 37599 -297.267547607 2218.58862305 8773.66992188 -1.87590312958 2.4457654953 -1.22686398029
1431697024555 lifecam22 5376 1318.21948242 292.648498535 2220.921875 -1.43375217915 2.13101673126 -0.947556018829
1431697024557 lifecam19 37599 -282.836486816 2282.99853516 8828.42578125 1.66647493839 -2.2104101181 1.08773088455
1431697024622 lifecam19 37599 -261.861907959 2311.64599609 8725.82910156 -1.84151148796 2.44902157784 -1.24768352509
1431697024686 lifecam19 37599 -245.47833252 2363.81665039 8723.78125 -1.83234727383 2.60794591904 0.474831789732
1431697024762 lifecam19 37599 -228.065200806 2414.28320312 8720.98535156 1.67145097256 -2.22216749191 1.10821509361
1431697024821 lifecam19 37599 -208.666534424 2447.31420898 8647.43847656 -1.82705938816 2.62518310547 0.473556786776
1431697024886 lifecam19 37599 -190.986190796 2498.36547852 8643.77539062 -1.81761908531 2.65992331505 0.461979538202
1431697024957 lifecam19 37599 -172.165878296 2551.21459961 8638.01855469 -1.82773280144 2.47002601624 -1.25420701504
1431697025025 lifecam19 37599 -172.410140991 2902.24121094 9624.32421875 -1.85964465141 2.67711830139 -0.0816195979714
1431697025093 lifecam19 37599 -134.284957886 2627.21142578 8542.33398438 -1.80486989021 2.70089387894 0.449125558138
1431697025156 lifecam19 37599 -114.733535767 2689.15771484 8574.25976562 -1.80268704891 2.47904968262 -1.22231221199
1431697025225 lifecam19 37599 -96.1153564453 2735.03222656 8550.74902344 1.62549948692 -2.46487784386 -0.325902879238
1431697025289 lifecam19 37599 -77.16431427 2775.58032227 8514.828125 -1.79482066631 2.4856595993 -1.24297916889
1431697025359 lifecam19 37599 -57.3139228821 2831.16210938 8524.00878906 1.61613869667 -2.26084280014 1.08889222145
1431697025425 lifecam19 37599 -36.0939292908 2865.78686523 8466.68359375 -1.77753567696 2.49577999115 -1.24402725697
1431697025488 lifecam19 37599 -16.3892784119 2925.96728516 8487.55859375 1.59189915657 -2.47422575951 -0.297255516052
1431697026613 lifecam20 37599 -1679.41369629 -849.713256836 9573.9296875 -1.91378080845 2.01789832115 0.839397311211
1431697026678 lifecam20 37599 -1665.64001465 -795.100830078 9544.55273438 2.21578979492 -2.35693001747 -0.977984905243
1431697026746 lifecam20 37599 -1650.3737793 -740.383789062 9506.53027344 -1.91125369072 2.02259922028 0.84394878149
1431697026821 lifecam20 37599 -1688.34387207 -706.185424805 9790.08300781 -1.89142906666 2.12550067902 0.739622712135
1431697026945 lifecam20 37599 -1655.93505859 -594.99822998 9724.56640625 2.14087986946 -2.40644860268 -0.833907783031
1431697027014 lifecam20 37599 -1630.42236328 -537.827331543 9633.04296875 1.91894090176 -2.41043043137 1.04552316666
1431697027078 lifecam20 37599 -1610.2331543 -482.236328125 9577.94824219 1.91490757465 -2.41350960732 1.07229077816
1431697027145 lifecam20 37599 -1598.18933105 -434.878509521 9562.9921875 -1.75951957703 2.22674322128 -0.981667637825
1431697027214 lifecam20 37599 -1586.57336426 -413.268188477 9517.8671875 -1.89305686951 2.15933537483 0.790673494339
1431697027281 lifecam20 37599 -1586.04626465 -408.328369141 9521.77734375 -1.87891900539 2.14494156837 0.787119984627
1431697027345 lifecam20 37599 -1603.57080078 -414.035705566 9623.62988281 2.10805726051 -2.42915582657 -0.825618982315
1431697027419 lifecam20 37599 -1595.58178711 -411.38973999 9578.98046875 2.10151267052 -2.41914820671 -0.864107728004
1431697027481 lifecam20 37599 -1602.78137207 -413.585998535 9620.3984375 2.09881734848 -2.42870283127 -0.832818627357
1431697027545 lifecam20 37599 -1602.78137207 -413.585998535 9620.3984375 2.09881734848 -2.42870283127 -0.832818627357
1431697027613 lifecam20 37599 -1605.75976562 -414.303436279 9637.32910156 2.10636925697 -2.43177270889 -0.818409264088
1431697027684 lifecam20 37599 -1605.75976562 -414.303436279 9637.32910156 2.10636925697 -2.43177270889 -0.818409264088
1431697027746 lifecam20 37599 -1605.75976562 -414.303436279 9637.32910156 2.10636925697 -2.43177270889 -0.818409264088
1431697027814 lifecam20 37599 -1602.78137207 -413.585998535 9620.3984375 2.09881734848 -2.42870283127 -0.832818627357
1431697027883 lifecam20 37599 -1604.31738281 -413.816558838 9628.88867188 2.11094903946 -2.4305126667 -0.82818043232
1431697027955 lifecam20 37599 -1601.33557129 -413.099060059 9611.9296875 -1.87660825253 2.16574549675 0.751638054848
