1431697157766 lifecam19 37599 -328.115356445 2253.98413086 9180.00195312 -1.84453094006 1.92320561409 -0.314347237349
1431697157815 lifecam20 37599 -2012.65039062 -2776.21826172 10534.6855469 2.75642800331 -2.24107837677 0.0471611954272
1431697157831 lifecam19 37599 -341.989501953 2144.7956543 9057.00195312 -1.92771565914 2.23651742935 -0.740866363049
1431697157882 lifecam20 37599 -1919.62182617 -2731.28857422 10049.4599609 2.6587574482 -2.0753929615 -0.946084022522
1431697157900 lifecam19 37599 -370.133117676 2045.31176758 8947.37695312 -1.85257160664 2.48403048515 0.537784576416
1431697157967 lifecam19 37599 -370.575408936 2018.71948242 8899.69726562 -1.88892257214 2.42575335503 -1.23391664028
1431697158035 lifecam19 37599 -373.73223877 2043.29699707 8980.13769531 -1.90019905567 2.44856262207 -1.20805501938
1431697158099 lifecam19 37599 -369.292755127 2018.49328613 8870.81445312 -1.89526700974 2.44538068771 -1.2430177927
1431697158173 lifecam19 37599 -372.86618042 2036.5604248 8954.14453125 -1.89443659782 2.44788336754 -1.19037055969
1431697158235 lifecam19 37599 -373.306640625 2040.59936523 8967.93847656 -1.91041302681 2.46244072914 -1.19981217384
1431697158300 lifecam19 37599 -363.268188477 2042.78210449 8878.140625 -1.86059391499 2.47897362709 0.556231379509
1431697158367 lifecam19 37599 -352.292388916 2094.69970703 8909.02050781 -1.9075319767 2.43286824226 -1.20490717888
1431697158436 lifecam19 37599 -333.328613281 2129.37988281 8818.36132812 1.69769144058 -2.15974092484 1.10193407536
1431697158499 lifecam19 37599 -314.790008545 2173.31933594 8759.49609375 -1.90126895905 2.43338036537 -1.24331009388
1431697158568 lifecam19 37599 -300.73147583 2232.37353516 8799.42285156 -1.87143230438 2.54234933853 0.489866793156
1431697158635 lifecam19 37599 -283.401031494 2275.88330078 8757.33007812 1.78379869461 -2.44249200821 -0.443252176046
1431697158704 lifecam19 37599 -268.225158691 2333.96264648 8778.22851562 -1.87183201313 2.57628774643 0.461016893387
1431697158767 lifecam19 37599 -250.801681519 2366.14770508 8706.50390625 -1.88572156429 2.44262576103 -1.25181484222
1431697158836 lifecam19 37599 -233.528640747 2419.99658203 8703.11328125 -1.87851011753 2.4395160675 -1.23775851727
1431697158903 lifecam19 37599 -217.325637817 2476.35913086 8709.05566406 1.73921811581 -2.45446109772 -0.404907047749
1431697158968 lifecam19 37599 -201.232391357 2533.87475586 8726.57519531 -1.85707724094 2.4723367691 -1.17445766926
1431697159034 lifecam19 37599 -182.064086914 2561.34692383 8638.59960938 -1.842441082 2.46440601349 -1.21514475346
1431697159103 lifecam19 37599 -163.401245117 2602.96313477 8597.6796875 -1.84231853485 2.46718907356 -1.23036062717
1431697159167 lifecam19 37599 -145.98979187 2657.5949707 8604.16992188 1.68260681629 -2.4509036541 -0.365480720997
1431697159235 lifecam19 37599 -127.979499817 2704.64331055 8587.78613281 1.67606711388 -2.45219182968 -0.345647126436
1431697159302 lifecam19 37599 -109.87802887 2745.27929688 8550.37304688 -1.83015191555 2.73686027527 0.387287914753
1431697159372 lifecam19 37599 -89.9878921509 2781.00830078 8493.53808594 -1.80313301086 2.46115803719 -1.23411476612
1431697159434 lifecam19 37599 -70.6997909546 2841.24414062 8509.97460938 -1.81511807442 2.48490786552 -1.21997213364
1431697159504 lifecam19 37599 -52.0329704285 2882.46069336 8471.91894531 1.59492647648 -2.4518764019 -0.305257320404
1431697159571 lifecam19 37599 -34.006275177 2884.3269043 8332.33691406 1.69603943825 -2.47914910316 -0.492996960878
1431697160285 lifecam20 37599 -1774.20507812 -1168.74804688 9655.93457031 -1.90773200989 1.89447498322 0.859560906887
1431697160353 lifecam20 37599 -1774.52270508 -1121.89123535 9695.81835938 -1.88392388821 2.18825292587 -1.01997292042
1431697160485 lifecam20 37599 -1765.74487305 -1021.78192139 9726.43066406 -1.92331123352 2.0056347847 0.797026872635
1431697160621 lifecam20 37599 -1740.92810059 -905.496520996 9676.515625 -1.9249458313 1.9971550703 0.819074213505
1431697160688 lifecam20 37599 -1720.95202637 -846.211547852 9604.06347656 1.97756683826 -2.35502147675 1.07250666618
1431697160754 lifecam20 37599 -1713.47680664 -793.710266113 9606.87207031 -1.91110289097 2.01882982254 0.801594316959
1431697160824 lifecam20 37599 -1698.91003418 -739.292785645 9574.86328125 -1.91114270687 2.02365589142 0.808551609516
1431697160953 lifecam20 37599 -1672.2434082 -631.937133789 9526.66113281 -1.82954156399 2.19436979294 -1.02376127243
1431697161021 lifecam20 37599 -1657.01086426 -577.603088379 9492.20605469 -1.80549871922 2.20261621475 -1.03096663952
1431697161097 lifecam20 37599 -1686.06542969 -535.536254883 9716.3125 -1.90098452568 2.12593722343 0.719147443771
1431697161153 lifecam20 37599 -1647.22802734 -472.191131592 9548.11816406 -1.90043270588 2.11458754539 0.762307703495
1431697161221 lifecam20 37599 -1652.97509766 -432.250915527 9624.40917969 -1.89917123318 2.12888097763 0.715758919716
1431697161289 lifecam20 37599 -1649.57849121 -418.044250488 9624.65527344 -1.89845013618 2.15551900864 0.716230630875
1431697161356 lifecam20 37599 -1641.82971191 -410.976806641 9584.39550781 -1.79962289333 2.25147461891 -0.976026892662
1431697161421 lifecam20 37599 -1650.57922363 -415.07925415 9634.71289062 -1.78470885754 2.23684048653 -0.956466853619
1431697161490 lifecam20 37599 -1642.52111816 -411.997192383 9586.21386719 2.12182784081 -2.4213654995 -0.829490423203
1431697161555 lifecam20 37599 -1632.82312012 -409.210510254 9531.23242188 -1.88579261303 2.13670349121 0.757651507854
1431697161624 lifecam20 37599 -1641.88964844 -411.693847656 9582.90234375 2.11961364746 -2.42557001114 -0.837827205658
1431697161690 lifecam20 37599 -1627.79089355 -408.481079102 9497.94335938 2.11435556412 -2.41039681435 -0.859868526459
1431697161766 lifecam20 37599 -1630.9375 -408.682983398 9519.26171875 -1.88360977173 2.13366937637 0.756184339523
1431697161821 lifecam20 37599 -1627.88098145 -408.110321045 9502.11621094 -1.88836443424 2.13520312309 0.766027450562
1431697161890 lifecam20 37599 -1623.76293945 -407.627471924 9478.61230469 -1.777536273 2.22713589668 -1.01451206207
1431697161961 lifecam20 37599 -1640.15661621 -411.302886963 9573.43652344 -1.88897299767 2.15022754669 0.720046579838
1431697162020 lifecam20 37599 -1642.78881836 -412.24130249 9588.36621094 -1.88819730282 2.16135334969 0.727175533772
1431697162088 lifecam20 37599 -1636.98950195 -410.973358154 9556.55859375 -1.78501200676 2.24186849594 -0.986722588539
1431697162158 lifecam20 37599 -1641.2911377 -412.001861572 9580.66503906 -1.79223072529 2.25289082527 -0.983165860176
1431697162222 lifecam20 37599 -1628.8034668 -408.556549072 9507.62890625 -1.78093004227 2.24065923691 -1.00811219215
1431697162291 lifecam20 37599 -1629.47155762 -408.860717773 9509.80273438 2.11473226547 -2.40797257423 -0.847476661205
1431697162358 lifecam20 37599 -1641.35058594 -411.921905518 9582.26464844 -1.78715312481 2.24679398537 -0.981031000614
1431697162434 lifecam20 37599 -1646.27368164 -412.79019165 9608.26074219 -1.88495922089 2.14859080315 0.719301581383
1431697162489 lifecam20 37599 -1645.98828125 -412.989044189 9606.09277344 -1.88126683235 2.15292716026 0.720827043056
1431697162557 lifecam20 37599 -1619.48901367 -406.509490967 9452.7734375 -1.77702605724 2.23053336143 -1.02074241638
1431697162632 lifecam20 37599 -1643.80761719 -412.17300415 9593.85058594 2.14100384712 -2.4307410717 -0.796173155308
1431697162690 lifecam20 37599 -1623.80493164 -407.446136475 9478.21289062 -1.77904951572 2.23530364037 -1.01544678211
1431697162756 lifecam20 37599 -1623.78125 -407.48828125 9476.09375 1.91511952877 -2.39629197121 1.08613908291
