1431696127102 lifecam19 37599 -333.38671875 2242.4387207 9115.05273438 -1.83504951 1.96161258221 -0.276368618011
1431696127157 lifecam19 37599 -347.727661133 2109.98583984 8961.35253906 -2.09041309357 2.63126373291 0.273115664721
1431696127160 lifecam20 37599 -1956.86914062 -2686.421875 10196.5410156 -2.3784635067 1.87982308865 0.320683985949
1431696127170 lifecam22 39552 2329.71362305 -1732.32287598 5575.32763672 2.67505860329 -1.03237187862 1.50644254684
1431696127228 lifecam19 37599 -371.956726074 2020.8996582 8908.5 -1.90286648273 2.46320438385 -1.19322764874
1431696127302 lifecam19 37599 -370.690948486 2033.85595703 8935.34179688 -1.91077208519 2.45025849342 -1.20168471336
1431696127358 lifecam19 37599 -373.449920654 2044.46313477 8984.56542969 -1.91020941734 2.44161963463 -1.19666898251
1431696127426 lifecam19 37599 -369.244262695 2025.81188965 8900.94042969 -1.91563045979 2.4434659481 -1.21496880054
1431696127502 lifecam19 37599 -364.19720459 2033.29138184 8869.63964844 1.70075118542 -2.15683269501 1.10399746895
1431696127570 lifecam19 37599 -348.830596924 2058.97998047 8801.10644531 1.69896781445 -2.14409589767 1.10867500305
1431696127627 lifecam19 37599 -331.919799805 2101.07739258 8755.48242188 1.6984590292 -2.14742898941 1.12618851662
1431696127694 lifecam19 37599 -319.928649902 2188.22680664 8859.16699219 1.84067952633 -2.42420482635 -0.487349420786
1431696127770 lifecam19 37599 -305.226898193 2221.73876953 8795.89550781 1.85429489613 -2.4176158905 -0.5071849823
1431696127825 lifecam19 37599 -290.264221191 2266.78662109 8765.03808594 -1.9442551136 2.40300178528 -1.24640870094
1431696127897 lifecam19 37599 -277.707427979 2339.73876953 8831.78710938 -1.94908583164 2.41476678848 -1.18764531612
1431696127970 lifecam19 37599 -260.316558838 2355.99829102 8690.58691406 1.74019598961 -2.1359398365 1.10410988331
1431696128025 lifecam19 37599 -247.959579468 2413.05786133 8698.68847656 -1.9559943676 2.37760210037 -1.23090362549
1431696128095 lifecam19 37599 -235.349502563 2456.02441406 8661.49121094 1.8328602314 -2.3803293705 -0.438744276762
1431696128172 lifecam19 37599 -224.327575684 2534.54077148 8748.8671875 1.75028657913 -2.10517477989 1.05022680759
1431696128238 lifecam19 37599 -208.301193237 2542.17700195 8587.19238281 1.83398962021 -2.37082600594 -0.441906929016
1431696128295 lifecam19 37599 -214.263366699 2830.97314453 9361.46582031 -2.1109161377 2.73381495476 0.192061811686
1431696128366 lifecam19 37599 -184.301574707 2633.51000977 8530.14746094 -2.0073428154 2.33189201355 -1.27140307426
1431696128437 lifecam19 37599 -173.644165039 2704.67749023 8579.69921875 -2.01152563095 2.57676148415 0.420959174633
1431696128493 lifecam19 37599 -161.98336792 2747.19433594 8539.30371094 1.81295239925 -2.32032990456 -0.390168577433
1431696128563 lifecam19 37599 -151.596725464 2817.32202148 8584.50976562 -2.0270383358 2.36112475395 -1.1882379055
1431696128637 lifecam19 37599 -141.044036865 2863.05395508 8549.50976562 -2.03769254684 2.36394643784 -1.19448935986
1431696128693 lifecam19 37599 -129.765289307 2887.9309082 8458.02832031 -2.05993795395 2.60142397881 0.387746781111
1431696130163 lifecam20 37599 -2048.79272461 -681.748596191 9364.97949219 2.77759933472 -1.93870341778 -0.82469278574
1431696130234 lifecam20 37599 -2051.06884766 -629.284545898 9321.74902344 2.78140044212 -1.90829217434 -0.808429121971
1431696130289 lifecam20 37599 -2058.95922852 -577.159118652 9295.60253906 -2.2461977005 1.56873095036 0.645160079002
1431696130362 lifecam20 37599 -2065.2980957 -525.083374023 9262.48242188 2.31470370293 -1.85072577 1.16497170925
1431696130431 lifecam20 37599 -2118.8762207 -489.499969482 9442.62988281 2.76144146919 -1.96172201633 -0.725542008877
1431696130489 lifecam20 37599 -2089.9152832 -464.029571533 9292.3203125 -2.25543451309 1.56182217598 0.609201192856
1431696130556 lifecam20 37599 -2085.93164062 -456.284973145 9263.78710938 2.29927968979 -1.81596493721 1.13396775723
1431696130632 lifecam20 37599 -2094.53271484 -459.785705566 9303.49902344 2.29501271248 -1.82201194763 1.10961294174
1431696130689 lifecam20 37599 -2084.59912109 -456.908081055 9259.22949219 -2.29130244255 1.80936360359 -1.13522171974
1431696130763 lifecam20 37599 -2102.38720703 -460.872650146 9338.52050781 2.29755783081 -1.82524216175 1.09754014015
1431696130832 lifecam20 37599 -2085.48681641 -457.566894531 9263.61035156 2.31412410736 -1.82868659496 1.12846159935
1431696130903 lifecam20 37599 -2090.97387695 -458.153991699 9287.39550781 -2.26323795319 1.55897474289 0.592921674252
1431696130957 lifecam20 37599 -2089.11889648 -458.335662842 9279.86328125 -2.31880807877 1.82896697521 -1.10420632362
1431696131027 lifecam20 37599 -2074.33691406 -454.765106201 9212.31347656 2.3055062294 -1.81556355953 1.14352464676
1431696131101 lifecam20 37599 -2082.14624023 -456.874755859 9248.07617188 2.30379772186 -1.82267379761 1.1344871521
1431696131156 lifecam20 37599 -2077.13549805 -455.6668396 9225.75097656 2.30773472786 -1.82064795494 1.14616322517
1431696131229 lifecam20 37599 -2076.4921875 -455.210784912 9222.59375 2.30778670311 -1.81993877888 1.14825940132
1431696131299 lifecam20 37599 -2083.62524414 -457.037475586 9254.63085938 -2.32182312012 1.82527649403 -1.10707187653
1431696131358 lifecam20 37599 -2082.29101562 -456.624206543 9248.44726562 2.30303215981 -1.82216513157 1.13488984108
1431696131424 lifecam20 37599 -2084.41821289 -456.895904541 9257.72167969 -2.26106786728 1.55286324024 0.604989647865
1431696131498 lifecam20 37599 -2085.81201172 -457.331939697 9264.7578125 -2.29172039032 1.81110787392 -1.12698996067
1431696131573 lifecam20 37599 -2069.71972656 -453.862945557 9192.69628906 2.30665326118 -1.81184613705 1.17042124271
1431696131627 lifecam20 37599 -2076.12255859 -455.434631348 9221.24707031 2.31437468529 -1.82504785061 1.14220046997
1431696131698 lifecam20 37599 -2079.06835938 -455.609558105 9233.81933594 -2.27201771736 1.5580047369 0.608728468418
1431696131771 lifecam20 37599 -2076.12255859 -455.434631348 9221.24707031 2.31437468529 -1.82504785061 1.14220046997
1431696131825 lifecam20 37599 -2079.34033203 -456.356140137 9236.62792969 -2.30745506287 1.80895709991 -1.11285412312
1431696131902 lifecam20 37599 -2079.39086914 -456.009429932 9235.60253906 2.31013965607 -1.82500958443 1.13634455204
1431696131969 lifecam20 37599 -2075.07080078 -454.875335693 9216.19140625 -2.2778441906 1.55873370171 0.615033447742
1431696132027 lifecam20 37599 -2083.49462891 -456.680603027 9253.60253906 -2.2657752037 1.55813360214 0.599749922752
1431696132091 lifecam20 37599 -2080.44677734 -456.441375732 9240.48144531 -2.29117941856 1.81073975563 -1.13226008415
1431696132168 lifecam20 37599 -2082.32470703 -456.868835449 9249.72949219 -2.31093025208 1.81489944458 -1.11112761497
1431696132238 lifecam20 37599 -2086.39257812 -457.172058105 9266.33984375 -2.26077151299 1.55677974224 0.595919907093
1431696132293 lifecam20 37599 -2082.32470703 -456.868835449 9249.72949219 -2.31093025208 1.81489944458 -1.11112761497
1431696132364 lifecam20 37599 -2086.48217773 -457.61038208 9266.63671875 2.30931448936 -1.82460689545 1.10608613491
1431696132441 lifecam20 37599 -2082.32470703 -456.868835449 9249.72949219 -2.31093025208 1.81489944458 -1.11112761497
1431696132492 lifecam20 37599 -2097.40600586 -459.765228271 9316.53320312 -2.32837486267 1.83887469769 -1.07947182655
1431696132565 lifecam20 37599 -2080.01635742 -456.365234375 9238.5859375 -2.28835678101 1.80853426456 -1.11227464676
1431696132633 lifecam20 37599 -2092.1550293 -458.705718994 9292.40234375 2.30763244629 -1.82954788208 1.10367739201
1431696132692 lifecam20 37599 -2079.34033203 -456.356140137 9236.62792969 -2.30745506287 1.80895709991 -1.11285412312
1431696132759 lifecam20 37599 -2090.74389648 -458.032287598 9285.86523438 2.79855513573 -1.92798781395 -0.721261024475
1431696132836 lifecam20 37599 -2089.05761719 -457.426208496 9278.125 2.79706192017 -1.92410814762 -0.72665733099
1431696132891 lifecam20 37599 -2090.74389648 -458.032287598 9285.86523438 2.79855513573 -1.92798781395 -0.721261024475
1431696132959 lifecam20 37599 -2086.48217773 -457.61038208 9266.63671875 2.30931448936 -1.82460689545 1.10608613491
1431696133032 lifecam20 37599 -2090.86401367 -458.674865723 9286.92773438 2.30832529068 -1.8285446167 1.10777592659
1431696133110 lifecam20 37599 -2090.70361328 -458.368499756 9286.10449219 2.30403137207 -1.81226766109 1.07857811451
1431696133159 lifecam20 37599 -2076.17114258 -455.425140381 9221.58105469 -2.31206655502 1.80903422832 -1.10539901257
1431696133232 lifecam20 37599 -2089.70263672 -458.194641113 9280.78710938 2.30499863625 -1.82492446899 1.09904015064
1431696133358 lifecam20 37599 -2087.49682617 -457.725280762 9271.48632812 -2.2963757515 1.82264971733 -1.10554766655
1431696133429 lifecam20 37599 -2082.4074707 -456.195465088 9249.39453125 -2.31135988235 1.81514966488 -1.11761331558
1431696133502 lifecam20 37599 -2077.04492188 -455.305511475 9224.34082031 -2.29345822334 1.8100143671 -1.12037730217
1431696133562 lifecam20 37599 -2082.04907227 -456.109375 9247.12011719 -2.31729650497 1.82061004639 -1.1015894413
