1431696328928 lifecam20 37599 -1916.75134277 -2606.40283203 9964.17285156 -1.92236816883 1.58077609539 -0.156677559018
1431696328938 lifecam19 37599 -349.406555176 2203.08520508 9148.76074219 -1.90233278275 2.18405508995 -0.557000041008
1431696329000 lifecam20 37599 -1926.95922852 -2699.75024414 10040.9199219 2.46521162987 -2.28492379189 0.757073283195
1431696329081 lifecam19 37599 -377.38772583 2032.23120117 8934.79882812 -1.8915656805 2.45309281349 -1.19688296318
1431696329140 lifecam19 37599 -374.823181152 2019.6940918 8883.00390625 -1.8929746151 2.45997834206 -1.20849943161
1431696329205 lifecam19 37599 -376.51348877 2028.87866211 8922.3359375 -1.90124952793 2.45407748222 -1.19047570229
1431696329282 lifecam19 37599 -372.268554688 2039.31091309 8910.31640625 -1.92554616928 2.45741677284 -1.19157958031
1431696329350 lifecam19 37599 -360.014923096 2064.63842773 8844.09667969 1.87730526924 -2.45190262794 -0.529011249542
1431696329408 lifecam19 37599 -343.571044922 2105.93652344 8805.10839844 -1.94884860516 2.43266654015 -1.23734796047
1431696329473 lifecam19 37599 -329.991668701 2179.61694336 8850.24023438 -1.94960904121 2.42826008797 -1.2000015974
1431696329551 lifecam19 37599 -314.964996338 2213.88769531 8790.63769531 -1.94030988216 2.4134581089 -1.21854913235
1431696329608 lifecam19 37599 -297.369262695 2236.21313477 8674.64550781 -1.94661819935 2.37840270996 -1.282158494
1431696329674 lifecam19 37599 -285.980163574 2308.08447266 8729.12890625 1.74672484398 -2.11739039421 1.09482109547
1431696329750 lifecam19 37599 -274.85269165 2373.51586914 8768.03808594 -1.95260083675 2.51997733116 0.443346351385
1431696329807 lifecam19 37599 -260.700927734 2409.71801758 8705.22363281 -1.97228634357 2.3901386261 -1.20176887512
1431696329873 lifecam19 37599 -249.226760864 2460.00512695 8692.48046875 1.86269378662 -2.38955211639 -0.405229955912
1431696329951 lifecam19 37599 -235.895294189 2506.75048828 8666.0703125 1.75939667225 -2.07075381279 1.08650612831
1431696330019 lifecam19 37599 -221.870620728 2542.42016602 8597.07910156 -2.00850391388 2.35696578026 -1.23436546326
1431696330076 lifecam19 37599 -211.537200928 2611.02026367 8649.53613281 -2.00574731827 2.37311863899 -1.22315096855
1431696330141 lifecam19 37599 -199.194351196 2637.71777344 8559.5390625 1.76831161976 -2.06233763695 1.10171699524
1431696330220 lifecam19 37599 -190.032836914 2722.77392578 8656.03027344 -2.01587152481 2.37195634842 -1.1729092598
1431696330275 lifecam19 37599 -177.338973999 2754.33129883 8573.9921875 -2.02314400673 2.3456466198 -1.220703125
1431696330342 lifecam19 37599 -166.928131104 2802.60083008 8546.67773438 -2.0461666584 2.56238389015 0.408254176378
1431696330417 lifecam19 37599 -155.402191162 2828.60888672 8456.703125 1.79738712311 -2.05998301506 1.09661722183
1431696330476 lifecam19 37599 -146.021820068 2891.00073242 8478.15917969 -2.04882860184 2.33847880363 -1.21742808819
1431696331801 lifecam20 37599 -2056.98339844 -797.453735352 9420.87109375 -2.215082407 1.54277944565 0.676017284393
1431696331944 lifecam20 37599 -2049.63134766 -687.629638672 9269.92871094 2.30889034271 -1.84583413601 1.14536035061
1431696332000 lifecam20 37599 -2068.08813477 -639.692932129 9295.45214844 2.75733685493 -1.89575684071 -0.841235876083
1431696332069 lifecam20 37599 -2094.44311523 -592.730224609 9353.12695312 2.78295230865 -1.90202045441 -0.779744684696
1431696332143 lifecam20 37599 -2083.05395508 -535.439147949 9238.69335938 2.79002785683 -1.91117990017 -0.77634036541
1431696332201 lifecam20 37599 -2103.20361328 -490.790008545 9266.14550781 -2.2626106739 1.561647892 0.61827892065
1431696332268 lifecam20 37599 -2101.81079102 -462.749938965 9222.37402344 2.33282661438 -1.80133163929 1.15045416355
1431696332339 lifecam20 37599 -2105.35351562 -458.946166992 9234.32910156 2.78835248947 -1.88528585434 -0.76530867815
1431696332410 lifecam20 37599 -2119.75366211 -462.573883057 9297.26660156 2.79259824753 -1.90184593201 -0.729116499424
1431696332470 lifecam20 37599 -2108.34472656 -460.029052734 9248.5546875 2.77757453918 -1.8883357048 -0.746944844723
1431696332536 lifecam20 37599 -2110.81933594 -460.933868408 9258.69140625 2.33308720589 -1.80093574524 1.12890481949
1431696332612 lifecam20 37599 -2114.30102539 -461.131011963 9272.46289062 2.79866242409 -1.89267468452 -0.737647473812
1431696332669 lifecam20 37599 -2115.02026367 -461.444946289 9275.78417969 2.79720520973 -1.89489221573 -0.729797124863
1431696332737 lifecam20 37599 -2113.6796875 -461.439239502 9270.41113281 2.33925485611 -1.80579841137 1.12877058983
1431696332812 lifecam20 37599 -2108.921875 -460.623321533 9251.21191406 2.33077383041 -1.80695271492 1.11776053905
1431696332870 lifecam20 37599 -2112.72753906 -460.92489624 9265.703125 2.79587006569 -1.89033889771 -0.736291706562
1431696332936 lifecam20 37599 -2115.02026367 -461.444946289 9275.78417969 2.79720520973 -1.89489221573 -0.729797124863
1431696333014 lifecam20 37599 -2105.31347656 -459.321929932 9232.4296875 2.79423117638 -1.88796257973 -0.748512923717
1431696333079 lifecam20 37599 -2107.66015625 -460.283660889 9244.18359375 2.33647871017 -1.80306005478 1.12037348747
1431696333137 lifecam20 37599 -2110.81933594 -460.933868408 9258.69140625 2.33308720589 -1.80093574524 1.12890481949
1431696333204 lifecam20 37599 -2108.45776367 -459.811920166 9248.14160156 2.78438663483 -1.89361453056 -0.739871740341
1431696333281 lifecam20 37599 -2115.24780273 -462.031768799 9278.23144531 2.33512735367 -1.80734729767 1.11139595509
1431696333337 lifecam20 37599 -2102.39624023 -458.720428467 9221.02832031 2.78710746765 -1.89268410206 -0.758231699467
1431696333405 lifecam20 37599 -2112.25854492 -460.941680908 9264.3671875 2.7842206955 -1.88881134987 -0.738244116306
1431696333479 lifecam20 37599 -2105.27978516 -459.704284668 9233.69335938 2.33211493492 -1.79703354836 1.13337206841
1431696333538 lifecam20 37599 -2109.12231445 -460.099212646 9251.20898438 2.78665995598 -1.89416444302 -0.74368429184
1431696333604 lifecam20 37599 -2108.80517578 -459.769317627 9248.93847656 2.79601788521 -1.89513576031 -0.738080561161
1431696333681 lifecam20 37599 -2117.87670898 -462.185577393 9289.30078125 2.33752536774 -1.8120290041 1.09945785999
