1433512175936 lifecam19 2632.55712891 2026.31420898 6.09454488754
1433512176000 lifecam19 2658.88500977 2044.36499023 6.17319154739
1433512176071 lifecam19 2684.30664062 2060.27783203 6.23647546768
1433512176132 lifecam19 2715.99560547 2071.48754883 6.24430084229
1433512176200 lifecam19 2710.8203125 2067.95410156 6.2405500412
1433512176268 lifecam19 2709.03979492 2071.24804688 6.24521970749
1433512176332 lifecam19 2695.56079102 2069.9921875 6.23952198029
1433512176469 lifecam19 2654.95703125 2064.69238281 6.21121168137
1433512176537 lifecam19 2634.00073242 2064.63623047 6.21076440811
1433512176602 lifecam19 2613.78637695 2065.70751953 6.21269369125
1433512176667 lifecam19 2591.44238281 2067.37695312 6.21964883804
1433512176734 lifecam19 2571.30175781 2068.79394531 6.22705125809
1433512176805 lifecam19 2551.17919922 2069.83325195 6.23161268234
1433512176867 lifecam19 2530.91577148 2068.64428711 6.21611166
1433512176935 lifecam19 2513.84521484 2066.77050781 6.18925952911
1433512176999 lifecam19 2494.34301758 2066.80371094 6.1824836731
1433512177071 lifecam19 2473.9284668 2068.83129883 6.18921375275
1433512177206 lifecam19 2433.17895508 2069.74291992 6.17007398605
1433512177271 lifecam19 2413.13427734 2071.62890625 6.16885614395
1433512177334 lifecam19 2392.46850586 2074.30786133 6.1789150238
1433512177400 lifecam19 2373.91943359 2073.74047852 6.15826892853
1433512177467 lifecam19 2354.1730957 2074.03100586 6.14673280716
1433512177538 lifecam19 2333.62207031 2076.62792969 6.15185213089
1433512177603 lifecam19 2314.83520508 2077.03027344 6.13996553421
1433512177667 lifecam19 2294.51513672 2078.97509766 6.13393449783
1433512177738 lifecam19 2272.85302734 2082.23095703 6.14163208008
1433512177808 lifecam19 2253.72973633 2084.22167969 6.13186502457
1433512177936 lifecam19 2216.44921875 2086.26098633 6.10521268845
1433512178003 lifecam19 2194.54418945 2090.43310547 6.11559009552
1433512178068 lifecam19 2175.27563477 2091.61181641 6.10365200043
1433512178135 lifecam19 2155.99682617 2093.62182617 6.09371614456
1433512178203 lifecam19 2135.93432617 2096.10400391 6.09190940857
1433512178273 lifecam19 2115.27807617 2098.64770508 6.08344459534
1433512178339 lifecam19 2095.9309082 2101.71972656 6.0762925148
1433512178407 lifecam19 2075.64453125 2105.49975586 6.0774474144
1433512178472 lifecam19 2056.64111328 2108.1015625 6.06946516037
1433512178536 lifecam19 2037.77197266 2110.18432617 6.05397605896
1433512178670 lifecam19 1998.01879883 2117.11914062 6.04545116425
1433512178736 lifecam19 1978.73510742 2120.05859375 6.03957605362
1433512178803 lifecam19 1958.57897949 2123.63647461 6.0346865654
1433512178876 lifecam19 1938.44372559 2128.76953125 6.03356933594
1433512178942 lifecam19 1920.09533691 2131.67089844 6.02048587799
1433512178995 lifecam20 1915.46459961 2148.9753418 6.02954101562
1433512179011 lifecam19 1904.95092773 2152.3659668 6.03458690643
1433512179055 lifecam20 1894.77746582 2154.20117188 6.03260421753
1433512179072 lifecam19 1885.71166992 2155.51586914 6.02687454224
1433512179122 lifecam20 1877.35644531 2157.39257812 6.02468490601
1433512179139 lifecam19 1870.53564453 2159.33422852 6.02577972412
1433512179186 lifecam20 1865.63305664 2160.66943359 6.02597761154
1433512179203 lifecam19 1863.0222168 2161.16357422 6.02366924286
1433512179254 lifecam20 1861.95922852 2161.29418945 6.02363014221
1433512179270 lifecam19 1862.40454102 2161.17236328 6.02355480194
1433512179385 lifecam20 1863.03149414 2160.96630859 6.0220823288
1433512179404 lifecam19 1863.46533203 2160.33007812 6.01841497421
1433512179454 lifecam20 1863.6262207 2160.02319336 6.01607608795
1433512179474 lifecam19 1863.39892578 2160.2824707 6.01782560349
1433512179525 lifecam20 1863.36791992 2160.49511719 6.01960277557
1433512179541 lifecam19 1863.59521484 2160.23583984 6.0178527832
1433512179590 lifecam20 1863.6262207 2160.02319336 6.01607608795
1433512179609 lifecam19 1863.72509766 2159.66992188 6.0142364502
1433512179659 lifecam20 1863.6940918 2159.88256836 6.01601314545
1433512179674 lifecam19 1863.63244629 2160.30615234 6.01771306992
1433512179735 lifecam20 1863.63244629 2160.30615234 6.01771306992
1433512179744 lifecam19 1863.83813477 2159.77197266 6.01442718506
1433512179790 lifecam20 1863.86901855 2159.55932617 6.01265001297
1433512179806 lifecam19 1863.49902344 2159.93164062 6.01598024368
1433512179854 lifecam20 1863.49902344 2159.93164062 6.01598024368
1433512179871 lifecam19 1863.6262207 2160.02319336 6.01607608795
1433512179922 lifecam20 1863.56713867 2160.25878906 6.01722764969
1433512179939 lifecam19 1863.61315918 2160.31152344 6.01779127121
1433512179990 lifecam20 1863.58056641 2160.52539062 6.01956701279
1433512180006 lifecam19 1863.63330078 2160.11962891 6.01716327667
1433512180133 lifecam20 1863.78588867 2159.8659668 6.01516771317
1433512180191 lifecam20 1863.57739258 2176.24047852 6.02695846558
