1433512121716 lifecam19 2637.26782227 2036.88598633 6.15812349319
1433512121793 lifecam19 2655.2746582 2050.0546875 6.21929502487
1433512121847 lifecam19 2676.4152832 2063.71728516 6.26225042343
1433512121918 lifecam19 2700.17504883 2075.68994141 6.27477359772
1433512121991 lifecam19 2680.07495117 2074.02832031 6.26541614532
1433512122047 lifecam19 2658.71972656 2073.76269531 6.26304292679
1433512122120 lifecam19 2637.20458984 2073.52661133 6.26094055176
1433512122182 lifecam19 2617.40625 2073.28442383 6.2602057457
1433512122247 lifecam19 2596.54199219 2072.3605957 6.25207853317
1433512122313 lifecam19 2576.02368164 2072.51489258 6.25189256668
1433512122381 lifecam19 2557.37475586 2071.5300293 6.24018907547
1433512122455 lifecam19 2538.53198242 2070.11401367 6.2185049057
1433512122515 lifecam19 2519.81665039 2069.67480469 6.20303964615
1433512122589 lifecam19 2501.26586914 2069.64599609 6.19467115402
1433512122659 lifecam19 2479.51733398 2073.00097656 6.210542202
1433512122712 lifecam19 2457.64282227 2074.75292969 6.21837711334
1433512122781 lifecam19 2437.92797852 2074.33325195 6.20277500153
1433512122854 lifecam19 2419.16137695 2073.77075195 6.18320798874
1433512122923 lifecam19 2398.79296875 2075.34179688 6.18594360352
1433512122981 lifecam19 2378.94555664 2076.87060547 6.18367433548
1433512123048 lifecam19 2359.25244141 2077.30981445 6.17146253586
1433512123121 lifecam19 2339.46289062 2079.58740234 6.17194461823
1433512123182 lifecam19 2319.77270508 2080.50219727 6.16925096512
1433512123253 lifecam19 2300.24536133 2081.6015625 6.15605211258
1433512123328 lifecam19 2279.2043457 2083.69946289 6.15564012527
1433512123383 lifecam19 2258.96826172 2085.72558594 6.15208768845
1433512123454 lifecam19 2240.06567383 2086.92578125 6.13898801804
1433512123517 lifecam19 2220.76245117 2088.12939453 6.13162517548
1433512123580 lifecam19 2200.57006836 2090.83349609 6.12675476074
1433512123649 lifecam19 2181.07666016 2092.38574219 6.12267303467
1433512123716 lifecam19 2161.48999023 2094.71972656 6.11614131927
1433512123789 lifecam19 2142.06054688 2096.78100586 6.10961771011
1433512123853 lifecam19 2120.97167969 2099.29907227 6.10200643539
1433512123916 lifecam19 2100.12695312 2103.42138672 6.10836029053
1433512123989 lifecam19 2081.1496582 2105.04858398 6.09387397766
1433512124049 lifecam19 2061.6706543 2108.65771484 6.09274196625
1433512124117 lifecam19 2042.08544922 2110.47070312 6.0792222023
1433512124189 lifecam19 2022.51245117 2113.81762695 6.0750837326
1433512124248 lifecam19 2002.79943848 2117.5859375 6.07661390305
1433512124316 lifecam19 1984.12634277 2119.5715332 6.06066417694
1433512124394 lifecam19 1963.71728516 2123.98242188 6.06040287018
1433512124447 lifecam19 1943.90563965 2127.80761719 6.05817937851
1433512124518 lifecam19 1924.26635742 2130.95874023 6.04907226562
1433512124570 lifecam20 1919.65881348 2147.76611328 6.05437850952
1433512124584 lifecam19 1909.44116211 2150.59057617 6.05721664429
1433512124642 lifecam20 1899.19799805 2152.78417969 6.05619001389
1433512124661 lifecam19 1890.02124023 2153.41943359 6.04531097412
1433512124702 lifecam20 1881.54101562 2154.6953125 6.04023551941
1433512124724 lifecam19 1873.6685791 2157.17651367 6.04307126999
1433512124770 lifecam20 1867.26074219 2159.07543945 6.04726743698
1433512124785 lifecam19 1864.17382812 2159.09570312 6.04233455658
1433512124838 lifecam20 1862.78100586 2159.34106445 6.04215764999
1433512124857 lifecam19 1863.20385742 2159.32592773 6.04209518433
1433512124902 lifecam20 1863.93212891 2159.4609375 6.04203653336
1433512124916 lifecam19 1863.97302246 2159.25537109 6.04116296768
1433512124970 lifecam20 1864.00695801 2158.83081055 6.03856468201
1433512124985 lifecam19 1864.0189209 2159.09179688 6.04004096985
1433512125049 lifecam20 1864.13891602 2159.1628418 6.03965902328
1433512125064 lifecam19 1864.08618164 2159.10717773 6.03905582428
1433512125103 lifecam20 1864.0222168 2159.14257812 6.04046821594
1433512125128 lifecam19 1864.06384277 2158.79394531 6.03923273087
1433512125170 lifecam20 1864.3190918 2158.54248047 6.03677463531
1433512125184 lifecam19 1864.27758789 2158.89111328 6.03801012039
1433512125238 lifecam20 1864.16906738 2158.96264648 6.03916120529
1433512125257 lifecam19 1864.20996094 2158.75732422 6.03828763962
1433512125314 lifecam20 1864.20996094 2158.75732422 6.03828763962
1433512125329 lifecam19 1864.21069336 2158.61401367 6.03792572021
1433512125375 lifecam20 1864.21069336 2158.61401367 6.03792572021
1433512125392 lifecam19 1864.22998047 2159.10913086 6.03973865509
1433512125437 lifecam20 1864.33837891 2159.03759766 6.03858757019
1433512125452 lifecam19 1864.48828125 2158.78881836 6.03756093979
1433512125505 lifecam20 1864.15698242 2159.32568359 6.0413813591
1433512125525 lifecam19 1864.35241699 2158.47070312 6.03686618805
1433512125569 lifecam20 1864.53771973 2158.11547852 6.03435516357
1433512125584 lifecam19 1864.50158691 2158.47167969 6.03653097153
1433512125638 lifecam20 1864.30224609 2158.85986328 6.03924798965
1433512125710 lifecam20 1864.54931641 2158.43969727 6.03701257706
1433512125727 lifecam19 1863.75622559 2159.05566406 6.03986406326
1433512125770 lifecam20 1860.51660156 2157.27294922 6.03043270111
1433512125784 lifecam19 1851.87731934 2157.02832031 6.02747011185
1433512125837 lifecam20 1842.16040039 2149.54052734 6.00725030899
1433512125854 lifecam19 1828.38110352 2144.83178711 5.97757530212
1433512125908 lifecam20 1812.56274414 2132.87109375 5.92261552811
