1431696728352 lifecam20 37599 -1986.57617188 -2641.30371094 10292.1904297 -1.8488484621 1.42208135128 0.320301234722
1431696728428 lifecam20 37599 -1955.50805664 -2665.69628906 10156.7695312 -1.96670842171 1.68246078491 -0.0573686510324
1431696728483 lifecam20 37599 -1921.28967285 -2710.41723633 10039.0859375 -2.02194499969 1.86615908146 -0.516940295696
1431696728503 lifecam19 37599 -356.022033691 2056.0246582 8855.27246094 -1.87949049473 2.37079143524 -1.0116353035
1431696728567 lifecam19 37599 -375.367523193 2029.26293945 8906.84179688 -1.87112700939 2.47611546516 -1.20869684219
1431696728629 lifecam19 37599 -380.330657959 2047.88916016 8993.39257812 -1.90047597885 2.50537109375 -1.15760934353
1431696728698 lifecam19 37599 -372.193267822 2018.57189941 8845.94921875 -1.82428777218 2.50814199448 0.533044993877
1431696728761 lifecam19 37599 -364.005249023 2054.078125 8861.75878906 -1.90467882156 2.46536254883 -1.21281242371
1431696728832 lifecam19 37599 -348.497619629 2096.41040039 8832.02441406 1.67037987709 -2.15386486053 1.06905257702
1431696728904 lifecam19 37599 -331.398071289 2161.27319336 8843.84765625 -1.87430024147 2.51178002357 0.479611903429
1431696728963 lifecam19 37599 -314.96395874 2204.38598633 8801.01074219 -1.92066633701 2.43565320969 -1.21255862713
1431696729029 lifecam19 37599 -303.849273682 2269.22583008 8857.61621094 1.8340408802 -2.44873142242 -0.41848757863
1431696729105 lifecam19 37599 -286.745269775 2302.73681641 8775.19238281 1.83488309383 -2.42607593536 -0.446379125118
1431696729163 lifecam19 37599 -270.607879639 2344.99462891 8721.1796875 -1.95214021206 2.42726826668 -1.23619949818
1431696729226 lifecam19 37599 -257.431274414 2390.40527344 8691.30664062 1.81256318092 -2.41887521744 -0.427700966597
1431696729299 lifecam19 37599 -245.161224365 2444.48486328 8697.1875 -1.93156158924 2.54956793785 0.432181715965
1431696729377 lifecam19 37599 -233.171234131 2508.07446289 8732.17089844 -1.95908033848 2.41527223587 -1.18930792809
1431696729432 lifecam19 37599 -216.669052124 2528.17089844 8613.41503906 1.73182106018 -2.12030100822 1.0842372179
1431696729496 lifecam19 37599 -203.920257568 2586.15332031 8617.96191406 -1.95339500904 2.56938624382 0.458063185215
1431696729574 lifecam19 37599 -194.020401001 2653.5078125 8662.15917969 -1.98255062103 2.5812766552 0.366405814886
1431696729630 lifecam19 37599 -180.605957031 2682.27636719 8581.69824219 1.82090079784 -2.35729575157 -0.393764019012
1431696729693 lifecam19 37599 -167.689849854 2719.88134766 8520.04882812 -2.00231766701 2.58372163773 0.409034281969
1431696729770 lifecam19 37599 -156.781433105 2793.24560547 8574.70019531 1.81970560551 -2.33964538574 -0.342204719782
1431696729831 lifecam19 37599 -143.984817505 2806.14135742 8444.58886719 -2.00847530365 2.35588097572 -1.25742912292
1431696729896 lifecam19 37599 -133.466598511 2846.74584961 8400.87402344 -2.01532149315 2.35641956329 -1.25395298004
1431696729975 lifecam19 37599 -124.087554932 2916.68969727 8445.46972656 1.81934690475 -2.31622076035 -0.352405875921
1431696731225 lifecam20 37599 -2018.06774902 -802.749023438 9384.50292969 2.75315904617 -1.96333348751 -0.876772522926
1431696731289 lifecam20 37599 -2027.19250488 -750.265075684 9372.40722656 2.76582598686 -1.96001780033 -0.832295775414
1431696731424 lifecam20 37599 -2072.64550781 -658.305847168 9467.31054688 2.28245425224 -1.86795341969 1.0557359457
1431696731496 lifecam20 37599 -2064.2277832 -599.791015625 9370.84472656 2.77570104599 -1.96271812916 -0.778748869896
1431696731554 lifecam20 37599 -2072.18652344 -548.613891602 9346.79589844 -2.23146891594 1.58226573467 0.627763926983
1431696731632 lifecam20 37599 -2076.38891602 -497.361877441 9303.83398438 2.77332305908 -1.95456564426 -0.747947573662
1431696731695 lifecam20 37599 -2068.29711914 -466.563659668 9235.32519531 -2.28745365143 1.84342956543 -1.11940729618
1431696731760 lifecam20 37599 -2088.05273438 -460.526794434 9307.79785156 -2.24512839317 1.57870829105 0.59250921011
1431696731823 lifecam20 37599 -2081.22290039 -459.23840332 9279.71484375 -2.236743927 1.57521867752 0.605959832668
1431696731893 lifecam20 37599 -2084.48120117 -459.336212158 9292.18261719 2.78309106827 -1.95246589184 -0.729758262634
1431696731953 lifecam20 37599 -2080.93286133 -459.064788818 9277.58789062 -2.24416470528 1.5814037323 0.613850653172
1431696732025 lifecam20 37599 -2075.10449219 -457.726898193 9252.22851562 -2.24847626686 1.58016479015 0.611813545227
1431696732096 lifecam20 37599 -2068.64746094 -456.610321045 9222.00488281 -2.26183581352 1.57435452938 0.620137453079
1431696732160 lifecam20 37599 -2077.59375 -458.173187256 9262.62792969 -2.24029421806 1.57502508163 0.600117862225
1431696732227 lifecam20 37599 -2062.02001953 -455.103546143 9193.85644531 -2.26150751114 1.58000898361 0.635436415672
1431696732300 lifecam20 37599 -2079.35522461 -458.542663574 9271.109375 -2.24270057678 1.57986986637 0.604228138924
1431696732366 lifecam20 37599 -2062.02001953 -455.103546143 9193.85644531 -2.26150751114 1.58000898361 0.635436415672
1431696732432 lifecam20 37599 -2085.44018555 -460.032287598 9296.82910156 -2.25321102142 1.58349537849 0.605111598969
1431696732495 lifecam20 37599 -2078.375 -458.490386963 9265.46386719 -2.24860310555 1.57759571075 0.604670584202
1431696732561 lifecam20 37599 -2081.73193359 -459.085845947 9281.02050781 -2.24535560608 1.5849095583 0.608153104782
1431696732626 lifecam20 37599 -2076.17626953 -458.153564453 9254.81835938 -2.25767803192 1.57917571068 0.614601433277
1431696732697 lifecam20 37599 -2070.0690918 -456.906494141 9228.95800781 -2.26409649849 1.57899427414 0.62456125021
1431696732763 lifecam20 37599 -2080.93383789 -459.159515381 9277.45800781 -2.25751018524 1.57386791706 0.601223230362
1431696732830 lifecam20 37599 -2073.4453125 -457.356750488 9244.18652344 -2.24591493607 1.57492446899 0.608249604702
1431696732893 lifecam20 37599 -2071.75048828 -456.966705322 9237.07617188 -2.24921560287 1.57942175865 0.619245111942
1431696732961 lifecam20 37599 -2069.58691406 -456.654541016 9226.84765625 -2.25745272636 1.58494663239 0.630020499229
1431696733034 lifecam20 37599 -2072.1706543 -457.394439697 9237.66210938 -2.26659917831 1.58388757706 0.628440439701
1431696733091 lifecam20 37599 -2085.5222168 -459.949768066 9297.203125 -2.24236083031 1.57360839844 0.588732123375
1431696733167 lifecam20 37599 -2068.55932617 -456.427246094 9222.2578125 -2.25837349892 1.58438539505 0.632472634315
1431696733231 lifecam20 37599 -2072.89648438 -457.406280518 9240.85546875 -2.25605154037 1.57369470596 0.613312005997
1431696733290 lifecam20 37599 -2075.80566406 -457.897979736 9254.02929688 -2.24854159355 1.57993412018 0.612088382244
1431696733365 lifecam20 37599 -2069.58691406 -456.654541016 9226.84765625 -2.25745272636 1.58494663239 0.630020499229
1431696733431 lifecam20 37599 -2088.05273438 -460.526794434 9307.79785156 -2.24512839317 1.57870829105 0.59250921011
1431696733491 lifecam20 37599 -2077.34765625 -458.219573975 9261.52539062 -2.25084757805 1.58469521999 0.616425156593
1431696733561 lifecam20 37599 -2073.4453125 -457.356750488 9244.18652344 -2.24591493607 1.57492446899 0.608249604702
1431696733631 lifecam20 37599 -2088.05273438 -460.526794434 9307.79785156 -2.24512839317 1.57870829105 0.59250921011
1431696733687 lifecam20 37599 -2064.06225586 -455.578399658 9202.29785156 -2.26393556595 1.58486509323 0.639361619949
1431696733762 lifecam20 5376 766.297302246 -75.2683181763 6116.94287109 1.15508437157 -1.40572023392 -1.47706329823
1431696733762 lifecam20 37599 -2066.43579102 -455.935943604 9213.45800781 -2.25590109825 1.57949900627 0.628560245037
1431696733831 lifecam20 37599 -2077.34765625 -458.219573975 9261.52539062 -2.25084757805 1.58469521999 0.616425156593
1431696733905 lifecam20 37599 -2073.48925781 -457.389038086 9244.40527344 -2.24613380432 1.57538199425 0.607555866241
1431696733961 lifecam20 37599 -2072.1706543 -457.394439697 9237.66210938 -2.26659917831 1.58388757706 0.628440439701
1431696734027 lifecam20 37599 -2066.43579102 -455.935943604 9213.45800781 -2.25590109825 1.57949900627 0.628560245037
1431696734095 lifecam20 37599 -2066.43579102 -455.935943604 9213.45800781 -2.25590109825 1.57949900627 0.628560245037
1431696734158 lifecam20 37599 -2060.64892578 -454.818481445 9187.12988281 -2.25932717323 1.57543480396 0.631025314331
1431696734228 lifecam20 37599 -2073.4453125 -457.356750488 9244.18652344 -2.24591493607 1.57492446899 0.608249604702
1431696734297 lifecam20 37599 -2073.4453125 -457.356750488 9244.18652344 -2.24591493607 1.57492446899 0.608249604702
1431696734362 lifecam20 37599 -2064.29296875 -451.290161133 9233.19921875 2.77269935608 -1.88682448864 -0.719594538212
1431696734426 lifecam20 37599 -2071.56494141 -435.890350342 9286.57128906 -2.45016717911 1.55774116516 0.362257987261
1431696734493 lifecam20 37599 -2037.18737793 -389.775817871 9101.65722656 -2.31876373291 1.50300562382 -0.626834154129
1431696734564 lifecam20 37599 -2085.57958984 -322.416015625 9160.50585938 2.43227458 -1.67595076561 0.398922920227
