1433512336174 lifecam19 2634.57861328 2046.86743164 6.20104312897
1433512336241 lifecam19 2662.17626953 2058.25561523 6.24211215973
1433512336317 lifecam19 2690.96923828 2072.9074707 0.00874037109315
1433512336384 lifecam19 2713.92529297 2074.01025391 6.26525354385
1433512336448 lifecam19 2708.06958008 2074.48632812 6.26951646805
1433512336510 lifecam19 2703.27563477 2074.22998047 6.26721811295
1433512336579 lifecam19 2688.9206543 2069.22607422 6.24028635025
1433512336641 lifecam19 2668.24121094 2071.55419922 6.2482509613
1433512336712 lifecam19 2647.76025391 2066.65625 6.22105836868
1433512336778 lifecam19 2627.38427734 2066.33764648 6.21857070923
1433512336842 lifecam19 2606.18286133 2069.61132812 6.23627185822
1433512336909 lifecam19 2583.69238281 2071.93969727 6.25013208389
1433512336980 lifecam19 2565.59204102 2070.30883789 6.22996234894
1433512337053 lifecam19 2545.09814453 2070.58862305 6.22532844543
1433512337120 lifecam19 2526.59667969 2069.29614258 6.2048034668
1433512337178 lifecam19 2507.71875 2068.47387695 6.19327878952
1433512337245 lifecam19 2487.66503906 2068.97851562 6.19188928604
1433512337309 lifecam19 2466.48950195 2070.18652344 6.19436645508
1433512337379 lifecam19 2446.65917969 2070.21191406 6.18264865875
1433512337445 lifecam19 2427.65527344 2070.98413086 6.17010831833
1433512337509 lifecam19 2406.44726562 2073.52075195 6.17897987366
1433512337576 lifecam19 2387.17871094 2073.80493164 6.16668510437
1433512337650 lifecam19 2368.13793945 2074.45800781 6.15567111969
1433512337713 lifecam19 2347.9675293 2075.22583008 6.14830303192
1433512337777 lifecam19 2328.28833008 2076.89672852 6.14552927017
1433512337846 lifecam19 2308.84716797 2078.58886719 6.13949489594
1433512337915 lifecam19 2288.16894531 2080.37158203 6.13869380951
1433512337978 lifecam19 2268.43383789 2082.31445312 6.13166046143
1433512338046 lifecam19 2247.24853516 2086.6953125 6.1391210556
1433512338115 lifecam19 2227.62426758 2086.90551758 6.1267786026
1433512338178 lifecam19 2209.38916016 2087.55224609 6.10822725296
1433512338250 lifecam19 2188.69018555 2090.88891602 6.11228704453
1433512338324 lifecam19 2169.29785156 2092.98388672 6.10413837433
1433512338384 lifecam19 2150.04931641 2094.19824219 6.09392499924
1433512338445 lifecam19 2130.07543945 2096.67138672 6.08760690689
1433512338514 lifecam19 2108.77075195 2100.79077148 6.09417676926
1433512338581 lifecam19 2089.50439453 2103.6796875 6.08506345749
1433512338645 lifecam19 2069.61889648 2106.47436523 6.07591104507
1433512338717 lifecam19 2050.02270508 2109.46630859 6.0720615387
1433512338781 lifecam19 2031.1730957 2111.83544922 6.05891752243
1433512338845 lifecam19 2010.50756836 2115.57128906 6.05995416641
1433512338919 lifecam19 1991.04260254 2118.93310547 6.05485153198
1433512338984 lifecam19 1971.74890137 2121.14990234 6.043841362
1433512339048 lifecam19 1951.93261719 2125.78125 6.04401350021
1433512339112 lifecam19 1932.35229492 2129.9675293 6.03923416138
1433512339169 lifecam20 1927.42529297 2147.05175781 6.0487704277
1433512339180 lifecam19 1917.05554199 2149.50878906 6.04911708832
1433512339240 lifecam20 1907.42578125 2150.64746094 6.04099416733
1433512339245 lifecam19 1897.98681641 2151.83813477 6.03274583817
1433512339308 lifecam20 1888.6550293 2153.55249023 6.02772140503
1433512339312 lifecam19 1879.51123047 2155.70214844 6.02725887299
1433512339373 lifecam20 1871.515625 2157.44091797 6.02876853943
1433512339383 lifecam19 1866.2364502 2158.68701172 6.02735424042
