1431696554413 lifecam20 37599 -1928.39099121 -2582.33935547 10024.7646484 2.33093357086 -1.80902683735 0.171674132347
1431696554426 lifecam19 37599 -383.398590088 2599.72094727 10584.140625 2.09795618057 -2.33327960968 0.317589402199
1431696554484 lifecam20 37599 -1938.11560059 -2674.45727539 10123.2695312 -2.01841640472 1.67070519924 -0.173400059342
1431696554486 lifecam19 37599 -345.32723999 2145.81518555 9064.45214844 1.76619875431 -2.22317242622 -0.0855744406581
1431696554552 lifecam20 37599 -1921.63183594 -2728.09228516 10052.6621094 -2.06101512909 1.89481425285 -0.6267182827
1431696554554 lifecam19 37599 -360.696014404 2052.22753906 8898.09179688 -1.93619549274 2.41334891319 -1.09722721577
1431696554624 lifecam19 37599 -370.270935059 2023.66394043 8888.97363281 -1.90496659279 2.45015144348 -1.20551562309
1431696554692 lifecam19 37599 -372.551513672 2035.49621582 8934.70898438 1.85628962517 -2.48908114433 -0.495799362659
1431696554756 lifecam19 37599 -371.207397461 2029.30554199 8909.3359375 1.68874061108 -2.1719045639 1.05339479446
1431696554832 lifecam19 37599 -365.140533447 2028.84973145 8841.19238281 -1.84471905231 2.50405406952 0.539137303829
1431696554900 lifecam19 37599 -353.328033447 2071.92431641 8850.66601562 1.68998789787 -2.17418432236 1.09043323994
1431696554957 lifecam19 37599 -337.799987793 2127.13452148 8853.79101562 -1.91376245022 2.42442798615 -1.21187186241
1431696555024 lifecam19 37599 -316.624328613 2161.14428711 8746.29003906 -1.91639447212 2.42187952995 -1.22847557068
1431696555101 lifecam19 37599 -308.030792236 2238.88452148 8859.10058594 1.71125173569 -2.16251659393 1.04599893093
1431696555159 lifecam19 37599 -291.637939453 2275.00854492 8791.99023438 -1.93450772762 2.43762850761 -1.20612120628
1431696555173 lifecam22 5376 1321.04040527 293.144317627 2225.6262207 -1.43934845924 2.12832570076 -0.94573456049
1431696555236 lifecam19 37599 -275.215118408 2313.33081055 8721.75390625 1.82307195663 -2.40973567963 -0.48439258337
1431696555281 lifecam20 39552 408.42376709 293.718658447 2784.61938477 1.35120546818 -0.742589056492 -0.87623167038
1431696555299 lifecam19 37599 -261.172485352 2357.62573242 8686.68457031 -1.92713654041 2.52688932419 0.492297947407
1431696555359 lifecam19 37599 -249.347885132 2420.18164062 8718.74121094 -1.94244897366 2.55392003059 0.457233220339
1431696555424 lifecam19 37599 -235.41809082 2464.35913086 8680.79296875 -1.9784604311 2.39141392708 -1.21990931034
1431696555496 lifecam22 5376 1324.76379395 293.797607422 2232.12426758 -1.44286346436 2.13252496719 -0.951251924038
1431696555498 lifecam19 37599 -219.98588562 2497.45703125 8610.6171875 -1.95954179764 2.37730789185 -1.23139095306
1431696555569 lifecam19 37599 -206.992538452 2550.0793457 8603.89648438 -1.95582401752 2.54732251167 0.464298933744
1431696555641 lifecam19 37599 -194.537994385 2599.72265625 8592.78125 1.74972212315 -2.10704803467 1.10103189945
1431696555704 lifecam19 37599 -182.918685913 2653.76806641 8589.43847656 -1.98670208454 2.57200670242 0.416890472174
1431696555768 lifecam19 37599 -170.224945068 2696.56274414 8553.31738281 -2.0003349781 2.36637544632 -1.22340679169
1431696555836 lifecam19 37599 -157.657455444 2749.23681641 8538.4140625 1.81609749794 -2.33774018288 -0.384674161673
1431696555909 lifecam19 37599 -146.166305542 2804.29785156 8538.83886719 1.78132510185 -2.0880844593 1.06821751595
1431696555970 lifecam19 37599 -135.12487793 2832.55224609 8450.0625 -2.02943849564 2.60935807228 0.410875588655
1431696556030 lifecam19 37599 -125.678016663 2913.26367188 8526.41699219 -2.05227851868 2.60582351685 0.318622678518
1431696557223 lifecam20 37599 -2010.63891602 -884.107055664 9469.31445312 -2.19350337982 1.55881369114 0.707718193531
1431696557355 lifecam20 37599 -2002.83300781 -773.680419922 9336.23828125 2.71107268333 -1.95415234566 -0.903569042683
1431696557425 lifecam20 37599 -2032.63269043 -729.876464844 9419.31933594 -2.20814728737 1.58264780045 0.66701233387
1431696557554 lifecam20 39552 409.059967041 294.343109131 2789.5402832 1.35097110271 -0.742104947567 -0.876197636127
1431696557554 lifecam20 37599 -2045.10388184 -627.143005371 9370.27441406 -2.27557492256 1.82908558846 -1.11916863918
1431696557624 lifecam20 37599 -2038.57287598 -569.952575684 9283.08203125 2.29844379425 -1.84827530384 1.15951085091
1431696557682 lifecam20 37599 -2046.109375 -517.213439941 9253.93554688 -2.25727272034 1.57992327213 0.653287768364
1431696557755 lifecam20 37599 -2058.2109375 -473.610809326 9250.54589844 2.32672023773 -1.82828581333 1.11621773243
1431696557827 lifecam20 37599 -2088.32910156 -458.416168213 9356.49707031 2.77508282661 -1.93866443634 -0.71453088522
1431696557900 lifecam20 37599 -2077.0090332 -453.642852783 9306.17773438 2.30468535423 -1.83168423176 1.08887553215
1431696557957 lifecam20 37599 -2075.91796875 -453.923126221 9303.49511719 2.30680370331 -1.82698059082 1.09147465229
1431696558023 lifecam20 37599 -2063.21923828 -451.158935547 9246.47851562 2.29161095619 -1.82255470753 1.11263406277
1431696558091 lifecam20 37599 -2076.73583984 -453.833282471 9306.23925781 2.30852341652 -1.8315089941 1.10040843487
1431696558151 lifecam20 37599 -2075.16040039 -453.538970947 9297.55371094 2.30750703812 -1.83397269249 1.10645949841
1431696558223 lifecam20 37599 -2078.60009766 -454.28314209 9312.6015625 2.79250001907 -1.93164205551 -0.728047430515
1431696558292 lifecam20 37599 -2062.48144531 -450.705749512 9242.88964844 2.2979490757 -1.82685494423 1.10814285278
1431696558353 lifecam20 37599 -2078.20288086 -454.141784668 9313.375 2.308406353 -1.82394504547 1.08517897129
1431696558430 lifecam20 37599 -2073.76513672 -453.606781006 9294.02929688 2.30460214615 -1.82279169559 1.10194182396
1431696558495 lifecam20 37599 -2066.70336914 -451.648956299 9261.09472656 2.30111289024 -1.82921051979 1.10756838322
1431696558554 lifecam20 37599 -2082.52856445 -455.108062744 9332.0390625 2.31169891357 -1.82635140419 1.08445119858
1431696558620 lifecam20 37599 -2077.63354492 -454.450164795 9311.32617188 2.29676055908 -1.82098984718 1.09647333622
1431696558699 lifecam20 37599 -2075.3605957 -453.516113281 9300.71582031 2.30688166618 -1.82654106617 1.09309351444
1431696558762 lifecam20 37599 -2070.44360352 -452.717681885 9279.70996094 2.29783821106 -1.81878185272 1.10284042358
1431696558826 lifecam20 37599 -2066.70336914 -451.648956299 9261.09472656 2.30111289024 -1.82921051979 1.10756838322
1431696558890 lifecam20 37599 -2061.43261719 -450.617645264 9238.33398438 2.3014729023 -1.82850182056 1.10801529884
1431696558960 lifecam20 37599 -2068.25610352 -452.131286621 9268.18164062 2.29747676849 -1.82799470425 1.1061822176
1431696559018 lifecam20 37599 -2068.53979492 -452.351837158 9268.95410156 2.30256032944 -1.83455455303 1.11326539516
