1433512378784 lifecam22 3160.83569336 5811.68457031 0.317352116108
1433512381990 lifecam19 2626.05834961 2045.57202148 6.21052312851
1433512382046 lifecam19 2692.18530273 2057.00146484 6.22762060165
1433512382116 lifecam19 2721.77978516 2067.53051758 6.24152994156
1433512382183 lifecam19 2714.00073242 2067.22363281 6.24359083176
1433512382245 lifecam19 2716.41967773 2067.17553711 6.24452400208
1433512382380 lifecam19 2702.61401367 2068.62695312 6.25474071503
1433512382454 lifecam19 2685.14990234 2067.61181641 6.24658346176
1433512382515 lifecam19 2664.33520508 2067.23608398 6.24477338791
1433512382583 lifecam19 2641.56616211 2066.24462891 6.2419924736
1433512382651 lifecam19 2622.31396484 2066.44921875 6.24278879166
1433512382783 lifecam19 2583.0480957 2063.50073242 6.21525812149
1433512382851 lifecam19 2563.88867188 2063.19921875 6.21067333221
1433512382913 lifecam19 2543.3215332 2063.30688477 6.20837497711
1433512382986 lifecam19 2522.52124023 2063.84741211 6.20867347717
1433512383056 lifecam22 2913.13183594 3883.22314453 0.0120608219877
1433512383056 lifecam19 2903.67871094 3882.73681641 0.00757259270176
1433512383184 lifecam19 2882.75488281 3883.36181641 0.00914973020554
1433512383251 lifecam19 2442.45947266 2063.56640625 6.18473577499
1433512383320 lifecam19 2423.63549805 2063.16186523 6.17100906372
1433512383383 lifecam19 2403.6328125 2063.78393555 6.16598844528
1433512383451 lifecam19 2383.26367188 2064.7175293 6.16679430008
1433512383519 lifecam19 2362.35888672 2066.65722656 6.16776609421
1433512383581 lifecam19 2343.03515625 2067.17700195 6.16128635406
1433512383658 lifecam19 2324.60620117 2066.37866211 6.14182186127
1433512383731 lifecam19 2304.06079102 2067.95361328 6.14465141296
1433512383792 lifecam19 2283.25512695 2069.46923828 6.13990545273
1433512383926 lifecam19 2243.24707031 2073.12915039 6.13084030151
1433512383991 lifecam19 2223.83081055 2073.64916992 6.1184592247
1433512384058 lifecam19 2203.48071289 2076.19873047 6.12138938904
1433512384126 lifecam19 2182.91381836 2079.12255859 6.12358522415
1433512384194 lifecam19 2164.58520508 2079.30151367 6.10480308533
1433512384259 lifecam19 2144.30737305 2080.73925781 6.09986066818
1433512384329 lifecam19 2124.56567383 2082.46557617 6.09138202667
1433512384396 lifecam19 2103.98266602 2085.53125 6.09103918076
1433512384451 lifecam19 2084.15673828 2087.65698242 6.08446598053
1433512384525 lifecam19 2063.9387207 2090.84643555 6.08100938797
1433512384660 lifecam19 2024.50952148 2095.91845703 6.07000255585
1433512384714 lifecam19 2004.25097656 2098.76660156 6.06772375107
1433512384794 lifecam19 1985.29858398 2101.05859375 6.0561709404
1433512384860 lifecam19 1966.65600586 2102.58642578 6.04325819016
1433512384928 lifecam19 1945.01208496 2107.7355957 6.04931783676
1433512384987 lifecam19 1925.89318848 2110.6706543 6.04009008408
1433512385055 lifecam19 1906.06201172 2115.6184082 6.04066944122
1433512385116 lifecam19 1886.37988281 2117.9934082 6.03270339966
1433512385186 lifecam19 1870.11010742 2120.23852539 6.02395820618
1433512385188 lifecam20 1873.89013672 2135.76049805 6.03374004364
1433512385254 lifecam19 1869.33374023 2138.03686523 6.04034137726
1433512385256 lifecam20 1862.79443359 2140.03515625 6.04463195801
1433512385314 lifecam20 1860.57397461 2140.4296875 6.04169654846
1433512385386 lifecam19 1860.74072266 2139.46191406 6.03507566452
1433512385388 lifecam20 1861.27099609 2138.78369141 6.03113937378
1433512385454 lifecam19 1861.36621094 2138.76074219 6.03114843369
1433512385456 lifecam20 1861.52514648 2138.50927734 6.02837896347
1433512385518 lifecam20 1861.39624023 2138.59033203 6.02975702286
1433512385525 lifecam19 1861.30102539 2138.61328125 6.02974796295
1433512385590 lifecam20 1861.37963867 2138.73388672 6.03001499176
1433512385597 lifecam19 1861.37963867 2138.73388672 6.03001499176
1433512385655 lifecam19 1861.26513672 2139.05810547 6.03188943863
1433512385657 lifecam20 1861.22900391 2138.98657227 6.03203582764
1433512385784 lifecam19 1861.36669922 2139.1784668 6.03312015533
1433512385786 lifecam20 1861.3815918 2139.28857422 6.03326797485
1433512385855 lifecam19 1861.60180664 2138.75292969 6.03084802628
1433512385858 lifecam20 1861.86132812 2138.61083984 6.02929162979
1433512385921 lifecam19 1861.90344238 2138.56201172 6.02878046036
1433512385924 lifecam20 1861.64404297 2138.70385742 6.03033733368
1433512385983 lifecam20 1861.86657715 2138.4909668 6.02892971039
1433512385990 lifecam19 1861.92077637 2138.24316406 6.02580547333
1433512386054 lifecam19 1861.8347168 2136.55200195 6.01146554947
1433512386058 lifecam20 1861.64819336 2136.83642578 6.01272630692
1433512386116 lifecam20 1859.64355469 2136.65722656 6.01444959641
1433512386131 lifecam19 1851.74047852 2137.28466797 6.01843643188
1433512386183 lifecam20 1841.12353516 2129.66967773 5.9962887764
1433512386198 lifecam19 1826.90185547 2124.91674805 5.97936153412
1433512386256 lifecam20 1812.94775391 2110.80688477 5.91952180862
1433512386262 lifecam19 1795.96801758 2104.9609375 5.88015460968
