1433512543365 lifecam19 2682.00927734 2042.26367188 6.16775560379
1433512543435 lifecam19 2701.81762695 2066.27661133 6.23274993896
1433512543512 lifecam19 2676.45532227 2061.45483398 6.20074224472
1433512543567 lifecam19 2654.49804688 2062.01757812 6.20140600204
1433512543639 lifecam19 2634.41235352 2062.20019531 6.20040893555
1433512543707 lifecam19 2614.39428711 2062.74536133 6.19777488708
1433512543769 lifecam19 2592.62744141 2063.30053711 6.19547080994
1433512543833 lifecam19 2573.69213867 2063.75073242 6.1905002594
1433512543908 lifecam19 2555.92919922 2062.77075195 6.17362689972
1433512543969 lifecam19 2535.44995117 2063.60717773 6.1680355072
1433512544032 lifecam19 2515.12988281 2064.03588867 6.16226005554
1433512544106 lifecam19 2494.51269531 2066.17993164 6.16998529434
1433512544172 lifecam19 2475.10351562 2066.71728516 6.15818166733
1433512544238 lifecam19 2454.68457031 2067.44360352 6.15173149109
1433512544300 lifecam19 2433.98266602 2069.08056641 6.14930963516
1433512544377 lifecam19 2414.62329102 2071.35351562 6.14352893829
1433512544443 lifecam19 2394.30322266 2073.1003418 6.1424779892
1433512544501 lifecam19 2375.47045898 2073.05175781 6.12906694412
1433512544577 lifecam19 2355.9230957 2073.58032227 6.11258792877
1433512544638 lifecam19 2335.3293457 2076.70092773 6.11527585983
1433512544700 lifecam19 2316.56274414 2077.52294922 6.10633850098
1433512544782 lifecam19 2296.58520508 2079.25976562 6.09841537476
1433512544840 lifecam19 2274.5871582 2082.72900391 6.10428476334
1433512544905 lifecam19 2255.73217773 2085.56347656 6.09837722778
1433512544969 lifecam19 2235.81665039 2087.92578125 6.09360456467
1433512545044 lifecam19 2216.92919922 2090.02880859 6.08569288254
1433512545103 lifecam19 2196.25219727 2092.74047852 6.08144569397
1433512545168 lifecam19 2176.49316406 2094.24536133 6.06708478928
1433512545245 lifecam19 2157.64746094 2097.21533203 6.06256198883
1433512545306 lifecam19 2138.70117188 2098.78417969 6.0502243042
1433512545368 lifecam19 2117.55297852 2102.88671875 6.05128192902
1433512545441 lifecam19 2097.6574707 2105.42431641 6.03876638412
1433512545501 lifecam19 2077.75463867 2110.21777344 6.04015731812
1433512545572 lifecam19 2057.74414062 2113.79394531 6.03760671616
1433512545637 lifecam19 2038.33911133 2116.86499023 6.03052520752
1433512545711 lifecam19 2018.66064453 2120.37280273 6.02322626114
1433512545783 lifecam19 1999.62072754 2123.51000977 6.01439714432
1433512545836 lifecam19 1980.29394531 2128.50195312 6.01542425156
1433512545912 lifecam19 1960.6932373 2131.34741211 6.0028963089
1433512545973 lifecam19 1940.67333984 2135.65307617 5.99665498734
1433512546027 lifecam20 1935.83056641 2153.70825195 6.01103162766
1433512546035 lifecam19 1925.89111328 2156.28442383 6.01172924042
1433512546094 lifecam20 1916.27355957 2158.36230469 6.00967979431
1433512546106 lifecam19 1906.7512207 2160.42407227 6.00601530075
1433512546160 lifecam20 1897.11450195 2161.91455078 5.99824428558
1433512546180 lifecam19 1888.30175781 2163.26171875 5.98958110809
1433512546232 lifecam20 1880.60229492 2164.58935547 5.98589706421
1433512546240 lifecam19 1873.97900391 2166.96923828 5.99261617661
1433512546295 lifecam20 1869.54907227 2168.85473633 5.99556016922
1433512546307 lifecam19 1867.16845703 2169.9362793 5.99667787552
1433512546358 lifecam20 1866.68591309 2169.28662109 5.99073648453
1433512546374 lifecam19 1867.43359375 2168.59179688 5.98864889145
1433512546435 lifecam20 1867.64624023 2168.49829102 5.98833227158
1433512546451 lifecam19 1867.68371582 2168.3046875 5.98673439026
1433512546494 lifecam20 1867.75146484 2168.62011719 5.98884296417
1433512546504 lifecam19 1867.73681641 2168.62988281 5.98900175095
1433512546568 lifecam20 1867.66894531 2168.31445312 5.9868927002
1433512546580 lifecam19 1867.78039551 2168.421875 5.98689746857
1433512546627 lifecam20 1867.78039551 2168.421875 5.98689746857
1433512546637 lifecam19 1867.74780273 2168.22387695 5.98592376709
1433512546695 lifecam20 1867.82373047 2168.23193359 5.98617124557
1433512546705 lifecam19 1867.75952148 2168.31298828 5.98698186874
1433512546776 lifecam20 1867.63977051 2168.54589844 5.98782777786
1433512546786 lifecam19 1867.5456543 2168.90332031 5.98971796036
1433512546824 lifecam20 1867.58959961 2168.66210938 5.98862457275
1433512546843 lifecam19 1867.73999023 2168.32666016 5.98629951477
1433512546893 lifecam20 1867.75463867 2168.4453125 5.98736286163
1433512546905 lifecam19 1867.83422852 2168.34472656 5.98635625839
1433512546966 lifecam20 1867.81958008 2168.22607422 5.98529338837
1433512546972 lifecam19 1867.7097168 2168.41845703 5.98752355576
1433512547032 lifecam20 1867.94726562 2168.40039062 5.98805713654
1433512547047 lifecam19 1867.87719727 2168.38916016 5.98865365982
1433512547094 lifecam20 1867.9987793 2168.45849609 5.98861217499
1433512547106 lifecam19 1867.9987793 2168.45849609 5.98861217499
1433512547164 lifecam20 1867.78393555 2168.73144531 5.99047660828
1433512547178 lifecam19 1867.92456055 2168.74609375 5.98925352097
1433512547236 lifecam20 1868.03271484 2168.69384766 5.98907899857
1433512547247 lifecam19 1868.35595703 2168.25683594 5.98770189285
1433512547295 lifecam20 1868.59204102 2167.63378906 5.98365783691
1433512547362 lifecam20 1868.56091309 2168.02954102 5.98605012894
1433512547443 lifecam20 1867.44470215 2183.34375 5.98872900009
1433512547455 lifecam19 1863.55126953 2166.97241211 5.97223758698
1433512547511 lifecam20 1855.47351074 2161.65014648 5.95323801041
1433512547522 lifecam19 1843.23583984 2157.64624023 5.93973636627
1433512547564 lifecam20 1831.0526123 2141.57885742 5.87659883499
1433512547575 lifecam19 1813.79797363 2132.36157227 5.82181692123
1433512547639 lifecam20 1793.77783203 2114.77148438 5.73243093491
