1431696384160 lifecam19 37599 -372.156463623 2020.30407715 8870.38574219 -1.83669292927 2.49548316002 0.528075098991
1431696384234 lifecam19 37599 -369.984649658 2009.6328125 8823.12890625 -1.8311021328 2.49585962296 0.543470919132
1431696384302 lifecam19 37599 -369.517181396 2006.59765625 8812.98535156 -1.87182974815 2.45955133438 -1.24105465412
1431696384364 lifecam19 37599 -370.754058838 2015.24377441 8849.3046875 -1.8456838131 2.48957848549 0.537006020546
1431696384434 lifecam19 37599 -364.960968018 2040.99523926 8858.66894531 1.84077906609 -2.47655534744 -0.495447427034
1431696384501 lifecam19 37599 -349.999786377 2068.1015625 8789.17773438 1.69650936127 -2.16050934792 1.09330296516
1431696384565 lifecam19 37599 -335.300201416 2134.48388672 8822.29980469 1.68911755085 -2.16528749466 1.07610082626
1431696384635 lifecam19 37599 -321.222717285 2202.18334961 8849.28320312 1.85087835789 -2.44970202446 -0.445688188076
1431696384702 lifecam19 37599 -306.460357666 2233.72558594 8782.84667969 1.8339163065 -2.42186546326 -0.468605577946
1431696384764 lifecam19 37599 -291.794281006 2281.25341797 8756.47070312 1.84358584881 -2.42529010773 -0.47121283412
1431696384827 lifecam19 37599 -279.125946045 2345.12207031 8778.734375 -1.92719078064 2.53261947632 0.448735803366
1431696384903 lifecam19 37599 -264.877716064 2376.32324219 8699.84960938 -1.93223023415 2.53439092636 0.474890500307
1431696384964 lifecam19 37599 -253.009170532 2440.35522461 8738.04394531 1.74323236942 -2.13466048241 1.04330968857
1431696385027 lifecam19 37599 -238.091995239 2461.2800293 8622.74414062 1.73740422726 -2.10189890862 1.07862627506
1431696385103 lifecam19 37599 -225.240692139 2513.01904297 8611.52050781 1.74372923374 -2.11089038849 1.10934233665
1431696385169 lifecam19 37599 -213.657928467 2564.89477539 8598.99121094 1.82396733761 -2.37054395676 -0.390033960342
1431696385232 lifecam19 37599 -202.606445312 2615.06469727 8590.24609375 -2.00071167946 2.37311887741 -1.24209606647
1431696385301 lifecam19 37599 -192.918655396 2677.36914062 8616.18652344 1.83721113205 -2.34228467941 -0.369018793106
1431696385369 lifecam19 37599 -180.70513916 2727.5012207 8595.88183594 -2.01563930511 2.58241987228 0.37977334857
1431696385432 lifecam19 37599 -167.7837677 2752.24584961 8494.52636719 -2.02012014389 2.34451198578 -1.24125516415
1431696385499 lifecam19 37599 -156.589996338 2784.94433594 8430.27148438 1.78239703178 -2.0651242733 1.12045431137
1431696385570 lifecam19 37599 -148.854064941 2863.80200195 8495.84570312 1.80119478703 -2.07628083229 1.07059776783
1431696385632 lifecam19 37599 -139.131881714 2913.47949219 8480.68066406 -2.05012321472 2.60609507561 0.328780531883
1431696386894 lifecam20 37599 -2019.41113281 -816.642578125 9299.24707031 -2.21636939049 1.55344581604 0.724445462227
1431696387096 lifecam20 37599 -2072.63525391 -672.972290039 9363.375 -2.22329068184 1.53611063957 0.633772313595
1431696387151 lifecam20 37599 -2066.21630859 -615.985900879 9276.15722656 -2.23803567886 1.54708361626 0.658089399338
1431696387225 lifecam20 37599 -2084.16992188 -568.264953613 9299.99121094 2.78026080132 -1.93723797798 -0.762998998165
1431696387297 lifecam20 37599 -2090.5715332 -515.793273926 9262.42382812 2.74494552612 -1.93184220791 -0.78768903017
1431696387366 lifecam20 37599 -2108.15893555 -479.819396973 9292.78808594 2.7747335434 -1.94150829315 -0.71823489666
1431696387419 lifecam20 37599 -2121.63037109 -469.07321167 9335.49609375 2.31582665443 -1.82399749756 1.05932760239
1431696387495 lifecam20 37599 -2095.80249023 -458.781341553 9216.32324219 2.77751874924 -1.89729523659 -0.763278663158
1431696387564 lifecam22 5376 1322.20166016 293.580505371 2227.71240234 -1.43694186211 2.12924051285 -0.947400689125
1431696387563 lifecam20 37599 -2094.09423828 -459.701080322 9211.58984375 2.76734280586 -1.9059599638 -0.760540187359
1431696387620 lifecam20 37599 -2093.21020508 -460.40713501 9209.7578125 2.31052899361 -1.81749153137 1.12999784946
1431696387693 lifecam20 37599 -2086.7902832 -457.975860596 9179.74804688 2.80080509186 -1.91127669811 -0.752485513687
1431696387763 lifecam20 37599 -2092.90893555 -459.3175354 9206.51367188 2.79266905785 -1.90969562531 -0.750507473946
1431696387819 lifecam20 37599 -2090.33007812 -459.368835449 9195.20214844 2.31452918053 -1.81729531288 1.13549876213
1431696387892 lifecam20 37599 -2091.86694336 -459.856872559 9202.10351562 2.31084632874 -1.81594181061 1.13453471661
1431696387965 lifecam20 37599 -2101.51660156 -461.566070557 9242.43164062 2.79089736938 -1.91009891033 -0.74230825901
1431696388020 lifecam20 37599 -2085.25170898 -457.605957031 9172.59472656 2.77227473259 -1.90655148029 -0.774574398994
1431696388087 lifecam20 37599 -2095.60498047 -460.02456665 9219.17089844 2.78645205498 -1.90895032883 -0.744936168194
1431696388164 lifecam20 37599 -2088.43701172 -458.781158447 9186.71972656 2.31180548668 -1.81299436092 1.14483559132
