1431696704003 lifecam19 37599 -349.182128906 2066.671875 8795.24707031 -1.85910499096 2.50734138489 0.542224168777
1431696704063 lifecam19 37599 -334.803192139 2132.7097168 8851.921875 -1.85954999924 2.52941298485 0.510009169579
1431696704123 lifecam19 37599 -318.296875 2199.47314453 8871.93261719 1.69099545479 -2.17523503304 1.05412578583
1431696704199 lifecam19 37599 -301.096832275 2227.74389648 8784.45019531 -1.92666113377 2.43303394318 -1.22584545612
1431696704264 lifecam19 37599 -287.212005615 2281.32275391 8790.83789062 -1.90213739872 2.55222225189 0.484572976828
1431696704325 lifecam19 37599 -268.749572754 2312.69140625 8692.18652344 -1.90768575668 2.52410268784 0.521818637848
1431696704401 lifecam19 37599 -256.730560303 2374.64428711 8728.25976562 1.82657015324 -2.4103269577 -0.453171223402
1431696704474 lifecam19 37599 -244.600708008 2449.57617188 8794.9140625 -1.9628008604 2.42362689972 -1.16897177696
1431696704524 lifecam19 37599 -229.193283081 2480.8347168 8714.41601562 1.73897027969 -2.14889502525 1.05720543861
1431696704589 lifecam19 37599 -213.315704346 2505.25976562 8622.17285156 -1.9543325901 2.39273118973 -1.27223110199
1431696704668 lifecam19 37599 -199.445541382 2554.93066406 8602.20800781 -1.96068060398 2.57246470451 0.452669173479
1431696704790 lifecam19 37599 -174.938171387 2658.57861328 8582.359375 1.80391895771 -2.35441493988 -0.391948789358
1431696704868 lifecam19 37599 -162.907180786 2724.55102539 8621.30175781 -2.00601530075 2.58924078941 0.377971053123
1431696704932 lifecam19 37599 -147.864425659 2737.72045898 8485.90722656 -1.9997407198 2.34877634048 -1.24788761139
1431696704992 lifecam19 37599 -137.425888062 2813.41333008 8546.09863281 -2.00366568565 2.36724686623 -1.20187091827
1431696705071 lifecam19 37599 -126.603469849 2854.18115234 8494.24316406 -2.02180743217 2.60479903221 0.370436638594
1431696705136 lifecam19 37599 -116.016105652 2908.59545898 8496.45214844 1.79358696938 -2.31298708916 -0.308371096849
1431696705848 lifecam20 39552 405.337646484 292.890319824 2767.19848633 1.34771239758 -0.747502446175 -0.877032399178
1431696706062 lifecam22 5376 3585.67529297 -831.086303711 6910.3515625 -1.29863548279 1.60726261139 1.2142611742
1431696706588 lifecam20 37599 -2007.54101562 -662.393493652 9318.53222656 2.28127169609 -1.86590838432 1.13958919048
1431696706784 lifecam20 37599 -2043.70373535 -508.119750977 9309.15625 -2.25689315796 1.57744574547 0.632277011871
1431696706857 lifecam20 37599 -2060.6418457 -469.24887085 9337.32128906 -2.25430440903 1.58675944805 0.605552375317
1431696706916 lifecam20 37599 -2064.65966797 -453.008148193 9337.94433594 -2.27579188347 1.84027028084 -1.09415972233
1431696707057 lifecam20 37599 -2061.31591797 -447.244720459 9314.22460938 2.76095080376 -1.94379580021 -0.741253077984
1431696707117 lifecam20 37599 -2052.39941406 -443.999755859 9272.92578125 -2.28937292099 1.82664871216 -1.11565756798
1431696707192 lifecam20 37599 -2059.51416016 -445.238952637 9304.56054688 2.75769734383 -1.94030749798 -0.741180241108
1431696707259 lifecam20 37599 -2052.83422852 -444.220245361 9274.76171875 -2.26158332825 1.5778734684 0.635718941689
1431696707328 lifecam20 37599 -2056.56030273 -444.895812988 9291.48242188 2.75600767136 -1.93466496468 -0.749114871025
1431696707389 lifecam20 37599 -2055.54394531 -444.655975342 9287.84082031 -2.28587198257 1.82464802265 -1.11395668983
1431696707452 lifecam20 37599 -2049.72729492 -443.584014893 9261.01660156 2.29789733887 -1.83045172691 1.13233685493
1431696707525 lifecam20 37599 -2051.15600586 -443.886199951 9267.45898438 -2.28899669647 1.82489871979 -1.12388849258
1431696707583 lifecam20 37599 -2052.42382812 -444.164703369 9273.265625 2.29938983917 -1.8278657198 1.12502849102
1431696707651 lifecam20 37599 -2056.68945312 -445.048492432 9293.14746094 -2.28751301765 1.82708072662 -1.11636412144
1431696707666 lifecam22 5376 3536.80517578 -819.606506348 6813.81542969 -1.29654312134 1.60767149925 1.2098300457
1431696707725 lifecam20 37599 -2050.72753906 -443.77911377 9265.51269531 -2.28728413582 1.82335591316 -1.11434543133
1431696707783 lifecam20 37599 -2051.45458984 -443.632537842 9268.25 -2.26654863358 1.58296465874 0.632045865059
1431696707852 lifecam20 37599 -2056.40332031 -444.586975098 9289.80371094 2.76210594177 -1.94114923477 -0.742329537868
1431696707928 lifecam20 37599 -2057.66772461 -444.974700928 9296.97265625 -2.25795578957 1.58096253872 0.607130646706
1431696707986 lifecam20 37599 -2050.20239258 -443.513977051 9262.73242188 2.7562930584 -1.92110013962 -0.777073025703
1431696708051 lifecam20 37599 -2051.92749023 -443.74508667 9270.40039062 2.7590546608 -1.92351794243 -0.778254985809
1431696708128 lifecam20 37599 -2053.81835938 -444.42388916 9280.18261719 -2.28375601768 1.82134914398 -1.11270344257
1431696708194 lifecam20 39552 405.41595459 292.768066406 2767.26245117 1.35063111782 -0.743010818958 -0.881103157997
1431696708194 lifecam20 37599 -2062.21118164 -445.683746338 9315.78613281 -2.26530265808 1.58670699596 0.614518046379
1431696708257 lifecam20 37599 -2065.83374023 -446.632141113 9332.32324219 -2.26381635666 1.59197473526 0.601252377033
1431696708319 lifecam20 37599 -2050.72753906 -443.77911377 9265.51269531 -2.28728413582 1.82335591316 -1.11434543133
1431696708395 lifecam20 37599 -2053.18139648 -443.863769531 9275.92578125 2.75792431831 -1.92663550377 -0.76946157217
1431696708453 lifecam20 37599 -2049.72729492 -443.584014893 9261.01660156 2.29789733887 -1.83045172691 1.13233685493
1431696708519 lifecam20 37599 -2056.68945312 -445.048492432 9293.14746094 -2.28751301765 1.82708072662 -1.11636412144
1431696708592 lifecam20 37599 -2049.72729492 -443.584014893 9261.01660156 2.29789733887 -1.83045172691 1.13233685493
1431696708654 lifecam20 37599 -2052.57397461 -444.309661865 9274.70703125 -2.28345251083 1.81966972351 -1.12091338634
1431696708791 lifecam20 37599 -2049.59228516 -443.089660645 9259.609375 -2.25842928886 1.57141637802 0.623305439949
1431696708865 lifecam20 37599 -2050.72753906 -443.77911377 9265.51269531 -2.28728413582 1.82335591316 -1.11434543133
1431696708925 lifecam20 37599 -2055.54394531 -444.655975342 9287.84082031 -2.28587198257 1.82464802265 -1.11395668983
1431696708988 lifecam20 37599 -2047.66516113 -443.300292969 9251.21582031 2.30024242401 -1.82612478733 1.12515568733
1431696709068 lifecam20 37599 -2050.72753906 -443.77911377 9265.51269531 -2.28728413582 1.82335591316 -1.11434543133
1431696709121 lifecam20 37599 -2057.13085938 -445.187561035 9293.64160156 -2.28956484795 1.82215869427 -1.10710835457
1431696709187 lifecam20 37599 -2038.78112793 -434.677368164 9241.04882812 2.76294755936 -1.87084424496 -0.704947352409
1431696709261 lifecam20 37599 -2029.46374512 -413.131225586 9214.28125 -2.49691462517 1.63227295876 0.346405684948
1431696709318 lifecam20 37599 -2000.43823242 -360.513397217 9036.42480469 -2.29487705231 1.50817608833 -0.578967690468
1431696709388 lifecam20 37599 -2078.97949219 -286.053466797 9215.67382812 -2.21798682213 1.36646425724 0.128419145942
1431696710724 lifecam20 5376 -1729.66369629 -1963.54748535 8648.25292969 -1.57951152325 0.0267293006182 -0.0823976248503
1431696710797 lifecam22 5376 3597.35693359 -833.465454102 6931.36279297 -1.29785454273 1.61571669579 1.21134328842
1431696711137 lifecam22 5376 3633.05249023 -841.974304199 7000.32177734 -1.30212271214 1.62184369564 1.21668326855
1431696711197 lifecam20 22203 -1813.22717285 -2309.65966797 9311.01367188 -1.71075952053 1.64408302307 0.799260497093
