1433512520406 lifecam19 2687.59765625 2058.76904297 6.21497058868
1433512520467 lifecam19 2705.94384766 2079.26391602 0.0169343389571
1433512520534 lifecam19 2701.19091797 2077.61547852 0.0147877363488
1433512520603 lifecam19 2706.56152344 2074.20776367 6.26702022552
1433512520667 lifecam19 2701.14648438 2075.58203125 6.27939176559
1433512520733 lifecam19 2687.76293945 2075.16308594 6.27560710907
1433512520807 lifecam19 2669.79492188 2073.87036133 6.26400470734
1433512520873 lifecam19 2645.76220703 2075.16333008 6.27561044693
1433512520936 lifecam19 2624.54174805 2074.68554688 6.27130508423
1433512521009 lifecam19 2606.00512695 2073.88354492 6.26412057877
1433512521073 lifecam19 2585.28686523 2073.79492188 6.26332807541
1433512521136 lifecam19 2565.44262695 2072.88793945 6.25526762009
1433512521197 lifecam19 2547.18188477 2071.2644043 6.23834180832
1433512521273 lifecam19 2528.10375977 2070.40991211 6.22164344788
1433512521332 lifecam19 2509.12011719 2070.35888672 6.2096529007
1433512521410 lifecam19 2489.30810547 2070.62866211 6.20459842682
1433512521475 lifecam19 2468.8737793 2071.00683594 6.20338201523
1433512521535 lifecam19 2448.10058594 2071.77050781 6.20341157913
1433512521607 lifecam19 2427.93676758 2073.17382812 6.20289230347
1433512521673 lifecam19 2408.53027344 2074.33959961 6.189204216
1433512521740 lifecam19 2388.63305664 2074.02758789 6.18090391159
1433512521804 lifecam19 2368.06811523 2076.66943359 6.19043540955
1433512521872 lifecam19 2349.14672852 2075.95581055 6.17314863205
1433512521942 lifecam19 2329.56958008 2077.81420898 6.16557359695
1433512522004 lifecam19 2309.83935547 2078.14453125 6.16117858887
1433512522072 lifecam19 2290.08618164 2079.82739258 6.15344810486
1433512522140 lifecam19 2270.08276367 2079.99780273 6.14121055603
1433512522201 lifecam19 2249.18359375 2082.96533203 6.14732551575
1433512522272 lifecam19 2229.78613281 2085.3996582 6.13723134995
1433512522341 lifecam19 2210.34936523 2086.92089844 6.13347578049
1433512522407 lifecam19 2190.00048828 2089.64355469 6.13262748718
1433512522472 lifecam19 2170.04760742 2092.15161133 6.13033723831
1433512522543 lifecam19 2150.96875 2092.83935547 6.11635875702
1433512522608 lifecam19 2131.63452148 2094.48144531 6.1097202301
1433512522674 lifecam19 2110.62182617 2097.76855469 6.10806179047
1433512522745 lifecam19 2091.02172852 2100.58251953 6.09894657135
1433512522811 lifecam19 2070.75146484 2103.51538086 6.09288597107
1433512522870 lifecam19 2051.39501953 2105.96801758 6.08481311798
1433512522942 lifecam19 2032.36450195 2108.66503906 6.07957410812
1433512523010 lifecam19 2012.10595703 2112.32788086 6.08018875122
1433512523076 lifecam19 1992.42028809 2115.14355469 6.06980466843
1433512523139 lifecam19 1972.69213867 2118.11865234 6.06482744217
1433512523210 lifecam19 1953.6138916 2121.31933594 6.0626039505
1433512523278 lifecam19 1933.10314941 2125.44628906 6.05691719055
1433512523343 lifecam19 1912.82336426 2130.37890625 6.05723142624
1433512523390 lifecam20 1908.46496582 2147.14892578 6.06269216537
1433512523400 lifecam19 1898.97424316 2148.3203125 6.05543375015
1433512523461 lifecam20 1888.91162109 2150.26464844 6.05587053299
1433512523476 lifecam19 1879.6940918 2152.23828125 6.05436706543
1433512523521 lifecam20 1871.71289062 2154.06054688 6.05145359039
1433512523539 lifecam19 1865.10705566 2155.90527344 6.05221033096
1433512523595 lifecam20 1860.05480957 2156.734375 6.05274486542
1433512523609 lifecam19 1857.1685791 2157.60546875 6.05361795425
1433512523662 lifecam20 1855.92346191 2157.93994141 6.05110883713
1433512523676 lifecam19 1855.86132812 2157.72216797 6.05011177063
1433512523721 lifecam20 1856.10876465 2158.01831055 6.05303478241
1433512523737 lifecam19 1856.49194336 2157.64379883 6.05052995682
1433512523792 lifecam20 1856.24121094 2157.78320312 6.05127048492
1433512523809 lifecam19 1856.24121094 2157.78320312 6.05127048492
1433512523864 lifecam20 1856.39135742 2157.66552734 6.05055809021
1433512523876 lifecam19 1856.00817871 2158.04003906 6.0530629158
1433512523933 lifecam20 1856.23364258 2157.6640625 6.05034351349
1433512523951 lifecam19 1856.23364258 2157.6640625 6.05034351349
1433512523991 lifecam20 1855.86962891 2158.26904297 6.05393123627
1433512524010 lifecam19 1856.25292969 2157.89453125 6.05142593384
1433512524061 lifecam20 1856.26342773 2157.60449219 6.05065536499
1433512524076 lifecam19 1856.07373047 2157.80566406 6.05203104019
1433512524128 lifecam20 1856.06298828 2158.09545898 6.0528011322
1433512524144 lifecam19 1856.23583984 2158.09106445 6.05310916901
1433512524190 lifecam20 1856.47497559 2157.84033203 6.05221319199
1433512524207 lifecam19 1856.47497559 2157.84033203 6.05221319199
1433512524261 lifecam20 1856.47497559 2157.84033203 6.05221319199
1433512524333 lifecam20 1856.453125 2158.01953125 6.05282783508
1433512524346 lifecam19 1856.6171875 2157.59472656 6.05053138733
1433512524390 lifecam20 1856.63916016 2157.41552734 6.04991674423
1433512524407 lifecam19 1856.71948242 2157.08398438 6.04744434357
1433512524459 lifecam20 1856.69763184 2157.26318359 6.0480594635
1433512524481 lifecam19 1855.49707031 2156.21533203 6.03767681122
1433512524535 lifecam19 1848.64379883 2156.4453125 6.03838205338
1433512524540 lifecam20 1845.50891113 2154.0012207 6.02528333664
1433512524597 lifecam20 1837.82495117 2146.52905273 5.99840068817
1433512524657 lifecam20 1820.57348633 2133.77832031 5.94135379791
