1433512431936 lifecam19 2639.60522461 2031.515625 6.11431980133
1433512431999 lifecam19 2659.32641602 2044.25268555 6.16839170456
1433512432058 lifecam19 2680.15258789 2060.15527344 6.2407412529
1433512432129 lifecam19 2709.18969727 2071.85913086 6.25970029831
1433512432197 lifecam19 2701.08251953 2068.43383789 6.25251197815
1433512432269 lifecam19 2685.86914062 2067.8684082 6.23791837692
1433512432329 lifecam19 2664.38085938 2067.64282227 6.24051618576
1433512432395 lifecam19 2642.33691406 2066.50195312 6.22967195511
1433512432460 lifecam19 2622.9753418 2065.96606445 6.22405862808
1433512432535 lifecam19 2602.95288086 2066.06176758 6.21838712692
1433512432661 lifecam19 2562.89086914 2067.38085938 6.22129678726
1433512432726 lifecam19 2542.14868164 2068.14892578 6.22095680237
1433512432798 lifecam19 2521.52734375 2068.34887695 6.21759700775
1433512432865 lifecam19 2502.7355957 2068.26660156 6.20354270935
1433512432929 lifecam19 2483.47973633 2068.65454102 6.20045089722
1433512432998 lifecam19 2462.16137695 2069.49951172 6.19988965988
1433512433065 lifecam19 2441.38720703 2069.95605469 6.19436597824
1433512433127 lifecam19 2423.75512695 2068.97802734 6.17054843903
1433512433199 lifecam19 2403.69287109 2070.96582031 6.1691904068
1433512433268 lifecam19 2383.4765625 2071.6706543 6.16822433472
1433512433329 lifecam19 2362.22998047 2074.78076172 6.17402076721
1433512433394 lifecam19 2343.48999023 2074.10693359 6.15460681915
1433512433465 lifecam19 2324.15478516 2074.86181641 6.14814186096
1433512433535 lifecam19 2304.02734375 2076.57470703 6.14565229416
1433512433596 lifecam19 2283.73071289 2078.23803711 6.13826370239
1433512433732 lifecam19 2244.3671875 2081.59790039 6.12589454651
1433512433792 lifecam19 2224.28881836 2084.21166992 6.1246919632
1433512433864 lifecam19 2203.76000977 2086.51367188 6.12689447403
1433512433938 lifecam19 2184.48681641 2087.92773438 6.11231327057
1433512433994 lifecam19 2165.13769531 2089.52807617 6.10298633575
1433512434062 lifecam19 2145.56079102 2092.40063477 6.10259723663
1433512434133 lifecam19 2125.46264648 2094.00415039 6.09157991409
1433512434199 lifecam19 2104.89990234 2097.8996582 6.09307193756
1433512434262 lifecam19 2084.54711914 2102.22509766 6.09680557251
1433512434333 lifecam19 2065.01782227 2104.69824219 6.08832263947
1433512434403 lifecam19 2045.61010742 2107.0859375 6.07626962662
1433512434460 lifecam19 2026.47851562 2108.93945312 6.06560897827
1433512434533 lifecam19 2007.15063477 2112.07617188 6.05705308914
1433512434601 lifecam19 1987.37646484 2115.25 6.05449151993
1433512434662 lifecam19 1968.46350098 2117.73071289 6.04467487335
1433512434798 lifecam19 1927.38330078 2126.4921875 6.04317426682
1433512434862 lifecam19 1908.17297363 2130.96240234 6.04186964035
1433512434919 lifecam20 1903.19702148 2148.48681641 6.05230760574
1433512434929 lifecam19 1893.29541016 2150.42773438 6.04816484451
1433512434984 lifecam20 1884.28173828 2151.00097656 6.03699493408
1433512435000 lifecam19 1875.96435547 2152.20996094 6.03191757202
1433512435051 lifecam20 1868.33691406 2155.02026367 6.0418009758
1433512435068 lifecam19 1863.25854492 2157.02148438 6.04722833633
1433512435119 lifecam20 1860.69116211 2156.92529297 6.04077768326
1433512435129 lifecam19 1859.74462891 2156.94873047 6.03857660294
1433512435183 lifecam20 1860.07421875 2156.82177734 6.03723573685
1433512435200 lifecam19 1860.9185791 2156.72851562 6.03781986237
1433512435253 lifecam20 1861.41699219 2156.30249023 6.03417730331
1433512435273 lifecam19 1861.66772461 2155.5703125 6.02995347977
1433512435335 lifecam19 1861.81347656 2155.47949219 6.02801561356
1433512435336 lifecam20 1861.81323242 2155.33886719 6.02765846252
1433512435387 lifecam20 1861.95825195 2154.94824219 6.02527856827
1433512435404 lifecam19 1861.7019043 2155.34912109 6.02809333801
1433512435460 lifecam20 1861.79724121 2155.19042969 6.02683782578
1433512435474 lifecam19 1861.79724121 2155.19042969 6.02683782578
1433512435519 lifecam20 1861.79492188 2155.31494141 6.02718019485
1433512435529 lifecam19 1861.79492188 2155.31494141 6.02718019485
1433512435587 lifecam20 1861.79492188 2155.31494141 6.02718019485
1433512435597 lifecam19 1861.79492188 2155.31494141 6.02718019485
1433512435651 lifecam20 1861.5567627 2155.73925781 6.03047323227
1433512435668 lifecam19 1861.50390625 2155.6940918 6.03083705902
1433512435719 lifecam20 1861.59802246 2155.80053711 6.0302772522
1433512435732 lifecam19 1861.87792969 2155.95800781 6.0296998024
1433512435797 lifecam20 1861.78381348 2155.8515625 6.03025913239
1433512435808 lifecam19 1861.8918457 2155.50561523 6.02840232849
1433512435851 lifecam20 1861.9855957 2155.47143555 6.02748584747
1433512435868 lifecam19 1863.51611328 2150.14550781 6.00355148315
1433512435922 lifecam20 1864.20922852 2149.20898438 5.99738311768
