1433512304332 lifecam19 2636.87792969 2046.0390625 6.19298124313
1433512304401 lifecam19 2652.84082031 2047.40380859 6.1907787323
1433512304464 lifecam19 2665.56518555 2059.16674805 6.25195646286
1433512304537 lifecam19 2684.29736328 2075.88305664 0.0329536870122
1433512304603 lifecam19 2688.80810547 2076.42382812 6.27730989456
1433512304670 lifecam19 2665.86914062 2075.16308594 6.27560758591
1433512304733 lifecam19 2644.45507812 2073.84545898 6.26378011703
1433512304800 lifecam19 2623.99365234 2074.79785156 6.27231502533
1433512304864 lifecam19 2602.86914062 2075.16333008 6.27560758591
1433512304936 lifecam19 2582.09643555 2074.22973633 6.26721811295
1433512305000 lifecam19 2561.76245117 2075.16308594 6.27560758591
1433512305069 lifecam19 2545.69970703 2072.5690918 6.23807764053
1433512305133 lifecam19 2526.66577148 2071.87988281 6.22276592255
1433512305202 lifecam19 2507.39916992 2071.51904297 6.21091651917
1433512305333 lifecam19 2466.46606445 2073.52856445 6.21482038498
1433512305402 lifecam19 2443.60302734 2076.51196289 6.23087644577
1433512305469 lifecam19 2424.5456543 2076.0300293 6.21311378479
1433512305532 lifecam19 2405.57006836 2076.15332031 6.20136785507
1433512305600 lifecam19 2386.57641602 2076.62402344 6.19323539734
1433512305668 lifecam19 2365.58251953 2078.04663086 6.19471025467
1433512305736 lifecam19 2346.44165039 2078.08349609 6.18099069595
1433512305802 lifecam19 2327.09619141 2079.00854492 6.17209100723
1433512305874 lifecam19 2306.27514648 2081.5300293 6.18163633347
1433512305938 lifecam19 2286.875 2081.32910156 6.16438341141
1433512306068 lifecam19 2245.65185547 2086.6237793 6.16490507126
1433512306136 lifecam19 2227.95483398 2086.96069336 6.14417886734
1433512306200 lifecam19 2207.4621582 2089.1887207 6.14740276337
1433512306268 lifecam19 2187.60546875 2091.15185547 6.13909387589
1433512306337 lifecam19 2167.65722656 2093.24414062 6.13526344299
1433512306404 lifecam19 2147.81079102 2095.01953125 6.13013458252
1433512306470 lifecam19 2128.04321289 2097.95776367 6.12854385376
1433512306538 lifecam19 2107.35717773 2099.47216797 6.11829996109
1433512306604 lifecam19 2088.25537109 2101.73046875 6.10648012161
1433512306669 lifecam19 2067.05175781 2105.98388672 6.11512994766
1433512306738 lifecam19 2049.01269531 2107.8671875 6.09954786301
1433512306802 lifecam22 1468.04821777 3639.05273438 5.46694850922
1433512306804 lifecam19 1457.890625 3640.79052734 5.46641683578
1433512306867 lifecam19 1448.17138672 3641.70239258 5.45954275131
1433512306936 lifecam19 1438.72888184 3643.39550781 5.45655488968
1433512307005 lifecam19 1970.51171875 2120.40991211 6.0805606842
1433512307136 lifecam19 1930.49072266 2126.33129883 6.06192779541
1433512307204 lifecam19 1910.73962402 2131.7043457 6.06511926651
1433512307258 lifecam20 1906.12670898 2149.06787109 6.07372236252
1433512307273 lifecam19 1896.44726562 2150.73828125 6.07042360306
1433512307320 lifecam20 1887.19238281 2151.78393555 6.06379890442
1433512307336 lifecam19 1878.50561523 2153.50366211 6.06017255783
1433512307390 lifecam20 1870.54614258 2155.9296875 6.0651140213
1433512307403 lifecam19 1865.09411621 2158.09814453 6.07087850571
1433512307459 lifecam20 1861.61010742 2159.18920898 6.07295417786
1433512307472 lifecam19 1860.91967773 2158.91088867 6.06985521317
1433512307520 lifecam20 1861.57983398 2158.13525391 6.06417036057
1433512307536 lifecam19 1862.05444336 2157.61450195 6.06052923203
1433512307591 lifecam20 1862.15539551 2157.59326172 6.0605006218
1433512307605 lifecam19 1862.15539551 2157.59326172 6.0605006218
1433512307656 lifecam20 1862.50939941 2157.5949707 6.06106090546
1433512307676 lifecam19 1862.41955566 2157.61230469 6.06190776825
1433512307721 lifecam20 1862.46191406 2157.64990234 6.0608086586
1433512307736 lifecam19 1862.44567871 2157.69921875 6.0602684021
1433512307856 lifecam20 1862.33496094 2157.36010742 6.05949354172
1433512307872 lifecam19 1862.24963379 2157.49365234 6.06056976318
1433512307928 lifecam20 1862.01464844 2157.98486328 6.06362867355
1433512307938 lifecam19 1862.01464844 2157.98486328 6.06362867355
1433512307987 lifecam20 1862.11010742 2157.79516602 6.06149959564
1433512308005 lifecam19 1862.02001953 2157.81274414 6.06234741211
1433512308055 lifecam20 1861.91906738 2157.83398438 6.0623755455
1433512308072 lifecam19 1863.49755859 2153.03027344 6.03908538818
1433512308126 lifecam20 1863.28198242 2153.12011719 6.04029989243
1433512308146 lifecam19 1862.59533691 2155.74169922 6.05093336105
1433512308188 lifecam20 1862.7043457 2155.72753906 6.05171489716
1433512308204 lifecam19 1861.89904785 2158.27124023 6.06440544128
1433512308256 lifecam20 1861.19555664 2159.17382812 6.06380605698
1433512308276 lifecam19 1858.0369873 2160.38183594 6.06818580627
1433512308324 lifecam20 1852.62634277 2155.63427734 6.04831171036
1433512308387 lifecam20 1842.06506348 2144.77246094 6.01182889938
1433512308404 lifecam19 1817.7043457 2134.06811523 5.9538025856
1433512308454 lifecam20 1800.828125 2116.81005859 5.86835575104
