1433512148758 lifecam19 2665.37304688 2044.73901367 6.17871761322
1433512148830 lifecam19 2687.89331055 2067.37011719 6.27005243301
1433512148959 lifecam19 2711.6472168 2077.14941406 0.00133282341994
1433512149024 lifecam19 2707.47314453 2076.05224609 0.00047666230239
1433512149087 lifecam19 2693.99365234 2074.79785156 6.27231550217
1433512149158 lifecam19 2673.76293945 2075.16308594 6.27560663223
1433512149225 lifecam19 2652.09643555 2074.22973633 6.26721715927
1433512149363 lifecam19 2611.28125 2073.89013672 6.2641787529
1433512149425 lifecam19 2590.35693359 2073.57348633 6.26135730743
1433512149499 lifecam19 2570.94799805 2072.72875977 6.25089645386
1433512149565 lifecam19 2553.52807617 2070.59106445 6.22583770752
1433512149624 lifecam19 2534.65649414 2069.8449707 6.2071647644
1433512149751 lifecam19 2494.01220703 2073.30493164 6.21356058121
1433512149824 lifecam19 2472.24755859 2075.36865234 6.22404956818
1433512149892 lifecam19 2452.34472656 2075.62963867 6.21497058868
1433512149951 lifecam19 2433.25952148 2075.40087891 6.1984000206
1433512150019 lifecam19 2413.98144531 2075.23364258 6.18385028839
1433512150095 lifecam19 2393.82421875 2076.66162109 6.18247175217
1433512150155 lifecam19 2375.39526367 2077.05883789 6.16924333572
1433512150218 lifecam19 2354.85644531 2079.13476562 6.17108488083
1433512150288 lifecam19 2334.41088867 2080.3269043 6.16651916504
1433512150361 lifecam19 2315.55810547 2080.79248047 6.15364122391
1433512150492 lifecam19 2275.35888672 2083.92236328 6.14177274704
1433512150561 lifecam19 2256.03808594 2085.96459961 6.1318655014
1433512150623 lifecam19 2235.54760742 2087.63525391 6.12951993942
1433512150691 lifecam19 2216.46826172 2090.77880859 6.12866592407
1433512150768 lifecam19 2195.88916016 2093.62255859 6.13006591797
1433512150889 lifecam19 2156.98388672 2097.46142578 6.11209201813
1433512150967 lifecam19 2138.25 2098.13208008 6.0976896286
1433512151025 lifecam19 2116.95361328 2102.58251953 6.10143089294
1433512151101 lifecam19 2097.61206055 2104.4050293 6.08520889282
1433512151156 lifecam19 2077.08447266 2109.04516602 6.08551073074
1433512151300 lifecam19 2039.3190918 2114.90014648 6.07315587997
1433512151359 lifecam19 2019.14941406 2118.17773438 6.06999397278
1433512151428 lifecam19 1999.81530762 2121.74462891 6.06110620499
1433512151486 lifecam19 1979.96691895 2124.51171875 6.05507230759
1433512151559 lifecam19 1959.59570312 2128.96386719 6.05728912354
1433512151683 lifecam20 1945.12512207 2148.17138672 6.05995559692
1433512151690 lifecam19 1925.51586914 2152.04980469 6.05022716522
1433512151744 lifecam20 1915.65795898 2154.14501953 6.04832077026
1433512151755 lifecam19 1906.01708984 2156.40942383 6.04781007767
1433512151812 lifecam20 1896.11303711 2158.80712891 6.04832315445
1433512151829 lifecam19 1886.76879883 2160.71240234 6.04571151733
1433512151883 lifecam20 1878.8572998 2162.08007812 6.04101657867
1433512151899 lifecam19 1872.4050293 2164.140625 6.0422129631
1433512151947 lifecam20 1867.77099609 2165.58251953 6.04277229309
1433512151956 lifecam19 1865.12756348 2166.76831055 6.04617786407
1433512152080 lifecam20 1864.4465332 2167.55517578 6.05033445358
1433512152096 lifecam19 1865.30749512 2167.01171875 6.04705667496
1433512152145 lifecam20 1865.75219727 2166.59375 6.04405784607
1433512152157 lifecam19 1865.96484375 2166.23291016 6.04225349426
1433512152212 lifecam20 1865.60595703 2166.38818359 6.04384660721
1433512152226 lifecam19 1865.38476562 2166.61645508 6.04539680481
1433512152279 lifecam20 1865.75927734 2166.37158203 6.04315519333
1433512152297 lifecam19 1865.73608398 2166.5390625 6.04378652573
1433512152344 lifecam20 1865.73608398 2166.5390625 6.04378652573
1433512152358 lifecam19 1865.71923828 2166.43261719 6.04367399216
1433512152416 lifecam20 1865.56225586 2166.41503906 6.04398918152
1433512152434 lifecam19 1865.80029297 2166.29345703 6.04255247116
1433512152495 lifecam20 1865.95751953 2166.31103516 6.0422372818
1433512152502 lifecam19 1865.93994141 2166.20458984 6.04212713242
1433512152549 lifecam20 1865.75976562 2166.36499023 6.04321861267
1433512152568 lifecam19 1865.5390625 2166.59301758 6.04476499557
1433512152611 lifecam20 1865.7713623 2166.19873047 6.04262638092
1433512152621 lifecam19 1865.78808594 2166.30517578 6.04273891449
1433512152680 lifecam20 1865.92651367 2166.37646484 6.04168272018
1433512152696 lifecam19 1866.4597168 2165.03735352 6.03472709656
1433512152815 lifecam20 1866.58483887 2164.56835938 6.03339576721
1433512152828 lifecam19 1866.6159668 2164.94213867 6.03566360474
1433512152880 lifecam20 1866.6159668 2164.94213867 6.03566360474
1433512152889 lifecam19 1866.14978027 2164.44970703 6.03059673309
1433512152948 lifecam20 1863.16223145 2163.13134766 6.02284526825
1433512152964 lifecam19 1856.0838623 2161.69116211 6.01529216766
1433512153012 lifecam20 1848.48571777 2154.05737305 5.99070930481
1433512153027 lifecam19 1835.79833984 2151.92333984 5.97513103485
1433512153080 lifecam20 1820.2401123 2138.03588867 5.9116396904
