1431696363800 lifecam19 37599 -360.659484863 2035.56738281 8826.15722656 -1.90480017662 2.39045786858 -1.12281858921
1431696363867 lifecam19 37599 -364.230621338 2035.84387207 8852.08789062 -1.89647352695 2.5321700573 0.498787432909
1431696363934 lifecam19 37599 -370.330596924 2038.28515625 8913.03515625 -1.86086380482 2.50920772552 0.504285693169
1431696364002 lifecam19 37599 -371.829040527 2046.84082031 8945.96289062 1.69114899635 -2.19954061508 1.0457123518
1431696364070 lifecam19 37599 -370.736236572 2040.30895996 8918.96777344 1.68542420864 -2.1943333149 1.05612981319
1431696364134 lifecam19 37599 -368.300933838 2031.328125 8863.8515625 1.69748997688 -2.15539717674 1.08750092983
1431696364202 lifecam19 37599 -359.563140869 2054.67431641 8845.18261719 1.69880330563 -2.15946340561 1.09133350849
1431696364270 lifecam19 37599 -346.544769287 2095.75 8837.69042969 -1.93470144272 2.43603372574 -1.2279573679
1431696364334 lifecam19 37599 -329.873687744 2150.140625 8823.42480469 -1.9011156559 2.51884222031 0.493266761303
1431696364401 lifecam19 37599 -314.32244873 2208.71142578 8816.16796875 -1.94010543823 2.43354654312 -1.19503486156
1431696364469 lifecam19 37599 -303.170471191 2268.22387695 8862.06933594 -1.9471950531 2.42978668213 -1.16374242306
1431696364534 lifecam19 37599 -286.13873291 2301.28442383 8774.47949219 -1.96206748486 2.40569543839 -1.19137763977
1431696364602 lifecam19 37599 -270.737701416 2342.3503418 8722.91894531 1.73210799694 -2.1377184391 1.07047569752
1431696364669 lifecam19 37599 -255.904067993 2372.90405273 8634.97070312 1.83352506161 -2.40035843849 -0.478798002005
1431696364737 lifecam19 37599 -243.794799805 2427.21240234 8629.91796875 -1.98754394054 2.39459252357 -1.2302339077
1431696364801 lifecam19 37599 -231.860015869 2490.85351562 8672.78222656 -1.96111667156 2.56035065651 0.432128071785
1431696364869 lifecam19 37599 -219.997970581 2559.2109375 8722.40625 -1.98683321476 2.38978052139 -1.18082022667
1431696364939 lifecam19 37599 -206.186950684 2598.09692383 8669.00195312 1.78669726849 -2.11222934723 1.05004930496
1431696365002 lifecam19 37599 -192.892593384 2620.98608398 8562.40527344 -2.01313018799 2.36334681511 -1.25106155872
1431696365070 lifecam19 37599 -180.568328857 2660.07421875 8516.41699219 1.83191752434 -2.34009075165 -0.416435241699
1431696365137 lifecam19 37599 -169.622024536 2724.3671875 8541.89941406 1.82197082043 -2.3404943943 -0.372880548239
1431696365196 lifecam22 5376 1325.15698242 294.259857178 2232.59204102 -1.44124805927 2.12880110741 -0.949390232563
1431696365202 lifecam19 37599 -157.684707642 2768.82226562 8504.95898438 1.78329706192 -2.06887459755 1.09442543983
1431696365269 lifecam19 37599 -161.966278076 3097.13012695 9320.84863281 -2.1101565361 2.63002586365 0.0220908056945
1431696365337 lifecam19 37599 -138.562713623 2893.39941406 8536.86035156 -2.06022191048 2.60225749016 0.31016433239
1431696365402 lifecam19 37599 -127.718521118 2927.43359375 8481.56347656 1.80982124805 -2.30153250694 -0.300268411636
1431696365993 lifecam20 39552 407.98739624 293.635223389 2782.47827148 1.35108363628 -0.743403255939 -0.875803589821
1431696366393 lifecam20 37599 -2001.64819336 -1015.40197754 9488.61816406 2.27466583252 -1.90415358543 1.12575817108
1431696366793 lifecam20 37599 -2042.02209473 -702.906799316 9354.26953125 2.77535319328 -1.94716274738 -0.824622094631
1431696366928 lifecam20 37599 -2049.38500977 -598.246948242 9272.72167969 -2.25850534439 1.56520617008 0.664043068886
1431696366995 lifecam20 37599 -2058.21826172 -545.45690918 9252.74902344 2.315066576 -1.82824456692 1.13357830048
1431696367065 lifecam20 37599 -2094.16333008 -500.736297607 9348.13671875 -2.30925726891 1.80898499489 -1.08419251442
1431696367130 lifecam20 37599 -2086.73291016 -461.113220215 9269.83984375 2.32105255127 -1.84079694748 1.10788536072
1431696367190 lifecam20 37599 -2075.95043945 -444.510925293 9199.96777344 2.78871679306 -1.90250086784 -0.752057015896
1431696367259 lifecam20 37599 -2111.60009766 -447.522644043 9355.17382812 2.82901763916 -1.959217906 -0.672537922859
1431696367328 lifecam20 37599 -2083.19555664 -443.538391113 9233.91113281 -2.27931714058 1.56777775288 0.615188658237
1431696367330 lifecam22 5376 1317.04589844 292.287261963 2219.06640625 -1.43312060833 2.12713980675 -0.942426681519
1431696367387 lifecam20 37599 -2084.66992188 -443.98248291 9241.20996094 -2.28337478638 1.57550108433 0.615485548973
1431696367462 lifecam20 37599 -2074.73461914 -440.969848633 9195.54589844 2.76561045647 -1.90898382664 -0.764733195305
1431696367529 lifecam20 37599 -2083.45800781 -442.899780273 9233.27929688 -2.26477789879 1.57065117359 0.603951096535
1431696367587 lifecam20 37599 -2088.14648438 -444.401092529 9255.70605469 -2.2767534256 1.57411122322 0.598065853119
1431696367661 lifecam20 37599 -2065.74633789 -439.066162109 9154.77929688 2.7892563343 -1.90593516827 -0.762352287769
