1431696429549 lifecam20 37599 -1948.73986816 -2631.71313477 10136.7373047 -1.9572275877 1.53809940815 -0.075468942523
1431696429563 lifecam19 37599 -338.181976318 2232.58300781 9198.29101562 -1.92213213444 2.08071732521 -0.470918953419
1431696429622 lifecam20 37599 -1933.64794922 -2702.37451172 10122.0009766 -2.01767969131 1.74955546856 -0.457663983107
1431696429695 lifecam19 37599 -374.440612793 2033.22290039 8964.38183594 1.83876860142 -2.45902585983 -0.508756041527
1431696429763 lifecam19 37599 -371.925231934 2032.94506836 8931.21972656 -1.92039835453 2.42985868454 -1.19823908806
1431696429836 lifecam19 37599 -371.611175537 2031.49707031 8922.4453125 -1.87794923782 2.4872918129 0.537381052971
1431696429903 lifecam19 37599 -372.558502197 2035.12414551 8942.29003906 -1.91808700562 2.43786644936 -1.1976224184
1431696429963 lifecam19 37599 -372.877655029 2038.0958252 8955.12011719 -1.92721796036 2.43735909462 -1.17869305611
1431696430030 lifecam19 37599 -370.466674805 2026.24230957 8893.61523438 -1.87596285343 2.46795201302 0.534482121468
1431696430103 lifecam19 37599 -359.712493896 2040.5637207 8826.68359375 -1.88906037807 2.48099684715 0.55022507906
1431696430161 lifecam19 37599 -348.701782227 2102.35693359 8894.17089844 1.72642338276 -2.17349624634 1.04984807968
1431696430231 lifecam19 37599 -328.395965576 2136.83691406 8776.20214844 -1.89586091042 2.49629926682 0.528815090656
1431696430304 lifecam19 37599 -313.847412109 2189.20922852 8766.37890625 1.86330389977 -2.4374563694 -0.50193798542
1431696430362 lifecam19 37599 -300.628692627 2234.23291016 8755.09082031 1.72485768795 -2.11602330208 1.09064364433
1431696430429 lifecam19 37599 -324.012390137 2589.32324219 9899.20507812 -1.99924325943 2.54282999039 -0.026735862717
1431696430504 lifecam19 37599 -273.701049805 2348.52587891 8769.22949219 1.74218010902 -2.13250923157 1.06612324715
1431696430572 lifecam19 37599 -260.237640381 2398.74609375 8751.52734375 -1.97548604012 2.40581202507 -1.19784522057
1431696430630 lifecam19 37599 -247.852645874 2444.5456543 8718.46972656 1.84091579914 -2.3900539875 -0.424437820911
1431696430698 lifecam19 37599 -232.751876831 2473.45727539 8634.71386719 1.75933980942 -2.10730552673 1.0873568058
1431696430772 lifecam19 37599 -219.905700684 2520.22509766 8606.68359375 -1.98256468773 2.36563777924 -1.23269820213
1431696430829 lifecam19 37599 -207.707260132 2569.28930664 8583.16601562 -2.00318717957 2.54306840897 0.460310399532
1431696430898 lifecam19 37599 -195.915863037 2620.17602539 8580.39550781 -2.01102042198 2.34784054756 -1.23529016972
1431696430972 lifecam19 37599 -184.751983643 2676.92651367 8589.67675781 -2.02815532684 2.34786343575 -1.21405994892
1431696431030 lifecam19 37599 -173.674667358 2733.84179688 8589.49707031 1.82592463493 -2.32120776176 -0.344781428576
1431696431097 lifecam19 37599 -161.397796631 2762.42944336 8503.74316406 -2.02989864349 2.58253216743 0.404363423586
1431696431172 lifecam19 37599 -151.299667358 2816.66503906 8493.8359375 -2.02718234062 2.57211208344 0.393771082163
1431696431229 lifecam19 37599 -142.082794189 2887.68701172 8541.32714844 -2.04675102234 2.34725117683 -1.18034303188
1431696431297 lifecam19 37599 -131.100143433 2922.59619141 8484.07421875 -2.0599527359 2.33401322365 -1.19464409351
1431696432631 lifecam20 37599 -2041.80187988 -761.766113281 9385.05664062 -2.22426772118 1.55164372921 0.673368692398
1431696432759 lifecam20 37599 -2069.68554688 -664.47479248 9395.7421875 2.78210830688 -1.96086835861 -0.80567908287
1431696432961 lifecam20 37599 -2103.52416992 -509.53616333 9364.359375 2.31219506264 -1.83017289639 1.08261120319
1431696433035 lifecam20 37599 -2097.47851562 -472.855651855 9293.61425781 2.32450389862 -1.81582558155 1.09015679359
1431696433090 lifecam20 37599 -2102.50463867 -461.314422607 9296.74316406 2.78659486771 -1.90626394749 -0.715574979782
1431696433160 lifecam20 37599 -2098.74658203 -460.760894775 9281.16894531 2.79214811325 -1.90896296501 -0.72913736105
1431696433236 lifecam20 37599 -2095.90429688 -459.814605713 9268.91699219 -2.28112053871 1.55613875389 0.584686219692
1431696433290 lifecam20 37599 -2091.68334961 -459.9715271 9251.37792969 2.79968857765 -1.89760267735 -0.745704948902
1431696433361 lifecam20 37599 -2101.59350586 -461.979156494 9295.09472656 -2.26963639259 1.55251634121 0.57679772377
1431696433435 lifecam20 37599 -2100.50488281 -461.493988037 9290.00878906 2.80484819412 -1.91650640965 -0.71691685915
1431696433504 lifecam20 37599 -2097.85351562 -460.785736084 9278.12988281 2.80099391937 -1.91128504276 -0.719330430031
1431696433557 lifecam20 37599 -2086.38330078 -458.839508057 9228.10449219 2.78555631638 -1.90069031715 -0.761681854725
1431696433629 lifecam20 37599 -2097.78100586 -460.844055176 9277.88867188 -2.27403378487 1.55022335052 0.588058888912
1431696433699 lifecam20 37599 -2096.77148438 -460.454650879 9273.23925781 -2.28174614906 1.55945169926 0.578128755093
1431696433758 lifecam20 37599 -2101.2800293 -461.762420654 9292.84960938 2.7922770977 -1.91507959366 -0.716274857521
1431696433828 lifecam20 37599 -2088.06933594 -458.315917969 9235.31347656 2.78965759277 -1.90990304947 -0.726528167725
1431696433904 lifecam20 37599 -2086.24731445 -453.177307129 9244.91992188 2.79491591454 -1.87043702602 -0.732678294182
1431696433957 lifecam20 37599 -2043.07531738 -413.483184814 9089.00488281 -2.35059404373 1.52486455441 -0.763868689537
1431696434029 lifecam20 37599 -2117.17529297 -311.090698242 9193.66699219 -2.19415378571 1.41296374798 0.0414349809289
