1431696252554 lifecam22 5376 1319.23095703 292.991882324 2222.37451172 -1.43526184559 2.12659668922 -0.945830404758
1431696254554 lifecam20 39552 406.100158691 293.472259521 2773.43139648 1.35233139992 -0.742770850658 -0.883487224579
1431696256758 lifecam20 37599 -1929.8026123 -2601.60571289 10013.796875 2.35827279091 -1.89299917221 0.0193911753595
1431696256828 lifecam20 37599 -1930.05700684 -2715.95703125 10084.3847656 -2.0118932724 1.79760825634 -0.407874286175
1431696256838 lifecam19 37599 -357.195129395 2054.21655273 8866.57714844 -1.90318965912 2.3507797718 -1.03750061989
1431696256901 lifecam19 37599 -372.88684082 2012.40539551 8857.09082031 -1.8321903944 2.50234246254 0.538808584213
1431696256969 lifecam19 37599 -371.940765381 2016.82214355 8859.83496094 1.68065965176 -2.16992592812 1.07577228546
1431696257038 lifecam19 37599 -372.464935303 2019.43334961 8871.20996094 1.67672502995 -2.16076278687 1.0779941082
1431696257101 lifecam19 37599 -370.874084473 2009.79614258 8831.36425781 -1.88709807396 2.44791698456 -1.240416646
1431696257170 lifecam19 37599 -371.830566406 2020.59375 8862.2265625 -1.8586025238 2.48268556595 0.538565695286
1431696257237 lifecam19 37599 -361.826293945 2050.2265625 8843.31054688 -1.92382395267 2.42941212654 -1.21924471855
1431696257301 lifecam19 37599 -347.624267578 2101.72827148 8856.25878906 1.70112383366 -2.15738892555 1.06723201275
1431696257369 lifecam19 37599 -337.937408447 2205.07617188 9019.76953125 -1.88221049309 2.47559690475 0.45033839345
1431696257438 lifecam19 37599 -317.499908447 2210.21655273 8829.93945312 1.72687721252 -2.14971899986 1.07398271561
1431696257501 lifecam19 37599 -303.51663208 2256.58544922 8810.71191406 -1.9464571476 2.4232544899 -1.20913827419
1431696257570 lifecam19 37599 -287.59777832 2295.11669922 8737.95996094 1.83805537224 -2.40755081177 -0.462058693171
1431696257637 lifecam19 37599 -274.710906982 2349.50756836 8740.33691406 -1.9319614172 2.51905035973 0.486050218344
1431696257705 lifecam19 37599 -262.126983643 2405.06396484 8748.9765625 -1.95771753788 2.39532327652 -1.19343531132
1431696257769 lifecam19 37599 -246.182937622 2426.75 8630.21972656 -1.98633813858 2.38115429878 -1.24481487274
1431696257837 lifecam19 37599 -234.943206787 2488.09887695 8655.20898438 -1.97499287128 2.54505205154 0.437446981668
1431696257905 lifecam19 37599 -221.418243408 2530.68261719 8616.20800781 -1.99080610275 2.36964058876 -1.22524917126
1431696257968 lifecam19 37599 -209.656707764 2576.16064453 8584.58300781 1.83775353432 -2.34544420242 -0.400386810303
1431696258037 lifecam19 37599 -198.125030518 2626.04833984 8572.18554688 -2.0077381134 2.55866217613 0.424030512571
1431696258105 lifecam19 37599 -187.819122314 2690.87060547 8603.09863281 1.83993196487 -2.34378480911 -0.355713248253
1431696258168 lifecam19 37599 -175.012435913 2728.62402344 8541.63183594 -2.02763915062 2.57387208939 0.3920353055
1431696258237 lifecam19 37599 -164.589324951 2783.72900391 8542.62304688 1.83169209957 -2.32729458809 -0.324808657169
1431696258305 lifecam19 37599 -152.396987915 2797.80102539 8414.99902344 1.81761157513 -2.3024623394 -0.37221172452
1431696258373 lifecam19 37599 -143.821640015 2870.48535156 8467.41308594 -2.0413646698 2.34550046921 -1.21570801735
1431696258436 lifecam19 37599 -131.265701294 2872.87084961 8314.94433594 -2.04960751534 2.56069564819 0.452200591564
1431696259830 lifecam20 37599 -2045.38122559 -700.105224609 9296.14746094 2.79909300804 -1.90279042721 -0.826638877392
1431696259899 lifecam20 37599 -2056.10791016 -650.959289551 9289.55664062 2.79008245468 -1.90366983414 -0.80504065752
1431696259956 lifecam20 37599 -2070.94702148 -602.176391602 9300.65917969 2.78702354431 -1.91055262089 -0.784842967987
1431696260027 lifecam20 37599 -2066.11328125 -546.58001709 9214.97460938 -2.25433564186 1.55499482155 0.635263264179
1431696260103 lifecam20 37599 -2076.76855469 -497.621643066 9197.98046875 2.31022691727 -1.81253278255 1.1167011261
1431696260155 lifecam20 37599 -2099.81713867 -473.497772217 9262.79101562 2.33065915108 -1.80982363224 1.10562729836
1431696260224 lifecam20 37599 -2105.87133789 -465.640472412 9277.45214844 2.80385661125 -1.92801189423 -0.7360445261
1431696260233 lifecam22 5376 1317.22570801 292.335754395 2219.16162109 -1.43302929401 2.12766480446 -0.942805171013
1431696260298 lifecam20 37599 -2106.38037109 -463.680175781 9277.19042969 -2.26153039932 1.54849421978 0.578174412251
1431696260356 lifecam20 37599 -2105.52636719 -463.638824463 9273.57714844 -2.26068210602 1.54533910751 0.58413785696
1431696260424 lifecam20 37599 -2104.93823242 -464.505096436 9273.60839844 -2.26745939255 1.55774509907 0.613205850124
1431696260499 lifecam20 37599 -2093.76342773 -461.312133789 9222.84765625 -2.26249217987 1.54525661469 0.605262100697
1431696260567 lifecam20 37599 -2107.1328125 -464.4034729 9282.0625 -2.25849747658 1.55902957916 0.59807485342
1431696260624 lifecam20 37599 -2108.52807617 -464.899047852 9286.81152344 2.8283367157 -1.93055808544 -0.707642197609
1431696260695 lifecam20 37599 -2104.92626953 -463.92401123 9271.37011719 -2.25940847397 1.54254412651 0.588680744171
1431696260770 lifecam20 37599 -2101.62573242 -463.06237793 9256.63378906 -2.26883101463 1.54946744442 0.587771058083
1431696260823 lifecam20 37599 -2106.93798828 -464.263214111 9280.13574219 2.81347417831 -1.92566275597 -0.722503364086
1431696260891 lifecam20 37599 -2104.34790039 -463.605072021 9269.54492188 -2.26364564896 1.56157112122 0.601877689362
1431696260965 lifecam20 37599 -2104.05078125 -463.606567383 9268.33203125 -2.26365327835 1.55982136726 0.603245437145
1431696261024 lifecam20 37599 -2101.49414062 -463.153625488 9257.07910156 2.81146931648 -1.93130540848 -0.733422756195
1431696261090 lifecam20 37599 -2104.92626953 -463.92401123 9271.37011719 -2.25940847397 1.54254412651 0.588680744171
1431696261166 lifecam20 37599 -2101.49414062 -463.153625488 9257.07910156 2.81146931648 -1.93130540848 -0.733422756195
1431696261223 lifecam20 37599 -2104.43554688 -463.40637207 9268.77246094 -2.26198816299 1.54471433163 0.587323844433
1431696261291 lifecam20 37599 -2101.35473633 -462.927246094 9257.24609375 -2.25574707985 1.56527876854 0.599271178246
1431696261365 lifecam20 37599 -2104.40893555 -463.616973877 9269.85058594 -2.26346468925 1.56102228165 0.601101815701
1431696261436 lifecam20 37599 -2091.26049805 -460.095489502 9210.73828125 2.79421210289 -1.9058483839 -0.745812296867
1431696261490 lifecam20 37599 -2091.54125977 -460.631774902 9212.68164062 2.31631302834 -1.80116844177 1.10925722122
1431696261563 lifecam20 37599 -2084.16137695 -458.50302124 9180.1640625 2.79013228416 -1.90583777428 -0.756934404373
1431696261636 lifecam20 37599 -2106.38037109 -463.680175781 9277.19042969 -2.26153039932 1.54849421978 0.578174412251
1431696261691 lifecam20 37599 -2109.01049805 -464.847717285 9289.47851562 -2.34497880936 1.83279466629 -1.08660900593
1431696261758 lifecam20 37599 -2106.38037109 -463.680175781 9277.19042969 -2.26153039932 1.54849421978 0.578174412251
1431696261835 lifecam20 37599 -2088.83178711 -459.422088623 9199.88867188 2.79072809219 -1.90161132812 -0.746695458889
1431696261891 lifecam20 37599 -2086.33935547 -459.44619751 9190.453125 2.31697297096 -1.80871248245 1.10586881638
1431696261959 lifecam20 37599 -2079.65478516 -457.420959473 9160.49511719 2.32560944557 -1.80774188042 1.11952888966
