1433512660753 lifecam19 2626.30932617 2031.51025391 6.13300466537
1433512660829 lifecam19 2654.30859375 2048.60302734 6.20748996735
1433512660884 lifecam19 2677.67578125 2068.82788086 0.00590950623155
1433512660957 lifecam19 2708.06958008 2074.48632812 6.26951646805
1433512661027 lifecam19 2700.47290039 2076.05273438 0.000479642534629
1433512661085 lifecam19 2697.73681641 2074.52026367 6.26982021332
1433512661159 lifecam19 2679.33374023 2076.00366211 0.00180286564864
1433512661222 lifecam19 2659.76269531 2075.16333008 6.27560710907
1433512661290 lifecam19 2638.7109375 2073.22338867 6.25967788696
1433512661353 lifecam19 2617.66577148 2074.31713867 6.26800012589
1433512661421 lifecam19 2597.54467773 2074.31713867 6.26799964905
1433512661496 lifecam19 2576.28198242 2073.88964844 6.26417350769
1433512661554 lifecam19 2556.66967773 2073.31298828 6.25903749466
1433512661622 lifecam19 2539.8425293 2071.52905273 6.23613119125
1433512661689 lifecam19 2520.5012207 2071.15527344 6.22288417816
1433512661752 lifecam19 2500.91699219 2070.97631836 6.21097517014
1433512661823 lifecam19 2480.56347656 2071.17553711 6.20851516724
1433512661890 lifecam19 2461.02124023 2070.93261719 6.20213699341
1433512661952 lifecam19 2439.91381836 2072.31665039 6.204185009
1433512662024 lifecam19 2419.87524414 2073.89233398 6.19373464584
1433512662092 lifecam19 2398.69775391 2076.17431641 6.1983165741
1433512662159 lifecam19 2380.34790039 2076.359375 6.18792915344
1433512662221 lifecam19 2361.46899414 2076.14648438 6.17277908325
1433512662289 lifecam19 2341.42724609 2077.64086914 6.16549348831
1433512662358 lifecam19 2320.40698242 2079.6628418 6.17032432556
1433512662420 lifecam19 2301.69555664 2080.78857422 6.16207456589
1433512662490 lifecam19 2281.60839844 2082.58544922 6.15663528442
1433512662560 lifecam19 2260.50170898 2084.5390625 6.15431880951
1433512662623 lifecam19 2240.40820312 2086.98583984 6.1500210762
1433512662691 lifecam19 2221.28271484 2088.63525391 6.14218568802
1433512662755 lifecam19 2202.05273438 2090.66870117 6.13572072983
1433512662815 lifecam19 2181.71484375 2092.7512207 6.12897253036
1433512662889 lifecam19 2162.19555664 2094.18823242 6.11966705322
1433512662957 lifecam19 2142.41357422 2097.15942383 6.11667442322
1433512663027 lifecam19 2123.5859375 2098.45605469 6.10433626175
1433512663089 lifecam19 2102.35351562 2102.32836914 6.11005449295
1433512663160 lifecam19 2082.66967773 2104.26416016 6.09407138824
1433512663228 lifecam19 2062.80102539 2107.53955078 6.09328460693
1433512663290 lifecam19 2044.20825195 2109.57666016 6.0804066658
1433512663358 lifecam19 2023.98828125 2113.82104492 6.08297491074
1433512663429 lifecam19 2003.01416016 2118.65820312 6.08626890182
1433512663495 lifecam19 1984.38549805 2120.57714844 6.07164525986
1433512663556 lifecam19 1965.74108887 2122.21289062 6.05812454224
1433512663624 lifecam19 1946.52099609 2126.35473633 6.05343055725
1433512663692 lifecam19 1925.24182129 2131.0300293 6.05307912827
1433512663760 lifecam19 1905.7175293 2135.06518555 6.04730224609
1433512663813 lifecam20 1901.52880859 2151.36083984 6.05233621597
1433512663827 lifecam19 1891.76757812 2153.33398438 6.04966306686
1433512663882 lifecam20 1881.77770996 2155.77685547 6.05118131638
1433512663894 lifecam19 1873.08666992 2157.50341797 6.04781246185
1433512663940 lifecam20 1865.9329834 2158.55517578 6.04205703735
1433512663955 lifecam19 1860.73144531 2159.83007812 6.04226589203
1433512664007 lifecam20 1857.3125 2160.63769531 6.04167985916
1433512664024 lifecam19 1855.54956055 2160.80639648 6.03890323639
1433512664080 lifecam20 1854.66870117 2160.82226562 6.03683376312
1433512664093 lifecam19 1854.66870117 2160.82226562 6.03683376312
1433512664155 lifecam19 1854.66870117 2160.82226562 6.03683376312
1433512664159 lifecam20 1855.11206055 2161.08813477 6.03874540329
1433512664207 lifecam20 1854.74621582 2160.71679688 6.03690290451
1433512664223 lifecam19 1854.74621582 2160.71679688 6.03690290451
1433512664276 lifecam20 1854.68835449 2160.96289062 6.03802967072
1433512664291 lifecam19 1854.68835449 2160.96289062 6.03802967072
1433512664357 lifecam20 1854.72485352 2161.03466797 6.03787994385
1433512664369 lifecam19 1854.72485352 2161.03466797 6.03787994385
1433512664413 lifecam20 1854.69165039 2160.95629883 6.03798389435
1433512664428 lifecam19 1854.69165039 2160.95629883 6.03798389435
1433512664492 lifecam19 1854.69165039 2160.95629883 6.03798389435
1433512664494 lifecam20 1854.74621582 2160.71679688 6.03690290451
1433512664547 lifecam20 1854.72485352 2161.03466797 6.03787994385
1433512664563 lifecam19 1854.72485352 2161.03466797 6.03787994385
1433512664607 lifecam20 1855.20288086 2160.68310547 6.03568744659
1433512664625 lifecam19 1855.32287598 2160.62060547 6.03540182114
1433512664676 lifecam20 1854.92980957 2161.34814453 6.0407409668
1433512664694 lifecam19 1854.92980957 2161.34814453 6.0407409668
1433512664747 lifecam20 1855.23205566 2161.02587891 6.03845977783
1433512664763 lifecam19 1855.11206055 2161.08813477 6.03874540329
1433512664809 lifecam20 1855.06982422 2161.43481445 6.03998088837
1433512664822 lifecam19 1855.20898438 2161.48876953 6.04075527191
1433512664876 lifecam20 1855.23046875 2161.17016602 6.03977537155
1433512664892 lifecam19 1855.37512207 2160.90625 6.03685569763
1433512664952 lifecam20 1854.8894043 2161.67333984 6.04092597961
1433512665020 lifecam20 1849.48095703 2154.16577148 6.00825738907
1433512665031 lifecam19 1833.8380127 2148.53833008 5.97664165497
1433512665077 lifecam20 1818.38989258 2130.87451172 5.90382528305
