1431696505353 lifecam19 37599 -338.41394043 2243.18383789 9096.84472656 -1.79158401489 2.00178861618 -0.194211781025
1431696505404 lifecam20 37599 -1931.70446777 -2645.35961914 10030.9365234 -1.95464026928 1.71532869339 -0.17592702806
1431696505420 lifecam19 37599 -348.669372559 2139.70751953 9034.34863281 -1.90062999725 2.27574849129 -0.728728234768
1431696505476 lifecam20 37599 -1935.20898438 -2750.84985352 10122.8457031 2.66321706772 -2.08777070045 -0.89506739378
1431696505492 lifecam19 37599 -364.78024292 2041.01928711 8898.19433594 1.70330202579 -2.18683886528 1.08301150799
1431696505559 lifecam19 37599 -370.499328613 2014.37597656 8848.23144531 1.66599607468 -2.17612576485 1.08565068245
1431696505620 lifecam19 37599 -372.94631958 2030.68017578 8916.17675781 -1.89769124985 2.4673037529 -1.21011269093
1431696505681 lifecam19 37599 -371.642303467 2026.22998047 8897.61035156 -1.90167045593 2.48596191406 -1.19445896149
1431696505756 lifecam19 37599 -373.552886963 2039.78271484 8953.47265625 -1.87781107426 2.488083601 -1.16688501835
1431696505827 lifecam19 37599 -366.545928955 2051.35693359 8916.18945312 -1.83302414417 2.50834298134 0.497910767794
1431696505885 lifecam19 37599 -352.010406494 2093.4074707 8914.66796875 -1.88045251369 2.46406817436 -1.1640073061
1431696505954 lifecam19 37599 -360.783325195 2308.37207031 9579.58886719 -1.97031092644 2.63597249985 -1.00282740593
1431696506029 lifecam19 37599 -313.719970703 2181.85327148 8798.80859375 -1.86976075172 2.53650379181 0.492487132549
1431696506086 lifecam19 37599 -301.498535156 2240.32666016 8838.08398438 1.6989736557 -2.18101191521 1.05864202976
1431696506155 lifecam19 37599 -282.458587646 2265.24365234 8728.65722656 -1.90965366364 2.43330407143 -1.23126268387
1431696506232 lifecam19 37599 -269.444244385 2344.51489258 8817.02636719 -1.92552709579 2.43634605408 -1.18500232697
1431696506281 lifecam19 37599 -252.567718506 2372.08911133 8723.5 1.70595371723 -2.15257310867 1.09190058708
1431696506353 lifecam19 37599 -237.83531189 2414.6003418 8678.23632812 1.70904445648 -2.16348075867 1.08536684513
1431696506430 lifecam19 37599 -223.999328613 2464.66918945 8667.19140625 -1.94086706638 2.43139243126 -1.20313072205
1431696506492 lifecam19 37599 -208.838867188 2509.98242188 8640.51269531 -1.95611703396 2.41144156456 -1.21694254875
1431696506552 lifecam19 37599 -195.192108154 2564.30883789 8638.90722656 -1.94650363922 2.39822268486 -1.19193136692
1431696506627 lifecam19 37599 -180.742507935 2596.76171875 8564.015625 1.80473852158 -2.37885570526 -0.419105499983
1431696506695 lifecam19 37599 -170.149414062 2662.36254883 8602.44824219 -1.97339618206 2.60265612602 0.392341583967
1431696506756 lifecam19 37599 -156.354263306 2711.52514648 8582.45507812 -1.98041129112 2.59175825119 0.394362896681
1431696506821 lifecam19 37599 -141.940155029 2745.44702148 8518.37695312 -1.9663182497 2.36649775505 -1.22895550728
1431696506897 lifecam19 37599 -129.968963623 2798.92407227 8509.62402344 1.7574338913 -2.09119534492 1.0960675478
1431696506955 lifecam19 37599 -118.684043884 2846.75732422 8485.52148438 1.76481580734 -2.10073518753 1.09917485714
1431696507021 lifecam19 37599 -107.6199646 2907.56591797 8500.02441406 -2.01586341858 2.62665820122 0.360216021538
1431696508147 lifecam20 37599 -1977.01623535 -926.111572266 9514.89648438 2.73588323593 -2.01571559906 -0.876923680305
1431696508274 lifecam20 37599 -1974.85742188 -816.333251953 9410.20996094 2.73121023178 -1.99322092533 -0.895197153091
1431696508349 lifecam20 37599 -1985.84155273 -764.453796387 9411.76171875 2.74061751366 -1.96349906921 -0.875960946083
1431696508416 lifecam20 37599 -2012.51635742 -720.60546875 9487.28320312 -2.26773500443 1.89149367809 -1.06828713417
1431696508674 lifecam20 37599 -2016.21496582 -503.912506104 9290.12207031 2.71771335602 -1.94999647141 -0.791647493839
1431696508742 lifecam20 37599 -2026.47399902 -461.751831055 9284.43847656 2.71908593178 -1.93678760529 -0.778685569763
1431696508815 lifecam20 37599 -2027.22302246 -443.355987549 9267.04980469 -2.25331234932 1.60233962536 0.631749868393
1431696508882 lifecam20 37599 -2048.75927734 -443.085601807 9359.20605469 2.74830746651 -1.96267580986 -0.750133395195
1431696508947 lifecam20 37599 -2038.74230957 -442.879211426 9315.46289062 2.71943759918 -1.94537830353 -0.761452019215
1431696509017 lifecam20 37599 -2058.75415039 -447.133483887 9407.84570312 -2.2764737606 1.86800003052 -1.0818631649
1431696509088 lifecam20 37599 -2054.4519043 -446.28604126 9388.28417969 -2.27220678329 1.86000347137 -1.08891224861
1431696509142 lifecam20 37599 -2053.54980469 -445.929504395 9384.57617188 -2.28090500832 1.85959613323 -1.08165466785
1431696509214 lifecam20 37599 -2041.15820312 -442.820404053 9326.3984375 2.29802680016 -1.86389183998 1.11524808407
1431696509282 lifecam20 37599 -2031.72155762 -440.510528564 9280.6640625 2.73824906349 -1.95696604252 -0.766000330448
1431696509343 lifecam20 37599 -2057.08300781 -446.626037598 9400.09765625 -2.27431583405 1.86454713345 -1.08075010777
1431696509410 lifecam20 37599 -2055.59326172 -446.599029541 9392.86132812 -2.28214716911 1.86669075489 -1.07920002937
1431696509484 lifecam20 37599 -2052.49560547 -445.71585083 9379.09277344 -2.28917908669 1.86258411407 -1.0789321661
1431696509543 lifecam20 37599 -2038.4822998 -442.403900146 9313.52734375 2.29088544846 -1.86084151268 1.11578047276
1431696509615 lifecam20 37599 -2053.18920898 -446.091278076 9381.90722656 2.28559803963 -1.86691129208 1.0882409811
1431696509688 lifecam20 37599 -2033.57519531 -440.758422852 9289.47265625 2.72690534592 -1.95279991627 -0.765938878059
1431696509762 lifecam20 37599 -2052.72949219 -445.767608643 9380.30078125 -2.27004981041 1.85657906532 -1.08785784245
1431696509815 lifecam20 37599 -2037.33056641 -441.529266357 9313.78027344 2.75448036194 -1.95211851597 -0.735298156738
1431696509882 lifecam20 37599 -2034.06604004 -431.941986084 9321.81542969 2.79089641571 -1.89623832703 -0.628651559353
1431696509950 lifecam20 37599 -2021.37036133 -414.406555176 9276.078125 -2.36115241051 1.6821167469 -0.85470020771
1431696510012 lifecam20 37599 -2000.7232666 -386.273376465 9178.40722656 -2.59733915329 1.68953597546 0.265576273203
1431696510078 lifecam20 37599 -2001.46850586 -336.210266113 9076.93066406 2.4614918232 -1.74303305149 0.0598634108901
