1433512605672 lifecam19 2629.05151367 2030.48144531 6.12730503082
1433512605734 lifecam19 2651.02685547 2052.63696289 6.22269201279
1433512605811 lifecam19 2670.81445312 2071.24707031 0.0223435796797
1433512605864 lifecam19 2699.85107422 2081.10864258 0.0299679674208
1433512605932 lifecam19 2696.51098633 2078.27026367 0.0208440478891
1433512605999 lifecam19 2700.47290039 2076.05273438 0.000479642534629
1433512606071 lifecam19 2693.47338867 2076.05273438 0.000478092813864
1433512606132 lifecam19 2675.97143555 2076.05419922 0.000492874765769
1433512606200 lifecam19 2654.97192383 2076.0546875 0.000494186067954
1433512606276 lifecam19 2633.89428711 2074.19335938 6.26689195633
1433512606340 lifecam19 2612.97192383 2076.05395508 0.000490252161399
1433512606402 lifecam19 2591.97167969 2076.05395508 0.000491444254294
1433512606467 lifecam19 2571.73657227 2074.52026367 6.26982116699
1433512606533 lifecam19 2553.23901367 2073.87060547 6.26400470734
1433512606600 lifecam19 2532.88671875 2073.79492188 6.26332855225
1433512606669 lifecam19 2511.71948242 2073.76245117 6.26304244995
1433512606747 lifecam19 2493.01904297 2073.12670898 6.24395227432
1433512606799 lifecam19 2475.16870117 2071.8347168 6.22499513626
1433512606875 lifecam19 2455.12817383 2072.21289062 6.22220897675
1433512606950 lifecam19 2434.18188477 2072.64257812 6.21779060364
1433512607004 lifecam19 2413.48071289 2074.1472168 6.21957683563
1433512607075 lifecam19 2394.95483398 2073.29248047 6.20041275024
1433512607137 lifecam19 2375.86254883 2074.56420898 6.192694664
1433512607200 lifecam19 2355.15136719 2075.421875 6.19214677811
1433512607267 lifecam19 2333.93164062 2077.33544922 6.19432973862
1433512607336 lifecam19 2315.64501953 2077.03051758 6.17908239365
1433512607407 lifecam19 2297.046875 2077.47290039 6.16805887222
1433512607467 lifecam19 2275.70141602 2080.05029297 6.17569923401
1433512607538 lifecam19 2254.64453125 2082.34667969 6.17231225967
1433512607600 lifecam19 2236.30371094 2082.58349609 6.15545606613
1433512607668 lifecam19 2215.98413086 2084.60302734 6.1550655365
1433512607742 lifecam19 2196.46240234 2087.32006836 6.15079784393
1433512607804 lifecam19 2176.19165039 2087.95117188 6.14071512222
1433512607867 lifecam19 2156.33544922 2090.34814453 6.13406991959
1433512607936 lifecam19 2138.15966797 2091.10839844 6.12351226807
1433512608005 lifecam19 2117.87548828 2094.21191406 6.12537527084
1433512608069 lifecam19 2096.48681641 2096.97387695 6.12199068069
1433512608138 lifecam19 2076.57519531 2099.51049805 6.1144361496
1433512608202 lifecam19 2056.60693359 2102.37158203 6.10934114456
1433512608268 lifecam19 2037.94848633 2104.76855469 6.09991550446
1433512608339 lifecam19 2017.79980469 2107.75512695 6.09565019608
1433512608404 lifecam19 1998.02770996 2110.4543457 6.08886814117
1433512608474 lifecam19 1978.82885742 2113.93139648 6.0841178894
1433512608535 lifecam19 1960.13720703 2115.8972168 6.07556009293
1433512608605 lifecam19 1940.13305664 2119.72412109 6.06677103043
1433512608677 lifecam19 1919.22387695 2124.16040039 6.06817102432
1433512608740 lifecam19 1899.49438477 2127.58764648 6.06351089478
1433512608796 lifecam20 1895.17016602 2144.16162109 6.06950855255
1433512608809 lifecam19 1885.19433594 2146.82299805 6.07138538361
1433512608856 lifecam20 1875.6027832 2148.47412109 6.06778049469
1433512608879 lifecam19 1867.43481445 2148.95629883 6.05791521072
1433512608923 lifecam20 1860.02270508 2150.28564453 6.0569152832
1433512608945 lifecam19 1854.61206055 2151.87866211 6.05816221237
1433512608986 lifecam20 1851.13964844 2152.87011719 6.06002807617
1433512609006 lifecam19 1850.25244141 2152.87011719 6.05700159073
1433512609054 lifecam20 1850.57739258 2152.82128906 6.05494737625
1433512609069 lifecam19 1851.1550293 2152.89013672 6.05739784241
1433512609122 lifecam20 1851.80932617 2152.33642578 6.05383253098
1433512609143 lifecam19 1851.80932617 2152.33642578 6.05383253098
1433512609191 lifecam20 1851.51831055 2152.85498047 6.05683612823
1433512609203 lifecam19 1851.41235352 2153.15136719 6.05847072601
1433512609255 lifecam20 1851.7232666 2153.13183594 6.05729150772
1433512609271 lifecam19 1852.15795898 2152.32348633 6.05231142044
1433512609326 lifecam20 1852.15795898 2152.32348633 6.05231142044
1433512609347 lifecam19 1852.24511719 2152.15917969 6.05180978775
1433512609398 lifecam20 1852.24511719 2152.15917969 6.05180978775
1433512609456 lifecam20 1852.33300781 2151.13476562 6.04231548309
1433512609531 lifecam20 1847.04541016 2168.99414062 6.03877067566
1433512609546 lifecam19 1711.62561035 2081.2043457 5.24527740479
1433512609593 lifecam20 1705.50146484 2079.56713867 5.25105237961
1433512609655 lifecam20 1693.37023926 2061.79150391 5.17438554764
