1431696586543 lifecam19 37599 -322.937133789 2234.66992188 8972.0859375 1.42337203026 -1.70326757431 0.430433809757
1431696586606 lifecam20 37599 -1932.36132812 -2612.18383789 10052.7578125 -1.92567253113 1.5437451601 -0.0432318225503
1431696586616 lifecam19 37599 -335.782165527 2193.52563477 9015.64453125 -1.87635612488 2.058375597 -0.374932348728
1431696586681 lifecam20 37599 -1918.79541016 -2666.23632812 10013.5878906 -1.98853957653 1.77171051502 -0.379292041063
1431696586684 lifecam19 37599 -350.380065918 2089.62207031 8934.05859375 1.90930056572 -2.29675555229 0.88263887167
1431696586750 lifecam19 37599 -371.718963623 2029.9128418 8924.29394531 1.82729041576 -2.46987605095 -0.51234960556
1431696586807 lifecam19 37599 -371.745910645 2025.43969727 8897.59765625 -1.91870248318 2.44940948486 -1.18981325626
1431696586888 lifecam19 37599 -370.774475098 2019.56433105 8873.73144531 -1.91788101196 2.45772743225 -1.21627247334
1431696586950 lifecam19 37599 -370.812866211 2019.48986816 8871.41015625 -1.91059672832 2.45851063728 -1.21091914177
1431696587020 lifecam19 37599 -373.091583252 2036.5793457 8929.43066406 1.86044728756 -2.45533418655 -0.514825582504
1431696587091 lifecam19 37599 -361.447235107 2043.2130127 8838.1015625 1.71990692616 -2.15938329697 1.09846746922
1431696587150 lifecam19 37599 -351.231567383 2102.10791016 8901.30371094 -1.8992613554 2.48564171791 0.493707597256
1431696587213 lifecam19 37599 -332.742004395 2152.09619141 8865.80859375 1.71967804432 -2.15492963791 1.0693564415
1431696587278 lifecam19 37599 -313.614318848 2187.11157227 8762.63964844 -1.94284343719 2.42116379738 -1.25131678581
1431696587356 lifecam19 37599 -303.787902832 2247.86181641 8810.96289062 -1.92502784729 2.4924621582 0.487571269274
1431696587416 lifecam19 37599 -285.295349121 2267.81347656 8682.89550781 -1.95324230194 2.38901209831 -1.28220522404
1431696587477 lifecam19 37599 -274.593994141 2350.26489258 8783.23632812 1.73849904537 -2.13629698753 1.05404448509
1431696587549 lifecam19 37599 -261.263702393 2395.37255859 8745.28808594 -1.977237463 2.38817214966 -1.19274294376
1431696587618 lifecam19 37599 -248.093307495 2437.11206055 8693.40039062 -1.96253013611 2.54126429558 0.463345378637
1431696587685 lifecam19 37599 -236.865081787 2499.93334961 8734.37597656 -1.99512183666 2.38174915314 -1.17743134499
1431696587754 lifecam19 37599 -222.823852539 2533.51879883 8664.92382812 -1.97385656834 2.5464925766 0.441174328327
1431696587819 lifecam19 37599 -210.522521973 2589.34179688 8663.12402344 -1.99372732639 2.55222654343 0.394451349974
1431696587886 lifecam19 37599 -199.139785767 2644.82202148 8667.03320312 -2.00333213806 2.36588525772 -1.2067476511
1431696587956 lifecam19 37599 -187.763565063 2692.30029297 8644.046875 -2.04490160942 2.37189006805 -1.20766699314
1431696588018 lifecam19 37599 -175.695083618 2748.36743164 8642.41308594 1.79693341255 -2.08570384979 1.04524815083
1431696588088 lifecam19 37599 -162.900238037 2761.07910156 8503.78515625 -2.02762174606 2.56342053413 0.410894364119
1431696588146 lifecam19 37599 -154.504241943 2848.34667969 8594.73535156 -2.04849696159 2.58616948128 0.330098420382
1431696588216 lifecam19 37599 -142.565795898 2855.75073242 8451.44433594 -2.05623674393 2.57825684547 0.406356841326
1431696588285 lifecam19 37599 -131.862503052 2898.81933594 8421.60253906 -2.05611395836 2.31063556671 -1.25747156143
1431696589601 lifecam20 37599 -2035.49182129 -760.719787598 9342.39648438 -2.22846961021 1.55002737045 0.705403447151
1431696589799 lifecam20 37599 -2086.10351562 -616.900634766 9401.6953125 2.31123661995 -1.821621418 1.09397482872
1431696589873 lifecam20 37599 -2082.01782227 -557.977905273 9316.28515625 2.78941297531 -1.91723608971 -0.773317217827
1431696589953 lifecam20 37599 -2092.82226562 -509.130432129 9303.31835938 -2.25666475296 1.57003939152 0.6144105196
1431696590005 lifecam20 37599 -2084.73974609 -471.167633057 9224.58203125 2.77135062218 -1.89957010746 -0.760782718658
1431696590068 lifecam20 37599 -2112.42675781 -464.919769287 9329.77539062 -2.3176856041 1.84551525116 -1.08138144016
1431696590145 lifecam20 37599 -2080.39648438 -453.958129883 9184.73144531 2.31438541412 -1.81604588032 1.15795910358
1431696590200 lifecam20 37599 -2090.92773438 -457.515838623 9232.47851562 2.7966337204 -1.91540944576 -0.739764213562
1431696590268 lifecam20 37599 -2086.85986328 -456.636383057 9215.40332031 -2.31137180328 1.8065302372 -1.13695776463
1431696590339 lifecam20 37599 -2088.07177734 -456.321472168 9220.15527344 -2.31139421463 1.80787134171 -1.12427401543
1431696590416 lifecam20 37599 -2083.8046875 -455.239013672 9200.26660156 2.79329967499 -1.9000338316 -0.764107942581
1431696590471 lifecam20 37599 -2083.92675781 -455.379821777 9200.92285156 2.79201340675 -1.90089952946 -0.759494006634
1431696590543 lifecam20 37599 -2089.70019531 -457.103912354 9227.77929688 -2.31251120567 1.81070005894 -1.1149507761
1431696590610 lifecam20 37599 -2086.51391602 -456.122894287 9213.4296875 -2.30937719345 1.80463016033 -1.12269604206
1431696590669 lifecam20 37599 -2089.69775391 -457.015380859 9226.72265625 2.30959892273 -1.8216278553 1.13443148136
1431696590740 lifecam20 37599 -2091.16259766 -457.565795898 9234.37695312 -2.31447839737 1.81393373013 -1.11643922329
1431696590813 lifecam20 37599 -2086.76196289 -456.608032227 9214.96679688 -2.30917811394 1.80487501621 -1.11675703526
1431696590868 lifecam20 37599 -2089.37182617 -456.884216309 9226.17773438 -2.31261730194 1.81039047241 -1.12080085278
