1433512239360 lifecam20 1679.12341309 4427.6484375 5.96099901199
1433512243911 lifecam19 2684.06591797 2070.22094727 0.012823048979
1433512243985 lifecam19 2710.87548828 2075.03271484 6.27085018158
1433512244049 lifecam19 2703.97167969 2076.05419922 0.000492159510031
1433512244115 lifecam19 2707.99389648 2074.79760742 6.27231359482
1433512244185 lifecam19 2707.83789062 2073.8515625 6.26383543015
1433512244236 lifecam19 2697.79516602 2073.87060547 6.26400470734
1433512244302 lifecam19 2679.71972656 2073.76245117 6.26304101944
1433512244376 lifecam19 2658.27587891 2073.52294922 6.26228046417
1433512244442 lifecam19 2635.27392578 2073.60107422 6.26303672791
1433512244501 lifecam19 2617.08569336 2073.23510742 6.25973320007
1433512244574 lifecam19 2596.78344727 2072.08618164 6.25241851807
1433512244637 lifecam19 2576.18261719 2071.26147461 6.24536895752
1433512244702 lifecam19 2555.41210938 2072.06176758 6.25232124329
1433512244778 lifecam19 2534.60791016 2072.42944336 6.25411605835
1433512244845 lifecam19 2514.3840332 2071.89208984 6.24935770035
1433512244901 lifecam19 2495.09936523 2071.11254883 6.24250459671
1433512244968 lifecam19 2476.64086914 2070.29760742 6.23264694214
1433512245043 lifecam19 2457.31860352 2068.99609375 6.21425104141
1433512245100 lifecam19 2437.76708984 2068.21533203 6.19610691071
1433512245174 lifecam19 2416.87451172 2069.68701172 6.19649600983
1433512245246 lifecam19 2396.36450195 2070.57885742 6.19635725021
1433512245313 lifecam19 2377.80786133 2070.14282227 6.18492174149
1433512245368 lifecam19 2357.41308594 2072.54443359 6.18375444412
1433512245444 lifecam19 2336.62255859 2073.37207031 6.1789932251
1433512245512 lifecam19 2317.79199219 2074.50366211 6.17856550217
1433512245568 lifecam19 2298.79443359 2074.39111328 6.16584634781
1433512245634 lifecam19 2278.67260742 2075.07202148 6.15293550491
1433512245712 lifecam19 2257.46142578 2077.63842773 6.160197258
1433512245775 lifecam19 2238.09790039 2079.02075195 6.14602327347
1433512245843 lifecam19 2218.03833008 2081.07202148 6.14630222321
1433512245905 lifecam19 2198.22949219 2081.71411133 6.13645124435
1433512245972 lifecam19 2178.99414062 2083.80932617 6.12848377228
1433512246037 lifecam19 2158.71948242 2085.99145508 6.12831306458
1433512246112 lifecam19 2139.96850586 2087.25048828 6.11815834045
1433512246180 lifecam19 2119.71826172 2089.13598633 6.10921764374
1433512246238 lifecam19 2098.5690918 2091.90112305 6.10685396194
1433512246313 lifecam19 2078.25146484 2094.67163086 6.10189819336
1433512246383 lifecam19 2059.38452148 2097.00927734 6.09234237671
1433512246438 lifecam19 2039.55859375 2100.234375 6.09341335297
1433512246513 lifecam19 2019.33911133 2103.15039062 6.08737611771
1433512246587 lifecam19 1999.47473145 2105.67651367 6.08304357529
1433512246635 lifecam19 1981.22827148 2107.91625977 6.07084703445
1433512246705 lifecam19 1961.72607422 2111.54296875 6.06754112244
1433512246779 lifecam19 1941.3807373 2113.49365234 6.05558443069
1433512246848 lifecam19 1921.64550781 2118.49291992 6.05399656296
1433512246904 lifecam19 1902.27001953 2121.93261719 6.04840564728
1433512246960 lifecam20 1897.11694336 2139.10791016 6.05702781677
1433512246980 lifecam19 1887.09301758 2140.66894531 6.05360889435
1433512247028 lifecam20 1878.11071777 2141.69775391 6.04697799683
1433512247052 lifecam19 1869.11010742 2144.140625 6.05058574677
1433512247114 lifecam20 1862.04199219 2145.23974609 6.04731559753
1433512247115 lifecam19 1857.31762695 2145.66894531 6.04222631454
1433512247163 lifecam20 1854.5378418 2145.86010742 6.04007673264
1433512247183 lifecam19 1854.67089844 2145.62695312 6.03654098511
1433512247231 lifecam20 1855.40014648 2146.09667969 6.0385184288
1433512247255 lifecam19 1855.59643555 2145.91113281 6.03820323944
1433512247292 lifecam20 1855.51940918 2145.63916016 6.03567028046
1433512247303 lifecam19 1855.59729004 2145.36230469 6.03338766098
1433512247360 lifecam20 1855.55419922 2145.97460938 6.03783559799
1433512247373 lifecam19 1855.55419922 2145.97460938 6.03783559799
1433512247428 lifecam20 1855.74438477 2145.36474609 6.03368186951
1433512247447 lifecam19 1855.7755127 2145.59204102 6.03486299515
1433512247492 lifecam20 1855.484375 2146.09619141 6.03875541687
1433512247516 lifecam19 1855.45288086 2146.01025391 6.0379357338
1433512247563 lifecam20 1855.74414062 2145.50634766 6.03404331207
1433512247573 lifecam19 1855.74414062 2145.50634766 6.03404331207
1433512247627 lifecam20 1855.74414062 2145.50634766 6.03404331207
1433512247648 lifecam19 1855.77612305 2145.45043945 6.03450059891
1433512247699 lifecam20 1855.5859375 2146.06030273 6.03865432739
1433512247718 lifecam19 1855.59790039 2146.43676758 6.04032611847
1433512247760 lifecam20 1855.59790039 2146.43676758 6.04032611847
1433512247776 lifecam19 1855.61499023 2146.578125 6.04239225388
1433512247830 lifecam20 1855.61499023 2146.578125 6.04239225388
1433512247849 lifecam19 1855.61743164 2146.43603516 6.04202461243
1433512247895 lifecam20 1855.80419922 2146.42871094 6.04229831696
1433512247916 lifecam19 1855.58300781 2147.23242188 6.04677391052
1433512247961 lifecam20 1855.70532227 2146.88964844 6.0448589325
1433512248028 lifecam20 1855.09191895 2148.8684082 6.05501127243
1433512248095 lifecam20 1850.5567627 2165.55029297 6.06970596313
1433512248116 lifecam19 1844.66638184 2153.28662109 6.08348464966
1433512248159 lifecam20 1838.21887207 2142.68212891 6.0362238884
1433512248227 lifecam20 1824.43884277 2132.94506836 6.00277137756
1433512248240 lifecam19 1795.10205078 2118.18676758 5.91961526871
1433512248295 lifecam20 1773.82714844 2097.25512695 5.81571817398
