1431696182380 lifecam19 37599 -372.053527832 2003.99328613 8820.54980469 1.65528297424 -2.18114256859 1.13069093227
1431696182450 lifecam19 37599 -368.91784668 1990.07397461 8756.16992188 1.66245007515 -2.17309141159 1.16897785664
1431696182521 lifecam19 37599 -371.537567139 2002.84020996 8814.15722656 1.66296780109 -2.15428924561 1.11718869209
1431696182585 lifecam19 37599 -375.428649902 2024.41760254 8908.125 1.67325901985 -2.19445133209 1.10968387127
1431696182654 lifecam19 37599 -374.221588135 2017.58728027 8881.01757812 1.67128574848 -2.17743635178 1.09783267975
1431696182721 lifecam19 37599 -374.259429932 2017.4621582 8879.74804688 1.67066574097 -2.16823935509 1.09305536747
1431696182786 lifecam19 37599 -372.525817871 2004.82055664 8826.61425781 1.65559923649 -2.18321442604 1.12833225727
1431696182852 lifecam19 37599 -373.794067383 2013.73510742 8860.69433594 -1.84302949905 2.49006462097 0.561986386776
1431696182920 lifecam19 37599 -372.712524414 2008.55957031 8838.5078125 1.66325628757 -2.16739964485 1.10040807724
1431696182988 lifecam19 37599 -373.498687744 2013.78527832 8860.17089844 -1.8338637352 2.49166250229 0.55257242918
1431696183047 lifecam19 37599 -373.007904053 2010.71276855 8846.27636719 1.84140563011 -2.48598670959 -0.553090333939
1431696183118 lifecam19 37599 -374.228302002 2017.39916992 8877.92675781 -1.89113116264 2.44517254829 -1.24156141281
1431696183188 lifecam19 37599 -372.781219482 2010.3449707 8847.18652344 -1.88903093338 2.45070791245 -1.26608729362
1431696183253 lifecam19 37599 -371.674072266 2001.8170166 8806.58203125 1.80850553513 -2.47505092621 -0.584709703922
1431696183321 lifecam19 37599 -373.443450928 2013.96362305 8860.453125 -1.89419567585 2.44673609734 -1.248057127
1431696183389 lifecam19 37599 -374.418945312 2015.59020996 8869.32324219 1.82880175114 -2.48134040833 -0.546234965324
1431696183453 lifecam19 37599 -374.120178223 2017.48974609 8879.34082031 1.67490041256 -2.19060349464 1.09601187706
1431696183521 lifecam19 37599 -372.518676758 2008.92626953 8839.640625 -1.88564491272 2.44098854065 -1.26370513439
1431696183589 lifecam19 37599 -374.261138916 2014.97973633 8865.63183594 1.80877375603 -2.48394274712 -0.562111377716
1431696183656 lifecam19 37599 -373.93762207 2014.96533203 8867.11132812 -1.83482539654 2.49852061272 0.544907212257
1431696183716 lifecam19 37599 -377.288208008 2030.92041016 8934.62695312 1.83193051815 -2.48607516289 -0.514335095882
1431696183786 lifecam19 37599 -372.923675537 2011.2142334 8851.44238281 1.67311298847 -2.18664884567 1.10767686367
1431696183856 lifecam19 37599 -374.399902344 2016.34960938 8871.4375 1.83258235455 -2.47964859009 -0.545351564884
1431696193727 lifecam20 37599 -1935.61975098 -2589.9128418 10053.7373047 -2.5914106369 2.02222204208 -0.108581334352
1431696193738 lifecam19 37599 -377.687530518 2514.57739258 10228.1660156 1.92871749401 -2.21121549606 0.293916940689
1431696193786 lifecam20 37599 -1915.83496094 -2634.4753418 9979.02734375 -1.97695362568 1.66860616207 -0.317778885365
1431696193804 lifecam19 37599 -349.959503174 2124.9465332 9030.75585938 -1.93158841133 2.30807495117 -0.819912493229
1431696193871 lifecam19 37599 -378.552215576 2026.0723877 8949.63769531 -1.89123523235 2.47047662735 -1.18652749062
1431696193939 lifecam19 37599 -372.635253906 2028.38195801 8895.96484375 -1.85883688927 2.48083376884 0.50510174036
1431696194003 lifecam19 37599 -371.715789795 2018.78686523 8866.94628906 1.68777740002 -2.1751229763 1.09294199944
1431696194064 lifecam19 37599 -371.473693848 2016.88830566 8860.53710938 -1.90764558315 2.45473074913 -1.23238360882
1431696194140 lifecam19 37599 -373.231781006 2023.12890625 8886.60644531 -1.89607334137 2.45649242401 -1.21498346329
1431696194207 lifecam19 37599 -373.931243896 2054.40478516 8971.79589844 -1.92345654964 2.45155334473 -1.17189645767
1431696194264 lifecam19 37599 -354.122589111 2043.91271973 8762.33105469 -1.86503744125 2.47732901573 0.564240396023
1431696194337 lifecam19 37599 -342.147796631 2116.56420898 8838.40722656 -1.87584257126 2.49829554558 0.530330777168
1431696194408 lifecam19 37599 -324.363525391 2173.91821289 8829.04101562 -1.92087030411 2.41978192329 -1.21652007103
1431696194470 lifecam19 37599 -310.781433105 2215.72412109 8800.15820312 -1.93578243256 2.42405748367 -1.22156691551
1431696194539 lifecam19 37599 -294.157043457 2251.26879883 8726.56445312 -1.90082645416 2.50322794914 0.529059350491
1431696194607 lifecam19 37599 -281.504608154 2324.08886719 8788.484375 -1.93068599701 2.5413005352 0.463378429413
1431696194670 lifecam19 37599 -265.591278076 2358.95214844 8719.48632812 1.7354426384 -2.13129234314 1.08863282204
1431696194732 lifecam19 37599 -253.122497559 2411.96191406 8712.51269531 1.8280415535 -2.40399909019 -0.431648343801
1431696194808 lifecam19 37599 -238.874053955 2446.00195312 8640.63867188 -1.94449961185 2.54356527328 0.470417797565
1431696194874 lifecam19 37599 -226.082092285 2514.93798828 8695.58496094 1.84307146072 -2.38045120239 -0.420161575079
1431696194932 lifecam19 37599 -210.798904419 2546.2746582 8620.0078125 1.75304579735 -2.12104773521 1.0983145237
1431696195006 lifecam19 37599 -198.269210815 2596.03808594 8604.20507812 -1.98215675354 2.57538986206 0.442961573601
1431696195075 lifecam19 37599 -187.910430908 2664.4152832 8650.21679688 -1.99381482601 2.58335351944 0.403742164373
1431696195133 lifecam19 37599 -171.923309326 2666.55908203 8480.67871094 -2.00000953674 2.33327794075 -1.26126039028
1431696195204 lifecam19 37599 -162.3956604 2754.76611328 8582.35742188 1.81791305542 -2.33851718903 -0.369900107384
1431696195273 lifecam19 37599 -149.004943848 2770.74536133 8460.40625 -2.01379489899 2.35124468803 -1.24874866009
1431696195339 lifecam19 37599 -138.836013794 2840.44848633 8498.47558594 1.79594027996 -2.09067249298 1.06759858131
1431696195400 lifecam19 37599 -127.261054993 2874.77978516 8435.14550781 1.80661332607 -2.3085873127 -0.338629215956
1431696195476 lifecam19 37599 -117.379981995 2926.81787109 8443.41601562 1.91543543339 -2.35167336464 -0.503325462341
1431696196531 lifecam20 37599 -1997.94775391 -939.919677734 9463.19140625 2.74162864685 -1.98078799248 -0.908980667591
1431696196603 lifecam20 37599 -2020.68640137 -896.132568359 9522.43847656 2.77115750313 -1.97969412804 -0.8491101861
1431696196657 lifecam20 37599 -1997.77368164 -834.364501953 9369.85546875 -2.20425796509 1.58649849892 0.736174762249
1431696196857 lifecam20 37599 -2028.04846191 -682.302307129 9349.52050781 2.75839948654 -1.94563901424 -0.814789772034
1431696196927 lifecam20 37599 -2024.59851074 -628.399230957 9281.3203125 -2.26221251488 1.83670544624 -1.13533270359
1431696197003 lifecam20 37599 -2030.71691895 -575.505126953 9250.30957031 2.74330091476 -1.92992937565 -0.824895679951
1431696197056 lifecam20 37599 -2052.5546875 -527.274719238 9289.78027344 2.73625969887 -1.93832743168 -0.782829046249
1431696197127 lifecam20 37599 -2062.42773438 -480.172271729 9276.75292969 -2.27403283119 1.5885412693 0.614948511124
1431696197200 lifecam20 37599 -2080.24658203 -462.225189209 9328.93164062 2.77136588097 -1.93395614624 -0.74446862936
1431696197270 lifecam20 37599 -2050.20214844 -452.108612061 9193.02246094 -2.2847840786 1.59284806252 0.662812054157
1431696197326 lifecam20 37599 -2069.92407227 -457.032012939 9282.04589844 -2.27974629402 1.82344651222 -1.12255334854
1431696197402 lifecam20 37599 -2085.53735352 -459.526062012 9350.68066406 2.297747612 -1.84211242199 1.0760807991
1431696197468 lifecam20 37599 -2081.19580078 -459.160308838 9333.06640625 -2.26729226112 1.82164299488 -1.10147988796
1431696197594 lifecam20 37599 -2078.43066406 -458.116668701 9318.19824219 2.30075669289 -1.8350507021 1.08183443546
1431696197669 lifecam20 37599 -2080.67138672 -458.794525146 9328.99804688 -2.28080487251 1.8362569809 -1.10252332687
1431696197725 lifecam20 37599 -2061.65820312 -454.600189209 9243.62304688 2.30008101463 -1.82296943665 1.13228309155
1431696197796 lifecam20 37599 -2070.2421875 -456.364044189 9281.74707031 -2.25679636002 1.58844220638 0.628397941589
1431696197870 lifecam20 37599 -2078.36181641 -458.245666504 9319.26269531 -2.2852871418 1.83685612679 -1.09088146687
1431696197939 lifecam20 37599 -2069.13110352 -456.389831543 9276.06835938 2.29037499428 -1.83099627495 1.10652184486
1431696197995 lifecam20 37599 -2073.53857422 -457.53125 9297.96875 -2.2827937603 1.8295558691 -1.11430335045
1431696198068 lifecam20 37599 -2101.06933594 -462.254852295 9420.18847656 2.7721517086 -1.98322868347 -0.701324403286
1431696198136 lifecam20 37599 -2080.51513672 -458.572143555 9328.7734375 -2.28792023659 1.84112155437 -1.09130430222
1431696198193 lifecam20 37599 -2074.94042969 -457.791473389 9303.02148438 2.29951429367 -1.8299716711 1.0965256691
1431696198262 lifecam20 37599 -2077.6862793 -457.948760986 9316.10058594 -2.28398656845 1.83515954018 -1.08722305298
1431696198339 lifecam20 37599 -2076.56982422 -457.852813721 9310.01367188 -2.30718231201 1.83795833588 -1.0852971077
1431696198392 lifecam20 37599 -2079.08081055 -458.113433838 9322.01855469 -2.28784108162 1.84005582333 -1.08786547184
1431696198463 lifecam20 37599 -2077.08496094 -457.957122803 9313.90820312 -2.27611851692 1.8343256712 -1.09624326229
1431696198536 lifecam20 37599 -2062.59667969 -454.239624023 9247.26074219 2.31177043915 -1.83390820026 1.11550343037
1431696198593 lifecam20 37599 -2048.84521484 -450.813232422 9184.57128906 2.73307824135 -1.91833460331 -0.777666270733
1431696198662 lifecam20 37599 -2066.18066406 -454.87789917 9261.32519531 -2.24919676781 1.59347712994 0.611047267914
1431696198738 lifecam20 37599 -2050.74584961 -451.090209961 9192.76269531 2.73816275597 -1.9219493866 -0.777043819427
1431696198804 lifecam20 37599 -2051.28369141 -451.401000977 9194.62792969 2.73622322083 -1.91416573524 -0.78829729557
1431696198863 lifecam20 37599 -2048.23193359 -450.450775146 9179.88574219 2.73660969734 -1.91577768326 -0.778606235981
1431696198934 lifecam20 37599 -2064.38183594 -454.008453369 9249.76074219 2.33052515984 -1.83755218983 1.15784370899
