1431696749131 lifecam22 5376 1317.72143555 292.908905029 2219.83227539 -1.42895889282 2.13058567047 -0.942866504192
1431696754939 lifecam19 37599 -332.313598633 2253.92407227 9161.10058594 1.55075550079 -1.85177838802 0.3111782372
1431696755006 lifecam20 37599 -1941.43652344 -2674.96411133 10147.3183594 -1.98552811146 1.65792655945 -0.259737938643
1431696755018 lifecam19 37599 -350.596954346 2148.41772461 9112.51953125 -2.07045054436 2.62790894508 0.233181402087
1431696755082 lifecam19 37599 -373.263336182 2040.27050781 8969.31933594 -1.88594007492 2.4484705925 -1.18582415581
1431696755148 lifecam19 37599 -372.977325439 2034.61303711 8919.41113281 1.83528375626 -2.48064208031 -0.496162444353
1431696755213 lifecam19 37599 -373.538421631 2040.29675293 8944.09570312 1.82981491089 -2.47454619408 -0.505481660366
1431696755278 lifecam19 37599 -372.192993164 2029.41577148 8896.54980469 -1.85409319401 2.47634506226 0.537821352482
1431696755347 lifecam19 37599 -370.6847229 2025.74304199 8878.47949219 -1.85179448128 2.48972058296 0.539296448231
1431696755414 lifecam19 37599 -371.889984131 2041.0324707 8940.31542969 -1.89697682858 2.47674202919 -1.19754731655
1431696755477 lifecam19 37599 -360.675628662 2054.85058594 8871.18847656 -1.88807606697 2.46259188652 -1.21950638294
1431696755545 lifecam19 37599 -347.562927246 2109.2265625 8902.21679688 -1.8580378294 2.52514839172 0.503063797951
1431696755613 lifecam19 37599 -327.012634277 2160.13305664 8859.59765625 1.80927968025 -2.46526145935 -0.493285566568
1431696755682 lifecam19 37599 -310.339813232 2208.70874023 8831.11425781 -1.91477942467 2.44157385826 -1.20264601707
1431696755746 lifecam19 37599 -294.982116699 2240.61010742 8759.29003906 -1.89430367947 2.53234791756 0.508483111858
1431696755815 lifecam19 37599 -279.313537598 2292.47705078 8754.72753906 1.70729148388 -2.13086009026 1.09709107876
1431696755881 lifecam19 37599 -263.062988281 2337.06567383 8716.26757812 -1.89936947823 2.55266952515 0.50403881073
1431696755945 lifecam19 37599 -249.019134521 2399.46289062 8745.79492188 -1.93373787403 2.43080306053 -1.2149066925
1431696756008 lifecam19 37599 -234.559448242 2439.8996582 8691.55175781 1.72294127941 -2.14178395271 1.07937729359
1431696756078 lifecam19 37599 -219.723815918 2479.36206055 8649.53710938 -1.94108760357 2.40340566635 -1.24319517612
1431696756140 lifecam19 37599 -206.659805298 2537.17016602 8660.73730469 -1.96707391739 2.58050227165 0.4320140481
1431696756213 lifecam19 37599 -191.572982788 2576.90478516 8613.11816406 1.73886609077 -2.1066930294 1.11863076687
1431696756281 lifecam19 37599 -178.552261353 2626.79125977 8595.29785156 -1.95875191689 2.36990642548 -1.23343133926
1431696756343 lifecam19 37599 -166.422836304 2683.45849609 8600.23828125 -1.98035609722 2.58938980103 0.419894874096
1431696756416 lifecam19 37599 -151.810470581 2718.12573242 8540.50683594 -1.99013841152 2.36673402786 -1.26067101955
1431696756487 lifecam19 37599 -139.4634552 2761.18774414 8500.43164062 -1.98987531662 2.61036682129 0.431648671627
1431696756550 lifecam19 37599 -128.619064331 2828.45727539 8534.09960938 -1.9956600666 2.37606573105 -1.20253694057
1431696756612 lifecam19 37599 -116.209220886 2861.00878906 8461.84472656 -2.00173783302 2.35860061646 -1.22127664089
1431696756683 lifecam19 37599 -104.044563293 2912.87792969 8453.9375 -2.03285241127 2.35266399384 -1.22651076317
1431696757801 lifecam20 37599 -1964.35217285 -897.208435059 9420.29980469 2.72664475441 -1.98610198498 -0.916541576385
1431696758069 lifecam20 37599 -1995.87414551 -692.569152832 9373.61523438 2.75210618973 -1.94404160976 -0.841542422771
1431696758131 lifecam20 37599 -1996.23583984 -641.206481934 9324.18359375 2.29741120338 -1.86204385757 1.14314687252
1431696758269 lifecam20 37599 -2011.90380859 -536.535644531 9288.01269531 2.29654121399 -1.86094486713 1.14505028725
1431696758328 lifecam20 37599 -2028.11547852 -488.100250244 9301.97949219 2.76991343498 -1.93189120293 -0.773753404617
1431696758407 lifecam20 37599 -2067.09960938 -463.139923096 9443.06542969 2.75340247154 -1.9801940918 -0.709739744663
1431696758474 lifecam20 37599 -2052.83691406 -448.518157959 9366.31542969 2.76609754562 -1.95749700069 -0.742132425308
1431696758529 lifecam20 37599 -2041.08337402 -442.734832764 9309.3046875 2.76682877541 -1.95031774044 -0.735499441624
1431696758602 lifecam20 37599 -2041.70031738 -443.657897949 9312.08496094 2.76618432999 -1.93830919266 -0.747975230217
1431696758669 lifecam20 37599 -2050.17822266 -446.406677246 9351.51269531 2.76499438286 -1.95758402348 -0.713011801243
1431696758743 lifecam20 37599 -2049.29956055 -445.746673584 9347.93457031 2.76164698601 -1.94813883305 -0.728044509888
1431696758798 lifecam20 37599 -2043.22692871 -444.024810791 9317.29492188 2.76737761497 -1.94623863697 -0.742451548576
1431696758867 lifecam20 37599 -2052.32104492 -446.580505371 9361.015625 2.77034568787 -1.96085369587 -0.718514204025
1431696758994 lifecam20 37599 -2052.55859375 -446.575592041 9362.29492188 2.77423405647 -1.96590662003 -0.726804733276
1431696759068 lifecam20 37599 -2043.76867676 -444.712921143 9322.74414062 2.76297521591 -1.95676255226 -0.722907185555
1431696759195 lifecam20 37599 -2045.65673828 -445.048400879 9330.53808594 -2.23358392715 1.58892393112 0.611787557602
1431696759265 lifecam20 37599 -2048.88012695 -445.659332275 9345.14550781 2.77009081841 -1.95281338692 -0.73468875885
1431696759342 lifecam20 37599 -2042.88439941 -444.328674316 9318.53222656 2.76864933968 -1.95299077034 -0.743092417717
1431696759407 lifecam20 37599 -2053.17797852 -446.923095703 9365.22363281 2.77191829681 -1.96358907223 -0.70783495903
1431696759467 lifecam20 37599 -2055.92773438 -447.481292725 9377.83203125 2.77455592155 -1.97403752804 -0.710515320301
1431696759536 lifecam20 37599 -2049.75024414 -446.003448486 9349.40820312 2.77162003517 -1.95549058914 -0.724276542664
1431696759662 lifecam20 37599 -2053.06738281 -446.900115967 9364.57128906 2.76884269714 -1.96310961246 -0.71025788784
1431696759736 lifecam20 37599 -2052.32104492 -446.580505371 9361.015625 2.77034568787 -1.96085369587 -0.718514204025
1431696759804 lifecam20 37599 -2055.24804688 -447.743591309 9375.94140625 2.28196644783 -1.84258830547 1.06674230099
1431696759864 lifecam20 37599 -2049.953125 -445.727478027 9350.76464844 2.76412129402 -1.94878363609 -0.732169032097
1431696759936 lifecam20 37599 -2051.73974609 -446.259063721 9358.91992188 2.76444840431 -1.95188057423 -0.734592139721
1431696760011 lifecam20 37599 -2046.4420166 -445.273529053 9335.07910156 2.7719578743 -1.96145665646 -0.724694728851
1431696760067 lifecam20 37599 -2046.45739746 -444.807830811 9334.65039062 2.7638463974 -1.94087362289 -0.747992157936
1431696760131 lifecam20 37599 -2048.88012695 -445.659332275 9345.14550781 2.77009081841 -1.95281338692 -0.73468875885
1431696760205 lifecam20 37599 -2056.11108398 -447.539398193 9379.3359375 2.76615715027 -1.96259534359 -0.707643508911
1431696760283 lifecam20 37599 -2048.26782227 -446.231536865 9344.96875 2.28333187103 -1.84797084332 1.06730687618
1431696760333 lifecam20 37599 -2047.08166504 -445.571014404 9337.99609375 2.76734089851 -1.96324777603 -0.718928039074
1431696760472 lifecam20 37599 -2047.08166504 -445.571014404 9337.99609375 2.76734089851 -1.96324777603 -0.718928039074
1431696760534 lifecam20 37599 -2045.57397461 -444.804595947 9329.92285156 2.76583218575 -1.94643342495 -0.738515555859
1431696760607 lifecam20 37599 -2047.08166504 -445.571014404 9337.99609375 2.76734089851 -1.96324777603 -0.718928039074
1431696760680 lifecam20 37599 -2043.62390137 -444.645812988 9322.05371094 2.767162323 -1.95523011684 -0.73510569334
1431696760730 lifecam20 37599 -2065.36083984 -449.657684326 9425.96386719 2.28934335709 -1.84643352032 1.04005408287
1431696760799 lifecam20 37599 -2022.29138184 -425.511505127 9269.95605469 -2.39574503899 1.57795286179 0.493008047342
1431696760872 lifecam20 37599 -1985.81542969 -377.857818604 9087.81640625 2.80123853683 -1.83969652653 0.805963695049
1431696760950 lifecam20 37599 -2049.03491211 -309.399810791 9209.85546875 -2.24646806717 1.4598852396 -0.0908289179206
