1431696452072 lifecam19 37599 -370.265411377 2054.18359375 8948.85058594 -1.94358682632 2.46795368195 -1.15443956852
1431696452145 lifecam19 37599 -356.593170166 2071.33422852 8855.14648438 1.87323665619 -2.43635964394 -0.510339438915
1431696452201 lifecam19 37599 -342.486022949 2119.27197266 8847.58886719 -1.88686597347 2.47795605659 0.508044064045
1431696452270 lifecam19 37599 -327.560333252 2188.22607422 8874.34472656 -1.92584598064 2.41586065292 -1.18723165989
1431696452344 lifecam19 37599 -314.044372559 2230.35473633 8832.15234375 -1.91954004765 2.50551724434 0.492947548628
1431696452407 lifecam19 37599 -297.317138672 2254.17504883 8723.47949219 1.73692011833 -2.11180663109 1.10484576225
1431696452471 lifecam19 37599 -283.132476807 2298.5715332 8677.73730469 -1.93369734287 2.50592851639 0.521588623524
1431696452539 lifecam19 37599 -271.935577393 2362.03710938 8715.96875 -1.98455643654 2.38190793991 -1.22017669678
1431696452600 lifecam19 37599 -261.939788818 2425.53881836 8747.46484375 1.76722729206 -2.12349748611 1.06266665459
1431696452664 lifecam19 37599 -246.564224243 2444.48754883 8615.26464844 1.86062502861 -2.37718939781 -0.444430351257
1431696452735 lifecam19 37599 -236.743103027 2515.03710938 8674.98632812 1.85242509842 -2.36107110977 -0.409783244133
1431696452801 lifecam19 37599 -223.133834839 2548.56835938 8607.41894531 1.85043680668 -2.35820698738 -0.413571119308
1431696452869 lifecam19 37599 -212.040023804 2597.40991211 8586.06152344 1.7656263113 -2.09700584412 1.08259129524
1431696452933 lifecam19 37599 -202.522567749 2658.17431641 8607.60839844 -2.01130008698 2.53710579872 0.39344137907
1431696453008 lifecam19 37599 -189.810302734 2683.32714844 8514.59570312 -2.01765155792 2.55218744278 0.46648940444
1431696453065 lifecam19 37599 -178.119888306 2732.31811523 8486.98535156 -2.0284781456 2.32303333282 -1.27784132957
1431696453140 lifecam19 37599 -169.283477783 2793.37792969 8503.60253906 -2.04328966141 2.58900856972 0.390072703362
1431696453212 lifecam19 37599 -159.190567017 2824.1809082 8427.26367188 1.81873559952 -2.03670239449 1.08538353443
1431696453270 lifecam19 37599 -150.6381073 2880.41137695 8427.41308594 1.82410264015 -2.28896045685 -0.338644742966
1431696454657 lifecam20 37599 -2065.19091797 -739.267272949 9305.19628906 2.80331420898 -1.92570006847 -0.838860809803
1431696454726 lifecam20 37599 -2072.41333008 -688.853759766 9279.84765625 2.80180096626 -1.90564239025 -0.829684972763
1431696454857 lifecam20 37599 -2081.38012695 -584.51776123 9196.09472656 2.79006695747 -1.89342677593 -0.818068146706
1431696454927 lifecam20 37599 -2106.38110352 -536.848266602 9236.42578125 2.79351663589 -1.89802622795 -0.773451924324
1431696455000 lifecam20 37599 -2117.68945312 -490.04473877 9222.3359375 2.81813287735 -1.89538395405 -0.735783398151
1431696455058 lifecam20 37599 -2118.93261719 -467.504516602 9199.36523438 -2.32672452927 1.80256068707 -1.12201678753
1431696455136 lifecam20 37599 -2133.45874023 -461.871917725 9249.31347656 2.79311537743 -1.88611102104 -0.73685324192
1431696455205 lifecam20 37599 -2137.76391602 -464.041320801 9271.03027344 2.83225178719 -1.90707659721 -0.714375436306
1431696455273 lifecam20 37599 -2137.56616211 -462.965026855 9266.92773438 2.32666707039 -1.805087924 1.12725532055
1431696455331 lifecam20 37599 -2134.91625977 -463.143981934 9258.35644531 2.82967472076 -1.90038859844 -0.72299271822
1431696455392 lifecam20 37599 -2131.94750977 -462.989105225 9245.71679688 2.32118940353 -1.79795944691 1.13151979446
1431696455469 lifecam20 37599 -2131.76464844 -462.017578125 9244.34765625 2.81750893593 -1.89622378349 -0.717780351639
1431696455527 lifecam20 37599 -2131.74780273 -462.493591309 9244.54492188 2.33041191101 -1.80827093124 1.12474882603
1431696455598 lifecam20 37599 -2144.91967773 -465.521057129 9300.45996094 2.33202385902 -1.81423127651 1.11190485954
1431696455674 lifecam20 37599 -2136.10888672 -463.304748535 9262.42675781 2.33192896843 -1.80099999905 1.12514436245
1431696455728 lifecam20 37599 -2135.62084961 -462.906677246 9260.234375 2.82492446899 -1.88891983032 -0.725059211254
1431696455792 lifecam20 37599 -2135.81689453 -463.420776367 9260.75195312 2.33125972748 -1.80069732666 1.14030945301
1431696455865 lifecam20 37599 -2131.62597656 -461.849609375 9243.42382812 2.82339024544 -1.89417695999 -0.721566200256
1431696455930 lifecam20 37599 -2132.19067383 -462.596343994 9245.86132812 2.3325855732 -1.81104207039 1.13436388969
1431696455999 lifecam20 37599 -2129.03027344 -461.891662598 9232.59667969 2.32488059998 -1.7976719141 1.13728404045
1431696456073 lifecam20 37599 -2128.90258789 -461.407440186 9231.93066406 2.81878399849 -1.88871753216 -0.737031459808
1431696456141 lifecam20 37599 -2131.39526367 -462.29776001 9242.00195312 2.79382252693 -1.89442873001 -0.733073592186
1431696456198 lifecam20 37599 -2132.95703125 -462.916625977 9249.94726562 2.33338546753 -1.81191158295 1.11723542213
1431696456261 lifecam20 37599 -2132.92871094 -462.277587891 9249.41113281 2.81835889816 -1.89868545532 -0.714401125908
1431696456335 lifecam20 37599 -2132.78271484 -462.30279541 9247.34375 2.81891465187 -1.89887225628 -0.714994907379
1431696456397 lifecam20 37599 -2108.7175293 -456.496765137 9146.65332031 2.82104349136 -1.89079034328 -0.751876354218
1431696456535 lifecam20 37599 -2085.56347656 -417.45703125 9100.20507812 -2.60654616356 1.55289173126 0.279449164867
1431696456593 lifecam20 37599 -2092.10424805 -354.573120117 8991.56738281 -2.69462823868 1.80572462082 -0.125431612134
