1433512205985 lifecam19 2637.75952148 2036.48657227 6.14341020584
1433512206050 lifecam19 2648.19213867 2048.30102539 6.20263624191
1433512206122 lifecam19 2667.15185547 2049.40429688 6.19701719284
1433512206191 lifecam19 2685.96850586 2066.38549805 6.25876665115
1433512206253 lifecam19 2687.42260742 2066.53344727 6.22769260406
1433512206464 lifecam19 2621.77880859 2064.42041016 6.21150445938
1433512206519 lifecam19 2600.46411133 2066.84716797 6.21954965591
1433512206590 lifecam19 2579.86132812 2066.91015625 6.21664857864
1433512206661 lifecam19 2558.93139648 2067.80639648 6.22279548645
1433512206733 lifecam19 2539.95727539 2066.12963867 6.20456171036
1433512206982 lifecam19 2460.25488281 2069.08789062 6.18808031082
1433512207059 lifecam19 2442.01123047 2068.53808594 6.16795015335
1433512207121 lifecam19 2421.81225586 2069.72729492 6.16172647476
1433512207191 lifecam19 2401.09326172 2070.87402344 6.16211223602
1433512207265 lifecam19 2381.09326172 2072.92407227 6.16264486313
1433512207523 lifecam19 2302.91748047 2077.13769531 6.12452983856
1433512207594 lifecam19 2281.13208008 2081.51879883 6.14030885696
1433512207656 lifecam19 2261.67626953 2083.54199219 6.1311917305
1433512207724 lifecam19 2241.22631836 2086.10400391 6.12938213348
1433512207790 lifecam19 2222.97802734 2085.31713867 6.10790491104
1433512207933 lifecam19 2182.87719727 2090.77758789 6.1022901535
1433512207990 lifecam19 2163.68847656 2092.08447266 6.09118890762
1433512208060 lifecam19 2143.84619141 2094.05224609 6.08319091797
1433512208128 lifecam19 2123.08569336 2097.77172852 6.0855140686
1433512208196 lifecam19 2103.62548828 2100.14282227 6.0773692131
1433512208459 lifecam19 2024.08203125 2113.84570312 6.06082582474
1433512208522 lifecam19 2004.57104492 2116.61108398 6.05249643326
1433512208593 lifecam19 1985.01269531 2119.18017578 6.04408025742
1433512208662 lifecam19 1966.0760498 2122.44555664 6.03877067566
1433512208729 lifecam19 1946.82250977 2125.7175293 6.02841234207
1433512208984 lifecam19 1871.62646484 2141.77514648 6.01322031021
