1433512577355 lifecam19 2636.54711914 2036.6484375 6.14938879013
1433512577424 lifecam19 2661.38769531 2048.78149414 6.18391942978
1433512577500 lifecam19 2681.90527344 2071.30395508 6.28053951263
1433512577561 lifecam19 2700.46533203 2078.08691406 0.00479180039838
1433512577623 lifecam19 2696.00537109 2076.61791992 0.00563186779618
1433512577699 lifecam19 2687.76293945 2075.16308594 6.27560710907
1433512577763 lifecam19 2668.97216797 2076.05419922 0.000491921091452
1433512577824 lifecam19 2648.73388672 2074.3684082 6.26846122742
1433512577893 lifecam19 2625.32299805 2074.79736328 6.27231407166
1433512577959 lifecam19 2606.79516602 2073.87060547 6.26400327682
1433512578026 lifecam19 2586.94799805 2073.06201172 6.25488758087
1433512578098 lifecam19 2569.25341797 2071.68188477 6.2272977829
1433512578162 lifecam19 2549.77294922 2072.0222168 6.22338676453
1433512578227 lifecam19 2529.16699219 2072.44506836 6.22322940826
1433512578294 lifecam19 2508.79956055 2072.30419922 6.21730518341
1433512578364 lifecam19 2488.92456055 2073.64086914 6.21998310089
1433512578432 lifecam19 2468.94433594 2074.09228516 6.21652889252
1433512578485 lifecam19 2450.12207031 2073.79150391 6.19592428207
1433512578561 lifecam19 2428.89916992 2076.62670898 6.20568943024
1433512578630 lifecam19 2408.88452148 2077.89257812 6.20163249969
1433512578701 lifecam19 2390.19702148 2077.39892578 6.18159198761
1433512578759 lifecam19 2369.98657227 2078.76855469 6.17722511292
1433512578830 lifecam19 2348.73925781 2081.03662109 6.18383836746
1433512578891 lifecam19 2329.01196289 2082.23803711 6.17980146408
1433512579028 lifecam19 2291.10424805 2083.11083984 6.15194940567
1433512579096 lifecam19 2270.23999023 2086.60375977 6.15895843506
1433512579159 lifecam19 2250.81860352 2088.45092773 6.15076446533
1433512579228 lifecam19 2230.42041016 2090.26489258 6.1454539299
1433512579299 lifecam19 2211.20605469 2092.15649414 6.13802099228
1433512579362 lifecam19 2190.88964844 2094.75952148 6.13788604736
1433512579430 lifecam19 2171.83129883 2095.94042969 6.1233458519
1433512579495 lifecam19 2151.86230469 2098.78613281 6.11945343018
1433512579560 lifecam19 2132.62597656 2099.86450195 6.10824632645
1433512579629 lifecam19 2112.94335938 2102.56469727 6.10282659531
1433512579696 lifecam19 2091.99584961 2106.94775391 6.10824680328
1433512579764 lifecam19 2071.86694336 2109.60986328 6.09959554672
1433512579827 lifecam19 2052.15673828 2112.89379883 6.09307146072
1433512579897 lifecam19 2033.0546875 2115.32226562 6.08496999741
1433512579965 lifecam19 2013.19946289 2118.70776367 6.08184242249
1433512580029 lifecam19 1993.85656738 2121.77246094 6.07186317444
1433512580096 lifecam19 1974.29992676 2125.34667969 6.06646347046
1433512580165 lifecam19 1955.77319336 2127.53271484 6.05517482758
1433512580228 lifecam19 1935.16247559 2132.26171875 6.05590438843
1433512580280 lifecam20 1930.5333252 2149.20214844 6.06473302841
1433512580295 lifecam19 1920.7755127 2151.83154297 6.06489419937
1433512580349 lifecam20 1910.85986328 2154.23193359 6.06202602386
1433512580363 lifecam19 1900.5480957 2156.3371582 6.05905485153
1433512580418 lifecam20 1890.57617188 2158.34570312 6.05774259567
1433512580432 lifecam19 1881.07324219 2160.14306641 6.05272102356
1433512580476 lifecam20 1872.00683594 2161.5480957 6.0467300415
1433512580496 lifecam19 1864.50561523 2162.54980469 6.04177904129
1433512580557 lifecam20 1858.42700195 2163.89501953 6.04209804535
1433512580567 lifecam19 1854.55932617 2164.81689453 6.0415263176
1433512580619 lifecam20 1852.64880371 2164.96484375 6.03607702255
1433512580632 lifecam19 1851.60681152 2165.86669922 6.0403881073
1433512580677 lifecam20 1851.39550781 2166.046875 6.0427031517
1433512580694 lifecam19 1852.16162109 2165.39990234 6.03791570663
1433512580749 lifecam20 1852.41027832 2165.26000977 6.03536319733
1433512580763 lifecam19 1852.22607422 2165.19677734 6.03592967987
1433512580816 lifecam20 1852.27697754 2165.24536133 6.03646707535
1433512580830 lifecam19 1852.23413086 2165.4440918 6.03734397888
1433512580877 lifecam20 1852.18322754 2165.39550781 6.03680706024
1433512580894 lifecam19 1852.18322754 2165.39550781 6.03680706024
1433512580949 lifecam20 1852.41918945 2165.24780273 6.03520917892
1433512580962 lifecam19 1852.50610352 2165.21142578 6.03432846069
1433512581017 lifecam20 1852.2701416 2165.359375 6.03592681885
1433512581032 lifecam19 1851.84033203 2165.70141602 6.03875780106
1433512581076 lifecam20 1851.74023438 2165.85986328 6.04091072083
1433512581097 lifecam19 1852.12597656 2165.35546875 6.03808307648
1433512581148 lifecam20 1852.31176758 2165.15966797 6.03594970703
1433512581163 lifecam19 1852.08483887 2165.40600586 6.03762769699
1433512581218 lifecam20 1852.00891113 2165.71289062 6.03904247284
1433512581233 lifecam19 1851.96594238 2165.91162109 6.03991889954
1433512581286 lifecam20 1852.00708008 2165.69042969 6.039021492
1433512581300 lifecam19 1852.36352539 2165.20898438 6.0355887413
1433512581346 lifecam20 1852.36352539 2165.20898438 6.0355887413
1433512581363 lifecam19 1852.23413086 2165.4440918 6.03734397888
1433512581415 lifecam20 1852.23413086 2165.4440918 6.03734397888
1433512581428 lifecam19 1852.32763672 2165.68676758 6.03895807266
1433512581488 lifecam20 1852.46679688 2165.6875 6.03848171234
1433512581501 lifecam19 1852.60046387 2165.30932617 6.03542375565
1433512581545 lifecam20 1852.26647949 2166.00585938 6.04009914398
1433512581565 lifecam19 1852.09155273 2166.31958008 6.04276227951
1433512581620 lifecam20 1852.33984375 2166.04589844 6.03986692429
1433512581690 lifecam20 1852.38110352 2165.59716797 6.03677988052
1433512581703 lifecam19 1850.15551758 2165.51635742 6.02621984482
1433512581747 lifecam20 1844.87841797 2166.76098633 6.03286361694
1433512581815 lifecam20 1830.97167969 2156.55786133 5.99109458923
