1431696681879 lifecam20 37599 -1919.38415527 -2687.79516602 9996.49121094 2.52515244484 -2.29252004623 0.651416957378
1431696681883 lifecam22 5376 3383.42749023 -785.686279297 6516.67871094 2.10650491714 -2.59706020355 -2.04986453056
1431696681890 lifecam19 37599 -355.054199219 2093.859375 8979.80957031 -1.95465266705 2.31388258934 -0.935373306274
1431696681960 lifecam19 37599 -372.341827393 2038.99121094 8935.39453125 -1.91330194473 2.43158531189 -1.22030711174
1431696682034 lifecam19 37599 -373.556671143 2034.34460449 8914.29199219 -1.92520165443 2.45098185539 -1.21033942699
1431696682095 lifecam19 37599 -372.152130127 2029.46032715 8895.33984375 1.84894812107 -2.47173714638 -0.512517571449
1431696682159 lifecam19 37599 -373.060394287 2034.77770996 8919.32421875 -1.86212348938 2.48865032196 0.499501109123
1431696682234 lifecam19 37599 -370.136535645 2053.44042969 8934.22949219 1.87316596508 -2.4543941021 -0.500157117844
1431696682297 lifecam19 37599 -356.068634033 2073.71240234 8843.07324219 -1.9081414938 2.47040534019 0.524366915226
1431696682368 lifecam19 37599 -340.084075928 2114.609375 8792.82910156 1.88786435127 -2.40901899338 -0.536949813366
1431696682434 lifecam19 37599 -327.349334717 2197.8449707 8877.45703125 -1.97616386414 2.41162896156 -1.19158673286
1431696682502 lifecam19 37599 -315.263183594 2245.04663086 8871.05664062 -1.98257911205 2.41425204277 -1.1951789856
1431696682566 lifecam19 37599 -301.52722168 2285.88134766 8823.59179688 -1.98312830925 2.3897562027 -1.20713424683
1431696682633 lifecam19 37599 -286.334686279 2326.05224609 8758.60546875 -1.98252439499 2.38492083549 -1.21796786785
1431696682701 lifecam19 37599 -275.387573242 2384.05712891 8765.94921875 -1.95518171787 2.51382851601 0.458806753159
1431696682763 lifecam19 37599 -260.400634766 2414.62695312 8676.73339844 1.77014815807 -2.08617711067 1.09856247902
1431696682827 lifecam19 37599 -261.48425293 2578.02416992 9062.99902344 1.80668509007 -2.3121714592 -0.307151764631
1431696682903 lifecam19 37599 -239.074081421 2527.14941406 8694.55566406 -2.03014612198 2.36152839661 -1.24111497402
1431696682960 lifecam19 37599 -226.85383606 2573.0715332 8658.88671875 -2.01923775673 2.5312359333 0.421426385641
1431696683015 lifecam20 39552 404.255126953 291.762207031 2759.34716797 1.34955894947 -0.742706298828 -0.878352344036
1431696683027 lifecam19 37599 -214.773284912 2613.61938477 8617.36425781 -2.03350925446 2.34033322334 -1.24373579025
1431696683095 lifecam19 37599 -204.18913269 2657.09472656 8581.13671875 1.78977799416 -2.04679894447 1.08358573914
1431696683171 lifecam19 37599 -193.805847168 2713.2277832 8580.14941406 1.86396205425 -2.31688117981 -0.36467602849
1431696683234 lifecam19 37599 -182.733734131 2754.01538086 8533.38769531 -2.05417823792 2.32516670227 -1.22202324867
1431696683302 lifecam19 37599 -172.878555298 2795.42407227 8482.69433594 1.8601320982 -2.29447984695 -0.377403408289
1431696683360 lifecam22 5376 3345.16796875 -777.442321777 6442.77099609 -1.25705659389 1.55370032787 1.22218191624
1431696683369 lifecam19 37599 -164.335784912 2857.50683594 8503.61328125 -2.05633163452 2.31404733658 -1.21089804173
1431696683424 lifecam19 37599 -154.847412109 2903.99658203 8475.35546875 1.83026587963 -2.04258966446 1.06532549858
1431696683554 lifecam22 5376 3357.39013672 -780.197998047 6466.26904297 2.10025310516 -2.61189079285 -2.05130147934
1431696683635 lifecam22 5376 3368.11303711 -782.21295166 6487.41943359 2.10012292862 -2.60452628136 -2.05379867554
1431696684354 lifecam22 5376 3363.50488281 -781.448486328 6478.11669922 2.10710334778 -2.60484075546 -2.05342459679
1431696684555 lifecam22 5376 3340.27416992 -776.044677734 6434.29296875 2.12961935997 -2.60821342468 -2.04358410835
1431696684691 lifecam22 5376 3392.35302734 -787.791625977 6534.00732422 2.09693336487 -2.6002175808 -2.05247354507
1431696685018 lifecam20 37599 -2115.04296875 -586.018127441 9271.74707031 2.81924295425 -1.87773442268 -0.785998284817
1431696685088 lifecam20 37599 -2116.03662109 -532.832275391 9208.60351562 2.83940815926 -1.86361443996 -0.761595249176
1431696685148 lifecam20 37599 -2127.06347656 -488.573974609 9194.34375 -2.2825422287 1.51340103149 0.605918169022
1431696685286 lifecam20 37599 -2155.49365234 -467.9425354 9281.73535156 2.33899593353 -1.7704770565 1.10956025124
1431696685357 lifecam20 37599 -2151.12426758 -469.14453125 9263.22167969 -2.34544563293 1.79285311699 -1.11492061615
1431696685425 lifecam20 37599 -2129.77978516 -463.440826416 9169.20996094 2.33554553986 -1.76381874084 1.12792766094
1431696685488 lifecam20 37599 -2135.68505859 -464.686004639 9195.27636719 2.34556388855 -1.76878106594 1.11385774612
1431696685555 lifecam20 37599 -2130.42919922 -464.145446777 9172.66210938 2.32957863808 -1.76010644436 1.13235139847
1431696685616 lifecam20 37599 -2138.21313477 -465.519866943 9206.49316406 2.33944702148 -1.76300859451 1.11235761642
1431696685692 lifecam20 37599 -2135.54443359 -464.50894165 9193.79882812 -2.3463435173 1.7513756752 -1.13961315155
1431696685762 lifecam20 37599 -2160.19848633 -470.636047363 9301.33105469 2.31753396988 -1.75667953491 1.06933200359
1431696685816 lifecam20 37599 -2157.53979492 -470.235198975 9289.22265625 2.31212568283 -1.76709139347 1.05761945248
1431696685887 lifecam20 37599 -2150.67651367 -468.221130371 9258.796875 2.33332085609 -1.76878333092 1.0781018734
1431696685958 lifecam20 37599 -2135.11010742 -464.711608887 9193.00488281 2.34402036667 -1.76274502277 1.11901307106
1431696686017 lifecam20 37599 -2148.58300781 -468.350769043 9250.58984375 -2.36657238007 1.80118691921 -1.10812199116
1431696686087 lifecam20 37599 -2142.71362305 -466.367401123 9224.96386719 2.34255766869 -1.75706803799 1.11623895168
1431696686157 lifecam20 37599 -2150.82006836 -468.546325684 9259.85449219 -2.36957502365 1.80669665337 -1.10221648216
1431696686226 lifecam20 37599 -2147.96289062 -468.362670898 9248.09863281 -2.36540317535 1.79922938347 -1.10435247421
1431696686291 lifecam20 37599 -2129.66381836 -464.124786377 9169.54296875 2.33318901062 -1.76184880733 1.13124811649
1431696686360 lifecam20 37599 -2135.5456543 -464.842010498 9193.43847656 -2.34692335129 1.76563119888 -1.13150393963
1431696686428 lifecam20 37599 -2155.74023438 -469.664428711 9281.28027344 -2.377420187 1.81443417072 -1.09966897964
1431696686489 lifecam20 37599 -2127.3046875 -463.304626465 9159.046875 2.334223032 -1.75978434086 1.13890254498
1431696686556 lifecam20 37599 -2128.00195312 -463.196289062 9161.73535156 2.33968758583 -1.76477372646 1.12998712063
1431696686627 lifecam20 37599 -2138.38525391 -465.532073975 9206.67675781 2.33187937737 -1.76613175869 1.10526514053
1431696686686 lifecam20 37599 -2147.02148438 -467.516937256 9244.74609375 2.33190512657 -1.76514530182 1.0935343504
1431696686753 lifecam20 37599 -2147.20043945 -467.780761719 9244.32714844 -2.36411595345 1.79700565338 -1.10226035118
1431696686823 lifecam20 37599 -2131.32128906 -464.20098877 9176.33300781 2.33207178116 -1.76303362846 1.12615680695
1431696686886 lifecam20 37599 -2131.21362305 -464.17086792 9175.86230469 2.33217692375 -1.76294779778 1.12653028965
1431696686960 lifecam20 37599 -2142.60571289 -466.773101807 9224.57324219 -2.35832691193 1.78642678261 -1.11476349831
1431696687027 lifecam20 37599 -2150.04663086 -468.198364258 9256.54882812 2.32035326958 -1.76225960255 1.08446228504
1431696687099 lifecam20 37599 -2142.86230469 -466.363739014 9225.7421875 2.31988739967 -1.76321542263 1.10005664825
1431696687152 lifecam20 37599 -2137.484375 -465.507659912 9203.53515625 2.34316015244 -1.76478791237 1.1111549139
1431696687222 lifecam20 37599 -2140.48095703 -466.124511719 9215.84179688 2.32763814926 -1.76564288139 1.10157132149
1431696687294 lifecam20 37599 -2143.4074707 -466.583068848 9228.90527344 2.33285927773 -1.77371692657 1.10136938095
1431696687354 lifecam20 37599 -2127.19335938 -463.166168213 9158.4296875 2.34332180023 -1.76652741432 1.1289305687
1431696687428 lifecam20 37599 -2130.36328125 -463.989105225 9172.20800781 2.33886289597 -1.76685523987 1.12229800224
1431696687497 lifecam20 37599 -2157.45141602 -469.290710449 9290.55371094 2.34898424149 -1.77390801907 1.07482969761
1431696687623 lifecam20 37599 -2116.76611328 -447.727172852 9136.44628906 2.8033041954 -1.77984440327 -0.578629910946
1431696687696 lifecam20 37599 -2133.5246582 -421.145446777 9188.38476562 -2.40037345886 1.58182382584 -0.622916281223
1431696687770 lifecam20 37599 -2113.53833008 -361.550048828 8984.66210938 2.47757840157 -1.7020791769 0.239687547088
1431696688361 lifecam22 5376 3363.20507812 -781.501281738 6488.75585938 -1.29710805416 1.5401288271 1.20120322704
