1433512410224 lifecam19 2628.20239258 2033.20703125 6.1376209259
1433512410289 lifecam19 2647.51245117 2049.86865234 6.21562623978
1433512410354 lifecam19 2673.25537109 2061.26928711 6.24646854401
1433512410425 lifecam19 2703.6184082 2076.25170898 0.00384742370807
1433512410490 lifecam19 2709.32275391 2074.79785156 6.272315979
1433512410554 lifecam19 2695.32299805 2074.79785156 6.27231407166
1433512410622 lifecam19 2677.1640625 2075.14477539 6.27544164658
1433512410689 lifecam19 2653.32299805 2074.79785156 6.27231407166
1433512410757 lifecam19 2632.32275391 2074.79785156 6.27231645584
1433512410825 lifecam19 2616.265625 2072.25585938 6.24968481064
1433512410892 lifecam19 2594.01269531 2072.77612305 6.25427913666
1433512410961 lifecam19 2574.0859375 2072.03686523 6.24775791168
1433512411026 lifecam19 2555.44140625 2070.17041016 6.23609352112
1433512411092 lifecam19 2533.90209961 2072.13452148 6.25007534027
1433512411222 lifecam19 2495.76708984 2070.06640625 6.22033596039
1433512411290 lifecam19 2476.87402344 2068.91845703 6.20755386353
1433512411357 lifecam19 2455.90454102 2070.27319336 6.20667028427
1433512411427 lifecam19 2435.74145508 2070.72265625 6.20418691635
1433512411490 lifecam19 2415.80932617 2070.5 6.19208431244
1433512411558 lifecam19 2396.81176758 2070.90356445 6.18229341507
1433512411627 lifecam19 2376.65014648 2073.04858398 6.18553686142
1433512411690 lifecam19 2355.28808594 2075.08349609 6.19102239609
1433512411760 lifecam19 2335.61083984 2075.30444336 6.18005228043
1433512411826 lifecam19 2316.32299805 2075.44677734 6.17066001892
1433512411889 lifecam19 2298.13549805 2075.48071289 6.15473556519
1433512411958 lifecam19 2276.20825195 2078.82617188 6.16364908218
1433512412026 lifecam19 2256.40893555 2079.90649414 6.150203228
1433512412093 lifecam19 2237.06860352 2081.02392578 6.14396286011
1433512412164 lifecam19 2217.21972656 2083.19873047 6.14353179932
1433512412235 lifecam19 2197.28979492 2085.28027344 6.13925218582
1433512412292 lifecam19 2176.4699707 2087.11254883 6.13515520096
1433512412357 lifecam19 2158.94458008 2087.5559082 6.11425971985
1433512412426 lifecam19 2138.42871094 2090.05908203 6.11511898041
1433512412492 lifecam19 2118.01196289 2092.74658203 6.11257839203
1433512412565 lifecam19 2097.82006836 2095.29711914 6.10533237457
1433512412635 lifecam19 2076.93432617 2099.12426758 6.1043548584
1433512412696 lifecam19 2058.73901367 2100.65136719 6.09227466583
1433512412763 lifecam19 2038.85546875 2103.87963867 6.09192085266
1433512412826 lifecam19 2018.13256836 2107.05786133 6.08758401871
1433512412961 lifecam19 1979.41174316 2112.71533203 6.07616519928
1433512413025 lifecam19 1960.83251953 2114.47387695 6.06432914734
1433512413094 lifecam19 1940.02746582 2117.7902832 6.05617523193
1433512413160 lifecam19 1919.80505371 2122.6237793 6.05772542953
1433512413229 lifecam19 1900.1105957 2126.53735352 6.05523443222
1433512413284 lifecam20 1895.56555176 2143.74658203 6.06212234497
1433512413296 lifecam19 1885.82470703 2146.39794922 6.06416797638
1433512413356 lifecam20 1877.29223633 2147.1015625 6.05892705917
1433512413367 lifecam19 1870.86230469 2147.8269043 6.05342483521
1433512413417 lifecam20 1865.43945312 2150.15917969 6.05904006958
1433512413427 lifecam19 1862.37011719 2151.2956543 6.06017684937
1433512413485 lifecam20 1861.36889648 2151.35546875 6.05881166458
1433512413493 lifecam19 1861.51000977 2151.11035156 6.05778026581
1433512413552 lifecam20 1861.8190918 2150.94360352 6.05780124664
1433512413560 lifecam19 1862.08251953 2150.91162109 6.05719184875
1433512413622 lifecam20 1862.19616699 2150.84472656 6.05601406097
1433512413629 lifecam19 1862.31103516 2150.49414062 6.05412340164
1433512413684 lifecam20 1861.91064453 2150.68212891 6.05587911606
1433512413693 lifecam19 1861.91064453 2150.68212891 6.05587911606
1433512413752 lifecam20 1862.33154297 2150.32275391 6.05248069763
1433512413762 lifecam19 1862.21655273 2150.67333984 6.05437088013
1433512413821 lifecam20 1862.21655273 2150.67333984 6.05437088013
1433512413829 lifecam19 1862.50415039 2150.35375977 6.05212831497
1433512413886 lifecam20 1862.59838867 2150.48193359 6.05263614655
1433512413895 lifecam19 1862.31079102 2150.80126953 6.0548787117
1433512413956 lifecam20 1862.31079102 2150.80126953 6.0548787117
1433512413972 lifecam19 1862.59838867 2150.48193359 6.05263614655
1433512414027 lifecam19 1862.59838867 2150.48193359 6.05263614655
1433512414032 lifecam20 1862.59838867 2150.48193359 6.05263614655
1433512414084 lifecam20 1862.48486328 2150.54907227 6.053814888
1433512414151 lifecam20 1862.59838867 2150.48193359 6.05263614655
1433512414352 lifecam20 1860.0802002 2160.57250977 6.02185106277
1433512414423 lifecam20 1842.2220459 2148.1159668 5.98741483688
1433512414501 lifecam20 1817.73632812 2121.10620117 5.87274551392
