1431696478643 lifecam19 37599 -332.96307373 2237.50170898 9030.796875 2.48535633087 -2.6676440239 0.199248567224
1431696478704 lifecam20 37599 -1924.26660156 -2623.60180664 9999.99316406 -2.38960909843 1.93109083176 0.260347098112
1431696478721 lifecam19 37599 -348.151031494 2157.10791016 9079.94140625 2.04160165787 -2.41848182678 0.677106261253
1431696478775 lifecam19 37599 -367.921203613 2029.98388672 8883.69140625 -1.84700489044 2.50279927254 0.513281643391
1431696478780 lifecam20 37599 -1903.2779541 -2703.56787109 9947.13378906 2.65136384964 -2.09727835655 -0.975422501564
1431696478846 lifecam19 37599 -373.111236572 2030.33007812 8919.6015625 -1.85274446011 2.50598073006 0.491909980774
1431696478921 lifecam19 37599 -365.121246338 2039.2668457 8873.68945312 -1.85111904144 2.48516488075 0.517417252064
1431696478986 lifecam19 37599 -352.915527344 2085.54785156 8893.80273438 -1.91172206402 2.44700789452 -1.18489038944
1431696479050 lifecam19 37599 -336.531433105 2135.49682617 8872.30273438 1.84306240082 -2.47511696815 -0.471672654152
1431696479118 lifecam19 37599 -320.258239746 2203.98901367 8896.80371094 -1.92671191692 2.44250512123 -1.17841374874
1431696479185 lifecam19 37599 -303.436553955 2225.60180664 8787.14453125 -1.89954090118 2.51103687286 0.480433613062
1431696479250 lifecam19 37599 -287.091217041 2260.7746582 8720.07910156 -1.90318608284 2.51532721519 0.525922775269
1431696479318 lifecam19 37599 -274.615356445 2338.30493164 8801.31738281 -1.9304214716 2.5348174572 0.455109775066
1431696479385 lifecam19 37599 -261.563079834 2388.90576172 8781.82324219 -1.93865704536 2.53344631195 0.43327704072
1431696479442 lifecam19 37599 -246.967651367 2423.99267578 8713.06152344 1.82747137547 -2.40075564384 -0.435614317656
1431696479513 lifecam19 37599 -233.178482056 2464.66381836 8672.125 -1.94389486313 2.54318618774 0.450703918934
1431696479587 lifecam19 37599 -218.342071533 2495.72900391 8597.33789062 -1.96927475929 2.38290548325 -1.25945985317
1431696479645 lifecam19 37599 -204.768814087 2546.99902344 8578.68554688 -1.95679354668 2.5560874939 0.458413928747
1431696479712 lifecam19 37599 -192.792785645 2592.41625977 8551.53125 -1.96766579151 2.56980204582 0.46530520916
1431696479785 lifecam19 37599 -181.637985229 2649.55688477 8564.54101562 1.81415307522 -2.35883998871 -0.391686558723
1431696479852 lifecam19 37599 -169.190322876 2695.90258789 8532.82519531 1.81552696228 -2.34629106522 -0.386777460575
1431696479919 lifecam19 37599 -156.781616211 2743.37670898 8507.10058594 -2.01403903961 2.59395623207 0.411806821823
1431696479985 lifecam19 37599 -146.446716309 2804.05786133 8520.0390625 1.8115388155 -2.32545566559 -0.339221298695
1431696480053 lifecam19 37599 -135.861694336 2862.71899414 8532.23632812 -2.02408671379 2.37151956558 -1.18939304352
1431696480118 lifecam19 37599 -123.610710144 2873.99609375 8401.81738281 -2.04214835167 2.59328603745 0.401891320944
1431696481232 lifecam20 37599 -1999.06689453 -930.820800781 9440.17871094 -2.21801018715 1.88278746605 -1.09638869762
1431696481309 lifecam20 37599 -2000.34643555 -876.840515137 9393.3671875 -2.19483661652 1.54844069481 0.711128056049
1431696481373 lifecam20 37599 -2001.93994141 -823.279602051 9349.859375 -2.18473172188 1.54571974277 0.704428553581
1431696481500 lifecam20 37599 -2021.70227051 -721.876525879 9331.46875 2.27696275711 -1.87263572216 1.12560379505
1431696481575 lifecam20 37599 -2037.98962402 -673.570373535 9348.07714844 2.79612827301 -1.9515748024 -0.810335814953
1431696481645 lifecam20 37599 -2053.99633789 -624.40045166 9364.81640625 2.79470539093 -1.93821501732 -0.790899097919
1431696481706 lifecam20 37599 -2055.34448242 -569.475280762 9311.54492188 2.7819981575 -1.93773186207 -0.804607272148
1431696481768 lifecam20 37599 -2064.97558594 -518.758056641 9297.91992188 2.77651715279 -1.94416511059 -0.774078249931
1431696481844 lifecam20 37599 -2089.45751953 -480.804595947 9352.55273438 2.78426814079 -1.9361615181 -0.7238920331
1431696481905 lifecam20 37599 -2074.07666016 -460.595550537 9264.33105469 2.31197476387 -1.81980407238 1.12435686588
1431696482036 lifecam20 37599 -2081.67871094 -458.241394043 9293.97753906 2.29987430573 -1.81700885296 1.09765923023
1431696482104 lifecam20 37599 -2064.56201172 -453.376708984 9213.95996094 2.77474689484 -1.90739786625 -0.780997872353
1431696482169 lifecam20 37599 -2083.2043457 -456.958862305 9298.38085938 2.78660368919 -1.91499662399 -0.739557921886
1431696482237 lifecam20 37599 -2078.85717773 -457.010192871 9280.78222656 2.29475474358 -1.80961883068 1.11401188374
1431696482306 lifecam20 37599 -2083.21582031 -457.565948486 9297.15429688 -2.25429391861 1.55867350101 0.593884348869
1431696482375 lifecam20 37599 -2070.18554688 -454.41217041 9240.4453125 2.78759932518 -1.90579044819 -0.772616326809
1431696482443 lifecam20 37599 -2077.03369141 -455.838775635 9268.56933594 2.77970147133 -1.91715419292 -0.745207726955
1431696482514 lifecam20 37599 -2093.71484375 -460.297943115 9345.453125 -2.32180404663 1.82528042793 -1.09437870979
1431696482570 lifecam20 37599 -2080.40209961 -456.95199585 9284.79101562 -2.25310850143 1.54773116112 0.605544447899
1431696482644 lifecam20 37599 -2071.81689453 -454.878723145 9247.18359375 -2.25157642365 1.55452752113 0.614178359509
1431696482706 lifecam20 37599 -2082.15576172 -457.723266602 9295.47167969 2.29967927933 -1.81737935543 1.09631145
1431696482770 lifecam20 37599 -2090.68115234 -458.897033691 9330.16894531 -2.25896334648 1.56614971161 0.593372046947
1431696482842 lifecam20 37599 -2089.8918457 -459.298736572 9329.25878906 2.3039996624 -1.82448339462 1.07790505886
1431696482907 lifecam20 37599 -2069.42504883 -454.458770752 9235.68847656 2.77389597893 -1.91833162308 -0.757129669189
1431696482970 lifecam20 37599 -2076.18041992 -456.003082275 9266.67675781 2.79066324234 -1.93907785416 -0.746142446995
1431696483045 lifecam20 37599 -2082.03686523 -457.483184814 9291.33691406 -2.26004838943 1.55651688576 0.611083269119
