1433512355611 lifecam19 2648.93896484 2048.52709961 6.2076292038
1433512355749 lifecam19 2701.84472656 2077.01416016 0.0205293335021
1433512355810 lifecam19 2710.97167969 2076.05419922 0.00049239792861
1433512355880 lifecam19 2707.47314453 2076.05273438 0.000478569651023
1433512355949 lifecam19 2696.5546875 2074.92675781 6.2734746933
1433512356010 lifecam19 2675.0703125 2076.46582031 0.00903374329209
1433512356081 lifecam19 2651.47119141 2074.60327148 0.0042234105058
1433512356157 lifecam19 2631.63818359 2071.42602539 6.27485609055
1433512356223 lifecam19 2615.08374023 2068.63061523 6.25805187225
1433512356271 lifecam19 2594.35620117 2067.60424805 6.24657344818
1433512356349 lifecam19 2576.01538086 2065.52490234 6.2300362587
1433512356425 lifecam19 2555.77563477 2065.59521484 6.23390769958
1433512356478 lifecam19 2535.27294922 2065.24243164 6.23419189453
1433512356549 lifecam19 2514.80419922 2065.3840332 6.23249530792
1433512356617 lifecam19 2494.27856445 2065.23608398 6.22975921631
1433512356678 lifecam19 2475.36621094 2065.13989258 6.22171020508
1433512356813 lifecam19 2434.19580078 2065.81103516 6.21712636948
1433512356887 lifecam19 2413.78442383 2065.24023438 6.21069049835
1433512356944 lifecam19 2393.98803711 2065.26269531 6.20678281784
1433512357018 lifecam19 2374.61425781 2065.78173828 6.20141172409
1433512357086 lifecam19 2354.95556641 2065.86547852 6.18830633163
1433512357149 lifecam19 2334.88232422 2066.44311523 6.18368864059
1433512357217 lifecam19 2314.73803711 2067.63842773 6.1864323616
1433512357285 lifecam19 2294.46801758 2069.10375977 6.19115209579
1433512357346 lifecam19 2275.13110352 2068.04418945 6.1690864563
1433512357420 lifecam19 2255.51293945 2068.88378906 6.15767431259
1433512357555 lifecam19 2215.61645508 2071.95288086 6.1546626091
1433512357612 lifecam19 2195.5769043 2073.89526367 6.15010547638
1433512357685 lifecam19 2174.82836914 2074.37817383 6.14102172852
1433512357753 lifecam19 2156.53100586 2074.72387695 6.12819385529
1433512357813 lifecam19 2136.17944336 2078.36425781 6.1340470314
1433512357887 lifecam19 2115.93774414 2079.5168457 6.12709665298
1433512357959 lifecam19 2096.26513672 2081.0637207 6.11411857605
1433512358016 lifecam19 2075.47338867 2084.40185547 6.11518716812
1433512358086 lifecam19 2055.93823242 2085.59301758 6.10506439209
1433512358146 lifecam19 2036.36132812 2088.40136719 6.10054302216
1433512358279 lifecam19 1996.43457031 2093.08056641 6.08662462234
1433512358352 lifecam19 1978.38085938 2095.14428711 6.07950878143
1433512358420 lifecam19 1957.62060547 2098.96118164 6.08398389816
1433512358479 lifecam19 1937.01342773 2102.08276367 6.0769238472
1433512358555 lifecam19 1917.34814453 2104.88720703 6.06797218323
1433512358626 lifecam19 1897.48046875 2107.65209961 6.0600566864
1433512358688 lifecam19 1878.58679199 2111.16455078 6.05738067627
1433512358756 lifecam19 1863.43225098 2114.17163086 6.05760526657
1433512358805 lifecam20 1861.17211914 2130.52734375 6.06301498413
1433512358820 lifecam19 1857.5703125 2130.99853516 6.06025505066
1433512358878 lifecam20 1856.30932617 2130.83032227 6.05759382248
1433512358882 lifecam19 1856.85302734 2130.48535156 6.05564212799
1433512359005 lifecam20 1857.27770996 2130.96899414 6.06041193008
1433512359020 lifecam19 1857.96777344 2130.52368164 6.0578494072
1433512359073 lifecam20 1858.01586914 2130.28613281 6.05587530136
1433512359087 lifecam19 1857.79199219 2130.35058594 6.05613613129
1433512359138 lifecam20 1858.2590332 2129.68603516 6.05119609833
1433512359150 lifecam19 1858.46264648 2129.50048828 6.05004692078
1433512359206 lifecam20 1858.26245117 2129.84082031 6.05267286301
1433512359224 lifecam19 1858.15698242 2130.26855469 6.05545806885
1433512359274 lifecam20 1858.01879883 2130.79931641 6.05893135071
1433512359289 lifecam19 1858.26635742 2130.64794922 6.05809879303
1433512359347 lifecam20 1858.26635742 2130.64794922 6.05809879303
1433512359350 lifecam19 1858.50695801 2130.25439453 6.05583524704
1433512359405 lifecam20 1858.7076416 2130.33154297 6.0551815033
1433512359421 lifecam19 1858.73217773 2130.26269531 6.05479049683
1433512359474 lifecam20 1858.63867188 2130.29882812 6.05570554733
1433512359544 lifecam20 1858.81030273 2129.83984375 6.05214309692
1433512359605 lifecam20 1857.765625 2147.70996094 6.07008457184
1433512359695 lifecam19 1856.23388672 2129.82910156 6.05030870438
1433512359742 lifecam20 1851.02246094 2126.08447266 6.03431940079
1433512359819 lifecam19 1825.19787598 2119.72387695 5.99220085144
1433512359878 lifecam20 1797.71166992 2095.65429688 5.88754177094
