1431696635953 lifecam22 5376 3245.82983398 -756.225952148 6252.42333984 -1.20087456703 1.55198776722 1.25146985054
1431696636283 lifecam22 5376 3266.14868164 -760.918273926 6293.82128906 -1.19515061378 1.56258714199 1.28139770031
1431696636405 lifecam20 37599 -1947.69665527 -2604.04296875 10108.859375 -1.90170395374 1.4379825592 0.154249221087
1431696636418 lifecam19 37599 -339.207366943 2282.14208984 9281.81347656 -1.86249506474 2.00606393814 -0.22294408083
1431696636480 lifecam20 37599 -1923.12670898 -2643.89038086 10034.6621094 -1.99033498764 1.64194226265 -0.20219515264
1431696636490 lifecam19 37599 -341.328186035 2154.64331055 9057.69921875 2.10064077377 -2.41806840897 0.731621563435
1431696636549 lifecam19 37599 -363.210235596 2064.99145508 8931.70996094 -1.91621160507 2.41136574745 -1.02366101742
1431696636548 lifecam20 37599 -1924.34484863 -2724.94067383 10063.4033203 -2.03549337387 1.88954818249 -0.557584345341
1431696636617 lifecam19 37599 -373.067565918 2039.38720703 8954.87792969 1.69116604328 -2.18653774261 1.03850102425
1431696636691 lifecam19 37599 -371.934356689 2036.14624023 8930.56054688 1.69236683846 -2.19162678719 1.04242610931
1431696636753 lifecam19 37599 -372.967010498 2041.34960938 8954.02246094 1.69014525414 -2.1937983036 1.03328752518
1431696636818 lifecam19 37599 -364.67388916 2038.97277832 8863.55664062 -1.84023094177 2.49171972275 0.537354826927
1431696636884 lifecam19 37599 -353.458374023 2091.04711914 8896.95996094 -1.86581897736 2.52108693123 0.495488584042
1431696636892 lifecam22 5376 3239.32592773 -754.512084961 6241.16650391 -1.19248342514 1.56111454964 1.27098464966
1431696636963 lifecam19 37599 -334.413818359 2136.71459961 8853.77441406 -1.92314279079 2.44388532639 -1.21199774742
1431696637022 lifecam22 5376 3277.72290039 -763.493347168 6312.90527344 -1.20170235634 1.55544769764 1.25382053852
1431696637026 lifecam19 37599 -318.554504395 2195.50415039 8845.16113281 1.84822177887 -2.45900273323 -0.464131891727
1431696637085 lifecam19 37599 -304.425994873 2245.21630859 8843.88769531 -1.93763744831 2.43237519264 -1.18397283554
1431696637156 lifecam19 37599 -285.056030273 2257.87988281 8693.87695312 -1.92125713825 2.39445066452 -1.26743853092
1431696637221 lifecam19 37599 -307.274291992 2629.81298828 9882.37890625 -2.01392149925 2.53660559654 -0.716566741467
1431696637236 lifecam22 5376 3228.44848633 -752.181030273 6220.84375 -1.19338774681 1.56503498554 1.28364944458
1431696637292 lifecam19 37599 -259.289123535 2381.59375 8745.640625 -1.92303836346 2.55321860313 0.445788919926
1431696637356 lifecam22 5376 3223.87841797 -751.044921875 6209.42431641 -1.20083987713 1.55067312717 1.24477553368
1431696637362 lifecam19 37599 -244.356445312 2415.69482422 8670.72949219 -1.95585334301 2.39418387413 -1.23038303852
1431696637419 lifecam19 37599 -232.782852173 2477.10864258 8695.90527344 1.83109557629 -2.38803291321 -0.423837214708
1431696637489 lifecam19 37599 -219.032669067 2531.06518555 8699.7734375 1.81419980526 -2.36968660355 -0.4263933599
1431696637559 lifecam19 37599 -204.691970825 2581.72949219 8684.27148438 -1.96887278557 2.39141750336 -1.21517968178
1431696637631 lifecam19 37599 -191.427200317 2616.79882812 8613.99609375 -1.98397243023 2.57812094688 0.431352138519
1431696637692 lifecam19 37599 -180.083404541 2671.78710938 8620.23828125 -2.00543308258 2.36179876328 -1.22563135624
1431696637753 lifecam19 37599 -167.646820068 2718.34423828 8596.45117188 1.77357399464 -2.09960317612 1.0744869709
1431696637826 lifecam19 37599 -154.944992065 2773.66894531 8593.47363281 -2.01458311081 2.37776422501 -1.19814240932
1431696637888 lifecam19 37599 -143.364395142 2817.86816406 8552.56445312 -2.01018023491 2.35750627518 -1.2201936245
1431696637952 lifecam19 37599 -132.173812866 2865.87084961 8524.67675781 -2.03407812119 2.61678552628 0.372758895159
1431696638028 lifecam19 37599 -120.304290771 2891.02807617 8440.06738281 1.79099988937 -2.05716609955 1.09472894669
1431696638103 lifecam22 5376 3232.9453125 -753.265869141 6230.30273438 -1.19141483307 1.56764256954 1.28690207005
1431696638219 lifecam22 5376 3253.20532227 -758.06463623 6269.59667969 -1.19350707531 1.56695985794 1.28826355934
1431696638298 lifecam22 5376 3243.97290039 -755.481506348 6249.02148438 -1.19523203373 1.5576775074 1.26661896706
1431696638363 lifecam22 5376 3279.39233398 -764.02355957 6315.84863281 -1.20804595947 1.55100440979 1.24715197086
1431696638490 lifecam22 5376 3236.04638672 -753.984436035 6234.13720703 -1.19505834579 1.56324625015 1.26172995567
1431696638762 lifecam22 5376 3243.56445312 -755.609924316 6248.84130859 -1.19739866257 1.55928897858 1.2666862011
1431696639025 lifecam22 5376 3209.39550781 -747.842773438 6182.83203125 -1.1963994503 1.55771875381 1.25809967518
1431696639154 lifecam22 5376 3268.73925781 -761.380737305 6295.67773438 -1.20270419121 1.5535697937 1.25669753551
1431696639422 lifecam20 37599 -2005.74084473 -711.330993652 9294.37792969 -2.21802282333 1.55908048153 0.712498307228
1431696639479 lifecam20 37599 -2024.54248047 -665.731262207 9330.09667969 2.73942661285 -1.9286416769 -0.824203133583
1431696639558 lifecam22 5376 3261.75854492 -759.890380859 6283.96875 -1.19808065891 1.56288659573 1.26837837696
1431696639559 lifecam20 37599 -2028.89147949 -614.69342041 9292.70117188 2.73896598816 -1.92726755142 -0.840574145317
1431696639627 lifecam20 37599 -2032.62060547 -559.830810547 9251.73535156 -2.26563858986 1.58041203022 0.685653150082
1431696639631 lifecam22 5376 3191.53369141 -743.374511719 6148.29541016 -1.19639337063 1.55561721325 1.30020332336
1431696639678 lifecam20 37599 -2056.68457031 -513.010131836 9298.69335938 2.31739091873 -1.83448851109 1.1254786253
1431696639745 lifecam20 37599 -2056.05102539 -471.041503906 9244.23828125 2.31480264664 -1.83018660545 1.10513353348
1431696639818 lifecam20 37599 -2077.04248047 -460.608154297 9323.09179688 2.77725577354 -1.94175684452 -0.724675357342
1431696639881 lifecam20 37599 -2067.64794922 -451.53717041 9271.53320312 2.76653146744 -1.93856310844 -0.752864062786
1431696639951 lifecam20 37599 -2081.52026367 -458.382141113 9338.92285156 2.7952144146 -1.9629034996 -0.723863124847
1431696639964 lifecam22 5376 3246.01269531 -756.224914551 6254.06298828 -1.19742047787 1.55501067638 1.26290416718
1431696640020 lifecam20 37599 -2089.72241211 -459.231964111 9371.37890625 2.76331353188 -1.96884536743 -0.723967671394
1431696640078 lifecam20 37599 -2091.09472656 -459.523010254 9377.53222656 -2.23979210854 1.59769928455 0.583239972591
1431696640144 lifecam20 37599 -2088.84863281 -459.731536865 9371.57128906 2.28437781334 -1.86233472824 1.06815838814
1431696640217 lifecam20 37599 -2095.36303711 -460.560699463 9398.49414062 2.77226209641 -1.97484707832 -0.712982356548
1431696640293 lifecam20 37599 -2086.81689453 -458.700775146 9359.25488281 -2.23369193077 1.59389972687 0.587624013424
1431696640348 lifecam20 37599 -2090.28344727 -459.649475098 9374.98925781 2.76753377914 -1.9829223156 -0.71116900444
1431696640417 lifecam20 37599 -2083.66186523 -458.113372803 9346.28808594 -2.23517847061 1.5777515173 0.572888493538
1431696640489 lifecam20 37599 -2086.81689453 -458.700775146 9359.25488281 -2.23369193077 1.59389972687 0.587624013424
1431696640496 lifecam22 5376 3192.9831543 -744.112854004 6152.14746094 -1.19547247887 1.55290460587 1.25909042358
1431696640545 lifecam20 37599 -2090.28344727 -459.649475098 9374.98925781 2.76753377914 -1.9829223156 -0.71116900444
1431696640620 lifecam20 37599 -2090.28344727 -459.649475098 9374.98925781 2.76753377914 -1.9829223156 -0.71116900444
1431696640632 lifecam22 5376 3240.17749023 -754.613769531 6242.00244141 -1.19490087032 1.55857491493 1.27220368385
1431696640693 lifecam20 37599 -2086.81689453 -458.700775146 9359.25488281 -2.23369193077 1.59389972687 0.587624013424
1431696640750 lifecam20 37599 -2086.81689453 -458.700775146 9359.25488281 -2.23369193077 1.59389972687 0.587624013424
1431696640768 lifecam22 5376 3236.97631836 -754.160766602 6238.08740234 -1.19611108303 1.55790317059 1.27198076248
1431696640820 lifecam20 37599 -2073.1105957 -455.937744141 9297.75878906 -2.24816823006 1.59338033199 0.61437857151
1431696640891 lifecam20 37599 -2086.81689453 -458.700775146 9359.25488281 -2.23369193077 1.59389972687 0.587624013424
1431696640959 lifecam20 37599 -2086.81689453 -458.700775146 9359.25488281 -2.23369193077 1.59389972687 0.587624013424
1431696641019 lifecam20 37599 -2086.81689453 -458.700775146 9359.25488281 -2.23369193077 1.59389972687 0.587624013424
1431696641036 lifecam22 5376 3245.92456055 -756.173034668 6254.95117188 -1.19736838341 1.55648934841 1.26957154274
1431696641085 lifecam20 37599 -2090.97045898 -459.761627197 9379.20800781 -2.22597813606 1.58152294159 0.550554811954
1431696641163 lifecam20 37599 -2090.28344727 -459.649475098 9374.98925781 2.76753377914 -1.9829223156 -0.71116900444
1431696641167 lifecam22 5376 3218.46240234 -749.796203613 6201.48632812 -1.18929505348 1.56439232826 1.27399635315
1431696641213 lifecam20 37599 -2096.72949219 -460.845581055 9405.75390625 -2.23012089729 1.57641017437 0.55002117157
1431696641234 lifecam22 5376 3218.58740234 -749.939880371 6203.26464844 -1.19027841091 1.56128656864 1.2843477726
1431696641288 lifecam20 37599 -2086.81689453 -458.700775146 9359.25488281 -2.23369193077 1.59389972687 0.587624013424
1431696641300 lifecam22 5376 3210.06225586 -747.996398926 6185.90820312 -1.19057774544 1.56095039845 1.27555322647
1431696641357 lifecam20 37599 -2088.83886719 -459.191253662 9368.37597656 2.76452922821 -1.98028123379 -0.709813892841
1431696641414 lifecam20 37599 -2078.76464844 -457.204742432 9322.34375 -2.25084161758 1.5951294899 0.60978782177
1431696641486 lifecam20 37599 -2067.89428711 -453.756195068 9273.76269531 2.7439892292 -1.94406318665 -0.746417820454
1431696641561 lifecam20 37599 -2053.80126953 -448.056365967 9216.78027344 -2.27329301834 1.58854317665 0.623946964741
1431696641616 lifecam20 37599 -2037.82702637 -436.253326416 9191.5625 2.49958467484 -1.78369367123 0.981973648071
1431696641633 lifecam22 5376 3203.14135742 -746.619812012 6174.23779297 -1.18664944172 1.56392621994 1.27484309673
1431696641681 lifecam20 37599 -2037.6114502 -402.93170166 9178.84375 2.76433968544 -1.79483497143 0.745948433876
1431696641701 lifecam22 5376 3206.75463867 -747.187988281 6177.80859375 -1.1971013546 1.55071794987 1.25337934494
1431696641761 lifecam22 5376 3220.45043945 -750.189758301 6205.25439453 -1.19253873825 1.5575876236 1.26725590229
1431696641761 lifecam20 37599 -2051.83496094 -350.171051025 9114.10351562 -2.25768136978 1.53746128082 -0.354724764824
1431696641895 lifecam22 5376 3200.24365234 -745.700317383 6167.58349609 -1.19495010376 1.54880011082 1.26242935658
1431696642031 lifecam22 5376 3248.36132812 -756.691101074 6259.91699219 -1.19558811188 1.55629956722 1.26742386818
1431696642104 lifecam22 5376 3201.54760742 -745.984619141 6170.06982422 -1.19124042988 1.55959510803 1.27461707592
1431696642295 lifecam22 5376 3212.33959961 -748.757141113 6193.91015625 -1.18715822697 1.57114338875 1.29373776913
1431696642372 lifecam22 5376 3187.19824219 -742.539489746 6141.89208984 -1.18977463245 1.55670547485 1.27090978622
1431696642563 lifecam22 5376 3189.09472656 -742.877258301 6147.15380859 -1.18268728256 1.56740117073 1.28244149685
1431696642893 lifecam22 5376 3179.13696289 -740.517333984 6127.34814453 -1.18488502502 1.5611000061 1.2695993185
1431696642972 lifecam22 5376 3192.51806641 -743.941894531 6153.18945312 -1.19162738323 1.55611014366 1.28125286102
1431696643093 lifecam22 5376 3195.21655273 -744.540710449 6158.49902344 -1.18979537487 1.55644083023 1.27694427967
1431696643431 lifecam22 5376 3221.85009766 -750.513916016 6207.68603516 -1.19470894337 1.55492115021 1.26315557957
1431696643631 lifecam22 5376 3197.31958008 -744.957458496 6160.83398438 -1.18957555294 1.55910801888 1.2735953331
1431696643899 lifecam22 5376 3221.12036133 -750.378234863 6206.67724609 -1.19597351551 1.5541113615 1.26684844494
1431696644236 lifecam22 5376 3251.04272461 -757.425109863 6262.33349609 -1.19800937176 1.56208944321 1.25856268406
1431696644367 lifecam22 5376 3262.75683594 -759.970581055 6285.25292969 -1.19885933399 1.5595703125 1.26676261425
1431696644438 lifecam22 5376 3222.98217773 -750.694702148 6208.89501953 -1.19540441036 1.55453503132 1.26200306416
1431696644767 lifecam22 5376 3249.46264648 -757.001464844 6259.28808594 -1.19798529148 1.56198465824 1.26431822777
1431696644904 lifecam22 5376 3252.2578125 -757.781982422 6265.18701172 -1.20038998127 1.56085586548 1.26145410538
1431696645366 lifecam22 5376 3264.34082031 -760.188598633 6286.6796875 -1.20340359211 1.557685256 1.25597560406
1431696645444 lifecam22 5376 3261.17480469 -759.872009277 6282.74316406 -1.20010972023 1.5602042675 1.26737689972
1431696645634 lifecam22 5376 3248.01904297 -756.911499023 6258.85205078 -1.19674217701 1.56208252907 1.26091909409
1431696645764 lifecam22 5376 3265.77636719 -760.846801758 6293.13574219 -1.19547057152 1.56544268131 1.2903598547
1431696646034 lifecam22 5376 3234.56567383 -753.29876709 6230.83740234 -1.19845294952 1.55600857735 1.26378083229
1431696646111 lifecam22 5376 3229.56762695 -752.393066406 6222.61328125 -1.1953240633 1.56121718884 1.26269853115
1431696646438 lifecam22 5376 3243.12768555 -755.37512207 6247.41992188 -1.1994395256 1.55860042572 1.26538217068
1431696646702 lifecam22 5376 3270.36914062 -761.915710449 6301.30957031 -1.20015525818 1.56306695938 1.26366579533
1431696646832 lifecam22 5376 3266.0390625 -760.825439453 6291.81445312 -1.20232081413 1.55942595005 1.26862895489
1431696646911 lifecam22 5376 3253.25805664 -757.810791016 6268.53076172 -1.19380843639 1.56881928444 1.28275752068
1431696647038 lifecam22 5376 3267.26806641 -761.012207031 6292.70361328 -1.20381510258 1.55441486835 1.254093647
1431696647500 lifecam22 5376 3268.81420898 -761.571960449 6296.61523438 -1.20208728313 1.55832624435 1.26304709911
1431696647579 lifecam22 5376 3252.76342773 -757.696166992 6264.40332031 -1.20040619373 1.56000816822 1.25715649128
1431696647774 lifecam22 5376 3260.61376953 -759.695556641 6281.06396484 -1.20022201538 1.56266915798 1.26317083836
1431696647847 lifecam22 5376 3240.48681641 -754.865478516 6241.58007812 -1.19882690907 1.56125724316 1.25648450851
1431696648038 lifecam22 5376 3249.33374023 -757.030517578 6258.92675781 -1.20261144638 1.56148421764 1.2608063221
1431696648168 lifecam22 5376 3255.49047852 -758.229309082 6271.99658203 -1.20621645451 1.55896282196 1.2616430521
1431696648246 lifecam22 5376 3278.01953125 -763.318725586 6314.06201172 -1.19619882107 1.57105088234 1.28245949745
1431696648292 lifecam20 39552 408.38092041 294.565612793 2788.265625 1.34747469425 -0.744194447994 -0.889403164387
1431696648442 lifecam22 5376 3233.77612305 -753.239990234 6228.49560547 -1.19872617722 1.55957078934 1.25837099552
1431696648515 lifecam22 5376 3241.43505859 -755.042297363 6243.94580078 -1.19998848438 1.55752694607 1.2567718029
1431696649036 lifecam22 5376 3266.91772461 -760.917663574 6293.55761719 -1.1975543499 1.56379449368 1.26491487026
1431696649174 lifecam22 5376 3257.68408203 -758.874389648 6274.71240234 -1.20095944405 1.5595086813 1.2602391243
1431696649251 lifecam22 5376 3256.89941406 -758.626098633 6273.26074219 -1.20895016193 1.55420935154 1.26395118237
1431696649317 lifecam22 5376 3286.80639648 -765.626525879 6331.82177734 -1.20069646835 1.56634783745 1.28446948528
1431696649442 lifecam22 5376 3258.46191406 -759.004333496 6278.11914062 -1.19459235668 1.56308996677 1.27083146572
1431696649842 lifecam22 5376 3238.33178711 -754.450317383 6239.04736328 -1.19935524464 1.55871641636 1.25894415379
1431696650111 lifecam22 5376 3290.52319336 -766.399536133 6336.60986328 -1.21250712872 1.55239880085 1.24802565575
1431696650242 lifecam22 5376 3231.11499023 -752.813781738 6225.60302734 -1.19830524921 1.55774891376 1.26826620102
1431696650319 lifecam22 5376 3271.16943359 -761.956481934 6301.33349609 -1.19819641113 1.56187260151 1.26350057125
1431696650510 lifecam22 5376 3241.70361328 -755.108764648 6244.65576172 -1.20016109943 1.55943143368 1.26595449448
1431696651178 lifecam22 5376 3245.07592773 -755.982177734 6250.69287109 -1.19907712936 1.56366145611 1.26167881489
1431696651777 lifecam22 5376 3258.3671875 -759.015258789 6276.64355469 -1.20162475109 1.56103086472 1.26403164864
1431696651853 lifecam22 5376 3228.96655273 -752.101135254 6219.84033203 -1.21287238598 1.55088734627 1.24502456188
1431696651913 lifecam22 5376 3266.95678711 -760.782653809 6293.75341797 -1.20162045956 1.55994153023 1.26514267921
1431696652045 lifecam22 5376 3256.04492188 -758.532043457 6272.26269531 -1.20019125938 1.56077158451 1.26619124413
1431696652177 lifecam22 5376 3230.25170898 -752.360839844 6223.23925781 -1.19939029217 1.55402684212 1.26259326935
1431696652382 lifecam22 5376 3251.53417969 -757.592773438 6262.81542969 -1.19982635975 1.5623421669 1.25556325912
1431696653167 lifecam20 39552 417.663818359 298.197265625 2842.13427734 1.35495507717 -0.740494012833 -0.881923019886
1431696654585 lifecam22 5376 3248.56274414 -756.135742188 6261.13330078 2.02136731148 -2.60831165314 -2.13335943222
1431696654638 lifecam20 39552 405.049316406 291.655487061 2763.52587891 1.35586261749 -0.738000392914 -0.883629858494
1431696655511 lifecam22 5376 3288.84912109 -765.299987793 6334.53027344 2.15195417404 -2.61197543144 -2.07505583763
1431696655711 lifecam22 5376 3265.43530273 -759.758911133 6293.49951172 -1.23925065994 1.53477227688 1.24066305161
1431696655978 lifecam22 5376 3294.96630859 -766.538024902 6347.96386719 2.04651904106 -2.61538863182 -2.10980319977
1431696656645 lifecam22 5376 3295.6496582 -766.648132324 6349.70605469 2.12983560562 -2.6117773056 -2.07851624489
1431696656717 lifecam22 5376 3292.62988281 -766.011962891 6344.53320312 -1.24067366123 1.54410982132 1.23637878895
1431696656778 lifecam22 5376 3238.91552734 -753.606628418 6240.33642578 -1.24386692047 1.53437042236 1.2225509882
1431696656847 lifecam22 5376 3255.43066406 -757.4609375 6271.65722656 2.13040781021 -2.61845397949 -2.08041024208
1431696657114 lifecam22 5376 3262.95410156 -759.03527832 6286.42773438 2.13250422478 -2.61129426956 -2.08313727379
1431696657313 lifecam22 5376 3227.61279297 -750.999023438 6219.328125 -1.24062609673 1.53517150879 1.22677326202
1431696657446 lifecam22 5376 3251.98339844 -756.450622559 6266.99707031 -1.24330949783 1.53613579273 1.22609817982
1431696658049 lifecam22 5376 3245.77880859 -755.456848145 6254.26806641 2.12884068489 -2.60891103745 -2.0852060318
1431696658313 lifecam22 5376 3261.60473633 -758.842224121 6286.55273438 -1.24602603912 1.53458106518 1.23543226719
1431696658383 lifecam22 5376 3232.14257812 -752.085876465 6229.36376953 2.11189389229 -2.61166596413 -2.09454703331
1431696658582 lifecam22 5376 3286.29858398 -764.565612793 6332.76269531 -1.2474668026 1.53650963306 1.23059809208
1431696658652 lifecam22 5376 3251.40332031 -756.788146973 6266.56396484 2.12044763565 -2.60987639427 -2.08913707733
1431696658718 lifecam22 5376 3274.15893555 -761.458068848 6307.45458984 -1.24727451801 1.5316696167 1.21791028976
1431696658789 lifecam22 5376 3309.67211914 -770.186035156 6376.49853516 -1.21611273289 1.57610070705 1.2711918354
1431696658853 lifecam22 5376 3277.23364258 -762.302978516 6313.53320312 2.1348991394 -2.60985541344 -2.08087992668
1431696659186 lifecam22 5376 3252.51049805 -756.884277344 6266.98535156 -1.24173879623 1.53900396824 1.22968447208
1431696659317 lifecam22 5376 3225.38842773 -750.363830566 6215.10253906 -1.23878347874 1.5376355648 1.22629666328
1431696659518 lifecam22 5376 3276.02319336 -762.128234863 6312.49804688 -1.24547445774 1.53707742691 1.22987568378
1431696659590 lifecam22 5376 3269.51269531 -761.01965332 6300.54541016 -1.24644303322 1.53885281086 1.23027777672
1431696659654 lifecam22 5376 3259.12548828 -758.344238281 6278.36279297 2.13483190536 -2.6184155941 -2.07269454002
1431696660186 lifecam22 5376 3256.28076172 -757.528137207 6273.78564453 -1.24517452717 1.54015207291 1.22045242786
1431696660318 lifecam22 5376 3304.93432617 -768.993408203 6368.68359375 -1.21798861027 1.57269752026 1.27871859074
