1433512630440 lifecam19 2579.30322266 2088.20410156 2.52712106705
1433512636249 lifecam19 2628.42358398 2025.40869141 6.08030939102
1433512636313 lifecam19 2667.21020508 2050.00390625 6.19493961334
1433512636382 lifecam19 2698.05029297 2080.13012695 0.0232718624175
1433512636451 lifecam19 2698.9765625 2078.53393555 0.0146223958582
1433512636516 lifecam19 2698.05029297 2080.13012695 0.0232713855803
1433512636582 lifecam19 2701.00512695 2073.88305664 6.26411867142
1433512636651 lifecam19 2687.07495117 2074.02856445 6.265417099
1433512636716 lifecam19 2666.14624023 2075.58154297 6.27939033508
1433512636784 lifecam19 2645.07470703 2074.02905273 6.26542043686
1433512636852 lifecam19 2624.4465332 2073.5690918 6.25966024399
1433512636921 lifecam19 2607.17944336 2072.43945312 6.22844648361
1433512636982 lifecam19 2587.23071289 2073.23388672 6.22078180313
1433512637051 lifecam19 2565.02807617 2076.87255859 6.23659896851
1433512637119 lifecam19 2545.16186523 2076.94897461 6.23561525345
1433512637184 lifecam19 2525.140625 2076.68237305 6.2301197052
1433512637249 lifecam19 2506.09643555 2076.46899414 6.22035837173
1433512637326 lifecam19 2486.98828125 2076.83154297 6.20946502686
1433512637386 lifecam19 2468.1315918 2076.79516602 6.19846343994
1433512637455 lifecam19 2446.65136719 2078.40698242 6.20250749588
1433512637529 lifecam19 2426.38427734 2080.40869141 6.1960940361
1433512637582 lifecam19 2406.1418457 2082.21557617 6.19381475449
1433512637649 lifecam19 2386.32250977 2083.28295898 6.18685770035
1433512637720 lifecam19 2368.27978516 2083.06665039 6.16727828979
1433512637782 lifecam19 2347.90576172 2084.48486328 6.16506385803
1433512637855 lifecam19 2328.30541992 2086.72851562 6.16448497772
1433512637919 lifecam19 2308.42797852 2088.46777344 6.15770053864
1433512637991 lifecam19 2288.06298828 2090.07275391 6.15228033066
1433512638054 lifecam19 2267.61499023 2092.73095703 6.1494307518
1433512638119 lifecam19 2249.23535156 2093.32250977 6.13206911087
1433512638191 lifecam19 2229.03466797 2096.34838867 6.13062906265
1433512638250 lifecam19 2208.7746582 2099.37036133 6.12981128693
1433512638318 lifecam19 2189.54418945 2101.13818359 6.12174987793
1433512638387 lifecam19 2169.79223633 2103.60375977 6.11410617828
1433512638449 lifecam19 2149.60571289 2106.84985352 6.11500644684
1433512638522 lifecam19 2131.13427734 2107.90966797 6.09889173508
1433512638590 lifecam19 2110.29931641 2111.52514648 6.09751033783
1433512638660 lifecam19 2089.71923828 2115.47631836 6.09985637665
1433512638720 lifecam19 2070.13891602 2117.89868164 6.0848441124
1433512638788 lifecam19 2050.89575195 2120.41870117 6.07417201996
1433512638854 lifecam19 2031.17626953 2125.53686523 6.08055210114
1433512638918 lifecam19 2012.53393555 2127.77319336 6.06862974167
1433512638985 lifecam19 1992.4831543 2131.95532227 6.06682300568
1433512639052 lifecam19 1973.10192871 2134.67724609 6.05417251587
1433512639117 lifecam19 1953.78198242 2138.34765625 6.05013275146
1433512639171 lifecam20 1948.9140625 2155.48828125 6.06100797653
1433512639183 lifecam19 1938.89111328 2158.15917969 6.06151580811
1433512639243 lifecam20 1928.99389648 2160.26879883 6.05843830109
1433512639260 lifecam19 1919.19506836 2161.84228516 6.05323314667
1433512639311 lifecam20 1909.32336426 2164.13330078 6.051404953
1433512639325 lifecam19 1899.57995605 2166.5546875 6.04851198196
1433512639371 lifecam20 1889.96704102 2168.49511719 6.04436206818
1433512639387 lifecam19 1880.55053711 2170.58007812 6.04088687897
1433512639438 lifecam20 1872.29284668 2171.625 6.03194999695
1433512639456 lifecam19 1865.37988281 2173.30688477 6.03328514099
1433512639510 lifecam20 1860.6171875 2175.00732422 6.0371427536
1433512639524 lifecam19 1858.06201172 2175.86474609 6.03803491592
1433512639568 lifecam20 1856.82495117 2176.02001953 6.03673315048
1433512639586 lifecam19 1856.82775879 2175.57519531 6.03213405609
1433512639639 lifecam20 1857.0645752 2175.27124023 6.03091239929
1433512639654 lifecam19 1857.18334961 2175.2409668 6.03155708313
1433512639707 lifecam20 1856.9699707 2175.46923828 6.033182621
1433512639721 lifecam19 1856.90197754 2175.70483398 6.03512239456
1433512639779 lifecam20 1857.01696777 2175.64111328 6.03391885757
1433512639786 lifecam19 1856.86035156 2175.60253906 6.03418779373
1433512639843 lifecam20 1856.99584961 2175.51757812 6.03274154663
1433512639855 lifecam19 1857.02880859 2175.49462891 6.03166055679
1433512639908 lifecam20 1856.89331055 2175.57958984 6.03310728073
1433512639924 lifecam19 1856.89331055 2175.57958984 6.03310728073
1433512639970 lifecam20 1856.91870117 2175.72265625 6.03322315216
1433512639986 lifecam19 1857.0423584 2175.78417969 6.03403520584
1433512640038 lifecam20 1857.03930664 2176.15087891 6.03582763672
1433512640053 lifecam19 1857.03930664 2176.15087891 6.03582763672
1433512640106 lifecam20 1857.02954102 2175.88037109 6.03526163101
1433512640122 lifecam19 1857.09448242 2175.90551758 6.03562498093
1433512640178 lifecam20 1857.10424805 2176.17602539 6.03619146347
1433512640191 lifecam19 1857.12927246 2176.2722168 6.03625535965
1433512640236 lifecam20 1857.12927246 2176.2722168 6.03625535965
1433512640253 lifecam19 1857.12097168 2176.42578125 6.03759860992
1433512640307 lifecam20 1857.02966309 2176.58959961 6.03882455826
1433512640321 lifecam19 1856.95947266 2176.57910156 6.0394320488
1433512640377 lifecam20 1857.16699219 2176.11328125 6.03553676605
1433512640390 lifecam19 1855.75952148 2176.73217773 6.03127765656
1433512640436 lifecam20 1852.34057617 2173.80419922 6.01599550247
1433512640451 lifecam19 1841.88183594 2165.61572266 5.97836589813
1433512640509 lifecam20 1827.44506836 2145.80175781 5.90669679642
1433512640524 lifecam19 1810.3828125 2137.39160156 5.87377071381
1433512640577 lifecam20 1796.82385254 2120.92333984 5.79128599167
