1433512467918 lifecam19 2644.27880859 2043.10058594 6.16905641556
1433512467984 lifecam19 2655.43432617 2051.41333008 6.20375823975
1433512468120 lifecam19 2698.51538086 2070.23754883 6.2688703537
1433512468183 lifecam19 2702.34399414 2066.57128906 6.22599411011
1433512468247 lifecam19 2677.92407227 2068.70556641 6.245033741
1433512468312 lifecam19 2657.82324219 2067.30737305 6.22620153427
1433512468384 lifecam19 2634.70532227 2067.36889648 6.23395347595
1433512468455 lifecam19 2617.89599609 2066.27709961 6.21919488907
1433512468520 lifecam19 2596.3527832 2066.21142578 6.21667146683
1433512468583 lifecam19 2575.79199219 2066.28027344 6.21422624588
1433512468650 lifecam19 2556.41064453 2065.84863281 6.20955562592
1433512468719 lifecam19 2536.32202148 2066.31152344 6.20665502548
1433512468789 lifecam19 2516.09887695 2067.95581055 6.20743274689
1433512468855 lifecam19 2497.40625 2066.86450195 6.18876647949
1433512468921 lifecam19 2476.61328125 2067.88916016 6.19110202789
1433512468989 lifecam19 2456.13964844 2069.24853516 6.19283533096
1433512469056 lifecam19 2436.83666992 2068.67285156 6.18050479889
1433512469187 lifecam19 2396.76782227 2070.40820312 6.16427612305
1433512469251 lifecam19 2376.67724609 2072.20678711 6.16550445557
1433512469319 lifecam19 2357.11499023 2073.3684082 6.15593862534
1433512469387 lifecam19 2337.23852539 2073.98779297 6.14588785172
1433512469455 lifecam19 2317.78857422 2074.22607422 6.13965988159
1433512469522 lifecam19 2299.04931641 2075.32958984 6.12867355347
1433512469589 lifecam19 2278.18017578 2078.02124023 6.12848567963
1433512469656 lifecam19 2257.54980469 2079.99194336 6.12634468079
1433512469721 lifecam19 2237.88525391 2082.17724609 6.11848449707
1433512469786 lifecam19 2217.83691406 2083.99707031 6.11503791809
1433512469918 lifecam19 2178.42236328 2088.31640625 6.10379505157
1433512469986 lifecam19 2159.31103516 2089.3527832 6.08992385864
1433512470055 lifecam19 2139.19873047 2092.23461914 6.08860397339
1433512470123 lifecam19 2119.05883789 2095.07299805 6.08807659149
1433512470193 lifecam19 2098.88085938 2098.43676758 6.08449363708
1433512470259 lifecam19 2079.15917969 2100.01489258 6.06780004501
1433512470326 lifecam19 2058.9050293 2103.88085938 6.06890821457
1433512470389 lifecam19 2040.1262207 2106.07104492 6.06017255783
1433512470458 lifecam19 2019.90771484 2110.42749023 6.06123590469
1433512470523 lifecam19 2000.11022949 2113.37451172 6.05326700211
1433512470592 lifecam19 1981.27539062 2116.1394043 6.0422949791
1433512470657 lifecam19 1961.83410645 2119.75073242 6.04482460022
1433512470724 lifecam19 1941.63720703 2122.89672852 6.0344786644
1433512470796 lifecam19 1921.4744873 2127.18701172 6.02932405472
1433512470843 lifecam20 1916.80175781 2144.24121094 6.03679037094
1433512470859 lifecam19 1906.84973145 2146.23583984 6.03388690948
1433512470908 lifecam20 1897.21704102 2147.73486328 6.0296125412
1433512470976 lifecam20 1888.60571289 2149.02783203 6.0239982605
1433512470992 lifecam19 1872.23339844 2152.16821289 6.01799726486
1433512471039 lifecam20 1866.85681152 2153.40478516 6.01698112488
1433512471057 lifecam19 1862.8013916 2155.21630859 6.02151536942
1433512471107 lifecam20 1860.22607422 2156.42626953 6.02696847916
1433512471123 lifecam19 1860.16894531 2155.80517578 6.02314090729
1433512471176 lifecam20 1861.23120117 2154.94433594 6.01682090759
1433512471191 lifecam19 1862.25317383 2154.22680664 6.01299762726
1433512471239 lifecam20 1862.92163086 2153.96875 6.01119041443
1433512471256 lifecam19 1862.81628418 2154.03588867 6.01231813431
1433512471310 lifecam20 1862.57507324 2154.42041016 6.01608610153
1433512471327 lifecam19 1862.57507324 2154.42041016 6.01608610153
1433512471384 lifecam20 1862.7097168 2154.07592773 6.01414299011
1433512471399 lifecam19 1862.8260498 2154.01220703 6.01385593414
1433512471442 lifecam20 1862.74926758 2154.28027344 6.01526021957
1433512471458 lifecam19 1862.63293457 2154.34423828 6.01554679871
1433512471510 lifecam20 1862.57507324 2154.42041016 6.01608610153
1433512471527 lifecam19 1862.66711426 2154.58544922 6.01772165298
1433512471575 lifecam20 1862.66711426 2154.58544922 6.01772165298
1433512471590 lifecam19 1862.7734375 2154.51855469 6.01659536362
1433512471707 lifecam20 1862.75170898 2154.69238281 6.0172495842
1433512471724 lifecam19 1862.79077148 2154.62792969 6.01757049561
1433512471775 lifecam20 1862.93823242 2154.51293945 6.01594877243
1433512471791 lifecam19 1862.97497559 2154.58398438 6.01581144333
1433512471843 lifecam20 1862.97497559 2154.58398438 6.01581144333
