1433512497163 lifecam19 2697.43286133 2075.79418945 6.27927684784
1433512497238 lifecam19 2700.47290039 2076.05273438 0.000479642534629
1433512497299 lifecam19 2683.06225586 2074.61230469 6.27064752579
1433512497364 lifecam19 2662.00537109 2073.88354492 6.26412010193
1433512497432 lifecam19 2638.76269531 2075.1628418 6.27560567856
1433512497500 lifecam19 2620.89013672 2073.31274414 6.25903844833
1433512497575 lifecam19 2599.00537109 2073.88330078 6.2641210556
1433512497641 lifecam19 2578.00585938 2073.88330078 6.26411771774
1433512497706 lifecam19 2560.6940918 2071.79003906 6.24558591843
1433512497768 lifecam19 2541.6472168 2071.03393555 6.2299656868
1433512497832 lifecam19 2522.20068359 2070.29345703 6.21303749084
1433512497900 lifecam19 2503.06494141 2070.49389648 6.20651102066
1433512497968 lifecam19 2482.57080078 2071.57055664 6.2116856575
1433512498032 lifecam19 2462.42285156 2072.25317383 6.20639801025
1433512498100 lifecam19 2440.27978516 2074.02148438 6.21486902237
1433512498167 lifecam19 2421.73046875 2073.44482422 6.19579315186
1433512498240 lifecam19 2402.60302734 2074.52026367 6.18857336044
1433512498297 lifecam19 2382.70874023 2075.65942383 6.18918466568
1433512498371 lifecam19 2361.60107422 2076.81738281 6.18675470352
1433512498429 lifecam19 2341.67456055 2077.40722656 6.17720842361
1433512498499 lifecam19 2322.82470703 2079.18261719 6.17391872406
1433512498568 lifecam19 2303.44165039 2080.14916992 6.17118930817
1433512498635 lifecam19 2282.77563477 2081.38818359 6.16061353683
1433512498699 lifecam19 2262.68652344 2082.13305664 6.15120220184
1433512498767 lifecam19 2242.22998047 2085.19995117 6.15539932251
1433512498836 lifecam19 2222.90112305 2087.09594727 6.14585208893
1433512498908 lifecam19 2202.59375 2089.48193359 6.14878511429
1433512498972 lifecam19 2183.06616211 2090.02001953 6.13259315491
1433512499038 lifecam19 2164.21118164 2092.32324219 6.12904977798
1433512499103 lifecam19 2144.76708984 2093.46679688 6.11768198013
1433512499167 lifecam19 2124.55883789 2095.9921875 6.11299848557
1433512499235 lifecam19 2103.07470703 2099.1730957 6.11632347107
1433512499304 lifecam19 2084.02026367 2100.82958984 6.1009144783
1433512499368 lifecam19 2064.06347656 2104.52490234 6.09850788116
1433512499436 lifecam19 2044.98583984 2106.07641602 6.08515119553
1433512499506 lifecam19 2024.73828125 2110.46411133 6.08665800095
1433512499575 lifecam19 2005.83520508 2112.70068359 6.07786655426
1433512499633 lifecam19 1986.45593262 2115.88037109 6.07446861267
1433512499704 lifecam19 1966.67626953 2119.11230469 6.07043552399
1433512499771 lifecam19 1947.34643555 2121.10839844 6.05716466904
1433512499835 lifecam19 1927.29101562 2125.58007812 6.05208110809
1433512499905 lifecam19 1906.82006836 2130.57617188 6.05756235123
1433512499956 lifecam20 1901.90454102 2148.15136719 6.06636667252
1433512499971 lifecam19 1892.28405762 2149.95361328 6.06116342545
1433512500020 lifecam20 1883.47192383 2150.30859375 6.051466465
1433512500035 lifecam19 1875.2388916 2151.35888672 6.04558563232
1433512500088 lifecam20 1867.69897461 2153.46044922 6.04902696609
1433512500103 lifecam19 1862.34338379 2155.23461914 6.05389404297
1433512500162 lifecam20 1859.49633789 2155.50488281 6.05019569397
1433512500180 lifecam19 1858.77392578 2155.359375 6.04824018478
1433512500221 lifecam20 1859.44213867 2155.40039062 6.04869794846
1433512500234 lifecam19 1860.33374023 2154.84228516 6.04477453232
1433512500292 lifecam20 1860.67907715 2154.25830078 6.04033565521
1433512500310 lifecam19 1860.46411133 2154.76708984 6.04442167282
1433512500356 lifecam20 1860.43139648 2155.07397461 6.04618597031
1433512500371 lifecam19 1860.62268066 2154.17724609 6.04036283493
1433512500427 lifecam20 1860.42871094 2154.37548828 6.04259872437
1433512500441 lifecam19 1860.53540039 2154.60351562 6.04311132431
1433512500487 lifecam20 1860.60009766 2154.36425781 6.04194307327
1433512500503 lifecam19 1860.39648438 2154.85180664 6.04506158829
1433512500557 lifecam20 1860.33178711 2155.09082031 6.04623031616
1433512500572 lifecam19 1860.23742676 2155.27197266 6.0484213829
1433512500625 lifecam20 1860.36730957 2155.3125 6.04734992981
1433512500639 lifecam19 1860.43066406 2155.07788086 6.04620361328
1433512500688 lifecam20 1860.33154297 2155.2644043 6.04845428467
1433512500756 lifecam20 1860.44433594 2155.19921875 6.04728126526
1433512500771 lifecam19 1860.55175781 2154.81933594 6.0440325737
1433512500830 lifecam20 1860.47143555 2154.96411133 6.04510354996
1433512500895 lifecam20 1859.91650391 2153.26049805 6.03512096405
1433512500908 lifecam19 1857.23352051 2150.60839844 6.01948595047
1433512500959 lifecam20 1851.98156738 2143.03881836 5.98946857452
1433512500973 lifecam19 1840.99584961 2138.06738281 5.96707057953
1433512501025 lifecam20 1827.94091797 2124.68701172 5.91898441315
1433512501042 lifecam19 1809.43408203 2117.54589844 5.874979496
1433512501085 lifecam20 1789.22375488 2100.38647461 5.77942085266
