1431696228914 lifecam20 5376 608.589904785 -43.8514900208 4836.36962891 2.1293888092 -2.57596111298 2.05314517021
1431696230242 lifecam20 37599 -1915.53063965 -2596.00244141 9967.21484375 2.35097765923 -1.89400732517 0.0319303870201
1431696230257 lifecam19 37599 -336.802886963 2194.43652344 9107.77929688 -1.85480701923 2.10346055031 -0.37997841835
1431696230312 lifecam20 37599 -1915.08361816 -2702.59936523 10033.7695312 -2.00806427002 1.78123807907 -0.438995927572
1431696230326 lifecam19 37599 -356.737213135 2047.90637207 8866.35742188 -1.96686697006 2.59397435188 0.374553054571
1431696230385 lifecam19 37599 -370.32421875 1996.76611328 8815.32421875 -1.87908923626 2.42254686356 -1.23331236839
1431696230455 lifecam19 37599 -372.450927734 2024.18615723 8891.47070312 -1.85747742653 2.50234818459 0.504057824612
1431696230527 lifecam19 37599 -371.220855713 2017.46508789 8868.95214844 -1.91363894939 2.45914411545 -1.21957027912
1431696230585 lifecam19 37599 -372.196350098 2021.09655762 8884.11816406 -1.84735095501 2.48100709915 0.517389476299
1431696230652 lifecam19 37599 -373.539123535 2029.62609863 8922.91894531 -1.90688371658 2.4717669487 -1.1812505722
1431696230726 lifecam19 37599 -374.26651001 2042.01098633 8952.515625 -1.86245799065 2.49999594688 0.494686543941
1431696230785 lifecam19 37599 -360.344482422 2051.17236328 8852.734375 -1.90714025497 2.42516160011 -1.22136926651
1431696230852 lifecam19 37599 -343.403930664 2076.86157227 8770.48730469 1.85104084015 -2.44871902466 -0.551355421543
1431696230926 lifecam19 37599 -324.387176514 2118.5078125 8699.22363281 -1.86412680149 2.50047802925 0.582536935806
1431696230995 lifecam19 37599 -312.206298828 2192.19335938 8766.97949219 1.84601354599 -2.44049286842 -0.479723900557
1431696231053 lifecam19 37599 -298.981903076 2238.24462891 8757.62988281 -1.91093885899 2.52674221992 0.488633096218
1431696231120 lifecam19 37599 -285.145690918 2301.88183594 8795.16699219 -1.91324436665 2.53075003624 0.475997954607
1431696231194 lifecam19 37599 -270.071166992 2350.91577148 8765.34765625 -1.96396744251 2.41633081436 -1.212225914
1431696231252 lifecam19 37599 -255.107818604 2383.84448242 8682.5703125 -1.94612896442 2.52074384689 0.475630640984
1431696231320 lifecam19 37599 -243.334289551 2440.96435547 8694.80175781 1.83625280857 -2.38812994957 -0.424530446529
1431696231395 lifecam19 37599 -230.206100464 2487.25488281 8681.796875 1.75371313095 -2.12580275536 1.06297934055
1431696231453 lifecam19 37599 -213.330474854 2501.59228516 8542.11132812 1.73695385456 -2.102643013 1.11944282055
1431696231520 lifecam19 37599 -205.115341187 2604.4387207 8700.97460938 -1.98194086552 2.398001194 -1.19540393353
1431696231595 lifecam19 37599 -191.516571045 2634.28173828 8618.96289062 -1.99194121361 2.56948232651 0.430449008942
1431696231663 lifecam19 37599 -179.905776978 2692.05297852 8631.27246094 -2.01196289062 2.38550233841 -1.1856058836
1431696231720 lifecam19 37599 -165.893920898 2716.72290039 8530.22851562 -2.02019333839 2.34689903259 -1.24503219128
1431696231790 lifecam19 37599 -155.731292725 2783.60424805 8560.25683594 -2.0292942524 2.3603246212 -1.23070347309
1431696231863 lifecam19 37599 -145.175567627 2831.58178711 8535.73828125 -2.03722000122 2.58671355247 0.372339755297
1431696231921 lifecam19 37599 -134.386428833 2874.76538086 8500.74023438 -2.03589820862 2.59941029549 0.357598125935
1431696231989 lifecam19 37599 -121.580322266 2896.86108398 8404.35644531 -2.03065562248 2.3191306591 -1.26199257374
1431696232447 lifecam20 39552 404.094665527 292.916778564 2762.77441406 1.34782016277 -0.745719730854 -0.890379011631
1431696233054 lifecam20 37599 -1993.64880371 -959.25604248 9433.49804688 -2.18283867836 1.55255782604 0.748365879059
1431696233116 lifecam20 37599 -2005.8034668 -911.408081055 9438.22167969 2.74767231941 -1.98991572857 -0.907915949821
1431696233254 lifecam20 37599 -2036.39575195 -814.330993652 9477.67675781 2.7799642086 -1.98285460472 -0.831971466541
1431696233453 lifecam20 37599 -2040.3260498 -653.393127441 9326.15722656 -2.23835015297 1.54505825043 0.664797365665
1431696233525 lifecam20 37599 -2039.77355957 -597.932189941 9263.77539062 2.29927682877 -1.84978759289 1.15497636795
1431696233582 lifecam20 37599 -2067.7590332 -551.103942871 9331.2890625 2.7772834301 -1.93652737141 -0.773409128189
1431696233654 lifecam20 37599 -2052.92382812 -494.966186523 9204.5 2.31299996376 -1.84281563759 1.18619990349
1431696233723 lifecam20 39552 405.613983154 293.601654053 2771.6574707 1.35187697411 -0.742001652718 -0.892208755016
1431696233723 lifecam20 37599 -2081.45410156 -468.422821045 9291.20507812 2.77764868736 -1.9207559824 -0.738421261311
1431696233784 lifecam20 37599 -2083.38085938 -457.482910156 9287.02539062 -2.27052593231 1.81818675995 -1.12680315971
1431696233923 lifecam20 37599 -2086.86962891 -455.219451904 9299.10742188 2.75397753716 -1.93721389771 -0.760130345821
1431696233980 lifecam20 37599 -2108.8112793 -461.421142578 9397.87304688 2.28679895401 -1.83862805367 1.05874693394
1431696234051 lifecam20 37599 -2101.17700195 -459.153564453 9363.31542969 -2.24922943115 1.5937166214 0.589582920074
1431696234125 lifecam20 37599 -2101.86694336 -459.475891113 9366.74609375 2.28799319267 -1.84742116928 1.08475244045
1431696234192 lifecam20 37599 -2101.10498047 -459.151855469 9363.20898438 2.28503894806 -1.84415555 1.09096741676
1431696234250 lifecam20 37599 -2076.22094727 -453.309295654 9251.85058594 2.73996210098 -1.92619383335 -0.76923251152
1431696234323 lifecam20 37599 -2083.68896484 -454.846496582 9284.56933594 2.75496125221 -1.93767690659 -0.750575661659
1431696234390 lifecam20 37599 -2101.86694336 -459.475891113 9366.74609375 2.28799319267 -1.84742116928 1.08475244045
1431696234451 lifecam20 37599 -2091.18603516 -456.905975342 9317.63085938 2.30552816391 -1.83866810799 1.09027922153
1431696234523 lifecam20 37599 -2083.68896484 -454.846496582 9284.56933594 2.75496125221 -1.93767690659 -0.750575661659
1431696234592 lifecam20 37599 -2107.15722656 -460.789611816 9389.33300781 2.2892665863 -1.83706092834 1.03999114037
1431696234650 lifecam20 37599 -2080.28930664 -454.53326416 9268.8125 2.29748058319 -1.83692359924 1.0993398428
1431696234718 lifecam20 37599 -2080.28930664 -454.53326416 9268.8125 2.29748058319 -1.83692359924 1.0993398428
1431696234792 lifecam20 37599 -2080.28930664 -454.53326416 9268.8125 2.29748058319 -1.83692359924 1.0993398428
1431696234860 lifecam20 37599 -2074.26196289 -452.805267334 9241.60449219 2.74971842766 -1.9379825592 -0.76650416851
1431696234918 lifecam20 37599 -2098.40112305 -458.89855957 9349.44824219 2.28375506401 -1.83994555473 1.05537474155
1431696234989 lifecam20 37599 -2083.68896484 -454.846496582 9284.56933594 2.75496125221 -1.93767690659 -0.750575661659
1431696235059 lifecam20 37599 -2083.1940918 -455.644439697 9283.38476562 2.29687428474 -1.83804190159 1.08956825733
