1433512277755 lifecam19 2629.29199219 2032.14892578 6.13643693924
1433512277827 lifecam19 2651.94897461 2043.18847656 6.19897174835
1433512277894 lifecam19 2674.14794922 2058.63378906 6.23304367065
1433512278027 lifecam19 2710.97167969 2076.05419922 0.00049239792861
1433512278093 lifecam19 2703.97167969 2076.05419922 0.000492159510031
1433512278161 lifecam19 2690.45629883 2073.81982422 6.26355361938
1433512278234 lifecam19 2670.68139648 2074.77539062 6.27211427689
1433512278296 lifecam19 2647.21972656 2074.28662109 6.26772546768
1433512278364 lifecam19 2626.66845703 2074.02856445 6.265417099
1433512278428 lifecam19 2607.49487305 2073.32983398 6.25918960571
1433512278495 lifecam19 2587.01293945 2072.77636719 6.25427913666
1433512278561 lifecam19 2568.05664062 2071.52270508 6.24455118179
1433512278621 lifecam19 2547.71240234 2071.859375 6.24759912491
1433512278703 lifecam19 2526.47387695 2072.01416016 6.24755764008
1433512278761 lifecam19 2508.27294922 2071.55224609 6.23522043228
1433512278830 lifecam19 2489.82568359 2070.75634766 6.21442508698
1433512278896 lifecam19 2470.59082031 2070.71484375 6.20466566086
1433512278966 lifecam19 2448.56933594 2072.1003418 6.20828723907
1433512279096 lifecam19 2409.12719727 2074.40014648 6.19998168945
1433512279162 lifecam19 2389.09643555 2074.75634766 6.19107627869
1433512279230 lifecam19 2369.36938477 2075.08691406 6.18597316742
1433512279289 lifecam19 2348.10717773 2077.79003906 6.19665670395
1433512279363 lifecam19 2330.58422852 2077.30834961 6.17385196686
1433512279436 lifecam19 2310.85693359 2078.27929688 6.16677808762
1433512279495 lifecam19 2289.69921875 2080.87744141 6.171459198
1433512279566 lifecam19 2270.37060547 2081.80395508 6.15766954422
1433512279632 lifecam19 2249.78222656 2085.33081055 6.16376924515
1433512279696 lifecam19 2229.64160156 2086.35131836 6.15261268616
1433512279830 lifecam19 2191.22265625 2089.10620117 6.13500356674
1433512279897 lifecam19 2171.34985352 2091.56347656 6.13358354568
1433512279958 lifecam19 2151.5871582 2093.11425781 6.12603664398
1433512280032 lifecam19 2132.71704102 2094.11450195 6.11138725281
1433512280098 lifecam19 2110.8527832 2098.70947266 6.12157535553
1433512280235 lifecam19 2070.70141602 2104.56274414 6.11012125015
1433512280292 lifecam19 2052.09521484 2105.57910156 6.09244918823
1433512280364 lifecam19 2033.20288086 2109.31689453 6.09256982803
1433512280431 lifecam19 2013.73535156 2111.76416016 6.08296632767
1433512280497 lifecam19 1993.56225586 2115.76464844 6.08050251007
1433512280566 lifecam19 1974.22070312 2117.88598633 6.07472085953
1433512280631 lifecam19 1954.14025879 2122.0390625 6.07182407379
1433512280696 lifecam19 1933.84960938 2125.85546875 6.06707572937
1433512280771 lifecam19 1914.73925781 2130.16015625 6.05996847153
1433512280825 lifecam20 1909.70373535 2147.47119141 6.07006502151
1433512280831 lifecam19 1899.93725586 2149.02246094 6.0660610199
1433512280951 lifecam20 1882.50146484 2151.48583984 6.05589723587
1433512280964 lifecam19 1866.83642578 2155.50390625 6.0579419136
1433512281018 lifecam20 1862.15246582 2157.73828125 6.06559753418
1433512281032 lifecam19 1860.12280273 2158.20654297 6.06342887878
1433512281086 lifecam20 1859.69628906 2157.55102539 6.05742788315
1433512281099 lifecam19 1860.08557129 2156.85107422 6.05447006226
1433512281150 lifecam20 1860.45776367 2156.5246582 6.05208778381
1433512281165 lifecam19 1860.46606445 2156.51074219 6.05109405518
1433512281218 lifecam20 1860.14550781 2156.78662109 6.05378103256
1433512281232 lifecam19 1860.25341797 2156.74731445 6.05360364914
1433512281287 lifecam20 1860.3684082 2156.68310547 6.05242347717
1433512281301 lifecam19 1860.29443359 2156.38720703 6.05236768723
1433512281350 lifecam20 1860.17944336 2156.45166016 6.05354785919
1433512281364 lifecam19 1860.32226562 2156.62524414 6.05266237259
1433512281421 lifecam20 1860.32226562 2156.62524414 6.05266237259
1433512281437 lifecam19 1860.32226562 2156.62524414 6.05266237259
1433512281491 lifecam20 1860.33422852 2156.73706055 6.05281448364
1433512281500 lifecam19 1860.1574707 2156.8984375 6.05393362045
1433512281555 lifecam20 1860.17199707 2157.07348633 6.055519104
1433512281567 lifecam19 1860.17590332 2157.20703125 6.05758666992
1433512281689 lifecam20 1860.61315918 2156.67431641 6.05194282532
1433512281694 lifecam19 1860.54077148 2156.66845703 6.05258750916
1433512281754 lifecam20 1860.29589844 2156.81689453 6.05514383316
