1431696608239 lifecam22 5376 3301.17773438 -770.602233887 6365.08642578 -1.18782758713 1.54988670349 1.26095914841
1431696609774 lifecam22 5376 3274.17163086 -764.618041992 6310.49707031 -1.17344510555 1.55271303654 1.26461613178
1431696610843 lifecam19 37599 -334.989959717 2205.14477539 9011.16308594 -1.83621227741 2.01612210274 -0.308406919241
1431696610840 lifecam20 37599 -1921.2668457 -2579.56079102 9966.63378906 -1.86269593239 1.47344779968 0.0672891139984
1431696610909 lifecam20 37599 -1934.29711914 -2669.94604492 10081.1279297 2.49016499519 -2.03120827675 -0.292276203632
1431696610917 lifecam19 37599 -346.197296143 2129.34692383 9004.4765625 1.718495965 -2.20708799362 -0.0860554426908
1431696610972 lifecam20 37599 -1868.59313965 -2648.7019043 9760.31640625 -2.09687066078 1.69393467903 0.809654533863
1431696610988 lifecam19 37599 -362.868713379 2064.41162109 8934.66699219 1.78216278553 -2.25145339966 0.975706636906
1431696611046 lifecam19 37599 -374.01449585 2031.71557617 8913.94042969 -1.87872040272 2.45936274529 -1.18363416195
1431696611115 lifecam19 37599 -371.761962891 2019.7265625 8858.71484375 -1.89230978489 2.47062158585 -1.20867335796
1431696611189 lifecam19 37599 -373.040039062 2027.07299805 8890.29589844 -1.88850426674 2.46430706978 -1.19405269623
1431696611248 lifecam19 37599 -372.155426025 2022.88659668 8872.13476562 -1.88028740883 2.45848226547 -1.21024644375
1431696611313 lifecam19 37599 -369.448730469 2021.91955566 8842.39355469 -1.83706271648 2.50016903877 0.532734274864
1431696611387 lifecam19 37599 -359.916503906 2055.62329102 8846.98925781 1.68316733837 -2.19872045517 1.06486010551
1431696611447 lifecam19 37599 -344.257019043 2104.69140625 8836.01464844 -1.85194981098 2.51204872131 0.494711756706
1431696611510 lifecam19 37599 -326.851623535 2169.00634766 8846.36425781 1.68882250786 -2.18150377274 1.05130338669
1431696611589 lifecam19 37599 -309.127502441 2201.92163086 8766.6171875 -1.91548931599 2.44462561607 -1.23024725914
1431696611656 lifecam19 37599 -297.256744385 2258.87084961 8794.79296875 -1.92542099953 2.43277049065 -1.19823777676
1431696611718 lifecam19 37599 -281.600067139 2307.68579102 8766.51269531 1.83310842514 -2.44320058823 -0.434586465359
1431696611724 lifecam22 5376 1310.98095703 290.95690918 2208.99267578 -1.43069708347 2.1301472187 -0.945036768913
1431696611788 lifecam19 37599 -297.914215088 2632.05371094 9765.49414062 -1.9784232378 2.6043446064 -0.0853924751282
1431696611858 lifecam19 37599 -252.721847534 2402.5078125 8718.65136719 1.70669186115 -2.14242577553 1.06577408314
1431696611917 lifecam19 37599 -239.674819946 2455.81738281 8712.46875 1.73010027409 -2.15985655785 1.05963563919
1431696611994 lifecam19 37599 -224.4947052 2488.4440918 8639.71679688 -1.9617613554 2.40902018547 -1.25607073307
1431696612057 lifecam19 37599 -212.765563965 2562.12524414 8704.34765625 1.81528317928 -2.39681100845 -0.350313574076
1431696612117 lifecam19 37599 -199.300216675 2613.1418457 8694.01953125 -1.97523832321 2.4115626812 -1.1891067028
1431696612180 lifecam19 37599 -185.880371094 2644.04589844 8616.98730469 1.7511382103 -2.10635209084 1.06088018417
1431696612252 lifecam19 37599 -174.625579834 2710.95507812 8654.71777344 -2.00213432312 2.39182662964 -1.17484378815
1431696612326 lifecam19 37599 -160.91645813 2743.71362305 8576.41210938 -2.00609922409 2.37169003487 -1.20788908005
1431696612386 lifecam19 37599 -149.727478027 2798.38208008 8577.21582031 -2.00356054306 2.37065815926 -1.20818567276
1431696612393 lifecam22 5376 3265.38916016 -762.586120605 6296.32324219 -1.19380867481 1.53980100155 1.24750316143
1431696612458 lifecam19 37599 -137.411636353 2834.43041992 8514.54980469 1.78978216648 -2.34175133705 -0.334767371416
1431696612524 lifecam19 37599 -126.799530029 2883.29614258 8492.17285156 1.80628466606 -2.32949209213 -0.301116257906
1431696612584 lifecam19 37599 -113.986953735 2881.62182617 8331.33300781 1.84473240376 -2.32685303688 -0.429336160421
1431696612787 lifecam22 5376 3293.1027832 -768.72479248 6350.02050781 -1.19247186184 1.55035984516 1.25416207314
1431696613453 lifecam22 5376 3284.421875 -766.887634277 6332.87109375 -1.19131088257 1.55182027817 1.25788998604
1431696613572 lifecam20 37599 -1977.5592041 -1000.35186768 9460.27734375 2.73704886436 -1.98165464401 -0.935565531254
1431696613644 lifecam20 37599 -1984.63037109 -948.252197266 9446.23828125 2.74290800095 -1.99992632866 -0.899550497532
1431696613712 lifecam20 37599 -1996.47216797 -896.768859863 9448.5078125 -2.17467021942 1.58459186554 0.704995393753
1431696613841 lifecam20 37599 -2011.42907715 -795.286071777 9424.79199219 2.2633266449 -1.88754725456 1.09220373631
1431696613913 lifecam20 37599 -2020.90795898 -743.698608398 9415.51953125 2.26304841042 -1.89750397205 1.08181738853
1431696614040 lifecam20 37599 -2021.92480469 -636.733642578 9309.41699219 2.28350710869 -1.86063945293 1.12577700615
1431696614113 lifecam20 37599 -2026.51928711 -585.184875488 9278.4765625 -2.25176668167 1.58868920803 0.675900816917
1431696614178 lifecam20 37599 -2043.2947998 -535.785522461 9298.12695312 2.30079960823 -1.85008370876 1.11459064484
1431696614248 lifecam20 37599 -2040.09973145 -482.932556152 9223.61523438 2.30126690865 -1.85097694397 1.13190829754
1431696614318 lifecam20 37599 -2039.97937012 -455.952606201 9190.421875 2.74841928482 -1.94221162796 -0.781101763248
1431696614374 lifecam20 37599 -2060.89819336 -450.792327881 9274.31152344 -2.2566857338 1.59385919571 0.614295184612
1431696614439 lifecam20 37599 -2067.33422852 -452.52645874 9302.96972656 2.76600980759 -1.96076202393 -0.723794996738
1431696614508 lifecam20 37599 -2062.44238281 -451.199859619 9280.45898438 2.2948114872 -1.86182868481 1.12129890919
1431696614586 lifecam20 37599 -2053.12304688 -450.15411377 9239.6875 2.76772499084 -1.95293033123 -0.753269791603
1431696614642 lifecam20 37599 -2070.42993164 -453.327423096 9317.59472656 -2.25231981277 1.59709322453 0.584900915623
1431696614707 lifecam20 37599 -2053.33618164 -449.733825684 9240.21875 2.76956057549 -1.9526065588 -0.757921516895
1431696614781 lifecam20 37599 -2062.41723633 -451.56072998 9278.82910156 2.7458999157 -1.95491266251 -0.743618249893
1431696614841 lifecam20 37599 -2056.76269531 -449.790557861 9254.21289062 -2.24877095222 1.58395183086 0.611197590828
1431696614911 lifecam20 37599 -2072.52783203 -453.780181885 9324.30175781 2.74360656738 -1.95371997356 -0.732097506523
1431696614984 lifecam20 37599 -2060.33447266 -450.854217529 9270.56738281 -2.24499607086 1.58608162403 0.601329922676
1431696615041 lifecam20 37599 -2053.02539062 -449.40145874 9237.95703125 2.75708794594 -1.95131623745 -0.76644963026
1431696615112 lifecam20 37599 -2058.52636719 -450.611083984 9261.93164062 2.75303697586 -1.9521882534 -0.748860955238
1431696615179 lifecam20 37599 -2057.94604492 -450.199462891 9259.68359375 2.76467037201 -1.95124328136 -0.742837071419
1431696615250 lifecam20 37599 -2063.30224609 -451.787719727 9284.10644531 -2.24478650093 1.58233368397 0.593243777752
1431696615309 lifecam20 37599 -2056.06225586 -449.652435303 9250.46484375 2.75339245796 -1.94654846191 -0.761055648327
1431696615382 lifecam20 37599 -2060.03442383 -450.799346924 9269.11914062 -2.25220322609 1.58618164062 0.595363020897
