1431696526846 lifecam19 37599 -370.531585693 2015.79772949 8882.08691406 -1.8716032505 2.45307588577 -1.24080169201
1431696526924 lifecam19 37599 -371.821563721 2031.59997559 8904.72753906 -1.84980118275 2.49021267891 0.52827590704
1431696526984 lifecam19 37599 -371.432189941 2027.19726562 8887.62597656 -1.85462975502 2.50997614861 0.529338777065
1431696527051 lifecam19 37599 -372.121337891 2031.35253906 8905.25195312 -1.85504579544 2.50665688515 0.523497700691
1431696527127 lifecam19 37599 -371.872650146 2031.8692627 8908.53222656 1.83615100384 -2.47905731201 -0.515295863152
1431696527184 lifecam19 37599 -371.020355225 2039.39916992 8914.76757812 -1.86462605 2.49333930016 0.512016952038
1431696527247 lifecam19 37599 -356.983337402 2045.69055176 8796.46191406 1.69426095486 -2.14724159241 1.09506690502
1431696527324 lifecam19 37599 -345.80581665 2104.47900391 8851.81347656 1.6954189539 -2.1560997963 1.07381427288
1431696527390 lifecam19 37599 -327.630279541 2156.08105469 8811.42578125 -1.88844776154 2.50549912453 0.514075636864
1431696527452 lifecam19 37599 -312.2159729 2209.96411133 8796.52539062 -1.89593017101 2.49224615097 0.500449538231
1431696527515 lifecam19 37599 -300.072601318 2262.86206055 8813.00097656 -1.90957927704 2.51470994949 0.479196101427
1431696527592 lifecam19 37599 -283.14944458 2298.4909668 8742.98535156 1.73195791245 -2.13645982742 1.09807479382
1431696527652 lifecam19 37599 -268.179718018 2342.52319336 8698.49511719 1.82551288605 -2.39545941353 -0.472899198532
1431696527715 lifecam19 37599 -258.026489258 2412.85205078 8756.04882812 -1.94564390182 2.52476763725 0.438595235348
1431696527796 lifecam19 37599 -244.235610962 2461.23388672 8733.45507812 -1.97826910019 2.38734126091 -1.18439984322
1431696527851 lifecam19 37599 -228.93862915 2487.87597656 8640.00390625 -1.98709893227 2.38237333298 -1.21328651905
1431696527914 lifecam19 37599 -216.551956177 2545.00732422 8653.55761719 -1.98126280308 2.3750565052 -1.22161734104
1431696527993 lifecam19 37599 -204.139556885 2597.50097656 8634.01171875 1.83905029297 -2.35279273987 -0.385492533445
1431696528052 lifecam19 37599 -191.838928223 2637.46459961 8592.65527344 1.78730797768 -2.0986893177 1.09918475151
1431696528114 lifecam19 37599 -178.447982788 2663.73681641 8508.67773438 -2.00838494301 2.3322622776 -1.25935304165
1431696528194 lifecam19 37599 -167.524551392 2739.34716797 8569.07324219 -2.02713632584 2.35718512535 -1.2487616539
1431696528255 lifecam19 37599 -156.844207764 2794.00439453 8560.44726562 1.81689250469 -2.32337474823 -0.335642307997
1431696528313 lifecam19 5376 -420.16116333 2886.44335938 8597.046875 0.236093148589 2.20840787888 -0.0939280465245
1431696528313 lifecam19 37599 -144.233779907 2816.52416992 8458.67382812 -2.02862238884 2.33534359932 -1.25535035133
1431696528387 lifecam19 37599 -150.442718506 3200.26489258 9421.32617188 -2.11052489281 2.60734391212 -0.108754761517
1431696528463 lifecam19 37599 -123.533256531 2890.41650391 8357.01660156 1.84842693806 -2.30172109604 -0.419918805361
1431696529842 lifecam20 37599 -2033.97497559 -694.120300293 9326.33496094 -2.25306987762 1.82707715034 -1.1327495575
1431696529914 lifecam20 37599 -2053.95141602 -647.998168945 9361.23828125 2.78610086441 -1.94859290123 -0.783522129059
1431696529988 lifecam20 37599 -2052.42114258 -592.599487305 9295.34375 2.29299712181 -1.84967565536 1.14825987816
1431696530048 lifecam20 37599 -2059.20581055 -539.725097656 9264.48339844 2.75675439835 -1.93057847023 -0.802731275558
1431696530118 lifecam20 37599 -2079.49609375 -491.330352783 9292.45214844 2.31555724144 -1.83806610107 1.10747361183
1431696530187 lifecam20 37599 -2084.7253418 -460.578979492 9276.23046875 2.77849650383 -1.92267417908 -0.727752625942
1431696530245 lifecam20 37599 -2091.9140625 -451.721435547 9295.28613281 2.3024892807 -1.83001041412 1.10596680641
1431696530319 lifecam20 37599 -2071.44482422 -444.664825439 9202.17675781 2.73961520195 -1.91004896164 -0.777308166027
1431696530390 lifecam20 37599 -2098.84350586 -452.059967041 9324.88671875 2.29915738106 -1.83538758755 1.08364379406
1431696530444 lifecam20 37599 -2094.42285156 -451.428619385 9305.50878906 -2.30582976341 1.8342436552 -1.09653961658
1431696530509 lifecam20 37599 -2067.30029297 -445.157745361 9184.23339844 2.31308507919 -1.83289837837 1.14383304119
1431696530584 lifecam20 37599 -2085.50219727 -448.824127197 9264.38574219 2.3161137104 -1.8374761343 1.13145315647
1431696530647 lifecam20 37599 -2093.24121094 -450.851165771 9300.04394531 2.30731081963 -1.8355461359 1.09512627125
1431696530714 lifecam20 37599 -2096.91699219 -451.546813965 9315.53710938 2.30534243584 -1.83752477169 1.09652626514
1431696530785 lifecam20 37599 -2076.02075195 -446.608215332 9223.36914062 2.31529927254 -1.82994580269 1.13267278671
1431696530862 lifecam20 37599 -2090.5456543 -450.3253479 9288.14355469 -2.29918503761 1.82608246803 -1.09697878361
1431696530918 lifecam20 37599 -2089.29589844 -450.063415527 9282.61035156 2.31014442444 -1.83345365524 1.10599017143
1431696530983 lifecam20 37599 -2079.58911133 -447.512023926 9239.41113281 2.31125712395 -1.83148229122 1.12727105618
1431696531060 lifecam20 37599 -2096.08740234 -451.5909729 9312.78710938 -2.30530357361 1.83705115318 -1.09026491642
1431696531113 lifecam20 37599 -2078.24438477 -447.37387085 9232.78320312 2.32748913765 -1.8308788538 1.1319642067
1431696531177 lifecam20 37599 -2070.41650391 -440.318572998 9233.47265625 -2.32385659218 1.73991918564 -1.08992695808
1431696531256 lifecam20 37599 -2055.44213867 -424.723388672 9200.70410156 -2.45776414871 1.50355350971 0.461905092001
1431696531314 lifecam20 37599 -2076.20043945 -401.921356201 9283.15332031 -2.61144161224 1.58509171009 0.0840730518103
1431696531382 lifecam20 37599 -2067.02685547 -342.997467041 9110.73632812 -2.30399608612 1.54177033901 -0.451688557863
