1433513228631 lifecam19 2707.47314453 2076.05224609 0.00047666230239
1433513228697 lifecam19 2707.47314453 2076.05249023 0.000477615976706
1433513228772 lifecam19 2707.47314453 2076.05249023 0.000477615976706
1433513228831 lifecam19 2707.47314453 2076.05224609 0.00047666230239
1433513228903 lifecam19 2707.47314453 2076.05249023 0.000477615976706
1433513228972 lifecam19 2707.47314453 2076.05224609 0.00047666230239
1433513229042 lifecam19 2707.47314453 2076.05249023 0.000477615976706
1433513229107 lifecam19 2707.47314453 2076.05224609 0.00047666230239
1433513229167 lifecam19 2707.47314453 2076.05249023 0.000477615976706
1433513229239 lifecam19 2707.47314453 2076.05249023 0.000477615976706
1433513229297 lifecam19 2707.47314453 2076.05249023 0.000477615976706
1433513229367 lifecam19 2707.47314453 2076.05249023 0.000477615976706
1433513229439 lifecam19 2707.69604492 2075.58178711 6.27939081192
1433513229504 lifecam19 2707.47314453 2076.05224609 0.00047666230239
1433513229566 lifecam19 2707.47314453 2076.05249023 0.000477615976706
1433513229632 lifecam19 2707.47314453 2076.05249023 0.000477615976706
1433513229706 lifecam19 2707.47314453 2076.05249023 0.000477615976706
1433513229766 lifecam19 2707.47314453 2076.05249023 0.000477615976706
1433513229839 lifecam19 2707.47314453 2076.05249023 0.000477615976706
1433513229908 lifecam19 2707.47314453 2076.05249023 0.000477615976706
1433513229966 lifecam19 2707.47314453 2076.05224609 0.00047666230239
1433513230033 lifecam19 2707.47314453 2076.05249023 0.000477615976706
1433513230107 lifecam19 2707.47314453 2076.05249023 0.000477615976706
1433513230165 lifecam19 2707.47314453 2076.05249023 0.000477615976706
1433513230242 lifecam19 2707.47314453 2076.05224609 0.00047666230239
1433513230308 lifecam19 2707.47314453 2076.05224609 0.00047666230239
1433513230367 lifecam19 2707.47314453 2076.05249023 0.000477615976706
1433513230432 lifecam19 2707.47314453 2076.05224609 0.00047666230239
1433513230508 lifecam19 2707.47314453 2076.05224609 0.00047666230239
1433513230575 lifecam19 2707.47314453 2076.05224609 0.00047666230239
1433513230633 lifecam19 2707.47314453 2076.05249023 0.000477615976706
1433513230702 lifecam19 2707.47314453 2076.05249023 0.000477615976706
1433513230782 lifecam19 2707.47314453 2076.05224609 0.00047666230239
1433513230833 lifecam19 2707.47314453 2076.05249023 0.000477615976706
1433513230909 lifecam19 2707.47314453 2076.05224609 0.00047666230239
1433513230975 lifecam19 2707.47314453 2076.05249023 0.000477615976706
1433513231033 lifecam19 2707.47314453 2076.05249023 0.000477615976706
1433513231102 lifecam19 2707.47314453 2076.05249023 0.000477615976706
1433513231175 lifecam19 2707.47314453 2076.05249023 0.000477615976706
1433513231243 lifecam19 2707.47314453 2076.05249023 0.000477615976706
1433513231302 lifecam19 2707.47314453 2076.05249023 0.000477615976706
1433513231368 lifecam19 2707.47314453 2076.05224609 0.00047666230239
1433513231447 lifecam19 2707.47314453 2076.05224609 0.00047666230239
1433513231502 lifecam19 2707.47314453 2076.05249023 0.000477615976706
1433513231573 lifecam19 2707.47314453 2076.05249023 0.000477615976706
1433513231645 lifecam19 2707.47314453 2076.05249023 0.000477615976706
1433513231700 lifecam19 2707.47314453 2076.05249023 0.000477615976706
1433513231769 lifecam19 2707.47314453 2076.05249023 0.000477615976706
1433513231842 lifecam19 2707.47314453 2076.05249023 0.000477615976706
1433513231900 lifecam19 2707.47314453 2076.05224609 0.00047666230239
1433513231970 lifecam19 2707.47314453 2076.05249023 0.000477615976706
1433513232042 lifecam19 2707.47314453 2076.05249023 0.000477615976706
1433513232116 lifecam19 2707.47314453 2076.05249023 0.000477615976706
1433513232176 lifecam19 2707.47314453 2076.05249023 0.000477615976706
1433513232246 lifecam19 2707.47314453 2076.05249023 0.000477615976706
1433513232310 lifecam19 2707.47314453 2076.05249023 0.000477615976706
1433513232368 lifecam19 2707.47314453 2076.05249023 0.000477615976706
1433513232437 lifecam19 2707.47314453 2076.05224609 0.00047666230239
1433513232510 lifecam19 2707.47314453 2076.05224609 0.00047666230239
1433513232568 lifecam19 2707.47314453 2076.05249023 0.000477615976706
1433513232636 lifecam19 2707.47314453 2076.05249023 0.000477615976706
1433513232711 lifecam19 2707.47314453 2076.05249023 0.000477615976706
1433513232768 lifecam19 2707.47314453 2076.05249023 0.000477615976706
1433513232849 lifecam19 2707.47314453 2076.05224609 0.00047666230239
1433513232905 lifecam19 2707.47314453 2076.05249023 0.000477615976706
1433513232985 lifecam19 2707.47314453 2076.05249023 0.000477615976706
