1431695252857 lifecam20 37599 -1881.5279541 -2679.64575195 9848.08398438 -2.18543672562 1.70410192013 0.684771478176
1431695252877 lifecam19 37599 -361.597167969 2078.80957031 9009.07519531 1.88317024708 -2.26231980324 0.912476480007
1431695252944 lifecam19 37599 -376.49420166 2033.97558594 8977.49121094 -1.88592326641 2.48817873001 0.550709545612
1431695253011 lifecam19 37599 -374.281311035 2021.78540039 8896.55566406 -1.8737102747 2.46285939217 0.553947031498
1431695253079 lifecam19 37599 -378.355102539 2042.32641602 8992.02832031 -1.87832081318 2.47673273087 0.501056730747
1431695253136 lifecam19 37599 -373.915802002 2043.01013184 8944.53417969 1.86561048031 -2.43998074532 -0.537359297276
1431695253210 lifecam19 37599 -360.253417969 2067.63891602 8876.62792969 -1.87883424759 2.46669769287 0.554041683674
1431695253279 lifecam19 37599 -350.39831543 2136.78295898 8956.20507812 -1.88906371593 2.48467612267 0.496535480022
1431695253338 lifecam19 37599 -332.204833984 2185.17333984 8892.23535156 -1.89632475376 2.49029564857 0.496073126793
1431695253409 lifecam19 37599 -317.825012207 2241.68505859 8898.87890625 -1.92217719555 2.43186211586 -1.20043063164
1431695253479 lifecam19 37599 -301.753173828 2284.046875 8854.78710938 -1.9033087492 2.50171351433 0.504018187523
1431695253547 lifecam19 37599 -288.407684326 2350.66186523 8890.76660156 -1.93268764019 2.43162322044 -1.17802751064
1431695253611 lifecam19 37599 -271.266143799 2375.63012695 8777.84277344 -1.92173600197 2.53144335747 0.495582550764
1431695253678 lifecam19 37599 -258.102508545 2441.4987793 8817.66699219 1.82327437401 -2.40320181847 -0.431746959686
1431695253747 lifecam19 37599 -241.384017944 2477.05053711 8740.85546875 -1.92689609528 2.41012096405 -1.23867666721
1431695253804 lifecam19 37599 -227.349060059 2531.69042969 8741.4609375 -1.94609665871 2.42120265961 -1.23699724674
1431695253878 lifecam19 37599 -213.19152832 2588.89526367 8745.13378906 -1.91806089878 2.41773176193 -1.20812237263
1431695253946 lifecam19 37599 -198.90222168 2634.03369141 8709.02441406 1.72101211548 -2.13770699501 1.08194077015
1431695254005 lifecam19 37599 -183.24911499 2681.09863281 8676.86035156 -1.93236029148 2.39529013634 -1.23890531063
1431695254080 lifecam19 37599 -168.205276489 2737.33544922 8672.17773438 1.72439539433 -2.15019178391 1.08843481541
1431695254147 lifecam19 37599 -152.077087402 2753.31103516 8549.39941406 1.70632433891 -2.12103557587 1.13717114925
1431695254214 lifecam19 37599 -139.582168579 2814.59667969 8566.0859375 -1.94643688202 2.64971089363 0.389900803566
1431695254279 lifecam19 37599 -123.4139328 2863.1159668 8539.35449219 -1.93266046047 2.38768172264 -1.25372684002
1431695254346 lifecam19 37599 -109.6067276 2930.98388672 8574.28710938 -1.9276791811 2.41617226601 -1.21638679504
1431695255061 lifecam20 37599 -1912.70983887 -1222.1463623 9641.32617188 2.15912556648 -2.11043572426 1.10282194614
1431695255193 lifecam20 37599 -1906.67932129 -1107.80786133 9586.16796875 2.59223222733 -2.16826248169 -0.968867182732
1431695255261 lifecam20 37599 -1931.52502441 -1066.61450195 9695.91308594 2.14525747299 -2.15193152428 1.098564744
1431695255329 lifecam20 37599 -1901.52197266 -997.390808105 9526.53027344 -2.09933662415 2.03399443626 -1.04455912113
1431695255461 lifecam20 37599 -1913.25109863 -891.873291016 9558.33789062 -2.07211279869 1.77690386772 0.768145084381
1431695255529 lifecam20 37599 -1908.43896484 -835.931030273 9526.61621094 2.56502628326 -2.17003440857 -0.884981334209
1431695255597 lifecam20 37599 -1877.94238281 -767.014099121 9356.87792969 -2.08827805519 1.79815709591 0.830205142498
1431695255662 lifecam20 37599 -1901.80615234 -723.019836426 9462.3984375 -2.08680844307 2.01407051086 -1.05616629124
1431695255729 lifecam20 37599 -1916.3704834 -674.109924316 9533.25 2.54185891151 -2.1777203083 -0.82650077343
1431695255797 lifecam20 37599 -1927.43811035 -620.590209961 9555.953125 2.54089641571 -2.18519830704 -0.811300516129
1431695255862 lifecam20 37599 -1917.0814209 -562.921691895 9504.38574219 2.52327275276 -2.17170476913 -0.800272166729
1431695255929 lifecam20 37599 -1925.13049316 -511.443328857 9512.24023438 2.51595211029 -2.17551422119 -0.778441309929
1431695255997 lifecam20 37599 -1899.42919922 -450.630615234 9385.03417969 2.49660491943 -2.14033603668 -0.804523766041
1431695256067 lifecam20 37599 -1892.30444336 -422.459228516 9348.64941406 2.16426491737 -2.06801128387 1.11792600155
1431695256130 lifecam20 37599 -1920.19848633 -421.427185059 9485.81054688 2.5101954937 -2.18486571312 -0.751840174198
1431695256196 lifecam20 37599 -1888.8026123 -414.378051758 9326.11914062 2.5059132576 -2.19096684456 -0.807023763657
1431695256265 lifecam20 37599 -1917.24230957 -420.704284668 9469.37402344 2.52761459351 -2.19109129906 -0.759622216225
1431695256397 lifecam20 37599 -1895.00878906 -416.182250977 9356.88574219 2.48941469193 -2.19718551636 -0.809981524944
1431695256464 lifecam20 37599 -1903.1192627 -417.830505371 9396.95410156 2.50274729729 -2.19702529907 -0.782090365887
1431695256530 lifecam20 37599 -1926.79040527 -423.103912354 9517.48632812 2.53074645996 -2.19390463829 -0.739934742451
1431695256596 lifecam20 37599 -1890.67407227 -414.805847168 9337.16308594 2.49507045746 -2.18284440041 -0.815052509308
1431695256665 lifecam20 37599 -1886.32409668 -414.261779785 9312.60839844 2.48719644547 -2.18950271606 -0.829114735126
1431695256729 lifecam20 37599 -1908.71862793 -418.93762207 9426.34570312 2.51564121246 -2.19650125504 -0.77180492878
1431695256797 lifecam20 37599 -1892.00427246 -415.368225098 9341.92285156 2.51133871078 -2.19544363022 -0.809658527374
1431695256864 lifecam20 37599 -1889.29260254 -414.699523926 9328.52441406 -2.08960604668 1.8267365694 0.673735260963
1431695256996 lifecam20 37599 -1880.79821777 -412.830688477 9287.40136719 -2.09271430969 1.82922267914 0.702149450779
1431695257065 lifecam20 37599 -1894.03820801 -416.111602783 9352.85546875 2.50366568565 -2.18827819824 -0.78828150034
