1431695696632 lifecam19 37599 -356.389282227 2035.63671875 8842.13671875 -1.96074151993 2.56763029099 0.438171178102
1431695696698 lifecam19 37599 -374.335266113 2026.22375488 8944.22167969 1.83326029778 -2.45986437798 -0.502232849598
1431695696758 lifecam19 37599 -370.321075439 2015.71740723 8863.69042969 -1.88623309135 2.44432234764 -1.23571443558
1431695696835 lifecam19 37599 -364.882995605 2020.09753418 8826.60351562 1.67548429966 -2.17825865746 1.11643815041
1431695696902 lifecam19 37599 -356.35055542 2085.41113281 8918.65625 -1.87872004509 2.44347238541 -1.19687068462
1431695696966 lifecam19 37599 -336.306335449 2113.02246094 8807.41015625 -1.88637924194 2.43945193291 -1.22610533237
1431695697033 lifecam19 37599 -317.832122803 2172.50756836 8795.66503906 -1.89829552174 2.41580843925 -1.21111178398
1431695697101 lifecam19 37599 -301.707000732 2220.07836914 8776.84082031 1.79981696606 -2.45049619675 -0.48903849721
1431695697166 lifecam19 37599 -285.891937256 2268.75170898 8758.43945312 1.68488883972 -2.18549537659 1.08135724068
1431695697226 lifecam19 37599 -269.319458008 2315.68383789 8720.95410156 1.782579422 -2.446798563 -0.458506941795
1431695697303 lifecam19 37599 -252.759277344 2368.41064453 8717.9921875 1.70350372791 -2.1778421402 1.08927285671
1431695697367 lifecam19 37599 -234.44178772 2397.85839844 8626.66894531 -1.87307322025 2.59726691246 0.496172308922
1431695697425 lifecam19 37599 -220.362762451 2474.83837891 8704.18164062 -1.90395390987 2.43992424011 -1.194226861
1431695697501 lifecam19 37599 -204.931671143 2525.5378418 8697.26464844 1.70349514484 -2.20714378357 1.07564091682
1431695697570 lifecam19 37599 -186.417404175 2542.11450195 8568.109375 -1.90280926228 2.41651415825 -1.24993562698
1431695697634 lifecam19 37599 -171.759277344 2616.1953125 8625.71875 -1.90268969536 2.65534996986 0.404065340757
1431695697701 lifecam19 37599 -155.930023193 2676.94555664 8644.1484375 1.72772836685 -2.40839505196 -0.357347846031
1431695697770 lifecam19 37599 -138.915527344 2712.10766602 8576.60742188 -1.88472795486 2.43613886833 -1.19941568375
1431695697833 lifecam19 37599 -123.814224243 2768.8347168 8580.34960938 -1.91416597366 2.69693803787 0.346031606197
1431695697893 lifecam19 37599 -107.270240784 2797.78027344 8500.52441406 -1.90751755238 2.6970345974 0.384974271059
1431695697970 lifecam19 37599 -89.1900177002 2831.375 8430.953125 -1.88579630852 2.42539286613 -1.24368655682
1431695698034 lifecam19 37599 -73.6835021973 2884.5715332 8427.19726562 -1.89129340649 2.40741300583 -1.23814082146
1431695698831 lifecam20 37599 -1868.91589355 -1155.34777832 9676.88378906 2.50215315819 -2.1998026371 -0.996049284935
1431695698885 lifecam20 39552 -870.216796875 -618.270263672 4431.52392578 -0.103578805923 -2.93440914154 1.82373046875
1431695698885 lifecam20 37599 -1866.04492188 -1100.39306641 9659.97363281 2.50455164909 -2.208142519 -0.976098716259
1431695698957 lifecam20 37599 -1839.49304199 -1030.70214844 9515.93945312 -2.03943705559 1.78514146805 0.810336351395
1431695699096 lifecam20 37599 -1832.65441895 -920.999389648 9478.72753906 -2.04204416275 1.79642295837 0.803116977215
1431695699155 lifecam20 37599 -1860.29040527 -879.054504395 9618.32714844 -2.04937601089 1.81444394588 0.735350489616
1431695699234 lifecam20 37599 -1856.48632812 -824.234741211 9591.16894531 2.55584764481 -2.19820642471 -0.838546395302
1431695699301 lifecam20 37599 -1838.15966797 -762.130249023 9493.30859375 -2.05877351761 1.79209625721 0.715857565403
1431695699353 lifecam20 37599 -1824.65283203 -701.679199219 9419.05371094 2.12854194641 -2.14849376678 1.12628638744
1431695699423 lifecam20 37599 -1832.93457031 -651.697509766 9457.90136719 2.43852472305 -2.20433449745 -0.87683814764
1431695699500 lifecam20 37599 -1820.60241699 -592.656433105 9385.68945312 -1.99289691448 2.0408642292 -1.06009733677
1431695699552 lifecam20 37599 -1814.3182373 -536.306640625 9348.2421875 -2.08654761314 1.8682063818 0.754941940308
1431695699625 lifecam20 37599 -1827.20080566 -486.984649658 9412.79589844 -2.04200839996 2.04249787331 -1.04480981827
1431695699698 lifecam20 37599 -1828.86633301 -438.705078125 9419.68847656 2.14380574226 -2.13843560219 1.07116007805
1431695699754 lifecam20 37599 -1857.4161377 -424.981262207 9561.97558594 2.48968577385 -2.21213293076 -0.714770078659
1431695699823 lifecam20 37599 -1841.79382324 -416.878540039 9483.72558594 2.15646290779 -2.1252913475 1.0309650898
1431695699900 lifecam20 37599 -1842.40869141 -417.302642822 9485.12597656 -2.08173465729 2.05202531815 -1.00554144382
1431695699966 lifecam20 37599 -1844.29614258 -416.233612061 9493.52636719 -2.10188603401 1.86923348904 0.628348350525
1431695700021 lifecam20 37599 -1839.95239258 -416.896087646 9472.47753906 -2.07912564278 2.04797267914 -1.00610458851
1431695700092 lifecam20 37599 -1819.82519531 -411.907684326 9369.8359375 2.14583182335 -2.11302232742 1.08551907539
1431695700168 lifecam20 37599 -1839.6550293 -416.233551025 9472.75 2.15298962593 -2.1190559864 1.04119575024
1431695700222 lifecam20 37599 -1838.06677246 -416.035369873 9464.57910156 2.14958047867 -2.11342692375 1.04979491234
1431695700294 lifecam20 37599 -1835.2989502 -414.812530518 9447.1328125 2.47444272041 -2.19211506844 -0.755160570145
1431695700366 lifecam20 37599 -1828.9161377 -413.957427979 9416.59277344 -2.07213115692 2.04707860947 -1.03338420391
1431695700422 lifecam20 37599 -1816.36914062 -410.677764893 9349.6328125 2.466588974 -2.18961048126 -0.802370905876
1431695700491 lifecam20 37599 -1830.92883301 -413.788909912 9423.765625 -2.09894967079 1.86436593533 0.656609714031
1431695700568 lifecam20 37599 -1841.79382324 -416.878540039 9483.72558594 2.15646290779 -2.1252913475 1.0309650898
1431695700634 lifecam20 37599 -1830.48278809 -414.153015137 9424.66699219 -2.07108449936 2.04829978943 -1.02334940434
1431695700689 lifecam20 37599 -1841.79382324 -416.878540039 9483.72558594 2.15646290779 -2.1252913475 1.0309650898
1431695700760 lifecam20 37599 -1841.50195312 -416.784362793 9480.48925781 -2.07808160782 2.04911112785 -0.995772361755
1431695700836 lifecam20 37599 -1839.96679688 -416.598754883 9472.57617188 -2.07921385765 2.04803657532 -1.00611710548
1431695700888 lifecam20 37599 -1821.99389648 -412.226196289 9380.1015625 -2.06291747093 2.04901957512 -1.03850626945
1431695700961 lifecam20 37599 -1830.92883301 -413.788909912 9423.765625 -2.09894967079 1.86436593533 0.656609714031
1431695701034 lifecam20 37599 -1824.20800781 -412.882019043 9391.47167969 -2.06217956543 2.05108189583 -1.02702641487
1431695701090 lifecam20 37599 -1826.60009766 -412.828186035 9401.46191406 -2.10518693924 1.86913943291 0.660025954247
