1431695795708 lifecam20 39552 408.694244385 293.975128174 2786.90795898 1.35144460201 -0.743658065796 -0.879099607468
1431695795779 lifecam19 37599 -349.115356445 2144.77026367 9107.26464844 -1.93993723392 2.28084301949 -0.665422260761
1431695795852 lifecam19 37599 -373.963928223 2029.62768555 8959.57910156 1.82399189472 -2.47493076324 -0.510446071625
1431695795920 lifecam19 37599 -370.866394043 2018.29772949 8871.70605469 -1.8837389946 2.44288039207 -1.24022781849
1431695795988 lifecam19 37599 -371.54989624 2033.02355957 8914.27441406 1.8523427248 -2.46343564987 -0.532511413097
1431695796052 lifecam19 37599 -356.384460449 2040.98779297 8790.50292969 -1.8693138361 2.49047112465 0.565396010876
1431695796120 lifecam19 37599 -347.179626465 2116.79711914 8902.55664062 1.70913028717 -2.17417359352 1.05465042591
1431695796188 lifecam19 37599 -326.56427002 2152.62402344 8795.3671875 1.82257497311 -2.44270849228 -0.489004552364
1431695796247 lifecam19 37599 -313.295684814 2219.85522461 8838.73046875 -1.91855573654 2.42774224281 -1.20774209499
1431695796318 lifecam19 37599 -296.886688232 2258.66650391 8784.37207031 1.8131108284 -2.4300775528 -0.471085697412
1431695796387 lifecam19 37599 -281.089172363 2315.94726562 8786.17480469 -1.93653249741 2.42311048508 -1.20208585262
1431695796446 lifecam19 37599 -265.197235107 2356.61474609 8733.14160156 -1.90878760815 2.41136145592 -1.21374249458
1431695796518 lifecam19 37599 -250.807174683 2403.19799805 8709.26367188 -1.93397033215 2.41217851639 -1.22054636478
1431695796587 lifecam19 37599 -235.411437988 2457.40307617 8701.34765625 -1.93172359467 2.5942709446 0.440377980471
1431695796645 lifecam19 37599 -218.395828247 2493.36743164 8636.25683594 -1.92365407944 2.41779136658 -1.21480333805
1431695796718 lifecam19 37599 -204.21131897 2550.95043945 8643.86816406 1.77579784393 -2.4091758728 -0.392385721207
1431695796787 lifecam19 37599 -189.554138184 2603.40649414 8633.38964844 1.76146912575 -2.39898848534 -0.367941766977
1431695796856 lifecam19 37599 -174.107192993 2651.97607422 8611.81152344 1.73437905312 -2.18194627762 1.06793510914
1431695796915 lifecam19 37599 -156.931671143 2682.66064453 8530.00390625 -1.92505705357 2.40862298012 -1.24664974213
1431695796985 lifecam19 37599 -142.5650177 2742.1262207 8537.828125 1.74227643013 -2.39400315285 -0.360871016979
1431695797055 lifecam19 37599 -127.628547668 2788.07250977 8511.44824219 -1.91763067245 2.40205478668 -1.21083331108
1431695797116 lifecam19 37599 -112.22731781 2816.89746094 8431.01074219 -1.9147400856 2.37945318222 -1.25496697426
1431695797186 lifecam19 37599 -97.5337905884 2900.10327148 8509.75976562 -1.93775653839 2.40760874748 -1.20717036724
1431695797444 lifecam20 39552 407.432922363 294.007843018 2781.80932617 1.35072410107 -0.743603229523 -0.892197310925
1431695797844 lifecam20 37599 -1882.32324219 -1276.43395996 9607.69726562 -2.01947283745 1.72725343704 0.846623539925
1431695797980 lifecam19 5376 36.5546646118 960.044006348 6502.13134766 -2.0014026165 0.792293608189 -0.353578388691
1431695798046 lifecam20 37599 -1890.14331055 -1118.97680664 9619.90625 2.13598394394 -2.14092135429 1.12235403061
1431695798114 lifecam20 37599 -1872.02587891 -1052.52148438 9516.68359375 -2.04122781754 1.76373267174 0.819797456264
1431695798181 lifecam20 37599 -1883.48632812 -1005.67163086 9565.86230469 -2.10453677177 2.04670882225 -1.01521623135
1431695798244 lifecam20 37599 -1878.13757324 -949.90057373 9537.49121094 2.15277504921 -2.09107112885 1.06477081776
1431695798311 lifecam20 37599 -1872.5958252 -891.455688477 9495.88769531 2.1476817131 -2.14577651024 1.15034854412
1431695798384 lifecam20 37599 -1910.21765137 -853.818908691 9671.74609375 -2.06110143661 1.81024897099 0.70755892992
1431695798439 lifecam20 37599 -1898.90881348 -793.585083008 9608.64257812 2.55895638466 -2.2020816803 -0.82833969593
1431695798511 lifecam20 37599 -1847.40234375 -717.562133789 9336.85253906 2.12143278122 -2.15520954132 1.16468012333
1431695798580 lifecam20 37599 -1841.9942627 -662.792419434 9296.86132812 2.11482810974 -2.12258982658 1.15698218346
1431695798657 lifecam20 37599 -1878.95861816 -621.18371582 9475.89257812 -2.08622765541 2.0182967186 -1.02799057961
1431695798712 lifecam20 37599 -1884.19482422 -568.026306152 9499.72167969 -2.09745788574 1.8256803751 0.659763455391
1431695798782 lifecam20 37599 -1839.32556152 -500.362762451 9258.53027344 2.43742704391 -2.19433403015 -0.893164217472
1431695798856 lifecam20 37599 -1893.47583008 -461.701080322 9515.66699219 2.49528169632 -2.19500494003 -0.746553778648
1431695798913 lifecam20 37599 -1869.40197754 -421.415008545 9395.1484375 -2.07657432556 1.99723160267 -1.05726242065
1431695798980 lifecam20 37599 -1872.27600098 -412.703918457 9409.57226562 -2.07545614243 1.99978268147 -1.04260492325
1431695799050 lifecam20 37599 -1877.71777344 -414.091186523 9436.90527344 -2.07596421242 2.00563573837 -1.02342712879
1431695799107 lifecam20 37599 -1876.54711914 -413.571380615 9429.51757812 2.48811197281 -2.1558842659 -0.769919157028
1431695799179 lifecam20 37599 -1881.17773438 -415.456817627 9454.28222656 -2.08029699326 2.01120734215 -1.02663505077
1431695799250 lifecam20 37599 -1879.14978027 -414.85748291 9444.09765625 -2.07800316811 2.00804853439 -1.0257717371
1431695799308 lifecam20 37599 -1878.56970215 -414.167358398 9439.69042969 2.49104595184 -2.15843081474 -0.770709812641
1431695799378 lifecam20 37599 -1882.74938965 -415.965789795 9462.17871094 -2.07929158211 2.01235508919 -1.01642608643
1431695799449 lifecam20 37599 -1881.02001953 -415.011138916 9452.00683594 -2.13570713997 1.85912001133 0.645517587662
1431695799579 lifecam20 37599 -1881.77307129 -415.288360596 9457.27148438 -2.08055973053 2.01195311546 -1.02513980865
1431695799650 lifecam20 37599 -1882.65356445 -415.617218018 9461.69628906 -2.07909083366 2.01217031479 -1.01656961441
1431695799717 lifecam20 37599 -1865.51916504 -411.115234375 9373.18164062 -2.13418412209 1.85775828362 0.673236906528
1431695799781 lifecam20 37599 -1856.45593262 -409.105529785 9326.74121094 -2.12860369682 1.85702574253 0.688610970974
