1431695366787 lifecam19 37599 -341.297302246 2106.48754883 8927.64941406 -1.90129768848 2.20408630371 -0.66354739666
1431695366839 lifecam20 37599 -1901.88366699 -2701.37597656 9953.65429688 -2.20580482483 1.77631592751 0.610366225243
1431695366853 lifecam19 37599 -347.2784729 2059.36474609 8838.50683594 -1.89965426922 2.27744340897 -0.847635686398
1431695366911 lifecam20 37599 -1924.36816406 -2749.1015625 10061.1982422 2.64043259621 -2.10432958603 -0.880737125874
1431695366920 lifecam19 37599 -352.33026123 2034.36437988 8797.21777344 -2.00716328621 2.63162517548 0.387660741806
1431695366981 lifecam20 37599 -1902.01098633 -2727.87353516 9935.27734375 -2.02874755859 1.98327887058 -0.806826710701
1431695366990 lifecam19 37599 -364.358673096 2039.98034668 8894.29492188 -1.90572488308 2.38654255867 -1.07586359978
1431695367058 lifecam19 37599 -374.757751465 2017.56665039 8885.140625 -1.82975196838 2.50191068649 0.530644595623
1431695367120 lifecam19 37599 -369.503875732 2035.82836914 8896.171875 -1.87515187263 2.45003581047 -1.20223104954
1431695367188 lifecam19 37599 -356.872467041 2073.45703125 8889.12597656 -1.83820152283 2.5461063385 0.51329189539
1431695367256 lifecam19 37599 -339.214691162 2111.17602539 8830.76660156 -1.83986008167 2.53840994835 0.523903012276
1431695367320 lifecam19 37599 -319.039306641 2158.32836914 8774.84082031 1.78467237949 -2.47238445282 -0.50514549017
1431695367388 lifecam19 37599 -304.296783447 2226.73632812 8835.90527344 -1.88423752785 2.45914292336 -1.20678150654
1431695367456 lifecam19 37599 -283.962432861 2250.56713867 8719.94433594 -1.87799274921 2.44241738319 -1.24697029591
1431695367520 lifecam19 37599 -268.132659912 2310.46557617 8738.95703125 -1.86049878597 2.44891405106 -1.23107481003
1431695367590 lifecam19 37599 -252.811340332 2374.02172852 8768.97851562 -1.85862147808 2.60554146767 0.433961391449
1431695367656 lifecam19 37599 -235.480667114 2407.64746094 8697.05761719 1.6623249054 -2.19188547134 1.09561955929
1431695367720 lifecam19 37599 -219.000305176 2467.28564453 8714.45703125 -1.88413274288 2.45899343491 -1.1999052763
1431695367784 lifecam19 37599 -201.251068115 2509.98339844 8670.33789062 -1.88131523132 2.63007450104 0.43920609355
1431695367854 lifecam19 37599 -184.636138916 2564.95532227 8671.66601562 -1.87477302551 2.63827133179 0.424266755581
1431695367928 lifecam19 37599 -166.996917725 2584.52954102 8554.64746094 -1.86907458305 2.6465086937 0.466244339943
1431695367988 lifecam19 37599 -151.280395508 2667.00317383 8642.46679688 1.69856452942 -2.19447922707 1.08471620083
1431695368057 lifecam19 37599 -134.327713013 2710.64672852 8604.84863281 -1.89070093632 2.67380547523 0.382442981005
1431695368127 lifecam19 37599 -117.904434204 2751.82177734 8561.671875 -1.88493275642 2.70362520218 0.383362650871
1431695368188 lifecam19 37599 -101.047370911 2779.61352539 8474.04003906 -1.86984109879 2.70752072334 0.413510680199
1431695368256 lifecam19 37599 -84.9216156006 2844.00463867 8497.92285156 1.6757889986 -2.40201687813 -0.313255906105
1431695368324 lifecam19 37599 -66.6999435425 2874.94384766 8426.97949219 -1.89425754547 2.7162706852 0.389534384012
1431695369307 lifecam20 37599 -1856.46875 -1000.38519287 9696.75 -2.02139019966 1.80678987503 0.767678678036
1431695369449 lifecam20 37599 -1842.79992676 -885.79309082 9626.89355469 -2.04323387146 1.814057827 0.714748978615
1431695369509 lifecam20 37599 -1814.60839844 -817.9921875 9476.53320312 -2.0474588871 1.81474018097 0.778369009495
1431695369581 lifecam20 37599 -1845.80432129 -777.999084473 9640.22753906 -2.05277180672 1.83619356155 0.72532081604
1431695369659 lifecam20 37599 -1829.18859863 -718.385986328 9547.85839844 -2.07373213768 2.07505989075 -1.01287829876
1431695369706 lifecam20 37599 -1854.89538574 -670.633483887 9682.78808594 2.13135242462 -2.12288832664 0.994060695171
1431695369784 lifecam20 37599 -1847.28686523 -613.374206543 9643.27734375 2.45171833038 -2.23413085938 -0.821107447147
1431695369854 lifecam20 37599 -1819.12573242 -549.362548828 9489.55273438 2.12271142006 -2.16059827805 1.08690392971
1431695369909 lifecam20 37599 -1797.91174316 -489.703308105 9374.8671875 -2.00296878815 2.05118441582 -1.07264471054
1431695369980 lifecam20 39552 409.005981445 293.966705322 2788.73706055 1.3493142128 -0.745730638504 -0.873048901558
1431695369980 lifecam20 37599 -1784.33679199 -435.348114014 9303.13671875 -1.99696660042 2.04266452789 -1.09224319458
1431695370055 lifecam20 37599 -1811.00280762 -411.301116943 9445.89453125 2.12993121147 -2.17655539513 1.08247482777
1431695370120 lifecam20 37599 -1808.92102051 -399.877410889 9434.66015625 2.42694711685 -2.2147538662 -0.815015494823
1431695370176 lifecam20 37599 -1808.97387695 -404.415344238 9434.38085938 2.11731767654 -2.17125296593 1.08784258366
1431695370249 lifecam20 37599 -1803.03222656 -401.687561035 9403.08300781 2.11365294456 -2.16143131256 1.11535465717
1431695370324 lifecam20 37599 -1796.58850098 -400.543945312 9369.41113281 -2.00648760796 2.04602789879 -1.07529604435
1431695370374 lifecam20 37599 -1801.87597656 -402.035797119 9397.62402344 -2.01958727837 2.05433821678 -1.07044398785
1431695370452 lifecam20 37599 -1795.05151367 -400.215911865 9362.23144531 -2.01087284088 2.04863452911 -1.07419288158
1431695370522 lifecam20 37599 -1799.04370117 -401.25402832 9382.98144531 -2.01340556145 2.05362868309 -1.07037639618
1431695370575 lifecam20 37599 -1800.2734375 -401.532409668 9388.54394531 2.11623668671 -2.16267514229 1.11902928352
1431695370649 lifecam20 37599 -1800.6328125 -401.59362793 9390.42773438 -2.00900769234 2.05099487305 -1.07143139839
1431695370723 lifecam20 37599 -1799.04370117 -401.25402832 9382.98144531 -2.01340556145 2.05362868309 -1.07037639618
1431695370790 lifecam20 37599 -1800.39208984 -402.182250977 9389.77734375 2.1217918396 -2.17023682594 1.10337114334
1431695370844 lifecam20 37599 -1799.23034668 -402.228485107 9383.6171875 2.12159180641 -2.16892695427 1.1064684391
