1431695539513 lifecam20 39552 405.543609619 293.077392578 2769.07714844 1.34972667694 -0.743834197521 -0.874556303024
1431695539593 lifecam19 37599 -371.604095459 2024.88342285 8877.29589844 -1.88156449795 2.47683882713 -1.22899258137
1431695539650 lifecam19 37599 -374.249664307 2026.61010742 8897.63183594 -1.88953483105 2.47933602333 -1.20875144005
1431695539712 lifecam19 37599 -362.908874512 2050.9777832 8856.50683594 -1.88208246231 2.46119213104 -1.21269059181
1431695539781 lifecam19 37599 -345.764221191 2082.83447266 8784.80761719 1.67147946358 -2.17773079872 1.09217178822
1431695539859 lifecam19 37599 -332.487182617 2167.19726562 8884.33203125 -1.89423215389 2.47426056862 -1.15632867813
1431695539917 lifecam19 37599 -312.818450928 2204.75854492 8800.33789062 -1.8581379652 2.56454944611 0.457829087973
1431695539980 lifecam19 37599 -294.988494873 2243.42944336 8749.68359375 -1.90011632442 2.45817494392 -1.20071327686
1431695540055 lifecam19 37599 -278.409912109 2286.50390625 8702.38671875 -1.85786950588 2.56964015961 0.47407117486
1431695540115 lifecam19 37599 -263.367462158 2345.39208984 8722.37207031 1.68566823006 -2.18443274498 1.07829904556
1431695540181 lifecam19 37599 -247.451156616 2391.5090332 8695.04980469 -1.86800038815 2.58599925041 0.460450559855
1431695540255 lifecam19 37599 -228.956954956 2429.08544922 8627.77148438 -1.88328480721 2.44187736511 -1.24103796482
1431695540318 lifecam19 37599 -215.588363647 2506.19213867 8708.03320312 1.73997497559 -2.44282412529 -0.368415981531
1431695540380 lifecam19 37599 -198.10774231 2531.27832031 8603.79785156 -1.86753022671 2.60457754135 0.432460010052
1431695540457 lifecam19 37599 -183.34336853 2595.9206543 8639.296875 -1.88689684868 2.45276808739 -1.18229269981
1431695540527 lifecam19 37599 -165.758758545 2628.59155273 8563.89648438 1.733076334 -2.42092227936 -0.369629204273
1431695540583 lifecam19 37599 -148.725769043 2667.92236328 8509.78320312 -1.87952578068 2.64381694794 0.408309936523
1431695540648 lifecam19 37599 -133.439285278 2727.38793945 8526.42089844 1.71555685997 -2.42173933983 -0.349003195763
1431695540726 lifecam19 37599 -119.258079529 2791.68139648 8555.22167969 -1.90488493443 2.69135570526 0.338303953409
1431695540784 lifecam19 37599 -100.808891296 2818.40087891 8463.37011719 -1.88445198536 2.43565750122 -1.21680676937
1431695540848 lifecam19 37599 -85.6575775146 2874.27368164 8469.49804688 1.68878698349 -2.39841890335 -0.295741409063
1431695540923 lifecam19 37599 -69.296913147 2871.125 8300.55273438 1.73169445992 -2.42747044563 -0.45246142149
1431695541648 lifecam20 37599 -1865.39099121 -1175.82373047 9631.70117188 2.10645723343 -2.1585457325 1.07726490498
1431695541777 lifecam20 37599 -1844.84057617 -1054.71350098 9515.62109375 2.48441052437 -2.19197034836 -1.00388050079
1431695541854 lifecam20 37599 -1836.38061523 -997.559020996 9467.05273438 -2.03144884109 1.78417229652 0.820996940136
1431695541926 lifecam20 37599 -1849.37524414 -951.295837402 9532.15429688 -2.03193068504 1.78928208351 0.791377365589
1431695541979 lifecam20 37599 -1840.65148926 -892.619628906 9486.01269531 -2.03160142899 1.80235910416 0.780419409275
1431695542044 lifecam20 37599 -1852.70507812 -845.122192383 9542.88574219 2.13336110115 -2.13389229774 1.03189516068
1431695542120 lifecam20 37599 -1871.52478027 -797.53717041 9632.14257812 2.51178836823 -2.25293707848 -0.826236665249
1431695542187 lifecam20 37599 -1846.78039551 -732.766601562 9498.71972656 2.1146697998 -2.16690349579 1.0806800127
1431695542251 lifecam20 39552 410.1640625 295.554412842 2797.85107422 1.35090458393 -0.745678782463 -0.875367283821
1431695542251 lifecam20 37599 -1823.04797363 -670.066711426 9376.37890625 2.10556197166 -2.14911103249 1.13215720654
1431695542316 lifecam20 37599 -1819.84057617 -615.004760742 9357.02734375 -1.99939680099 2.05281281471 -1.07523834705
1431695542391 lifecam20 37599 -1831.58581543 -565.243530273 9406.8359375 2.43275094032 -2.21278977394 -0.87021446228
1431695542451 lifecam20 37599 -1832.70617676 -513.026306152 9407.4140625 2.12982487679 -2.12550663948 1.07039308548
1431695542522 lifecam20 37599 -1839.34472656 -458.896362305 9438.22167969 2.13406276703 -2.13135623932 1.04129469395
1431695542584 lifecam20 37599 -1831.21936035 -424.266021729 9391.83203125 -2.09320616722 1.86387836933 0.666965186596
1431695542643 lifecam20 37599 -1844.53564453 -418.221710205 9465.80566406 2.43825745583 -2.22303342819 -0.769315898418
1431695542719 lifecam20 37599 -1851.84338379 -416.034545898 9498.38085938 -2.07497620583 1.87662649155 0.643596470356
1431695542793 lifecam20 37599 -1856.34912109 -419.442932129 9523.57714844 -2.06298089027 2.06725263596 -0.990030109882
1431695542855 lifecam20 37599 -1847.80493164 -417.859161377 9480.71777344 2.12396979332 -2.13698029518 1.04818892479
1431695542920 lifecam20 37599 -1849.17785645 -417.055114746 9485.05761719 -2.07932758331 1.8688929081 0.638363063335
1431695542989 lifecam20 37599 -1843.94470215 -415.999084473 9457.48242188 -2.08192634583 1.87687969208 0.656319320202
1431695543058 lifecam20 37599 -1849.17785645 -417.055114746 9485.05761719 -2.07932758331 1.8688929081 0.638363063335
1431695543117 lifecam20 37599 -1849.71386719 -417.486083984 9487.77539062 -2.08291220665 1.87780106068 0.629055798054
1431695543193 lifecam20 37599 -1855.0703125 -418.815460205 9517.0703125 -2.06601715088 2.06755304337 -1.00671482086
1431695543259 lifecam20 37599 -1843.60913086 -416.401519775 9459.31054688 -2.05648255348 2.06603121758 -1.02190697193
1431695543322 lifecam20 37599 -1843.60913086 -416.401519775 9459.31054688 -2.05648255348 2.06603121758 -1.02190697193
1431695543391 lifecam20 37599 -1836.75683594 -414.983886719 9423.03027344 -2.05122661591 2.07121539116 -1.03690707684
1431695543460 lifecam20 37599 -1849.11767578 -417.518676758 9488.24609375 -2.07153153419 2.07319974899 -1.0089776516
1431695543513 lifecam20 37599 -1845.46850586 -416.674346924 9468.87109375 -2.05875325203 2.06924128532 -1.0227907896
1431695543580 lifecam20 37599 -1845.85107422 -416.281341553 9467.29980469 -2.07911777496 1.8744161129 0.655284821987
1431695543651 lifecam20 37599 -1847.16455078 -417.219085693 9478.20898438 -2.06925201416 2.06981372833 -1.00860273838
1431695543728 lifecam20 37599 -1836.19604492 -414.567260742 9420.22363281 -2.0511443615 2.07057738304 -1.03848350048
1431695543781 lifecam20 37599 -1838.66906738 -414.84362793 9432.12597656 -2.07726788521 1.87022221088 0.653212428093
1431695543859 lifecam20 37599 -1825.85498047 -412.415802002 9366.6953125 -2.0581741333 2.06074285507 -1.04205667973
1431695543925 lifecam20 37599 -1845.46850586 -416.674346924 9468.87109375 -2.05875325203 2.06924128532 -1.0227907896
1431695543983 lifecam20 37599 -1836.19604492 -414.567260742 9420.22363281 -2.0511443615 2.07057738304 -1.03848350048
1431695544052 lifecam20 37599 -1829.28894043 -411.992034912 9382.65527344 -2.0854473114 1.87105369568 0.663928568363
1431695544130 lifecam20 37599 -1822.01757812 -410.029785156 9344.56347656 -2.0809173584 1.86990404129 0.675690948963
1431695544181 lifecam20 37599 -1831.23046875 -412.400512695 9390.92382812 -2.08591604233 1.86947822571 0.658850610256
1431695544256 lifecam20 37599 -1827.05310059 -411.331665039 9371.20214844 -2.08463025093 1.86481511593 0.673113763332
1431695544328 lifecam20 37599 -1831.23046875 -412.400512695 9390.92382812 -2.08591604233 1.86947822571 0.658850610256
1431695544395 lifecam20 37599 -1827.42663574 -411.25213623 9372.34277344 -2.07828998566 1.87470638752 0.662472248077
1431695544457 lifecam20 37599 -1808.59240723 -406.879577637 9276.73828125 -2.08522200584 1.87513947487 0.689207196236
1431695544526 lifecam20 5376 -780.255554199 -281.520233154 6111.08984375 -2.12932276726 -0.169414505363 -0.849163174629
1431695544526 lifecam20 37599 -1815.7902832 -408.485351562 9312.62011719 -2.08977937698 1.87704920769 0.680080294609
1431695544593 lifecam20 37599 -1817.80834961 -409.219116211 9322.11132812 -2.07751369476 1.8747061491 0.676256895065
