1431695752842 lifecam20 37599 -1916.73583984 -2667.88232422 10029.6005859 2.52141547203 -1.97909080982 -0.261877119541
1431695752851 lifecam19 37599 -344.470611572 2123.72314453 8997.15332031 -1.92590141296 2.22153949738 -0.681478023529
1431695752909 lifecam19 37599 -359.983001709 2062.38452148 8935.14453125 1.81268513203 -2.35165262222 -0.339388549328
1431695752918 lifecam20 37599 -1900.64013672 -2706.23022461 9949.06640625 -2.16344094276 1.69530880451 0.689414799213
1431695752978 lifecam19 37599 -370.368255615 2014.60852051 8879.86425781 -1.89277517796 2.44188714027 -1.24144291878
1431695753055 lifecam19 37599 -370.905456543 2024.16894531 8890.19238281 -1.92698800564 2.44420337677 -1.20790803432
1431695753110 lifecam19 37599 -371.31072998 2030.39416504 8920.1484375 -1.91965758801 2.43878388405 -1.21132040024
1431695753178 lifecam19 37599 -364.114929199 2052.72558594 8908.671875 -1.89922618866 2.45084381104 -1.20002257824
1431695753250 lifecam19 37599 -351.848602295 2094.1940918 8907.61328125 1.69649577141 -2.18376898766 1.05545306206
1431695753310 lifecam19 37599 -331.941070557 2133.40673828 8832.49707031 -1.86714184284 2.52657675743 0.513127505779
1431695753378 lifecam19 37599 -313.62197876 2187.57250977 8799.39453125 -1.86222708225 2.54135513306 0.508598208427
1431695753449 lifecam19 37599 -297.983398438 2236.26635742 8788.95214844 1.68766009808 -2.1944668293 1.0842872858
1431695753522 lifecam19 37599 -280.876312256 2274.96484375 8728.17089844 -1.8673094511 2.5472304821 0.505287468433
1431695753578 lifecam19 37599 -263.957550049 2331.03857422 8733.55761719 1.78400325775 -2.44567608833 -0.450953006744
1431695753645 lifecam19 37599 -246.02923584 2368.20751953 8669.90429688 -1.89334690571 2.4255926609 -1.26172757149
1431695753722 lifecam19 37599 -232.859359741 2441.64331055 8738.78222656 -1.88635671139 2.6036567688 0.420556128025
1431695753778 lifecam19 37599 -214.15687561 2465.3034668 8636.39941406 -1.89242875576 2.41679120064 -1.23765921593
1431695753845 lifecam19 37599 -200.075653076 2547.96069336 8724.39453125 -1.89413928986 2.6245200634 0.417341113091
1431695753915 lifecam19 37599 -182.742401123 2577.27954102 8641.50488281 -1.89726567268 2.6163957119 0.41150277853
1431695753977 lifecam19 37599 -166.305755615 2627.20507812 8621.99414062 -1.89420831203 2.44202518463 -1.20790612698
1431695754046 lifecam19 37599 -150.141540527 2669.54223633 8579.08789062 -1.88204813004 2.4357008934 -1.21077096462
1431695754116 lifecam19 37599 -134.052383423 2730.32788086 8596.29199219 -1.90343952179 2.44633746147 -1.19020795822
1431695754176 lifecam19 37599 -116.140174866 2767.8359375 8535.0234375 -1.90353941917 2.4373664856 -1.20755827427
1431695754246 lifecam19 37599 -100.336509705 2810.13354492 8496.90234375 -1.90963602066 2.68104195595 0.387167006731
1431695754314 lifecam19 37599 -84.1886291504 2850.43432617 8455.68847656 -1.8972607851 2.42239761353 -1.22262597084
1431695754391 lifecam19 37599 -67.5520477295 2900.0793457 8437.078125 -1.89856874943 2.41461896896 -1.24485218525
1431695754919 lifecam20 37599 -1862.13037109 -1356.61132812 9676.4921875 2.53418159485 -2.18071198463 -1.06270480156
1431695755116 lifecam20 37599 -1854.29724121 -1190.61523438 9633.10839844 2.50207257271 -2.20250988007 -0.999724686146
1431695755174 lifecam20 37599 -1860.9876709 -1141.19018555 9664.22265625 -2.00817084312 1.76989793777 0.80525547266
1431695755250 lifecam20 37599 -1857.48950195 -1084.84655762 9641.55371094 -2.01795935631 1.78379118443 0.792313456535
1431695755321 lifecam20 37599 -1834.23291016 -1018.04949951 9523.85058594 -2.03075432777 1.7815605402 0.820601761341
1431695755372 lifecam20 37599 -1831.54504395 -962.145751953 9506.4609375 -2.03455400467 1.78762853146 0.80057311058
1431695755440 lifecam20 37599 -1844.31567383 -916.16418457 9569.64453125 -2.05257487297 1.80030155182 0.765545725822
1431695755517 lifecam20 37599 -1852.1907959 -867.049621582 9608.3984375 -2.05584979057 1.79416239262 0.750082135201
1431695755575 lifecam20 37599 -1838.32055664 -804.153686523 9534.36425781 -2.05587649345 1.79845535755 0.735788285732
1431695755642 lifecam20 37599 -1871.60327148 -763.90447998 9702.92480469 2.55852389336 -2.24129796028 -0.772418260574
1431695755719 lifecam20 37599 -1843.44226074 -697.195495605 9553.19335938 2.50007629395 -2.22477388382 -0.810318350792
1431695755788 lifecam20 37599 -1816.66625977 -634.165771484 9411.86621094 -2.06610202789 1.83607876301 0.716750025749
1431695755842 lifecam20 37599 -1817.86767578 -581.676147461 9416.96386719 2.12135100365 -2.14353513718 1.10365211964
1431695755913 lifecam20 37599 -1813.08691406 -524.524475098 9390.41210938 -2.07426762581 1.86724936962 0.707192718983
1431695755991 lifecam20 37599 -1821.03491211 -472.316070557 9427.84082031 2.41505289078 -2.23137235641 -0.842300593853
1431695756041 lifecam20 37599 -1801.77880859 -423.773986816 9321.97460938 -1.99661612511 2.03716135025 -1.09443283081
1431695756109 lifecam20 37599 -1796.42883301 -399.866668701 9288.83789062 2.41685271263 -2.17994523048 -0.877087891102
1431695756186 lifecam20 37599 -1809.05773926 -395.786987305 9355.07617188 -2.09347915649 1.89015853405 0.75166875124
1431695756242 lifecam20 37599 -1802.48327637 -397.830230713 9325.67285156 -2.0017516613 2.03830361366 -1.10091769695
1431695756310 lifecam20 37599 -1805.46044922 -398.49798584 9341.91113281 -2.00030374527 2.03613090515 -1.09843075275
1431695756389 lifecam20 37599 -1797.25439453 -396.839355469 9299.41015625 -2.00260400772 2.03697872162 -1.10247349739
1431695756457 lifecam20 37599 -1792.90454102 -396.04019165 9276.90332031 -1.99810385704 2.03333044052 -1.10576212406
1431695756510 lifecam20 37599 -1800.03149414 -397.740142822 9312.83496094 -1.9961104393 2.03397893906 -1.08966827393
1431695756581 lifecam20 37599 -1801.30981445 -397.87286377 9319.66992188 -1.99862158298 2.03726696968 -1.1038621664
1431695756657 lifecam20 37599 -1788.80688477 -395.456207275 9256.53808594 -1.99979114532 2.03883600235 -1.11987137794
1431695756708 lifecam20 37599 -1802.82714844 -398.343505859 9326.46679688 -2.00295615196 2.04281830788 -1.0903390646
1431695756783 lifecam20 37599 -1786.41638184 -394.760742188 9244.23535156 -2.00498747826 2.04449534416 -1.11185967922
1431695756855 lifecam20 37599 -1799.86193848 -397.840301514 9311.20898438 -1.99860239029 2.03923869133 -1.0919046402
1431695756909 lifecam20 37599 -1795.88232422 -397.02557373 9294.14550781 -1.99427676201 2.03884196281 -1.09841251373
1431695756975 lifecam20 37599 -1802.56750488 -398.452301025 9325.88964844 -1.99820435047 2.03720784187 -1.08914911747
