1431695281921 lifecam19 37599 -354.338012695 2078.65600586 8874.81445312 -1.85971999168 2.45017385483 -1.20174491405
1431695281990 lifecam19 37599 -338.084625244 2135.7199707 8876.24707031 -1.87344944477 2.44138240814 -1.21819329262
1431695282054 lifecam19 37599 -320.062011719 2204.40356445 8906.03515625 -1.88077104092 2.46282076836 -1.1894159317
1431695282118 lifecam19 37599 -303.882995605 2258.14355469 8908.69042969 1.79190933704 -2.47313666344 -0.446068435907
1431695282189 lifecam19 37599 -282.63394165 2273.25048828 8759.70117188 1.67748332024 -2.16928243637 1.1001291275
1431695282254 lifecam19 37599 -269.452667236 2348.56347656 8835.15722656 -1.86357355118 2.56686925888 0.456947773695
1431695282322 lifecam19 37599 -252.10333252 2405.58129883 8844.515625 -1.89039814472 2.45721435547 -1.18921911716
1431695282389 lifecam19 37599 -234.103149414 2442.97753906 8776.17285156 -1.86786305904 2.60454845428 0.435940414667
1431695282456 lifecam19 37599 -216.402709961 2487.9465332 8740.46972656 -1.87252140045 2.61416006088 0.427540481091
1431695282519 lifecam19 37599 -199.283584595 2527.94970703 8691.77441406 -1.85543358326 2.63136816025 0.45098850131
1431695282588 lifecam19 37599 -182.11656189 2580.00854492 8680.1796875 -1.87082958221 2.64001321793 0.420763134956
1431695282658 lifecam19 5376 -265.491851807 -26.3888034821 2931.14477539 1.13856399059 -1.56876480579 -0.960153639317
1431695282658 lifecam19 37599 -164.875793457 2633.84643555 8679.43945312 1.67288124561 -2.19709515572 1.08674645424
1431695282722 lifecam19 37599 -148.113708496 2689.40722656 8673.921875 -1.88958871365 2.67068266869 0.37973344326
1431695282787 lifecam19 37599 -131.692398071 2745.53344727 8675.50195312 -1.89173257351 2.67646121979 0.375280767679
1431695282858 lifecam19 37599 -114.538543701 2775.22485352 8596.13378906 -1.88511657715 2.67975616455 0.410032004118
1431695282922 lifecam19 37599 -96.5478057861 2824.40844727 8571.11425781 -1.88712573051 2.44645404816 -1.23919701576
1431695282990 lifecam19 37599 -80.7828598022 2889.11816406 8601.90625 -1.8746984005 2.44919967651 -1.18643403053
1431695283057 lifecam19 37599 -63.7877235413 2925.82348633 8541.51171875 -1.88140726089 2.72134494781 0.364469200373
1431695283907 lifecam20 37599 -1839.57824707 -1084.8293457 9622.56738281 2.49147319794 -2.21272659302 -0.981625318527
1431695283974 lifecam20 37599 -1845.16162109 -1034.94189453 9650.66015625 2.47020697594 -2.21367907524 -0.96250897646
1431695284039 lifecam20 37599 -1821.84362793 -967.424621582 9530.08105469 2.47931599617 -2.18861746788 -0.981612145901
1431695284107 lifecam20 37599 -1816.59277344 -911.611450195 9500.4921875 -2.04400682449 1.80944097042 0.809178590775
1431695284175 lifecam20 37599 -1812.05041504 -856.215515137 9478.02441406 2.45264148712 -2.19029998779 -0.955235481262
1431695284240 lifecam20 37599 -1824.25769043 -807.382446289 9537.35644531 -2.03874921799 1.85057640076 0.768724858761
1431695284307 lifecam20 37599 -1807.72900391 -746.901672363 9451.48144531 -2.05858778954 1.85093641281 0.774933874607
1431695284374 lifecam20 37599 -1811.13256836 -694.232971191 9472.66601562 2.43671798706 -2.21081209183 -0.892839193344
1431695284440 lifecam20 37599 -1805.28198242 -637.817321777 9438.78515625 2.42593598366 -2.20356726646 -0.891444981098
1431695284506 lifecam20 37599 -1802.02758789 -584.487915039 9420.75097656 2.42211914062 -2.18988537788 -0.882785856724
1431695284575 lifecam20 37599 -1796.52062988 -529.217773438 9395.45507812 -1.99829137325 2.04300284386 -1.06857335567
1431695284640 lifecam20 37599 -1795.97631836 -472.830108643 9390.18066406 -2.08538365364 1.90682387352 0.739029586315
1431695284707 lifecam20 37599 -1811.30957031 -435.454589844 9468.01855469 -2.06478071213 1.91371536255 0.705802977085
1431695284774 lifecam20 37599 -1796.82214355 -416.334320068 9393.30957031 -2.08922553062 1.92902135849 0.714302539825
1431695284843 lifecam20 37599 -1796.3170166 -409.195587158 9388.21777344 -2.08620738983 1.91419124603 0.716331124306
1431695284908 lifecam20 37599 -1792.4453125 -410.781890869 9369.08984375 -2.08577680588 1.91093170643 0.727937877178
1431695284976 lifecam20 37599 -1792.09814453 -409.923034668 9367.29492188 2.40082263947 -2.20244717598 -0.841754376888
1431695285042 lifecam20 37599 -1793.7545166 -409.985321045 9376.08203125 -2.08142161369 1.91184532642 0.725878238678
1431695285108 lifecam20 37599 -1801.03930664 -411.793670654 9413.22558594 -2.08692932129 1.91982901096 0.711837768555
1431695285175 lifecam20 37599 -1798.05712891 -411.27520752 9397.55859375 2.40194892883 -2.20135378838 -0.832220435143
1431695285243 lifecam20 37599 -1787.3894043 -408.944366455 9341.16601562 -2.09542226791 1.91063785553 0.731249332428
1431695285307 lifecam20 37599 -1795.12963867 -410.455383301 9383.21777344 2.39704561234 -2.20723891258 -0.827582716942
1431695285375 lifecam20 37599 -1792.72253418 -410.11114502 9369.90429688 -2.09510779381 1.91553008556 0.726941585541
1431695285442 lifecam20 37599 -1799.14611816 -411.342712402 9402.47167969 -2.08484983444 1.91655218601 0.70987868309
1431695285511 lifecam20 37599 -1794.74072266 -410.344055176 9379.41699219 2.40918684006 -2.20091199875 -0.841809988022
1431695285576 lifecam20 37599 -1786.90087891 -408.792999268 9340.35839844 -2.09097790718 1.91361939907 0.733920156956
1431695285643 lifecam20 37599 -1787.3894043 -408.944366455 9341.16601562 -2.09542226791 1.91063785553 0.731249332428
1431695285710 lifecam20 37599 -1794.46569824 -410.421936035 9378.22949219 -2.09135341644 1.91352367401 0.718745410442
1431695285776 lifecam20 37599 -1781.65014648 -407.951019287 9314.61621094 -1.99221944809 2.03193712234 -1.07006776333
1431695285842 lifecam20 37599 -1781.25610352 -407.99899292 9311.66601562 -1.99784326553 2.03624176979 -1.07299137115
1431695285911 lifecam20 37599 -1793.23681641 -410.004577637 9372.46777344 2.40092539787 -2.20924043655 -0.827503621578
