1431695217155 lifecam19 37599 -373.081726074 2032.76794434 8924.11523438 1.72103011608 -2.15995955467 1.09265267849
1431695217216 lifecam19 37599 -359.634857178 2073.01123047 8903.79296875 -1.87357223034 2.47583031654 0.572362065315
1431695217284 lifecam19 37599 -343.99319458 2118.72070312 8874.66992188 -1.88003861904 2.5059030056 0.560198545456
1431695217355 lifecam19 37599 -324.630157471 2165.38989258 8809.8046875 -1.90410041809 2.41007018089 -1.25152945518
1431695217417 lifecam19 37599 -312.882171631 2240.66479492 8894.23632812 -1.90682733059 2.43988585472 -1.18982255459
1431695217481 lifecam19 37599 -296.559234619 2286.10205078 8859.390625 -1.8978266716 2.54085016251 0.487930387259
1431695217556 lifecam19 37599 -276.901641846 2316.85522461 8766.85351562 -1.90740799904 2.42245531082 -1.24396264553
1431695217617 lifecam19 37599 -261.700927734 2370.09667969 8755.98242188 -1.907330513 2.5574555397 0.486778140068
1431695217683 lifecam19 37599 -243.781204224 2391.75976562 8641.93164062 -1.91328966618 2.40793776512 -1.276288867
1431695217746 lifecam19 37599 -232.091918945 2490.70825195 8796.62402344 -1.92191684246 2.59951615334 0.430710315704
1431695217824 lifecam19 37599 -214.450286865 2529.30517578 8734.62402344 -1.92304193974 2.4169588089 -1.23543250561
1431695217884 lifecam19 37599 -198.608047485 2574.16601562 8706.75390625 1.71607625484 -2.17510175705 1.10538911819
1431695217955 lifecam19 37599 -183.366210938 2633.52270508 8711.17773438 -1.91304767132 2.4219083786 -1.20039308071
1431695218025 lifecam19 37599 -166.67300415 2672.16455078 8655.11425781 -1.90479004383 2.41460084915 -1.22183549404
1431695218086 lifecam19 37599 -149.947158813 2716.23681641 8617.00683594 1.71384608746 -2.16823387146 1.10583293438
1431695218149 lifecam19 37599 -134.521850586 2770.78759766 8608.17382812 1.72977387905 -2.39826440811 -0.371010512114
1431695218218 lifecam19 37599 -119.251464844 2819.7956543 8589.94042969 -1.92709386349 2.67821860313 0.389391630888
1431695218283 lifecam19 37599 -102.773895264 2846.36328125 8505.70605469 1.70032989979 -2.13414001465 1.13033270836
1431695218351 lifecam19 37599 -86.6255187988 2908.36669922 8514.56445312 -1.94802892208 2.68514275551 0.380183160305
1431695219073 lifecam20 37599 -1875.78112793 -1214.12963867 9646.12890625 2.14102315903 -2.13642001152 1.11659574509
1431695219089 lifecam19 5376 31.2600536346 76.3974304199 2614.18481445 -1.01506698132 -1.4971344471 1.47613537312
1431695219140 lifecam20 37599 -1871.62512207 -1156.20861816 9612.97070312 -2.0429623127 1.73889160156 0.822327852249
1431695219273 lifecam20 37599 -1851.35839844 -1036.35693359 9504.24902344 -2.05833077431 1.74479353428 0.806785523891
1431695219341 lifecam20 37599 -1844.14465332 -980.338134766 9457.60742188 2.14424276352 -2.11603093147 1.15108597279
1431695219406 lifecam20 37599 -1847.0859375 -928.980102539 9464.21289062 2.14421510696 -2.13510799408 1.1688375473
1431695219473 lifecam20 37599 -1874.28637695 -886.361694336 9595.85253906 -2.06370425224 1.80834746361 0.784450888634
1431695219540 lifecam20 37599 -1845.22058105 -818.388793945 9441.22167969 -2.075289011 1.78927540779 0.807050168514
1431695219605 lifecam20 37599 -1865.78149414 -773.155700684 9538.87207031 2.54760932922 -2.18005108833 -0.847348868847
1431695219672 lifecam20 37599 -1864.82983398 -718.946777344 9533.84472656 2.15273737907 -2.11323285103 1.05829298496
1431695219741 lifecam20 37599 -1827.04943848 -650.901855469 9329.20703125 2.13426780701 -2.14571714401 1.18795609474
1431695219805 lifecam20 37599 -1842.58752441 -601.938720703 9406.68164062 2.13449621201 -2.14653801918 1.16876244545
1431695219873 lifecam20 37599 -1853.98657227 -548.780517578 9451.59277344 2.451161623 -2.18110322952 -0.845970988274
1431695219940 lifecam20 37599 -1857.04553223 -496.578674316 9462.24902344 2.48517632484 -2.17761898041 -0.783412277699
1431695220009 lifecam20 37599 -1862.79284668 -448.792663574 9489.57226562 2.49990081787 -2.17266345024 -0.768011212349
1431695220074 lifecam20 37599 -1861.69702148 -419.186950684 9483.92285156 2.50105857849 -2.17097496986 -0.773109614849
1431695220141 lifecam20 37599 -1855.57861328 -412.249084473 9452.7265625 2.49931335449 -2.1615459919 -0.786698639393
1431695220208 lifecam20 37599 -1835.61450195 -408.86138916 9349.25292969 -2.11569857597 1.83827185631 0.701545655727
1431695220273 lifecam20 37599 -1835.47875977 -408.210205078 9348.47851562 -2.12052631378 1.84571814537 0.693031489849
1431695220340 lifecam20 37599 -1836.76696777 -409.26663208 9357.5390625 -2.07236599922 2.00371599197 -1.06941592693
1431695220409 lifecam20 37599 -1844.01940918 -410.841888428 9395.35546875 -2.08061647415 2.00036787987 -1.05697536469
1431695220474 lifecam20 37599 -1848.61645508 -411.311309814 9416.40527344 -2.12094545364 1.84698760509 0.672440350056
1431695220541 lifecam20 37599 -1844.27416992 -410.805175781 9394.24511719 -2.12087321281 1.83854532242 0.686898648739
