1431695634521 lifecam20 5376 775.820495605 -77.3469924927 6196.93457031 1.14204418659 -1.40509808064 -1.46360957623
1431695635530 lifecam20 39552 404.270355225 292.557922363 2762.19213867 1.34944689274 -0.744795203209 -0.889815151691
1431695635924 lifecam20 39552 411.734619141 295.385803223 2804.81347656 1.35655331612 -0.736586034298 -0.888698160648
1431695636928 lifecam19 37599 -353.881225586 2072.58837891 8901.0546875 -2.05479168892 2.69179868698 0.273186206818
1431695637000 lifecam19 37599 -376.247497559 2024.79382324 8927.81542969 -1.89077305794 2.4645857811 -1.16360998154
1431695637076 lifecam19 37599 -371.662750244 2014.70263672 8857.00488281 -1.90325939655 2.46217441559 -1.22816944122
1431695637131 lifecam19 37599 -371.390167236 2006.15441895 8826.36328125 1.66260457039 -2.18369817734 1.13695597649
1431695637196 lifecam19 37599 -371.984222412 2010.33752441 8844.02050781 1.6666264534 -2.17803740501 1.11385452747
1431695637276 lifecam19 37599 -368.313140869 2044.70996094 8895.56835938 -1.84930419922 2.49957323074 0.517340302467
1431695637343 lifecam19 37599 -354.227905273 2090.29614258 8891.73535156 1.82088673115 -2.47087097168 -0.486869424582
1431695637400 lifecam19 37599 -333.033996582 2127.15673828 8806.78515625 -1.87855148315 2.43327999115 -1.22725021839
1431695637464 lifecam19 37599 -314.840118408 2179.85595703 8768.63867188 -1.86409413815 2.52811360359 0.513490974903
1431695637544 lifecam19 37599 -303.558807373 2252.03051758 8863.32714844 1.69631290436 -2.18725204468 1.06028342247
1431695637598 lifecam19 37599 -281.661651611 2269.79370117 8710.98242188 -1.87267196178 2.5143198967 0.533829212189
1431695637665 lifecam19 37599 -266.858184814 2337.19995117 8756.453125 1.78959929943 -2.44816470146 -0.462287575006
1431695637743 lifecam19 37599 -250.665374756 2383.546875 8727.73339844 1.6948466301 -2.17385387421 1.10449957848
1431695637799 lifecam19 37599 -234.190200806 2422.18920898 8673.15820312 1.68485093117 -2.17112350464 1.1010042429
1431695637864 lifecam19 37599 -219.404785156 2486.09985352 8705.92578125 -1.90620076656 2.45056843758 -1.2185035944
1431695637944 lifecam19 37599 -201.75112915 2530.00610352 8664.82519531 1.6953163147 -2.16639018059 1.09836173058
1431695637997 lifecam19 37599 -184.828231812 2575.10522461 8629.74609375 -1.89636802673 2.62836098671 0.444179087877
1431695638066 lifecam19 37599 -169.851928711 2622.54150391 8607.21484375 -1.89668798447 2.65828490257 0.421027302742
1431695638135 lifecam19 37599 -153.834579468 2687.28051758 8635.56738281 -1.91159069538 2.66555929184 0.395616203547
1431695638213 lifecam19 37599 -136.185195923 2717.17773438 8553.6953125 -1.90716588497 2.43585062027 -1.22032392025
1431695638266 lifecam19 37599 -120.553367615 2758.76245117 8512.25976562 1.71171557903 -2.40319943428 -0.376375734806
1431695638333 lifecam19 37599 -104.005233765 2809.24145508 8492.67285156 -1.90016627312 2.42646098137 -1.25365149975
1431695638411 lifecam19 37599 -88.8805923462 2862.80200195 8487.4765625 1.70249855518 -2.39937710762 -0.322403222322
1431695638466 lifecam19 37599 -71.8898239136 2911.32958984 8467.06347656 -1.89112281799 2.41601061821 -1.22443580627
1431695639197 lifecam20 5376 778.58215332 -77.7854995728 6227.49853516 -1.27822041512 -1.09488534927 0.917211651802
1431695639328 lifecam20 5376 777.04888916 -77.0859146118 6204.81298828 1.1539452076 -1.40000259876 -1.46699106693
1431695639470 lifecam20 37599 -1857.39953613 -973.993835449 9592.60253906 2.12856197357 -2.11890554428 1.09215569496
1431695639540 lifecam20 37599 -1842.74389648 -912.118225098 9508.23632812 2.11541867256 -2.14940190315 1.12985122204
1431695639597 lifecam20 37599 -1845.4876709 -859.263061523 9517.38671875 -2.04263043404 1.80803632736 0.803051412106
1431695639663 lifecam20 37599 -1834.11669922 -800.19140625 9457.21777344 -2.05495357513 1.80980432034 0.81090426445
1431695639742 lifecam20 37599 -1821.28405762 -741.743774414 9387.53027344 -2.0610537529 1.81932091713 0.808367431164
1431695639796 lifecam20 37599 -1850.11901855 -699.94342041 9526.71386719 2.14289140701 -2.09877133369 1.0404355526
1431695639864 lifecam20 37599 -1866.26794434 -649.58013916 9607.31933594 2.54152107239 -2.2064063549 -0.79443860054
1431695639939 lifecam20 37599 -1852.07873535 -590.136901855 9535.39550781 -2.10161375999 2.04079532623 -1.01298320293
1431695639997 lifecam20 37599 -1839.21765137 -532.177612305 9462.08984375 -2.02925634384 2.05109810829 -1.04409742355
1431695640063 lifecam20 37599 -1815.63513184 -470.082824707 9326.86523438 2.40946698189 -2.18384170532 -0.879011392593
1431695640142 lifecam20 37599 -1837.16833496 -433.728485107 9435.01367188 2.42000246048 -2.20882821083 -0.840684831142
1431695640210 lifecam20 37599 -1833.0123291 -418.158660889 9409.20898438 2.45062613487 -2.20461440086 -0.821333646774
1431695640266 lifecam20 37599 -1809.16723633 -407.458526611 9287.20605469 -2.09742045403 1.8694704771 0.751003324986
1431695640331 lifecam20 37599 -1819.91943359 -412.928436279 9347.32421875 -2.00239682198 2.02789306641 -1.09198951721
1431695640409 lifecam20 37599 -1831.9654541 -414.222869873 9405.20898438 -2.09021830559 1.8797647953 0.721759676933
1431695640463 lifecam20 37599 -1831.76049805 -414.192871094 9404.98632812 -2.09100246429 1.88370418549 0.729037940502
1431695640531 lifecam20 37599 -1833.37255859 -415.369506836 9412.82519531 -2.03484749794 2.03961753845 -1.06082165241
1431695640607 lifecam20 37599 -1825.51074219 -413.424041748 9371.6015625 -2.05272817612 2.04637551308 -1.06912386417
1431695640664 lifecam20 37599 -1832.08825684 -414.248260498 9405.84082031 -2.09014415741 1.87981259823 0.721549272537
1431695640731 lifecam20 37599 -1822.69116211 -412.749816895 9360.13183594 -2.01844549179 2.03666996956 -1.08524119854
1431695640808 lifecam20 37599 -1821.18554688 -412.410705566 9352.38769531 -2.0160343647 2.03636860847 -1.08827936649
1431695640864 lifecam20 37599 -1834.89453125 -415.690246582 9420.62792969 -2.03962182999 2.04193115234 -1.0686904192
1431695640932 lifecam20 37599 -1836.06970215 -415.664855957 9426.70410156 -2.04386472702 2.04128265381 -1.06665337086
1431695641002 lifecam20 37599 -1826.75 -413.460510254 9378.49609375 -2.04396152496 2.04972100258 -1.07023906708
1431695641132 lifecam20 37599 -1835.90917969 -415.596618652 9423.97949219 -2.06001853943 2.04831433296 -1.05748665333
1431695641202 lifecam20 37599 -1824.89538574 -413.160797119 9370.38378906 -2.03336215019 2.04230070114 -1.08503508568
1431695641269 lifecam20 37599 -1832.60705566 -414.780517578 9408.37988281 -2.03796744347 2.04413485527 -1.06724023819
1431695641334 lifecam20 37599 -2101.3659668 -475.697052002 10787.7392578 -2.06843781471 2.0213329792 -0.679339110851
1431695641403 lifecam20 37599 -1822.51538086 -412.797119141 9359.0703125 -2.02372503281 2.0353782177 -1.08892893791
1431695641476 lifecam20 37599 -1823.94873047 -412.87612915 9366.61914062 -2.01847696304 2.04004573822 -1.08798348904
1431695641532 lifecam20 37599 -1828.43273926 -413.941162109 9387.56054688 -2.04793429375 2.04681515694 -1.07280623913
1431695641598 lifecam20 37599 -1833.28918457 -415.022827148 9411.51269531 -2.04672074318 2.04388618469 -1.06816768646
