1431695445828 lifecam20 39552 409.305145264 294.981903076 2792.33203125 1.34885394573 -0.74660795927 -0.874943614006
1431695448900 lifecam20 37599 -1930.30285645 -2716.93188477 10110.8876953 -2.00120687485 1.74521672726 -0.338525742292
1431695448904 lifecam19 37599 -361.111633301 2065.92700195 8944.48144531 -1.92620563507 2.36402773857 -0.932976126671
1431695448983 lifecam19 37599 -374.243469238 2003.37268066 8844.16210938 -1.88329184055 2.49274325371 0.547806441784
1431695449039 lifecam19 37599 -374.157958984 2036.10986328 8954.65136719 1.71969926357 -2.18920445442 1.05839037895
1431695449105 lifecam19 37599 -373.727966309 2020.7623291 8894.37695312 1.84975802898 -2.45380735397 -0.528094947338
1431695449184 lifecam19 37599 -375.618591309 2031.39709473 8940.62011719 1.84811306 -2.46026968956 -0.505512416363
1431695449238 lifecam19 37599 -373.644500732 2022.04138184 8897.56835938 1.85683858395 -2.46706914902 -0.523483097553
1431695449304 lifecam19 37599 -366.171630859 2032.51550293 8861.43847656 -1.86633694172 2.50278806686 0.547905147076
1431695449385 lifecam19 37599 -354.628173828 2078.61962891 8874.89160156 -1.88022112846 2.52822852135 0.516152024269
1431695449437 lifecam19 37599 -337.52545166 2116.76879883 8814.0859375 -1.86966693401 2.51452970505 0.535745918751
1431695449506 lifecam19 37599 -319.824768066 2183.14282227 8820.30371094 -1.88387656212 2.54571056366 0.505460381508
1431695449576 lifecam19 37599 -305.083618164 2231.57543945 8812.13574219 -1.89193069935 2.43104028702 -1.21636939049
1431695449653 lifecam19 37599 -287.191223145 2258.58154297 8700.85253906 -1.8766862154 2.5708463192 0.508781552315
1431695449707 lifecam19 37599 -273.752960205 2328.32226562 8752.87402344 1.77506494522 -2.4259827137 -0.42928263545
1431695449774 lifecam19 37599 -257.9659729 2383.00756836 8754.66308594 1.78580021858 -2.42549324036 -0.417423903942
1431695449852 lifecam19 37599 -240.106765747 2422.73388672 8699.00683594 -1.90124130249 2.4164955616 -1.19837248325
1431695449908 lifecam19 37599 -225.788894653 2469.52392578 8676.25683594 -1.89402604103 2.6027739048 0.431461215019
1431695449972 lifecam19 37599 -208.637863159 2502.6105957 8604.41601562 1.69679033756 -2.17113685608 1.10473978519
1431695450053 lifecam19 37599 -192.946716309 2560.43579102 8607.765625 1.74221765995 -2.41798138618 -0.40152567625
1431695450105 lifecam19 37599 -177.731552124 2623.37890625 8633.35839844 -1.89950668812 2.42378854752 -1.20393192768
1431695450172 lifecam19 37599 -160.446929932 2642.95727539 8514.90722656 -1.89886009693 2.40521740913 -1.25563251972
1431695450242 lifecam19 37599 -145.965545654 2699.73535156 8520.29785156 -1.89311432838 2.4176337719 -1.21172451973
1431695450304 lifecam19 37599 -131.325302124 2755.66870117 8520.69433594 -1.91781115532 2.68210554123 0.371820628643
1431695450372 lifecam19 37599 -114.425498962 2799.69726562 8487.921875 1.71520006657 -2.17168903351 1.09092843533
1431695450444 lifecam19 37599 -99.1629714966 2869.10205078 8525.05273438 1.71305179596 -2.16429209709 1.07401800156
1431695450520 lifecam19 37599 -84.6229476929 2909.82519531 8481.921875 -1.93233072758 2.72168278694 0.333524495363
1431695451381 lifecam20 37599 -1864.6171875 -1087.56054688 9561.20214844 2.12940192223 -2.13809108734 1.10777628422
1431695451436 lifecam20 37599 -1853.12194824 -1027.34716797 9493.49804688 2.48392534256 -2.16437721252 -1.00850367546
1431695451505 lifecam20 37599 -1853.26513672 -974.545288086 9489.41015625 -2.04591941833 1.79926621914 0.813567221165
1431695451581 lifecam20 37599 -1840.03527832 -912.987731934 9417.85253906 -2.05932474136 1.79480433464 0.817497611046
1431695451651 lifecam20 37599 -1874.43676758 -876.896240234 9584.97363281 -2.10299825668 2.05092787743 -0.98284214735
1431695451705 lifecam20 37599 -1864.92541504 -819.995483398 9536.08789062 -2.09700250626 2.03721570969 -1.00225377083
1431695451776 lifecam20 37599 -1859.13220215 -759.917358398 9497.23828125 2.47806310654 -2.18948125839 -0.89497256279
1431695451849 lifecam20 37599 -1859.87670898 -707.98449707 9498.83300781 2.13121938705 -2.16898012161 1.10366153717
1431695451905 lifecam20 37599 -1836.20446777 -644.046447754 9367.01269531 -2.07709765434 1.86418151855 0.771983087063
1431695451971 lifecam20 37599 -1889.13623047 -606.718261719 9625.5625 -2.10208463669 2.05955767632 -0.94704502821
1431695452050 lifecam20 37599 -1852.64111328 -540.320861816 9436.45117188 -2.09734582901 1.83110809326 0.680856704712
1431695452104 lifecam20 37599 -1837.13647461 -480.738250732 9352.48242188 -2.08173823357 1.86501741409 0.711466372013
1431695452172 lifecam20 37599 -1801.60473633 -426.257263184 9163.80957031 2.40809631348 -2.16680765152 -0.901187777519
1431695452248 lifecam20 37599 -1824.56396484 -411.871429443 9275.45898438 2.40383625031 -2.18448495865 -0.867372989655
1431695452318 lifecam20 37599 -1827.96569824 -405.889343262 9289.81445312 -2.09944844246 1.89738821983 0.742717146873
1431695452372 lifecam20 37599 -1819.73596191 -405.495300293 9248.24902344 -2.10228204727 1.8882278204 0.768208861351
1431695452440 lifecam20 37599 -1825.79992676 -405.685546875 9277.96679688 2.42342567444 -2.17328476906 -0.86413872242
1431695452517 lifecam20 37599 -1823.15905762 -405.789398193 9265.04882812 -2.10163831711 1.89429104328 0.751599133015
1431695452574 lifecam20 37599 -1816.87854004 -404.690551758 9233.77441406 -2.10512924194 1.89045321941 0.770281195641
1431695452642 lifecam20 37599 -1825.2734375 -405.894012451 9276.82128906 2.41362571716 -2.18190598488 -0.864888072014
1431695452718 lifecam20 37599 -1822.51159668 -405.357879639 9263.52636719 2.40825891495 -2.17546057701 -0.87310564518
1431695452771 lifecam20 37599 -1817.99719238 -404.661224365 9240.453125 -2.09880852699 1.89563035965 0.762183368206
1431695452840 lifecam20 37599 -1814.18701172 -403.818878174 9221.08007812 -2.09647130966 1.88257563114 0.777080774307
1431695452916 lifecam20 37599 -1832.08178711 -407.411499023 9310.546875 2.41487431526 -2.18172907829 -0.854506313801
1431695452973 lifecam20 37599 -1817.17089844 -404.465942383 9235.48730469 2.40802669525 -2.17256045341 -0.870509624481
1431695453039 lifecam20 37599 -1812.36999512 -403.969696045 9211.9609375 2.12244915962 -2.14491009712 1.17613863945
1431695453111 lifecam20 37599 -1829.28430176 -406.867462158 9297.07128906 -2.09779858589 1.89386856556 0.751284956932
1431695453186 lifecam20 37599 -1816.31872559 -404.583984375 9233.66601562 -1.98956036568 2.01550960541 -1.11478102207
1431695453241 lifecam20 37599 -1815.42114258 -404.374298096 9228.32519531 -1.99394464493 2.01789665222 -1.11345541477
1431695453309 lifecam20 37599 -1822.43334961 -405.61541748 9261.36230469 -2.1020257473 1.89395105839 0.752846121788
1431695453386 lifecam20 37599 -1825.24841309 -405.804046631 9274.33203125 2.42618060112 -2.17480564117 -0.853862345219
1431695453440 lifecam20 37599 -1832.23352051 -407.909057617 9309.11425781 2.12666153908 -2.12747740746 1.11891996861
1431695453508 lifecam20 37599 -1825.34033203 -406.219604492 9274.18261719 2.12878346443 -2.12457370758 1.132594347
1431695453584 lifecam20 37599 -1837.3359375 -408.66595459 9334.49023438 2.13527846336 -2.13017988205 1.09380209446
1431695453641 lifecam20 37599 -1824.85241699 -405.62387085 9273.30273438 2.13240265846 -2.14629387856 1.13914811611
1431695453707 lifecam20 37599 -1829.2244873 -406.485443115 9292.56542969 2.13993835449 -2.11990213394 1.10148501396
1431695453780 lifecam20 37599 -1844.01794434 -409.530456543 9366.74023438 2.14253687859 -2.12269043922 1.07639122009
1431695453854 lifecam20 37599 -1836.31323242 -408.04586792 9327.65820312 2.14693927765 -2.12092900276 1.09213936329
1431695453909 lifecam20 37599 -1836.31323242 -408.04586792 9327.65820312 2.14693927765 -2.12092900276 1.09213936329
1431695453978 lifecam20 37599 -1844.18530273 -409.779876709 9366.71191406 2.15480828285 -2.12166166306 1.08066165447
1431695454055 lifecam20 37599 -1836.31323242 -408.04586792 9327.65820312 2.14693927765 -2.12092900276 1.09213936329
1431695454108 lifecam20 37599 -1840.60095215 -409.129425049 9349.37792969 2.14476394653 -2.12172532082 1.08393478394
1431695454177 lifecam20 37599 -1839.31201172 -408.546417236 9342.86132812 2.15066194534 -2.12819862366 1.07996416092
1431695454251 lifecam20 37599 -1854.97741699 -411.857757568 9420.58984375 2.15720653534 -2.11616563797 1.06834709644
1431695454310 lifecam20 37599 -1846.18737793 -409.417114258 9336.83691406 2.09546756744 -2.20326519012 1.07520389557
1431695454375 lifecam20 37599 -1831.76867676 -403.018280029 9279.04394531 2.20247983932 -2.23183226585 0.937980055809
1431695454453 lifecam20 37599 -1788.15283203 -358.322723389 9096.59667969 -1.96862328053 1.860424757 -0.581122517586
1431695454508 lifecam20 37599 -1839.14111328 -251.171829224 9380.89648438 -1.94300353527 1.5015027523 -0.0327838659286
1431695456111 lifecam20 5376 -485.365447998 -1442.97900391 6240.01220703 -1.1506383419 -1.51676476002 0.981394648552
