1431695927851 lifecam20 39552 404.440307617 291.665100098 2760.23852539 1.34994316101 -0.743960082531 -0.880406618118
1431695930113 lifecam20 37599 -1949.03271484 -2639.42431641 10101.7753906 2.40473198891 -2.00869512558 -0.115904942155
1431695930126 lifecam19 37599 -354.107299805 2228.09448242 9312.08886719 2.03894948959 -2.47241282463 0.629433095455
1431695930186 lifecam20 37599 -1902.31677246 -2696.89868164 9951.50195312 -2.01059317589 1.8540623188 -0.574116230011
1431695930194 lifecam19 37599 -364.788238525 2046.09326172 8914.22070312 -1.90451908112 2.53741312027 0.472661972046
1431695930253 lifecam19 37599 -368.765991211 1997.89465332 8796.07910156 -1.87241721153 2.4411034584 -1.26406979561
1431695930324 lifecam19 37599 -365.757446289 2028.76879883 8853.06738281 -1.89483618736 2.44155526161 -1.23079645634
1431695930397 lifecam19 37599 -358.224121094 2081.4152832 8916.05957031 1.84533512592 -2.45907902718 -0.503755152225
1431695930452 lifecam19 37599 -343.053100586 2124.52685547 8884.69921875 -1.91020679474 2.45132231712 -1.17774069309
1431695930521 lifecam19 37599 -325.550323486 2179.5546875 8850.77441406 1.71360135078 -2.16748976707 1.07169115543
1431695930595 lifecam19 37599 -305.907592773 2205.52783203 8734.60546875 -1.89229512215 2.51465177536 0.521539151669
1431695930653 lifecam19 5376 -563.620605469 -180.65335083 6173.67382812 -1.65847182274 0.357538938522 0.1956089288
1431695930653 lifecam19 37599 -293.186737061 2278.34619141 8811.29589844 1.70847761631 -2.17094540596 1.06061303616
1431695930720 lifecam19 37599 -276.015777588 2313.04833984 8732.43945312 1.70354139805 -2.15204524994 1.0903866291
1431695930795 lifecam19 37599 -262.506713867 2370.12646484 8743.625 -1.9277176857 2.43243288994 -1.20262122154
1431695930863 lifecam19 37599 -245.288345337 2399.82543945 8649.03808594 -1.91040849686 2.55968093872 0.484840393066
1431695930920 lifecam19 37599 -231.981109619 2467.23974609 8694.34765625 -1.91828966141 2.58373427391 0.441718906164
1431695930988 lifecam19 37599 -217.171096802 2524.20239258 8700.18554688 -1.91502726078 2.60246181488 0.42466172576
1431695931064 lifecam19 37599 -200.077148438 2546.55639648 8587.90625 -1.92505991459 2.4181432724 -1.25330746174
1431695931121 lifecam19 37599 -185.848770142 2600.27026367 8584.64355469 -1.9325710535 2.40926885605 -1.2321048975
1431695931190 lifecam19 37599 -170.395126343 2653.31835938 8576.2734375 -1.91759598255 2.62921690941 0.408298045397
1431695931263 lifecam19 37599 -154.639389038 2689.80151367 8515.49609375 1.75849866867 -2.40198779106 -0.365315645933
1431695931321 lifecam19 37599 -140.869735718 2759.90258789 8562.69140625 1.71951305866 -2.15953230858 1.07712769508
1431695931389 lifecam19 37599 -125.525512695 2799.97021484 8512.22265625 -1.94113719463 2.65860199928 0.391981631517
1431695931464 lifecam19 37599 -110.462677002 2875.56689453 8567.71386719 -1.9372382164 2.42205381393 -1.17238819599
1431695931531 lifecam19 37599 -94.9524154663 2888.43115234 8441.16699219 -1.93827998638 2.67696905136 0.368440061808
1431695932318 lifecam20 37599 -1889.24157715 -1160.30541992 9606.86230469 -2.02625417709 1.74611115456 0.8289244771
1431695932389 lifecam20 37599 -1880.39709473 -1099.98400879 9553.12109375 -2.03479862213 1.72937750816 0.797964394093
1431695932462 lifecam20 37599 -1884.33300781 -1048.93676758 9569.10546875 2.13318133354 -2.09393906593 1.06732416153
1431695932514 lifecam20 37599 -1873.3939209 -989.302612305 9499.02148438 2.12161779404 -2.13875436783 1.15940773487
1431695932586 lifecam20 37599 -1892.17102051 -942.362365723 9579.97167969 -2.05850720406 1.76410746574 0.762504041195
1431695932659 lifecam20 37599 -1878.57116699 -882.68170166 9506.19433594 2.56694245338 -2.16315865517 -0.906400561333
1431695932715 lifecam20 37599 -1864.0748291 -822.012756348 9425.47753906 2.13677167892 -2.13760304451 1.15535104275
1431695932785 lifecam20 37599 -1879.80627441 -773.687133789 9481.69433594 -2.06856656075 1.78357183933 0.734631419182
1431695932861 lifecam20 37599 -1894.42089844 -724.459594727 9552.88183594 2.54718661308 -2.18420529366 -0.832853317261
1431695932914 lifecam20 37599 -1874.27954102 -661.950256348 9449.11914062 -2.07884097099 1.80078887939 0.701415300369
1431695932987 lifecam20 37599 -1858.73974609 -603.111022949 9350.56445312 -2.01536440849 2.03225183487 -1.10310471058
1431695933057 lifecam20 37599 -1887.2487793 -557.970458984 9485.12207031 -2.08488202095 2.01943135262 -1.01939725876
1431695933129 lifecam20 37599 -1859.98376465 -496.440246582 9343.29003906 -2.09590816498 1.83408820629 0.70311486721
1431695933182 lifecam20 37599 -1851.32592773 -441.487609863 9277.15332031 2.12811303139 -2.0951359272 1.1352711916
1431695933254 lifecam20 37599 -1871.79345703 -420.980255127 9377.02148438 2.15667915344 -2.10409927368 1.10185194016
1431695933327 lifecam20 37599 -1870.65148926 -412.38269043 9371.30078125 2.15185165405 -2.10008311272 1.10899806023
1431695933383 lifecam20 37599 -1895.8815918 -415.752380371 9495.85742188 -2.08577537537 2.02220869064 -1.01841962337
1431695933453 lifecam20 37599 -1882.88952637 -413.361663818 9431.75683594 -2.07741165161 2.0206823349 -1.04855680466
1431695933530 lifecam20 37599 -1885.75219727 -414.77947998 9446.04785156 2.16138100624 -2.10574436188 1.07773387432
1431695933582 lifecam20 37599 -1881.84265137 -413.160430908 9426.51269531 2.16401219368 -2.10568881035 1.08447754383
1431695933654 lifecam20 37599 -1877.98852539 -412.469299316 9408.10253906 2.1523001194 -2.10760259628 1.0882499218
1431695933725 lifecam20 37599 -1887.44006348 -414.529998779 9454.515625 2.16152024269 -2.10749220848 1.0728354454
1431695933798 lifecam20 37599 -1888.44458008 -414.909606934 9459.53125 2.16492199898 -2.11252832413 1.0662060976
1431695933857 lifecam20 37599 -1884.30859375 -413.989105225 9438.84082031 2.16449522972 -2.10832929611 1.07782459259
1431695933923 lifecam20 37599 -1887.44006348 -414.529998779 9454.515625 2.16152024269 -2.10749220848 1.0728354454
1431695933992 lifecam20 37599 -1887.44006348 -414.529998779 9454.515625 2.16152024269 -2.10749220848 1.0728354454
