1431695415850 lifecam20 39552 414.630310059 296.6824646 2823.71484375 1.35491859913 -0.738145232201 -0.901100635529
1431695419057 lifecam19 37599 -371.420166016 2024.89746094 8967.609375 -1.91153872013 2.47481799126 0.52071249485
1431695419126 lifecam19 37599 -370.405792236 2013.45117188 8855.47070312 -1.87098360062 2.4923210144 0.552017629147
1431695419202 lifecam19 37599 -371.991973877 2027.46203613 8931.83789062 -1.8911113739 2.42490339279 -1.20011281967
1431695419270 lifecam19 37599 -368.519805908 2025.66369629 8895.57910156 -1.89115798473 2.43292117119 -1.21814596653
1431695419327 lifecam19 37599 -356.358551025 2052.61083984 8844.43066406 1.70923316479 -2.15480732918 1.10451006889
1431695419399 lifecam19 37599 -341.011932373 2098.01416016 8821.16503906 1.70679485798 -2.18597340584 1.10225081444
1431695419469 lifecam19 37599 -326.413726807 2168.71289062 8858.80078125 1.8149446249 -2.42719984055 -0.492081433535
1431695419526 lifecam19 37599 -307.143066406 2209.0144043 8790.72753906 -1.90825676918 2.41426110268 -1.20887506008
1431695419595 lifecam19 37599 -293.433990479 2264.47680664 8809.00195312 -1.9012336731 2.54609274864 0.473791778088
1431695419670 lifecam19 37599 -277.095703125 2317.83300781 8791.63671875 -1.90914583206 2.42796468735 -1.20925474167
1431695419727 lifecam19 37599 -260.290527344 2350.80029297 8710.79199219 1.70485210419 -2.15644907951 1.11589944363
1431695419794 lifecam19 37599 -243.525253296 2397.50537109 8681.1796875 -1.8987019062 2.4045548439 -1.23273205757
1431695419870 lifecam19 37599 -229.418746948 2468.6730957 8739.0390625 -1.90246772766 2.42422819138 -1.19853127003
1431695419938 lifecam19 37599 -213.466491699 2509.65234375 8694.03710938 1.7139351368 -2.17590069771 1.08382344246
1431695419995 lifecam19 37599 -199.009368896 2554.60131836 8660.1484375 1.7065423727 -2.14275789261 1.10837936401
1431695420067 lifecam19 37599 -182.821044922 2607.51757812 8648.05566406 -1.92373085022 2.64402866364 0.425357937813
1431695420136 lifecam19 37599 -165.766387939 2650.47241211 8603.25097656 -1.92531490326 2.65346932411 0.415929466486
1431695420194 lifecam19 37599 -149.981643677 2684.58935547 8538.8984375 -1.91036653519 2.3981692791 -1.26862025261
1431695420267 lifecam19 37599 -135.254364014 2746.64379883 8558.40136719 1.72381186485 -2.15837311745 1.08870005608
1431695420336 lifecam19 37599 -119.70464325 2784.27319336 8501.72070312 -1.90421938896 2.40602469444 -1.22701942921
1431695420394 lifecam19 37599 -103.78011322 2841.56738281 8505.37988281 -1.90423488617 2.40020155907 -1.23915731907
1431695420463 lifecam19 37599 -87.8638000488 2869.14453125 8417.59472656 -1.92645919323 2.68441200256 0.413340657949
1431695421267 lifecam20 37599 -1879.40222168 -1169.39160156 9635.82128906 2.14984035492 -2.13163685799 1.1113846302
1431695421336 lifecam20 37599 -1850.57189941 -1099.43505859 9482.14257812 -2.00826835632 2.0153222084 -1.0957955122
1431695421397 lifecam20 37599 -1866.76013184 -1053.81286621 9555.81835938 -2.0399954319 1.77388930321 0.810445427895
1431695421463 lifecam20 37599 -1877.46240234 -1004.64605713 9599.91992188 2.14369702339 -2.11312699318 1.03237295151
1431695421592 lifecam20 37599 -1852.67370605 -883.399780273 9463.07910156 2.13511705399 -2.13652157784 1.15291619301
1431695421664 lifecam20 37599 -1859.21484375 -832.975280762 9487.17480469 -2.06538558006 1.82164800167 0.795310854912
1431695421788 lifecam20 37599 -1863.54016113 -726.817932129 9494.33789062 2.53952980042 -2.16649985313 -0.852128624916
1431695421862 lifecam20 37599 -1851.56286621 -667.550292969 9422.09570312 2.13624358177 -2.14928507805 1.16423666477
1431695421938 lifecam20 37599 -1836.65661621 -607.757995605 9334.22851562 -2.08454632759 1.85226464272 0.784530043602
1431695421989 lifecam20 37599 -1882.83581543 -567.132324219 9559.08398438 2.51447486877 -2.19246888161 -0.758200287819
1431695422063 lifecam20 37599 -1859.53161621 -507.126251221 9438.55566406 -2.09809923172 1.83631289005 0.671627759933
1431695422129 lifecam20 37599 -1824.02416992 -445.299072266 9252.91210938 -2.09646368027 1.85047483444 0.729372262955
1431695422207 lifecam20 37599 -1810.00305176 -410.819549561 9169.953125 -2.09881520271 1.89392614365 0.777975142002
1431695422263 lifecam20 37599 -1836.74804688 -411.178588867 9302.75097656 -2.0092997551 2.02073717117 -1.10163104534
1431695422337 lifecam20 37599 -1840.98730469 -412.142181396 9320.56445312 2.13823676109 -2.11275267601 1.11347997189
1431695422403 lifecam20 37599 -1839.37695312 -411.860931396 9318.33984375 -2.10537409782 1.88288915157 0.77487719059
1431695422458 lifecam20 37599 -1824.12866211 -408.612945557 9242.88867188 -2.09260797501 1.88171744347 0.778163790703
1431695422528 lifecam20 37599 -1833.54821777 -410.374633789 9288.15917969 -2.09862279892 1.89690792561 0.758527040482
1431695422606 lifecam20 37599 -1837.39697266 -411.3515625 9305.03027344 -2.09819197655 1.88762557507 0.748332381248
1431695422656 lifecam20 37599 -1829.36584473 -410.18737793 9268.70019531 2.11542057991 -2.14749765396 1.15690732002
1431695422730 lifecam20 37599 -1825.58935547 -409.061279297 9250.35253906 -1.99046587944 2.0160074234 -1.12484717369
1431695422798 lifecam20 37599 -1827.18762207 -409.227203369 9256.01367188 -1.9962221384 2.01813578606 -1.11357903481
1431695422873 lifecam20 37599 -1831.66479492 -409.939331055 9277.79296875 -2.09677171707 1.89386963844 0.756549596786
1431695422929 lifecam20 37599 -1819.12744141 -407.48236084 9218.50683594 -1.99037528038 2.01432037354 -1.12886226177
1431695422999 lifecam20 37599 -1830.57885742 -409.060119629 9273.37402344 -2.0897936821 1.88245916367 0.760512650013
1431695423070 lifecam20 37599 -1816.73071289 -405.733215332 9203.3125 -2.09606432915 1.87736010551 0.783526539803
1431695423131 lifecam20 37599 -1843.14746094 -411.967590332 9335.32324219 -2.00765705109 2.02960348129 -1.0871284008
1431695423197 lifecam20 37599 -1818.96704102 -406.247894287 9212.15234375 -2.10301017761 1.87392139435 0.783675134182
1431695423274 lifecam20 37599 -1823.79504395 -407.139770508 9237.55957031 -2.09707212448 1.88599956036 0.765788912773
1431695423323 lifecam20 37599 -1833.43310547 -410.16784668 9286.88964844 -2.00909495354 2.02468156815 -1.09639513493
1431695423398 lifecam20 37599 -1815.80444336 -405.871185303 9199.36230469 2.11568188667 -2.11778354645 1.16555964947
