1431695591522 lifecam20 37599 -1934.25109863 -2753.34155273 10127.1552734 2.60257673264 -2.11610603333 -0.774487495422
1431695591534 lifecam19 37599 -363.861083984 2026.63818359 8848.3828125 -1.89872062206 2.45091247559 -1.18291139603
1431695591595 lifecam19 37599 -371.517456055 2024.02734375 8905.72851562 1.81050360203 -2.48347663879 -0.517984449863
1431695591667 lifecam19 37599 -370.90838623 2023.64099121 8894.19433594 -1.8711400032 2.46672558784 -1.19296324253
1431695591744 lifecam19 37599 -370.726593018 2024.11499023 8893.4765625 1.65531492233 -2.19938445091 1.07983267307
1431695591795 lifecam19 37599 -360.874267578 2026.07385254 8808.92871094 -1.80814528465 2.52197313309 0.546791017056
1431695591869 lifecam19 37599 -346.845703125 2069.9050293 8805.27539062 1.79600524902 -2.50392007828 -0.50675034523
1431695591939 lifecam19 37599 -328.823577881 2124.88305664 8803.49316406 -1.81994652748 2.54865837097 0.516261339188
1431695592011 lifecam19 37599 -306.70602417 2180.19604492 8777.01757812 -1.85712122917 2.45407652855 -1.22932958603
1431695592076 lifecam19 37599 -292.064239502 2232.98339844 8792.02636719 1.65310192108 -2.21874046326 1.06798386574
1431695592141 lifecam19 37599 -273.189453125 2273.29052734 8735.84765625 -1.83484613895 2.57683324814 0.475225657225
1431695592207 lifecam19 37599 -255.918701172 2333.26245117 8752.50292969 1.66416573524 -2.21933960915 1.0764169693
1431695592267 lifecam19 37599 -234.857772827 2353.13012695 8628.62890625 1.6505407095 -2.19783425331 1.12028753757
1431695592335 lifecam19 37599 -219.003829956 2416.35693359 8663.99804688 -1.84802019596 2.45996904373 -1.21776378155
1431695592413 lifecam19 37599 -202.217300415 2466.55908203 8648.01074219 1.72213971615 -2.45673847198 -0.391826868057
1431695592464 lifecam19 37599 -182.760742188 2499.72607422 8579.49902344 -1.8714094162 2.4462416172 -1.23797559738
1431695592535 lifecam19 37599 -165.775238037 2571.07250977 8632.02246094 -1.85647904873 2.65989923477 0.388309687376
1431695592609 lifecam19 37599 -147.666870117 2618.79150391 8609.86425781 -1.8584369421 2.46480464935 -1.18360388279
1431695592675 lifecam19 37599 -130.689941406 2647.29223633 8531.62988281 -1.86134707928 2.67054867744 0.416443109512
1431695592747 lifecam19 37599 -113.122016907 2708.92260742 8549.19824219 -1.85994577408 2.70577955246 0.391805291176
1431695592810 lifecam19 37599 -95.1985626221 2761.02856445 8541.56738281 -1.86121118069 2.46178746223 -1.20350039005
1431695592877 lifecam19 37599 -77.5556335449 2800.39208984 8490.28222656 1.6493537426 -2.44041585922 -0.340637803078
1431695592935 lifecam19 37599 -59.3465194702 2830.18994141 8413.95898438 1.66895067692 -2.19625353813 1.12097609043
1431695593003 lifecam19 37599 -42.010799408 2893.28295898 8441.58984375 1.66507339478 -2.21995544434 1.09306252003
1431695593801 lifecam20 37599 -1792.29467773 -1121.75549316 9542.03417969 2.08841991425 -2.17468333244 1.1091067791
1431695593999 lifecam20 37599 -1829.16699219 -981.926391602 9754.33105469 2.45531702042 -2.24451899529 -0.928974092007
1431695594060 lifecam20 37599 -1808.75671387 -917.396362305 9649.03320312 2.08581566811 -2.19031405449 1.08119916916
1431695594132 lifecam20 37599 -1785.90490723 -852.180297852 9529.93457031 -2.01144719124 1.84872758389 0.804609894753
1431695594200 lifecam20 37599 -1794.43041992 -804.132995605 9582.48242188 -2.03240537643 1.85634434223 0.765051543713
1431695594274 lifecam20 37599 -1783.35754395 -743.989074707 9528.06152344 -2.03786087036 1.85902810097 0.754506647587
1431695594334 lifecam20 37599 -1781.24560547 -689.748291016 9522.53710938 2.0905020237 -2.16978001595 1.0963613987
1431695594399 lifecam20 37599 -1772.31933594 -633.0390625 9475.22167969 2.42832970619 -2.22305727005 -0.861955046654
1431695594476 lifecam20 37599 -1772.62915039 -578.897033691 9481.99902344 -2.05935573578 1.91094410419 0.754693686962
1431695594531 lifecam20 37599 -1780.40039062 -527.143249512 9531.48632812 -1.99917924404 2.07034897804 -1.03168594837
1431695594601 lifecam20 37599 -1775.92126465 -471.917358398 9516.01660156 -2.0725338459 1.91373252869 0.675418257713
1431695594673 lifecam20 37599 -1767.97290039 -425.813476562 9473.06640625 -2.05059742928 1.92826545238 0.684685766697
1431695594735 lifecam20 37599 -1785.24975586 -413.731750488 9565.1953125 2.40591716766 -2.25570297241 -0.778345167637
1431695594799 lifecam20 37599 -1758.3536377 -401.634643555 9422.06835938 -2.07670664787 1.91365170479 0.712579369545
1431695594867 lifecam20 37599 -1774.6361084 -408.182037354 9510.42089844 -2.08066654205 1.92377614975 0.686770439148
1431695594943 lifecam20 37599 -1768.94262695 -405.666778564 9480.2578125 -2.07388687134 1.92039215565 0.686131596565
1431695595001 lifecam20 37599 -1760.94714355 -404.289215088 9437.3359375 -2.07821083069 1.91811692715 0.703395426273
1431695595061 lifecam20 37599 -1765.5213623 -405.486206055 9461.82714844 -2.07827448845 1.92746472359 0.688102602959
1431695595144 lifecam20 37599 -1766.36401367 -405.539245605 9466.25683594 2.40356683731 -2.22467708588 -0.797262609005
1431695595200 lifecam20 37599 -1766.97094727 -405.834564209 9469.59179688 -2.07364678383 1.91916155815 0.692643582821
1431695595268 lifecam20 37599 -1766.97094727 -405.834564209 9469.59179688 -2.07364678383 1.91916155815 0.692643582821
1431695595334 lifecam20 37599 -1771.24621582 -406.650146484 9491.69042969 -2.06769251823 1.916654706 0.678707420826
1431695595395 lifecam20 37599 -1774.25915527 -407.487762451 9507.578125 -2.07843017578 1.92001104355 0.680221319199
1431695595469 lifecam20 37599 -1760.74462891 -404.235595703 9436.11816406 -2.0827190876 1.92574751377 0.694885611534
1431695595542 lifecam20 37599 -1772.90429688 -407.167602539 9500.45117188 -2.07861852646 1.92062199116 0.684573888779
1431695595594 lifecam20 37599 -1766.09375 -405.628479004 9464.89355469 -2.07790184021 1.92770171165 0.686951398849
1431695595661 lifecam20 37599 -1765.66186523 -405.513153076 9461.68261719 -2.07187581062 1.91552710533 0.688852727413
1431695595729 lifecam20 37599 -1758.31152344 -403.641967773 9421.29882812 -2.0762565136 1.91876876354 0.710943698883
1431695595805 lifecam20 37599 -1765.30725098 -405.405578613 9458.57226562 -2.0721385479 1.91850113869 0.695952236652
1431695595862 lifecam20 37599 -1767.78063965 -405.859558105 9473.85839844 -2.07584810257 1.92317712307 0.685367643833
1431695595937 lifecam20 37599 -1771.68688965 -407.031768799 9492.90625 -2.07882189751 1.92040216923 0.676207304001
1431695596009 lifecam20 37599 -1767.30236816 -405.883758545 9470.25878906 -2.08536314964 1.92264163494 0.689615249634
1431695596069 lifecam20 37599 -1750.80151367 -401.929107666 9382.00585938 -2.07581210136 1.92540442944 0.714737415314
1431695596135 lifecam20 37599 -1758.43078613 -403.818389893 9421.67871094 -2.07892274857 1.92102658749 0.705018818378
1431695596211 lifecam20 37599 -1757.91796875 -403.722015381 9419.91796875 -2.07180666924 1.92525696754 0.699589073658
1431695596264 lifecam20 37599 -1766.09375 -405.628479004 9464.89355469 -2.07790184021 1.92770171165 0.686951398849
1431695596329 lifecam20 37599 -1766.59631348 -405.565124512 9466.66894531 -2.0871090889 1.92843592167 0.688520848751
1431695596397 lifecam20 37599 -1758.74377441 -403.916534424 9424.57910156 -2.07874917984 1.91812396049 0.698172450066
1431695596472 lifecam20 37599 -1761.67333984 -404.411499023 9440.35058594 2.39626955986 -2.22324419022 -0.813803613186
1431695596534 lifecam20 37599 -1744.80212402 -400.367706299 9348.55957031 -2.07378840446 1.91386055946 0.727585673332
1431695596606 lifecam20 37599 -1758.81591797 -403.775421143 9425.02441406 -2.08070468903 1.92299377918 0.694008231163
1431695596674 lifecam20 37599 -1744.26477051 -400.264556885 9345.61328125 -2.06357741356 1.92467570305 0.734988510609
1431695596737 lifecam20 37599 -1744.59936523 -400.499847412 9348.67675781 -2.07035923004 1.91900777817 0.714949071407
