1431695195375 lifecam19 39552 -161.821075439 1103.76208496 6401.89208984 -2.09819173813 -1.1414989233 1.680534482
1431695195634 lifecam20 5376 -916.234069824 -1770.69677734 5635.27929688 -0.648235738277 1.55499410629 -0.261549025774
1431695196720 lifecam19 37599 -373.960174561 2029.37805176 8939.95800781 -1.84439814091 2.50106692314 0.549983024597
1431695196787 lifecam19 37599 -372.664398193 2034.35095215 8928.359375 1.70390999317 -2.1708316803 1.08503317833
1431695196858 lifecam19 37599 -359.518615723 2056.48022461 8857.171875 1.69430410862 -2.14023065567 1.12156224251
1431695196923 lifecam19 37599 -344.79888916 2103.34570312 8853.79980469 1.69683206081 -2.13136601448 1.12728285789
1431695196990 lifecam19 37599 -327.252288818 2168.57250977 8860.27929688 1.7071403265 -2.16112089157 1.08252120018
1431695197057 lifecam19 37599 -311.943481445 2223.11889648 8852.05371094 -1.88276743889 2.51534128189 0.518830001354
1431695197123 lifecam19 37599 -298.47177124 2278.71972656 8871.52148438 1.69832253456 -2.17714977264 1.08784389496
1431695197190 lifecam19 37599 -280.981658936 2321.01904297 8814.35058594 1.70493769646 -2.16880750656 1.0896474123
1431695197258 lifecam19 37599 -263.660400391 2372.37304688 8796.28320312 -1.91395902634 2.41836714745 -1.23089051247
1431695197321 lifecam19 37599 -246.937667847 2409.31640625 8729.45996094 -1.91231226921 2.41184520721 -1.24758410454
1431695197392 lifecam19 37599 -233.342300415 2476.79516602 8780.27929688 -1.92042386532 2.41574335098 -1.21815216541
1431695197457 lifecam19 37599 -215.117294312 2497.55957031 8663.65527344 1.69414520264 -2.12912297249 1.1386744976
1431695197526 lifecam19 37599 -200.150726318 2567.82641602 8707.73535156 1.71355950832 -2.15977239609 1.09994661808
1431695197589 lifecam19 37599 -185.837860107 2631.6550293 8736.92578125 -1.91319787502 2.62981629372 0.413848817348
1431695197658 lifecam19 37599 -169.553115845 2670.22338867 8675.07910156 -1.91655182838 2.63496375084 0.423166811466
1431695197725 lifecam19 37599 -153.290588379 2717.97070312 8650.91894531 -1.92226779461 2.42917537689 -1.23191463947
1431695197790 lifecam19 37599 -137.006958008 2753.3203125 8586.453125 -1.92530477047 2.66165113449 0.415297210217
1431695197853 lifecam19 37599 -120.677024841 2801.05737305 8557.34472656 -1.9140433073 2.66317486763 0.416154682636
1431695197924 lifecam19 37599 -105.638511658 2858.14868164 8563.52929688 1.71229302883 -2.16012120247 1.09918940067
1431695197990 lifecam19 37599 -90.075668335 2888.05102539 8486.60742188 1.71903336048 -2.38016915321 -0.34651067853
1431695198641 lifecam20 37599 -1890.72558594 -1287.64013672 9723.98535156 2.15376925468 -2.12726616859 1.10247540474
1431695198773 lifecam20 37599 -1872.44213867 -1164.91027832 9615.98925781 -2.03348755836 1.73472952843 0.81566631794
1431695198909 lifecam20 37599 -1873.75927734 -1058.93847656 9608.97265625 2.1336171627 -2.13082075119 1.09815204144
1431695198975 lifecam20 37599 -1875.99658203 -1005.6038208 9619.56445312 2.1371922493 -2.13545322418 1.09551012516
1431695199041 lifecam20 37599 -1841.63598633 -932.791931152 9430.8125 -2.05070996284 1.78900778294 0.832172036171
1431695199109 lifecam20 37599 -1859.71484375 -888.303405762 9516.7734375 -2.06371855736 1.7926940918 0.795329153538
1431695199174 lifecam20 37599 -1856.92028809 -834.036865234 9499.50878906 -2.07333230972 1.78982639313 0.786960959435
1431695199241 lifecam20 37599 -1868.73266602 -784.241821289 9555.34277344 -2.10799884796 2.04747819901 -1.0298511982
1431695199309 lifecam20 37599 -1854.21716309 -723.793029785 9479.16308594 -2.07909154892 2.03423953056 -1.03731119633
1431695199373 lifecam20 37599 -1836.23071289 -663.414550781 9374.47363281 2.11796784401 -2.14198923111 1.17240190506
1431695199441 lifecam20 37599 -1841.73413086 -608.835632324 9390.24414062 2.46413493156 -2.17239093781 -0.905322492123
1431695199509 lifecam20 37599 -1835.90612793 -553.823608398 9356.953125 -2.09551405907 1.8292580843 0.743079602718
1431695199577 lifecam20 37599 -1865.21655273 -507.305358887 9502.06640625 2.50134015083 -2.17644238472 -0.763206899166
1431695199642 lifecam20 37599 -1834.77661133 -448.29699707 9344.13378906 -2.11187553406 1.85590696335 0.685941517353
1431695199709 lifecam20 37599 -1825.99865723 -415.766845703 9288.61621094 -2.10400795937 1.86312103271 0.771659910679
1431695199777 lifecam20 37599 -1811.33959961 -403.703521729 9213.95996094 -2.10307717323 1.8729249239 0.770035684109
1431695199842 lifecam20 37599 -1812.92199707 -402.825958252 9220.39453125 -2.1116976738 1.86335110664 0.797221839428
1431695199909 lifecam20 37599 -1807.83862305 -403.187133789 9198.79101562 -2.10895180702 1.86459743977 0.780894458294
1431695199977 lifecam20 37599 -1789.55432129 -398.756774902 9102.38867188 -2.09983277321 1.86127507687 0.80977499485
1431695200042 lifecam20 37599 -1811.39074707 -403.67868042 9214.23730469 -2.1132619381 1.87434542179 0.795629918575
1431695200109 lifecam20 37599 -1802.2833252 -401.614654541 9168.79296875 2.40849852562 -2.13705730438 -0.921704351902
1431695200177 lifecam20 37599 -1806.96948242 -402.805480957 9190.92773438 -2.10335111618 1.86600673199 0.789073169231
1431695200245 lifecam20 37599 -1800.69104004 -401.283599854 9163.37988281 -2.10715699196 1.86005425453 0.789066493511
1431695200310 lifecam20 37599 -1795.52294922 -399.966308594 9136.22753906 -2.10850191116 1.86810314655 0.804163277149
1431695200377 lifecam20 37599 -1802.18249512 -401.939544678 9171.79199219 -2.10454487801 1.8583766222 0.778952717781
1431695200444 lifecam20 37599 -1806.28076172 -402.871551514 9192.66894531 -2.10565018654 1.85717046261 0.769894063473
