1431695990488 lifecam19 37599 -346.71472168 2040.05102539 8806.79980469 1.87859117985 -2.28450083733 1.02540516853
1431695990554 lifecam19 37599 -374.374267578 2018.10546875 8908.77734375 1.80047512054 -2.47360825539 -0.535589694977
1431695990622 lifecam19 37599 -373.180175781 2025.86047363 8905.35351562 -1.90064430237 2.46252512932 -1.1900177002
1431695990690 lifecam19 37599 -368.825683594 2001.58410645 8801.953125 -1.84193110466 2.49173212051 0.595050811768
1431695990749 lifecam19 37599 -373.00491333 2022.22058105 8895.52539062 1.66612040997 -2.20576190948 1.0930659771
1431695990820 lifecam19 37599 -373.49307251 2027.43676758 8916.44921875 -1.84390318394 2.5067961216 0.528539478779
1431695990890 lifecam19 37599 -369.044616699 2009.01538086 8832.41308594 -1.88248240948 2.44824504852 -1.25315058231
1431695990950 lifecam19 37599 -366.827667236 2060.53466797 8947.19824219 1.68109464645 -2.21441340446 1.07014167309
1431695991020 lifecam19 37599 -354.093078613 2102.61401367 8938.1171875 1.82638335228 -2.47069859505 -0.464913964272
1431695991090 lifecam19 37599 -332.828399658 2134.11816406 8843.21972656 -1.89384150505 2.44128155708 -1.22505044937
1431695991158 lifecam19 37599 -314.938751221 2204.54052734 8866.26464844 -1.86833071709 2.5607354641 0.483750522137
1431695991222 lifecam19 37599 -298.453765869 2243.86645508 8826.94335938 1.68442630768 -2.18715262413 1.0792812109
1431695991291 lifecam19 37599 -319.418365479 2595.10717773 9968.48828125 1.84142911434 -2.4604818821 0.0390607453883
1431695991358 lifecam19 37599 -264.61505127 2347.32421875 8791.66210938 1.69528567791 -2.18646931648 1.06800973415
1431695991419 lifecam19 37599 -246.23059082 2381.47460938 8721.59277344 -1.90039634705 2.43139505386 -1.2478351593
1431695991488 lifecam19 37599 -230.138412476 2433.64941406 8709.74023438 -1.87128150463 2.6182653904 0.462032139301
1431695991558 lifecam19 37599 -214.548446655 2483.25805664 8695.85742188 -1.87702286243 2.62738418579 0.443269819021
1431695991617 lifecam19 37599 -197.616577148 2539.30810547 8701.55664062 1.69582402706 -2.2010602951 1.07197237015
1431695991689 lifecam19 37599 -179.575317383 2575.37182617 8629.58886719 -1.87147712708 2.62985038757 0.457267671824
1431695991747 lifecam20 39552 408.365234375 293.658813477 2785.2980957 1.35226178169 -0.741589188576 -0.879526793957
1431695991757 lifecam19 37599 -162.061386108 2609.66992188 8563.14160156 -1.89074552059 2.4276471138 -1.26654553413
1431695991824 lifecam19 37599 -147.418334961 2672.92358398 8592.97851562 -1.89620113373 2.65600180626 0.414766341448
1431695991889 lifecam19 37599 -130.76171875 2731.03588867 8600.89355469 -1.90317463875 2.66148591042 0.394550472498
1431695991958 lifecam19 37599 -113.572601318 2776.30786133 8567.06054688 1.7010768652 -2.4045381546 -0.369019597769
1431695992026 lifecam19 37599 -97.6928405762 2830.05175781 8561.93066406 -1.89567279816 2.69734382629 0.358790069818
1431695992090 lifecam19 37599 -81.2840118408 2878.11743164 8536.13378906 1.69220387936 -2.39607048035 -0.288807541132
1431695992158 lifecam19 37599 -63.6364555359 2894.34912109 8420.140625 1.68492269516 -2.167345047 1.11709606647
1431695992881 lifecam20 37599 -1860.8326416 -1197.33251953 9699.16699219 -2.00560688972 1.75851917267 0.810212910175
1431695993082 lifecam20 37599 -1838.14831543 -1022.3737793 9575.34179688 -2.03772926331 1.77974414825 0.805103957653
1431695993142 lifecam20 37599 -1827.66271973 -964.546325684 9521.4609375 -2.04026246071 1.79193544388 0.809987664223
1431695993214 lifecam20 37599 -1840.4822998 -916.392822266 9583.60253906 -2.04977178574 1.80071270466 0.765191793442
1431695993340 lifecam20 37599 -1838.82592773 -808.120117188 9572.94726562 -2.05939865112 1.81762635708 0.737157285213
1431695993414 lifecam20 37599 -1862.35229492 -762.079223633 9694.77636719 -2.05362510681 1.83066284657 0.694547057152
1431695993484 lifecam20 37599 -1843.19995117 -700.574401855 9591.8203125 2.51478862762 -2.21456623077 -0.836313605309
1431695993551 lifecam20 37599 -1830.13183594 -642.05078125 9518.85546875 2.12914228439 -2.11130166054 1.07333087921
1431695993610 lifecam20 37599 -1807.79284668 -578.640563965 9400.28320312 2.45090246201 -2.17441678047 -0.894536912441
1431695993681 lifecam20 37599 -1820.22143555 -528.158569336 9462.79492188 2.11433029175 -2.14255928993 1.1023234129
1431695993754 lifecam20 37599 -1818.53173828 -474.562530518 9451.53417969 2.11580586433 -2.15828633308 1.10550165176
1431695993809 lifecam20 37599 -1787.40429688 -420.508636475 9287.5078125 -1.99918174744 2.02854919434 -1.11078321934
1431695993882 lifecam20 37599 -1789.41821289 -404.74319458 9298.0234375 -2.0014731884 2.03855037689 -1.1018910408
1431695993950 lifecam20 37599 -1793.79553223 -398.165802002 9319.45703125 -2.00172686577 2.04700231552 -1.10327291489
1431695994009 lifecam20 37599 -1800.32287598 -401.784088135 9352.50390625 2.41066503525 -2.20163440704 -0.853732287884
1431695994083 lifecam20 37599 -1792.06616211 -398.527252197 9310.18066406 -1.99605810642 2.04320216179 -1.09053170681
1431695994151 lifecam20 39552 413.300445557 297.913024902 2820.85888672 1.35134315491 -0.743333876133 -0.891228675842
1431695994151 lifecam20 37599 -1800.640625 -400.76071167 9355.48242188 -1.99812722206 2.04502367973 -1.07551085949
1431695994219 lifecam20 37599 -1794.01989746 -400.079986572 9319.85644531 2.40551972389 -2.19399595261 -0.857514798641
1431695994277 lifecam20 37599 -1795.2791748 -399.87802124 9327.53125 2.11064600945 -2.15515780449 1.14998364449
1431695994349 lifecam20 37599 -1795.70422363 -399.649261475 9328.94335938 -1.99675369263 2.04710102081 -1.08197712898
1431695994422 lifecam20 37599 -1790.37268066 -398.772216797 9301.140625 2.10549640656 -2.15352940559 1.15460753441
1431695994478 lifecam20 37599 -1794.00842285 -399.459503174 9321.83789062 2.10604333878 -2.14927053452 1.14835429192
1431695994550 lifecam20 37599 -1795.70422363 -399.649261475 9328.94335938 -1.99675369263 2.04710102081 -1.08197712898
1431695994618 lifecam20 37599 -1795.70422363 -399.649261475 9328.94335938 -1.99675369263 2.04710102081 -1.08197712898
1431695994678 lifecam20 37599 -1794.72485352 -399.885864258 9323.67871094 2.10937070847 -2.16287183762 1.1405787468
1431695994749 lifecam20 37599 -1789.4453125 -397.977752686 9295.6015625 2.40897536278 -2.19571685791 -0.869652032852
1431695994820 lifecam20 37599 -1795.70422363 -399.649261475 9328.94335938 -1.99675369263 2.04710102081 -1.08197712898
1431695994887 lifecam20 37599 -1794.67883301 -399.571655273 9323.55957031 -1.99476361275 2.04535603523 -1.07868993282
1431695994951 lifecam20 37599 -1790.37268066 -398.772216797 9301.140625 2.10549640656 -2.15352940559 1.15460753441
1431695995019 lifecam20 37599 -1794.67883301 -399.571655273 9323.55957031 -1.99476361275 2.04535603523 -1.07868993282
1431695995089 lifecam20 37599 -1791.37695312 -398.845550537 9306.41503906 2.10277104378 -2.15041422844 1.15543353558
1431695995143 lifecam20 37599 -1792.86499023 -399.335876465 9314.9296875 -1.99993288517 2.04901385307 -1.08372235298
1431695995220 lifecam20 37599 -1790.30603027 -398.460784912 9299.08105469 2.39935541153 -2.19294047356 -0.861506521702
1431695995287 lifecam20 37599 -1791.52514648 -398.706298828 9306.3515625 -1.99652254581 2.04925918579 -1.08689165115
1431695995346 lifecam20 37599 -1792.4230957 -399.085601807 9312.69628906 -1.99806070328 2.04791164398 -1.07905507088
1431695995417 lifecam20 37599 -1793.42333984 -399.157714844 9317.94824219 -2.00002002716 2.04963517189 -1.08238136768
1431695995488 lifecam20 37599 -1792.4230957 -399.085601807 9312.69628906 -1.99806070328 2.04791164398 -1.07905507088
1431695995543 lifecam20 37599 -1794.67883301 -399.571655273 9323.55957031 -1.99476361275 2.04535603523 -1.07868993282
1431695995619 lifecam20 37599 -1795.70422363 -399.649261475 9328.94335938 -1.99675369263 2.04710102081 -1.08197712898
1431695995686 lifecam20 37599 -1795.83691406 -399.5262146 9329.69335938 -1.99495720863 2.04660105705 -1.07592141628
1431695995757 lifecam20 37599 -1792.4230957 -399.085601807 9312.69628906 -1.99806070328 2.04791164398 -1.07905507088
1431695995813 lifecam20 37599 -1792.4230957 -399.085601807 9312.69628906 -1.99806070328 2.04791164398 -1.07905507088
1431695995886 lifecam20 37599 -1794.7911377 -399.444152832 9324.203125 -1.99294364452 2.04482674599 -1.07264959812
1431695995955 lifecam20 37599 -1792.4230957 -399.085601807 9312.69628906 -1.99806070328 2.04791164398 -1.07905507088
1431695996014 lifecam20 37599 -1788.04052734 -397.969909668 9288.17382812 2.40311431885 -2.1948056221 -0.861539781094
1431695996085 lifecam20 37599 -1792.4230957 -399.085601807 9312.69628906 -1.99806070328 2.04791164398 -1.07905507088
1431695996156 lifecam20 37599 -1787.83251953 -398.205810547 9288.80664062 -1.99541831017 2.04233002663 -1.08428180218
1431695996213 lifecam20 37599 -1784.44677734 -397.433654785 9269.44628906 -1.99691808224 2.05130267143 -1.08267188072
1431695996286 lifecam20 37599 -1783.85449219 -397.020721436 9265.54394531 2.40410661697 -2.19630599022 -0.867122709751
