1431695315299 lifecam20 5376 769.397827148 -76.2614746094 6145.46533203 1.14744544029 -1.40142643452 -1.47189736366
1431695316765 lifecam19 37599 -374.497436523 2035.04870605 8969.79492188 -1.87084615231 2.51917695999 0.489248871803
1431695316834 lifecam19 37599 -375.975158691 2030.06030273 8954.77148438 -1.8306530714 2.54550480843 0.527710974216
1431695316911 lifecam19 37599 -372.287567139 2010.00512695 8859.39746094 1.68169116974 -2.19792747498 1.08826541901
1431695316966 lifecam19 37599 -374.237976074 2022.86254883 8919.59472656 -1.86314558983 2.45403456688 -1.20230972767
1431695317033 lifecam19 37599 -372.106506348 2036.54821777 8956.49804688 -1.86916661263 2.45661664009 -1.22072768211
1431695317112 lifecam19 37599 -363.062316895 2089.08325195 9009.16308594 1.80140948296 -2.4981906414 -0.462471485138
1431695317179 lifecam19 37599 -343.762634277 2109.21411133 8893.05175781 1.65802013874 -2.19923448563 1.09401237965
1431695317234 lifecam19 37599 -320.582855225 2155.42871094 8830.51269531 -1.87566626072 2.46583938599 -1.26046168804
1431695317310 lifecam19 37599 -305.372009277 2233.49780273 8908.73144531 -1.83640527725 2.57234501839 0.488740772009
1431695317381 lifecam19 37599 -285.826568604 2264.98730469 8835.57324219 1.65698218346 -2.19108605385 1.10954236984
1431695317435 lifecam19 37599 -268.622253418 2318.44995117 8831.90722656 -1.85530674458 2.46001911163 -1.22021853924
1431695317509 lifecam19 37599 -249.891815186 2369.99780273 8811.25976562 1.74058461189 -2.45139718056 -0.446545749903
1431695317580 lifecam19 37599 -232.061843872 2416.2890625 8788.52539062 -1.85835957527 2.46291851997 -1.20480310917
1431695317634 lifecam19 37599 -213.048614502 2454.29248047 8726.7421875 -1.8480887413 2.45629048347 -1.24355041981
1431695317701 lifecam19 37599 -197.233306885 2527.28417969 8788.10546875 -1.86848294735 2.46663212776 -1.19553732872
1431695317777 lifecam19 37599 -178.319168091 2570.88085938 8751.02734375 -1.86443758011 2.46362090111 -1.20779287815
1431695317843 lifecam19 37599 -158.63923645 2610.39306641 8695.07617188 -1.85479819775 2.45254564285 -1.23731052876
1431695317901 lifecam19 37599 -141.844726562 2666.95410156 8703.13574219 1.6734546423 -2.22206926346 1.07424926758
1431695317977 lifecam19 37599 -123.781517029 2702.70678711 8641.69726562 -1.86847484112 2.45705795288 -1.23020648956
1431695318047 lifecam19 37599 -105.557449341 2764.36425781 8658.04785156 -1.8642513752 2.7004673481 0.407418727875
1431695318103 lifecam19 37599 -87.3166732788 2803.18994141 8602.94824219 -1.86440443993 2.44856929779 -1.24341201782
1431695318177 lifecam19 37599 -69.9782333374 2866.4440918 8627.66113281 -1.85843753815 2.45976853371 -1.18709242344
1431695318248 lifecam19 37599 -52.2110900879 2901.58447266 8566.82421875 1.65126526356 -2.42269873619 -0.321848720312
1431695318302 lifecam19 37599 -34.7298698425 2928.59423828 8483.83203125 1.6783798933 -2.42139005661 -0.361127793789
1431695319108 lifecam20 37599 -1800.26416016 -1104.17138672 9601.27734375 -2.01350474358 1.80441224575 0.839207112789
1431695319168 lifecam20 37599 -1796.09924316 -1049.21765137 9587.66992188 -1.99337744713 2.05119514465 -1.0654374361
1431695319240 lifecam20 37599 -1800.60998535 -997.138000488 9618.15625 -2.0248041153 1.81120467186 0.7873442173
1431695319363 lifecam20 37599 -1795.46533203 -887.612121582 9594.77441406 2.45387101173 -2.22427248955 -0.917039394379
1431695319437 lifecam20 37599 -1764.86254883 -820.596008301 9439.26074219 -2.03443002701 1.8430968523 0.818917691708
1431695319514 lifecam20 37599 -1787.28076172 -777.294677734 9566.75 -2.04483318329 1.87141168118 0.816927015781
1431695319578 lifecam20 37599 -1776.21911621 -718.042053223 9517.578125 -2.00153231621 2.06652235985 -1.04582107067
1431695319637 lifecam20 37599 -1773.55371094 -663.889465332 9505.9765625 -2.05755901337 1.87125968933 0.738912880421
1431695319704 lifecam20 37599 -1770.9979248 -610.368041992 9492.40820312 -2.0600168705 1.87140846252 0.742706596851
1431695319780 lifecam20 37599 -1770.94958496 -554.525085449 9500.87304688 2.39351677895 -2.22766494751 -0.869595110416
1431695319835 lifecam20 37599 -1775.00927734 -501.894165039 9528.38183594 -2.06187868118 1.91833055019 0.733513355255
1431695319906 lifecam20 37599 -1766.02392578 -446.951507568 9480.45898438 -2.0763220787 1.9342546463 0.71473056078
1431695319977 lifecam20 37599 -1737.34216309 -412.839111328 9332.85839844 -2.07396697998 1.93524491787 0.750860333443
1431695320031 lifecam20 37599 -1769.48266602 -410.95098877 9504.58398438 -2.06828403473 1.94328677654 0.696368396282
1431695320102 lifecam20 37599 -1775.59814453 -411.63369751 9539.0703125 -2.06505727768 1.93612396717 0.70260822773
1431695320181 lifecam20 37599 -1769.85400391 -409.90322876 9507.06835938 -2.06278085709 1.92785775661 0.707210600376
1431695320249 lifecam20 37599 -1758.11730957 -408.380401611 9447.00585938 -2.06249213219 1.92844164371 0.730236709118
1431695320305 lifecam20 37599 -1769.51965332 -410.671966553 9505.54785156 2.37616324425 -2.23856163025 -0.815086901188
1431695320379 lifecam20 37599 -1760.60302734 -408.389526367 9456.01855469 -2.0619456768 1.933193326 0.715506851673
1431695320451 lifecam20 37599 -1782.79321289 -413.569549561 9575.07910156 2.39104914665 -2.24404621124 -0.786199808121
1431695320503 lifecam20 37599 -1767.84350586 -410.078094482 9495.11132812 -2.06821203232 1.93931663036 0.711981356144
1431695320573 lifecam20 37599 -1771.5826416 -411.181854248 9516.03125 -1.99718475342 2.07807230949 -1.01399886608
1431695320646 lifecam20 37599 -1767.1328125 -409.933624268 9492.16210938 -2.06703066826 1.93559908867 0.706281960011
1431695320704 lifecam20 37599 -1780.02832031 -412.795196533 9562.02441406 2.40896987915 -2.24565911293 -0.787706196308
1431695320774 lifecam20 37599 -1761.01599121 -408.406707764 9455.67675781 -2.06048965454 1.93457520008 0.743622779846
1431695320848 lifecam20 37599 -1781.36206055 -413.087890625 9567.43359375 2.38910222054 -2.24135637283 -0.783861398697
