1431695338741 lifecam19 37599 -375.368408203 2019.10388184 8939.07324219 1.68185257912 -2.20736050606 1.07885766029
1431695338800 lifecam19 37599 -371.038024902 2022.58215332 8884.70019531 -1.89867389202 2.46539783478 -1.19623494148
1431695338867 lifecam19 37599 -373.054595947 2022.53796387 8904.3671875 -1.86033034325 2.47482275963 -1.20468199253
1431695338943 lifecam19 37599 -374.908966064 2033.07617188 8948.95507812 1.66210865974 -2.21549463272 1.07486748695
1431695339001 lifecam19 37599 -371.038024902 2036.4942627 8935.69140625 -1.83531975746 2.46813321114 -1.20360791683
1431695339067 lifecam19 37599 -355.998138428 2045.36901855 8820.3046875 -1.80515694618 2.52533435822 0.564825415611
1431695339144 lifecam19 37599 -344.438018799 2114.2590332 8925.09960938 -1.85006797314 2.47887372971 -1.1892875433
1431695339200 lifecam19 37599 -322.376159668 2163.04394531 8869.15429688 -1.8164986372 2.56163263321 0.492860227823
1431695339267 lifecam19 37599 -303.242797852 2216.67675781 8853.69140625 -1.84970295429 2.47694396973 -1.19012987614
1431695339345 lifecam19 37599 -286.708404541 2265.81225586 8851.47265625 1.65369307995 -2.22167301178 1.06973779202
1431695339410 lifecam19 37599 -265.8019104 2306.22363281 8786.58007812 -1.84964597225 2.46718716621 -1.22059619427
1431695339468 lifecam19 37599 -247.737319946 2354.46923828 8762.43066406 -1.83083820343 2.45563197136 -1.2144972086
1431695339535 lifecam19 37599 -230.613708496 2409.6953125 8770.29296875 -1.84319758415 2.47326207161 -1.2112197876
1431695339609 lifecam19 37599 -211.501403809 2439.24951172 8680.3125 -1.83682882786 2.46324920654 -1.25162398815
1431695339668 lifecam19 37599 -194.226638794 2503.87451172 8717.29980469 -1.85344386101 2.45970892906 -1.23313879967
1431695339735 lifecam19 37599 -175.347396851 2546.36621094 8673.34570312 -1.83259618282 2.4627263546 -1.23001027107
1431695339809 lifecam19 37599 -158.250686646 2616.53442383 8724.1640625 -1.85190820694 2.47632598877 -1.19332516193
1431695339868 lifecam19 37599 -140.483825684 2647.74829102 8648.30664062 -1.85767638683 2.46361541748 -1.23484504223
1431695339935 lifecam19 37599 -123.52947998 2716.98168945 8694.47753906 -1.85539019108 2.68167424202 0.391966342926
1431695340013 lifecam19 37599 -103.635406494 2748.24414062 8614.51367188 1.65239369869 -2.18795347214 1.10128808022
1431695340067 lifecam19 37599 -87.1333694458 2827.95776367 8689.31542969 1.67035710812 -2.22622656822 1.04235005379
1431695340135 lifecam19 37599 -75.0690460205 3131.30883789 9429.91308594 -1.92332983017 2.76558542252 -0.0140944784507
1431695340204 lifecam19 37599 -50.793056488 2905.54443359 8583.86914062 1.65490877628 -2.20374488831 1.0816642046
1431695340279 lifecam19 37599 -32.3227653503 2942.10253906 8529.82910156 1.65489029884 -2.42719078064 -0.333829402924
1431695340932 lifecam20 37599 -1817.7512207 -1222.21142578 9692.73730469 -1.99534249306 1.78832995892 0.841907799244
1431695341073 lifecam20 37599 -1810.6048584 -1114.56982422 9666.45019531 2.09219455719 -2.19785809517 1.08846747875
1431695341133 lifecam20 37599 -1804.14013672 -1054.45056152 9639.69824219 -2.01458096504 1.79599916935 0.785442888737
1431695341209 lifecam20 37599 -1799.33557129 -999.608764648 9618.04101562 -2.01212573051 1.82354712486 0.791505038738
1431695341272 lifecam20 37599 -1780.73291016 -935.823669434 9523.07226562 -2.01124978065 1.84559202194 0.831722378731
1431695341350 lifecam20 37599 -1796.8170166 -891.042358398 9615.91894531 -2.02131748199 1.858517766 0.799055933952
1431695341406 lifecam20 37599 -1820.69104004 -849.561157227 9754.42871094 2.08731222153 -2.1974966526 1.03574097157
1431695341476 lifecam20 37599 -1783.67321777 -777.022888184 9561.90234375 -2.03313851357 1.8528431654 0.764575958252
1431695341549 lifecam20 37599 -1790.34753418 -726.394165039 9600.01660156 -2.03207731247 1.87630712986 0.73793643713
1431695341607 lifecam20 37599 -1785.15002441 -671.105957031 9572.46386719 -2.0616505146 1.87716293335 0.735318660736
1431695341674 lifecam20 37599 -1763.1184082 -607.67767334 9464.14257812 -2.04118418694 1.8923637867 0.775841772556
1431695341742 lifecam20 37599 -1772.8416748 -557.700866699 9521.265625 2.36972045898 -2.23560476303 -0.876722514629
1431695341800 lifecam20 37599 -1773.67993164 -503.89239502 9533.87304688 -2.0516140461 1.94377326965 0.718729197979
1431695341873 lifecam20 37599 -1771.75695801 -449.577819824 9526.30664062 -2.06057882309 1.92320406437 0.683827161789
1431695341941 lifecam20 37599 -1770.61303711 -417.609466553 9522.85546875 -2.00516915321 2.08415269852 -1.00988459587
1431695342001 lifecam20 37599 -1768.79797363 -405.455200195 9510.66308594 2.38136482239 -2.23995018005 -0.794146597385
1431695342071 lifecam20 37599 -1772.67224121 -405.040435791 9533.00683594 -2.06319499016 1.92302036285 0.679014801979
1431695342143 lifecam20 37599 -1776.03881836 -405.995483398 9551.0546875 2.40109705925 -2.24722790718 -0.774714112282
1431695342217 lifecam20 37599 -1776.90270996 -407.150360107 9555.38769531 2.39198303223 -2.2432756424 -0.797138512135
1431695342274 lifecam20 37599 -1772.32946777 -405.611083984 9530.90527344 2.40504908562 -2.24140524864 -0.792060852051
1431695342340 lifecam20 37599 -1764.80822754 -403.779602051 9492.40527344 2.39643645287 -2.23672032356 -0.805567204952
1431695342410 lifecam20 37599 -1774.80322266 -406.012084961 9544.28710938 -2.06457924843 1.9305690527 0.669054031372
1431695342469 lifecam20 37599 -1769.68640137 -404.85736084 9516.73925781 2.40223646164 -2.2377281189 -0.793304741383
1431695342544 lifecam20 37599 -1772.32946777 -405.611083984 9530.90527344 2.40504908562 -2.24140524864 -0.792060852051
1431695342608 lifecam20 37599 -1772.32946777 -405.611083984 9530.90527344 2.40504908562 -2.24140524864 -0.792060852051
1431695342670 lifecam20 37599 -1772.32946777 -405.611083984 9530.90527344 2.40504908562 -2.24140524864 -0.792060852051
