1431695960241 lifecam19 37599 -350.92477417 2079.94580078 8838.546875 -1.86502194405 2.50247859955 0.524230360985
1431695960309 lifecam19 37599 -333.807891846 2135.22241211 8831.11621094 1.69916081429 -2.18877029419 1.09056162834
1431695960376 lifecam19 37599 -315.017730713 2197.19018555 8828.20019531 -1.8631581068 2.55032777786 0.484969526529
1431695960441 lifecam19 37599 -299.20703125 2240.67724609 8801.70898438 -1.89298152924 2.42802023888 -1.20116794109
1431695960509 lifecam19 37599 -282.945587158 2288.10546875 8770.67089844 -1.89147531986 2.5542948246 0.472519427538
1431695960577 lifecam19 37599 -264.775360107 2331.50366211 8727.27832031 -1.89628922939 2.42861008644 -1.22571575642
1431695960640 lifecam19 37599 -248.702804565 2385.3762207 8725.29882812 -1.90371513367 2.43225646019 -1.21676945686
1431695960709 lifecam19 37599 -232.847183228 2434.76000977 8707.04785156 -1.88505375385 2.60477256775 0.460385620594
1431695960777 lifecam19 37599 -217.711669922 2497.30493164 8734.15527344 -1.893445611 2.43334197998 -1.18939113617
1431695960841 lifecam19 37599 -200.555099487 2528.97387695 8653.99511719 -1.88894379139 2.6247150898 0.446527779102
1431695960908 lifecam19 37599 -184.266098022 2591.39892578 8676.59082031 1.70709192753 -2.19251561165 1.06743085384
1431695960977 lifecam19 37599 -166.485275269 2630.83813477 8620.21484375 -1.91067683697 2.63680458069 0.431698232889
1431695961044 lifecam19 37599 -149.457977295 2655.30664062 8524.09082031 1.72105669975 -2.4176158905 -0.40287488699
1431695961109 lifecam19 37599 -135.631546021 2730.16455078 8589.03808594 -1.92395079136 2.66359782219 0.398480564356
1431695961176 lifecam19 37599 -118.204193115 2768.66259766 8530.61914062 -1.92566823959 2.65592098236 0.393278449774
1431695961245 lifecam19 37599 -100.690338135 2803.29931641 8466.98535156 -1.9026709795 2.40912270546 -1.26187300682
1431695961309 lifecam19 37599 -85.80519104 2871.08496094 8503.08105469 -1.89626169205 2.42094492912 -1.23584270477
1431695961377 lifecam19 37599 -70.4137954712 2907.89404297 8447.97949219 -1.91563391685 2.70628905296 0.34729808569
1431695962161 lifecam20 37599 -1849.05432129 -1130.62756348 9586.21191406 2.12144756317 -2.13249826431 1.10178995132
1431695962232 lifecam20 37599 -1863.87866211 -1085.65820312 9657.83886719 2.14159870148 -2.13582038879 1.07884693146
1431695962301 lifecam20 37599 -1833.17285156 -1015.56915283 9499.27636719 2.1213183403 -2.11900067329 1.13052999973
1431695962362 lifecam20 37599 -1858.03344727 -973.366271973 9621.62207031 2.13582015038 -2.14187908173 1.11340749264
1431695962433 lifecam20 37599 -1850.77746582 -915.442199707 9578.77734375 -2.05412364006 1.81623840332 0.78737705946
1431695962500 lifecam20 37599 -1831.6751709 -851.678649902 9477.57714844 -2.06282043457 1.81663942337 0.804011285305
1431695962576 lifecam20 37599 -1851.8494873 -806.886962891 9575.57617188 -2.04749321938 1.81690847874 0.746614038944
1431695962630 lifecam20 37599 -1853.89770508 -754.259155273 9586.85644531 -2.0453350544 1.84307336807 0.7444460392
1431695962697 lifecam20 37599 -1824.88977051 -686.758911133 9432.85644531 -2.07236862183 1.82543301582 0.751116454601
1431695962772 lifecam20 37599 -1852.52758789 -643.49407959 9570.78613281 -2.08848762512 1.81408548355 0.665747463703
1431695962829 lifecam20 37599 -1844.33862305 -587.150024414 9527.72851562 -2.08591032028 1.84107506275 0.668554842472
1431695962897 lifecam20 37599 -1841.01428223 -529.26763916 9504.42773438 2.47789978981 -2.19327330589 -0.824550688267
1431695962969 lifecam20 37599 -1801.30883789 -465.34463501 9292.54589844 2.4188387394 -2.1756529808 -0.900411963463
1431695963025 lifecam20 37599 -1821.61730957 -430.626464844 9388.51074219 2.40990018845 -2.19122433662 -0.856257677078
1431695963100 lifecam20 37599 -1819.96240234 -416.56439209 9380.28808594 2.4026722908 -2.19024920464 -0.845921933651
1431695963168 lifecam20 37599 -1812.8326416 -408.471374512 9342.94433594 -2.0919418335 1.89410245419 0.748815238476
1431695963244 lifecam20 37599 -1824.50183105 -414.532806396 9404.82910156 -2.08999371529 1.91175818443 0.725674569607
1431695963298 lifecam20 37599 -1821.74353027 -413.414611816 9391.67480469 -2.00107359886 2.04253315926 -1.07708013058
1431695963366 lifecam20 37599 -1802.73535156 -408.26739502 9291.1484375 -2.09067773819 1.89516830444 0.761014044285
1431695963442 lifecam20 37599 -1798.92492676 -408.306396484 9273.27929688 -1.99401891232 2.02258324623 -1.10458755493
1431695963499 lifecam20 37599 -1810.78479004 -410.42175293 9333.39648438 -2.09055185318 1.90426802635 0.750046133995
1431695963565 lifecam20 37599 -1799.97436523 -408.394134521 9278.47753906 -1.99213695526 2.02448439598 -1.10873031616
1431695963643 lifecam20 37599 -1802.5378418 -408.397247314 9292.02734375 -2.09886670113 1.89760375023 0.767319500446
1431695963697 lifecam20 37599 -1805.87060547 -408.996185303 9308.42871094 -2.09306025505 1.89652729034 0.757821500301
1431695963765 lifecam20 37599 -1807.19433594 -409.448944092 9314.93652344 -2.09361553192 1.90553319454 0.754042804241
1431695963836 lifecam20 37599 -1811.59020996 -410.761169434 9337.58691406 -2.09013032913 1.89533257484 0.747732520103
1431695963900 lifecam20 37599 -1795.80981445 -406.983917236 9254.67480469 -2.09215831757 1.88201129436 0.766582667828
