1431695726664 lifecam20 37599 -1954.1953125 -2618.58837891 10135.0634766 -1.84488248825 1.43860030174 0.201181694865
1431695726677 lifecam19 37599 -337.711273193 2230.89379883 9124.10839844 -1.80770170689 2.00369095802 -0.190918073058
1431695726741 lifecam20 37599 -1921.26660156 -2664.04321289 10036.1757812 -1.96130919456 1.68149387836 -0.274346292019
1431695726798 lifecam20 37599 -1885.78173828 -2671.5246582 9860.80175781 -2.20702004433 1.77695393562 0.660938322544
1431695726813 lifecam19 37599 -345.495391846 2050.875 8799.51464844 -1.8765283823 2.27206349373 -0.908331394196
1431695726876 lifecam19 37599 -358.117797852 2047.22509766 8876.234375 -1.89473378658 2.36226654053 -0.998090267181
1431695726938 lifecam19 37599 -368.116333008 2051.30371094 8939.64257812 -1.88189482689 2.45951628685 -1.16316139698
1431695727006 lifecam19 37599 -353.071105957 2089.48413086 8895.0078125 -1.86639094353 2.51827597618 0.520950734615
1431695727079 lifecam19 37599 -337.104003906 2152.94482422 8923.69824219 -1.90511190891 2.45041179657 -1.19422650337
1431695727137 lifecam19 37599 -313.270080566 2178.85400391 8774.00878906 -1.8890504837 2.42947125435 -1.23596942425
1431695727203 lifecam19 37599 -302.771453857 2257.28369141 8882.60839844 -1.87161254883 2.55552887917 0.447896033525
1431695727271 lifecam19 37599 -285.371490479 2291.95727539 8803.27148438 1.79885613918 -2.46322250366 -0.442246973515
1431695727337 lifecam19 37599 -267.19430542 2331.1315918 8743.73632812 -1.90752482414 2.44200801849 -1.21352601051
1431695727407 lifecam19 37599 -252.325515747 2396.29003906 8779.67382812 -1.88927197456 2.60916090012 0.430581241846
1431695727479 lifecam19 37599 -235.278930664 2443.59375 8749.83398438 1.78802073002 -2.44151067734 -0.394196540117
1431695727547 lifecam19 37599 -220.051071167 2496.93383789 8749.12402344 1.71184074879 -2.17808651924 1.05998897552
1431695727604 lifecam19 37599 -202.157989502 2524.96337891 8662.51367188 1.69980180264 -2.17469573021 1.07674503326
1431695727674 lifecam19 37599 -184.856933594 2575.16162109 8636.41699219 1.70019865036 -2.16725254059 1.0937962532
1431695727747 lifecam19 37599 -167.423126221 2597.84692383 8532.48242188 -1.89191961288 2.42643165588 -1.26929485798
1431695727805 lifecam19 37599 -154.40145874 2687.37524414 8640.20800781 -1.91841828823 2.66342115402 0.367437601089
1431695727872 lifecam19 37599 -136.897323608 2710.14697266 8536.77148438 -1.8958876133 2.41848015785 -1.23094880581
1431695727948 lifecam19 37599 -120.572319031 2768.94165039 8548.69433594 1.69765365124 -2.16691851616 1.08587324619
1431695728004 lifecam19 37599 -104.425315857 2822.12084961 8539.06152344 -1.91383504868 2.4371380806 -1.20285773277
1431695728073 lifecam19 37599 -88.7611083984 2857.46801758 8480.07617188 -1.90761935711 2.43193674088 -1.21758008003
1431695728147 lifecam19 37599 -73.1422119141 2907.93652344 8466.5625 1.70944154263 -2.15690302849 1.10043120384
1431695728675 lifecam20 37599 -1870.12158203 -1362.27294922 9687.02636719 2.12454104424 -2.13522481918 1.09464204311
1431695728744 lifecam20 37599 -1860.44934082 -1301.93945312 9632.00488281 2.53773140907 -2.16775107384 -1.0776412487
1431695728802 lifecam20 37599 -1842.04052734 -1235.38549805 9533.64257812 -2.02158927917 1.72327113152 0.867440700531
1431695728943 lifecam20 37599 -1868.44995117 -1144.79150391 9662.52050781 -2.02710723877 1.74285674095 0.797582507133
1431695729197 lifecam20 37599 -1847.3079834 -916.358093262 9533.34765625 2.1190598011 -2.14868831635 1.11673402786
1431695729270 lifecam20 37599 -1824.02697754 -852.251037598 9404.83203125 2.46509742737 -2.16631007195 -0.989948034286
1431695729346 lifecam20 37599 -1836.18041992 -803.977478027 9464.0234375 -2.05469799042 1.81099021435 0.801564872265
1431695729410 lifecam20 37599 -1829.03063965 -746.092590332 9424.63574219 -2.06314611435 1.81748354435 0.784633100033
1431695729469 lifecam20 37599 -1839.0612793 -696.393371582 9473.0 -2.06799817085 1.83023238182 0.734903156757
1431695729540 lifecam20 37599 -1866.36938477 -650.680297852 9606.76953125 2.5268228054 -2.22647714615 -0.766452133656
1431695729612 lifecam20 37599 -1839.45581055 -587.479370117 9465.10546875 -2.07258319855 1.83495128155 0.683585107327
1431695729668 lifecam20 37599 -1815.25695801 -525.860656738 9336.15527344 -2.07794189453 1.85482704639 0.739755213261
1431695729737 lifecam20 37599 -1808.89562988 -469.884735107 9298.00390625 -1.98894035816 2.02943086624 -1.08728337288
1431695729812 lifecam20 37599 -1818.90917969 -431.328460693 9342.47949219 2.41229510307 -2.19872093201 -0.856597900391
1431695729866 lifecam20 37599 -1813.81298828 -413.315338135 9311.3828125 2.43465089798 -2.19151735306 -0.847381591797
1431695729936 lifecam20 37599 -1810.11828613 -407.192077637 9293.35351562 2.12430953979 -2.13037347794 1.12979662418
1431695730014 lifecam20 37599 -1819.62158203 -412.237823486 9346.00390625 -2.00178098679 2.02731823921 -1.09232640266
1431695730078 lifecam20 37599 -1807.88867188 -407.450897217 9281.77148438 2.12212395668 -2.12148857117 1.13991415501
1431695730138 lifecam20 37599 -1814.31408691 -409.266021729 9317.75878906 -2.08622670174 1.88871955872 0.744076490402
1431695730208 lifecam20 37599 -1812.11218262 -409.24319458 9305.48046875 -2.09868597984 1.88254964352 0.750684499741
1431695730280 lifecam20 37599 -1801.64978027 -406.684051514 9251.23535156 -2.01726531982 2.02229142189 -1.11066043377
1431695730336 lifecam20 37599 -1829.79577637 -413.109130859 9397.79199219 -2.01242947578 2.04266428947 -1.07343351841
1431695730405 lifecam20 37599 -1810.35974121 -408.827514648 9298.18457031 -2.00442695618 2.02388191223 -1.10661768913
1431695730478 lifecam20 37599 -1812.9309082 -409.108428955 9309.70019531 -2.09449577332 1.88831913471 0.749107718468
1431695730538 lifecam20 37599 -1811.10778809 -407.887237549 9299.10546875 -2.0970697403 1.88246333599 0.737713515759
1431695730604 lifecam20 37599 -1820.16516113 -410.574615479 9346.94042969 -2.09010148048 1.89047253132 0.737475514412
1431695730680 lifecam20 37599 -1813.01037598 -409.881011963 9311.02441406 -2.01565718651 2.02389979362 -1.09384405613
1431695730745 lifecam20 37599 -1798.47570801 -405.803527832 9235.66699219 2.12214827538 -2.13787174225 1.1585842371
1431695730806 lifecam20 37599 -1804.6463623 -407.51083374 9267.35058594 -2.01148271561 2.02151799202 -1.10171890259
