1431695472147 lifecam19 37599 -377.655212402 2010.89953613 8912.71582031 1.82742655277 -2.50853490829 -0.471563011408
1431695472227 lifecam19 37599 -370.650177002 2029.77587891 8913.88671875 -1.91447639465 2.42757797241 -1.15918886662
1431695472290 lifecam19 37599 -372.553375244 2012.5246582 8856.31542969 -1.84385025501 2.47998476028 0.541048884392
1431695472355 lifecam19 37599 -370.994354248 2008.47229004 8836.18164062 -1.85475480556 2.47182917595 0.564078748226
1431695472421 lifecam19 37599 -370.803070068 2011.49182129 8850.85742188 -1.83713006973 2.48579549789 0.555526375771
1431695472490 lifecam19 37599 -365.077514648 2046.65136719 8891.77246094 1.81695139408 -2.46838498116 -0.506953775883
1431695472554 lifecam19 37599 -349.669189453 2079.15405273 8841.52148438 -1.89148366451 2.43515324593 -1.22404658794
1431695472621 lifecam19 37599 -333.189880371 2147.43603516 8877.19238281 -1.8698720932 2.54978370667 0.476415902376
1431695472678 lifecam20 5376 768.477722168 -75.5895843506 6131.61669922 1.15864145756 -1.39024317265 -1.45950245857
1431695472678 lifecam20 39552 407.120819092 293.596466064 2778.27929688 1.34992992878 -0.74380928278 -0.880824267864
1431695472691 lifecam19 37599 -312.835235596 2182.21337891 8775.22851562 1.69340145588 -2.18546867371 1.08808755875
1431695472759 lifecam19 37599 -298.796325684 2234.78149414 8784.99609375 1.69691050053 -2.20439267159 1.06872820854
1431695472819 lifecam19 37599 -282.341278076 2280.29907227 8745.98730469 -1.89219415188 2.43195652962 -1.22419559956
1431695472895 lifecam19 37599 -265.275390625 2329.20483398 8721.99121094 1.68249666691 -2.1794962883 1.07962203026
1431695472957 lifecam19 37599 -249.559082031 2380.90869141 8707.32519531 -1.88312923908 2.42783761024 -1.22191762924
1431695473023 lifecam19 37599 -233.206161499 2418.53515625 8650.24902344 1.701867342 -2.17522525787 1.09154772758
1431695473090 lifecam19 37599 -217.641693115 2467.7175293 8635.76367188 -1.89597141743 2.62125182152 0.451531529427
1431695473159 lifecam19 37599 -202.368637085 2525.16674805 8639.48632812 -1.90615141392 2.63181209564 0.44009450078
1431695473222 lifecam19 37599 -185.198913574 2562.98242188 8588.91308594 -1.8905352354 2.43579936028 -1.2246505022
1431695473290 lifecam19 37599 -169.14414978 2606.70141602 8547.21289062 -1.90580749512 2.41725444794 -1.24837768078
1431695473357 lifecam19 37599 -153.971603394 2654.82983398 8525.56152344 -1.88791966438 2.43880844116 -1.23781454563
1431695473425 lifecam19 37599 -138.870925903 2718.77929688 8548.42578125 1.70997059345 -2.40741729736 -0.34426254034
1431695473493 lifecam19 37599 -120.988609314 2746.21557617 8461.50292969 1.69861543179 -2.15415000916 1.1231405735
1431695473559 lifecam19 37599 -106.801559448 2804.54101562 8472.8984375 -1.91572022438 2.69353675842 0.372973531485
1431695473626 lifecam19 37599 -91.657333374 2856.32910156 8465.95214844 1.71113526821 -2.17019152641 1.10937392712
1431695473691 lifecam19 37599 -75.4952774048 2893.42211914 8407.03808594 -1.92904174328 2.71280550957 0.379330575466
1431695474341 lifecam20 37599 -1860.62561035 -1240.38586426 9592.19238281 -2.01273703575 1.73175120354 0.834915578365
1431695474610 lifecam20 37599 -1857.0267334 -1022.4786377 9550.61425781 2.11533665657 -2.14365744591 1.11516690254
1431695474681 lifecam20 37599 -1849.13293457 -963.051635742 9501.9765625 -2.04958987236 1.79653930664 0.817057847977
1431695474749 lifecam20 37599 -1848.05004883 -910.073425293 9490.56054688 -2.05214905739 1.79538142681 0.798599600792
1431695474809 lifecam20 37599 -1860.39880371 -862.825195312 9546.19433594 -2.06182694435 1.76752722263 0.730504691601
1431695474880 lifecam20 37599 -1861.39599609 -806.90423584 9550.88476562 -2.0687584877 1.78521680832 0.712300360203
1431695474947 lifecam20 37599 -1845.83752441 -747.016479492 9461.97460938 2.11038851738 -2.13849043846 1.12853968143
1431695475018 lifecam20 37599 -1848.47802734 -693.179443359 9464.06933594 -2.06044602394 1.85311257839 0.766845524311
1431695475078 lifecam20 37599 -1850.04016113 -639.542541504 9462.93164062 2.48216366768 -2.20400547981 -0.857855379581
1431695475151 lifecam20 37599 -1860.38525391 -589.169677734 9512.85644531 2.15202522278 -2.10754442215 1.0411053896
1431695475217 lifecam20 37599 -1880.62512207 -537.712768555 9613.85742188 2.5178706646 -2.21130514145 -0.733784854412
1431695475283 lifecam20 37599 -1841.17041016 -473.73135376 9408.06347656 -2.08424091339 1.84859526157 0.666884601116
1431695475349 lifecam20 37599 -1836.52148438 -430.541168213 9367.41894531 2.41386532784 -2.2003531456 -0.853729844093
1431695475417 lifecam20 37599 -1832.83850098 -412.858520508 9346.9609375 -2.09329104424 1.88885724545 0.745685875416
1431695475476 lifecam20 37599 -1843.7175293 -409.593322754 9397.63574219 2.14076375961 -2.11779379845 1.08545982838
1431695475545 lifecam20 37599 -1813.13806152 -405.742218018 9248.06933594 -2.09490990639 1.88489174843 0.775793135166
1431695475615 lifecam20 37599 -1810.48706055 -404.510314941 9233.09179688 -2.09967517853 1.87699186802 0.781186640263
1431695475682 lifecam20 37599 -1818.33337402 -407.175109863 9273.94140625 -2.0072119236 2.01825904846 -1.11641359329
1431695475749 lifecam20 37599 -1818.32958984 -406.574615479 9273.01074219 -2.09697270393 1.88442826271 0.765184283257
1431695475819 lifecam20 37599 -1818.32958984 -406.574615479 9273.01074219 -2.09697270393 1.88442826271 0.765184283257
1431695475884 lifecam20 37599 -1813.65478516 -405.546600342 9250.04394531 -2.08927059174 1.87529945374 0.775772452354
1431695475952 lifecam20 37599 -1813.95678711 -405.771820068 9252.28515625 -2.09481692314 1.87818861008 0.776973724365
1431695476018 lifecam20 37599 -1821.3416748 -407.581512451 9289.84179688 -2.10088467598 1.88939404488 0.770158648491
1431695476085 lifecam20 37599 -1815.22229004 -407.577545166 9260.05175781 -1.99137449265 2.01866889 -1.11859917641
1431695476147 lifecam20 37599 -1812.06872559 -406.586975098 9245.16894531 -1.99755477905 2.02348661423 -1.1301176548
