
DecisionTreeClassifier(class_weight=None, criterion='gini', max_depth=None,
            max_features=None, max_leaf_nodes=None, min_samples_leaf=1,
            min_samples_split=2, min_weight_fraction_leaf=0.0,
            random_state=0, splitter='best') :
             precision    recall  f1-score   support

          0       0.45      0.98      0.61       980
          1       0.93      0.92      0.93      1135
          2       0.81      0.76      0.79      1032
          3       0.75      0.69      0.72      1010
          4       0.89      0.84      0.87       982
          5       0.75      0.57      0.65       892
          6       0.95      0.82      0.88       958
          7       0.90      0.80      0.85      1028
          8       0.85      0.61      0.71       974
          9       0.93      0.72      0.81      1009

avg / total       0.82      0.78      0.78     10000

Confusion matrix:
[[ 957    4    1    2    1    2    1    3    8    1]
 [  69 1048    1    1    1    0    3    2    9    1]
 [ 153    4  786   20    2   32   15    5   13    2]
 [ 185    7   41  699    1   45    3   13   14    2]
 [  95   11    4    7  827    1    3    3    9   22]
 [ 175    7   50  109    7  507    2   12   20    3]
 [  81    7   56    1    9   13  787    0    4    0]
 [ 100   10   13   28   13   25    0  820    3   16]
 [ 206   22   10   48    6   44   18   18  597    5]
 [ 118    7    4   23   59   11    0   36   23  728]]



RandomForestClassifier(bootstrap=True, class_weight=None, criterion='gini',
            max_depth=None, max_features='auto', max_leaf_nodes=None,
            min_samples_leaf=1, min_samples_split=2,
            min_weight_fraction_leaf=0.0, n_estimators=10, n_jobs=1,
            oob_score=False, random_state=None, verbose=0,
            warm_start=False) :
             precision    recall  f1-score   support

          0       0.38      0.98      0.55       980
          1       0.98      0.92      0.95      1135
          2       0.95      0.79      0.86      1032
          3       0.90      0.71      0.79      1010
          4       0.98      0.87      0.92       982
          5       0.95      0.56      0.71       892
          6       0.98      0.88      0.93       958
          7       0.96      0.83      0.89      1028
          8       0.95      0.70      0.81       974
          9       0.96      0.81      0.88      1009

avg / total       0.90      0.81      0.83     10000

Confusion matrix:
[[ 965    2    0    0    0    1    3    1    8    0]
 [  79 1045    2    0    0    0    3    0    6    0]
 [ 187    0  814   10    0   10    6    3    2    0]
 [ 264    0    8  715    0    7    0   10    2    4]
 [  98    0    1    0  859    0    0    3    1   20]
 [ 308    1   14   59    0  500    0    3    5    2]
 [  93    2   16    0    3    1  842    0    1    0]
 [ 146    3    6    3    0    0    0  854    7    9]
 [ 263    6    0    3    0    4    7    5  685    1]
 [ 152    4    0    7   18    1    0    6    5  816]]



BernoulliNB(alpha=1.0, binarize=0.0, class_prior=None, fit_prior=True) :
             precision    recall  f1-score   support

          0       0.22      0.79      0.34       980
          1       0.64      0.80      0.71      1135
          2       0.27      0.21      0.23      1032
          3       0.48      0.20      0.28      1010
          4       0.24      0.16      0.19       982
          5       0.41      0.15      0.22       892
          6       0.77      0.31      0.44       958
          7       0.46      0.68      0.55      1028
          8       0.41      0.24      0.30       974
          9       0.33      0.13      0.18      1009

avg / total       0.43      0.37      0.35     10000

Confusion matrix:
[[770  22  40   4  63   9  10   1  60   1]
 [149 909   2   3  13   0   8   0  38  13]
 [699  19 214  16  15   8  42   4  11   4]
 [432  89  72 198  95   3  10  55  17  39]
 [368  62   6  77 162  20   5  90 113  79]
 [453  26  56   5 115 134   8  11  70  14]
 [215  57 389   0   0   1 296   0   0   0]
 [ 36  41   0  71  38  89   0 695   8  50]
 [341 137  12  17 124  30   3  18 233  59]
 [ 56  60   0  20  63  34   0 635  13 128]]



MultinomialNB(alpha=1.0, class_prior=None, fit_prior=True) :
             precision    recall  f1-score   support

          0       0.39      0.86      0.53       980
          1       0.49      0.81      0.61      1135
          2       0.47      0.60      0.52      1032
          3       0.46      0.57      0.51      1010
          4       0.45      0.68      0.55       982
          5       0.42      0.25      0.31       892
          6       0.79      0.19      0.30       958
          7       0.76      0.55      0.64      1028
          8       0.38      0.15      0.21       974
          9       0.50      0.01      0.03      1009

avg / total       0.51      0.47      0.43     10000

Confusion matrix:
[[840   2  17  37   0  39   8   1  36   0]
 [132 918   2   4   1   1   3   0  74   0]
 [254  51 616  62  29   8   2   5   5   0]
 [ 89 176 106 575   7  16   1  35   4   1]
 [185  64  10   4 671   2   5   5  32   4]
 [221  46  62 269  31 219  17  20   7   0]
 [175  91 492   5   8   1 179   0   7   0]
 [ 86 157   4  38 134  17   0 563  22   7]
 [150 170   8 236   7 211  12  34 145   1]
 [ 47 199   0  24 589   7   0  81  49  13]]



AdaBoostClassifier(algorithm='SAMME.R', base_estimator=None,
          learning_rate=1.0, n_estimators=50, random_state=None) :
             precision    recall  f1-score   support

          0       0.36      0.96      0.52       980
          1       0.92      0.92      0.92      1135
          2       0.85      0.74      0.79      1032
          3       0.82      0.62      0.71      1010
          4       0.92      0.86      0.88       982
          5       0.87      0.47      0.61       892
          6       0.94      0.84      0.89       958
          7       0.91      0.80      0.85      1028
          8       0.86      0.55      0.67       974
          9       0.92      0.72      0.81      1009

avg / total       0.84      0.75      0.77     10000

Confusion matrix:
[[ 943    5    0    0    0    2   10    0   20    0]
 [  64 1047    3    0    2    0    3    0   16    0]
 [ 186   10  762   20    3   25   19    5    2    0]
 [ 307    7   25  629    0    4    0   18   14    6]
 [  96   11    1    2  840    1    5    1    1   24]
 [ 312    1   44   81    3  421    2   10   17    1]
 [  77    9   49    0   17    0  803    0    3    0]
 [ 132    6   16    7    4    6    0  826    4   27]
 [ 341   31    1   17    2   25    9    9  535    4]
 [ 170    9    0   11   46    1    0   36    9  727]]



GradientBoostingClassifier(init=None, learning_rate=0.1, loss='deviance',
              max_depth=3, max_features=None, max_leaf_nodes=None,
              min_samples_leaf=1, min_samples_split=2,
              min_weight_fraction_leaf=0.0, n_estimators=100,
              random_state=None, subsample=1.0, verbose=0,
              warm_start=False) :
             precision    recall  f1-score   support

          0       0.41      0.98      0.58       980
          1       0.96      0.93      0.94      1135
          2       0.90      0.78      0.84      1032
          3       0.87      0.72      0.79      1010
          4       0.96      0.88      0.92       982
          5       0.94      0.54      0.68       892
          6       0.96      0.87      0.91       958
          7       0.95      0.83      0.88      1028
          8       0.92      0.71      0.80       974
          9       0.94      0.81      0.87      1009

avg / total       0.88      0.81      0.82     10000

Confusion matrix:
[[ 958    4    1    0    0    1    3    2   11    0]
 [  58 1056    3    0    0    0    3    0   15    0]
 [ 165    2  809   15    1   15   18    5    2    0]
 [ 221    4   16  732    0    8    0   14    7    8]
 [  83    1    2    0  868    0    4    0    1   23]
 [ 288    1   23   81    1  479    1    7   10    1]
 [  76    5   32    0   10    0  833    0    2    0]
 [ 126    7    7    1    5    2    0  852    5   23]
 [ 246   14    1    3    0    7    7    5  690    1]
 [ 127    9    0   11   22    0    0   16    8  816]]




